Log file open, 05/18/16 12:23:44
LogInit:Display: Running engine for game: Effulgent
LogPlatformFile: Not using cached read wrapper
LogInit:Display: RandInit(-724639842) SRandInit(-724639841).
LogTaskGraph: Started task graph with 4 named threads and 7 total threads.
LogStats: Stats thread started at 0.099031
LogInit: Version: 4.11.2-2946394+++UE4+Release-4.11
LogInit: API Version: 2927265
LogInit: Compiled (64-bit): Apr 18 2016 02:18:46
LogInit: Compiled with Visual C++: 19.00.23026.00
LogInit: Build Configuration: Development
LogInit: Branch Name: ++UE4+Release-4.11
LogInit: Command line:  
LogInit: Base directory: C:/Program Files/Epic Games/4.11/Engine/Binaries/Win64/
LogInit: Installed Engine Build: 1
LogInit: Using libcurl 7.41.0
LogInit:  - built for x86_64-pc-win32
LogInit:  - supports SSL with WinSSL
LogInit:  - other features:
LogInit:      CURL_VERSION_SSL
LogInit:      CURL_VERSION_IPV6
LogInit:      CURL_VERSION_ASYNCHDNS
LogInit:      CURL_VERSION_LARGEFILE
LogInit:      CURL_VERSION_IDN
LogInit:  CurlRequestOptions (configurable via config and command line):
LogInit:  - bVerifyPeer = true  - Libcurl will verify peer certificate
LogInit:  - bUseHttpProxy = false  - Libcurl will NOT use HTTP proxy
LogInit:  - bDontReuseConnections = false  - Libcurl will reuse connections
LogInit:  - CertBundlePath = nullptr  - Libcurl will use whatever was configured at build time.
LogInit: Presizing for max 16777216 objects, including 0 objects not considered by GC, pre-allocating 0 bytes for permanent pool.
LogInit: Object subsystem initialized
[2016.05.18-02.53.45:194][  0]LogInit: Selected Device Profile: [Windows]
[2016.05.18-02.53.45:194][  0]LogInit: Applying CVar settings loaded from the selected device profile: [Windows]
[2016.05.18-02.53.45:208][  0]LogInit: Computer: JONS
[2016.05.18-02.53.45:208][  0]LogInit: User: Jon
[2016.05.18-02.53.45:208][  0]LogInit: CPU Page size=65536, Cores=4
[2016.05.18-02.53.45:208][  0]LogInit: High frequency timer resolution =2.143470 MHz
[2016.05.18-02.53.45:208][  0]LogMemory: Memory total: Physical=15.9GB (16GB approx)
[2016.05.18-02.53.45:208][  0]LogMemory: Platform Memory Stats for Windows
[2016.05.18-02.53.45:208][  0]LogMemory: Process Physical Memory: 313.96 MB used, 313.96 MB peak
[2016.05.18-02.53.45:208][  0]LogMemory: Process Virtual Memory: 315.03 MB used, 315.03 MB peak
[2016.05.18-02.53.45:208][  0]LogMemory: Physical Memory: 6470.39 MB used, 16264.27 MB total
[2016.05.18-02.53.45:208][  0]LogMemory: Virtual Memory: 639.07 MB used, 134217728.00 MB total
[2016.05.18-02.53.45:250][  0]LogTextLocalizationManager: No specific translations for ('en-AU') exist, so ('en') translations will be used.
[2016.05.18-02.53.45:790][  0]LogD3D11RHI: D3D11 adapters:
[2016.05.18-02.53.46:393][  0]LogD3D11RHI:    0. 'NVIDIA GeForce GT 750M ' (Feature Level 11_0)
[2016.05.18-02.53.46:394][  0]LogD3D11RHI:       4029MB of dedicated video memory, 0MB of dedicated system memory, and 8132MB of shared system memory, 1 output[s]
[2016.05.18-02.53.46:402][  0]LogD3D11RHI:    1. 'Intel(R) HD Graphics 4600' (Feature Level 11_0)
[2016.05.18-02.53.46:402][  0]LogD3D11RHI:       112MB of dedicated video memory, 0MB of dedicated system memory, and 8132MB of shared system memory, 0 output[s]
[2016.05.18-02.53.46:403][  0]LogD3D11RHI:    2. 'Microsoft Basic Render Driver' (Feature Level 11_0)
[2016.05.18-02.53.46:403][  0]LogD3D11RHI:       0MB of dedicated video memory, 0MB of dedicated system memory, and 8132MB of shared system memory, 0 output[s]
[2016.05.18-02.53.46:403][  0]LogD3D11RHI: Chosen D3D11 Adapter: 0
[2016.05.18-02.53.46:410][  0]LogD3D11RHI: Creating new Direct3DDevice
[2016.05.18-02.53.46:410][  0]LogD3D11RHI:     Adapter Name: NVIDIA GeForce GT 750M 
[2016.05.18-02.53.46:410][  0]LogD3D11RHI:   Driver Version: Unknown (internal Unknown)
[2016.05.18-02.53.46:410][  0]LogD3D11RHI:      Driver Date: Unknown
[2016.05.18-02.53.46:410][  0]LogRHI: Texture pool is 1361 MB (70% of 1945 MB)
[2016.05.18-02.53.46:425][  0]LogD3D11RHI: Async texture creation enabled
[2016.05.18-02.53.46:443][  0]LogShaderCompilers: Guid format shader working directory is -19 characters bigger than the processId version (D:/Backup Effulgent/Effulgent/New folder/Game-Design/Effulgent/Intermediate/Shaders/WorkingDirectory/15192/).
[2016.05.18-02.53.46:443][  0]LogShaderCompilers: Cleaned the shader compiler working directory 'C:/Users/Jon/AppData/Local/Temp/UnrealShaderWorkingDir/46DC19584B9549DDB3E67C978D6E3F97/'.
[2016.05.18-02.53.46:443][  0]LogShaderCompilers:Display: Using Local Shader Compiler.
[2016.05.18-02.53.48:157][  0]LogTemp:Display: Loaded TP AllDesktopTargetPlatform
[2016.05.18-02.53.48:163][  0]LogTemp:Display: Loaded TP WindowsClientTargetPlatform
[2016.05.18-02.53.48:169][  0]LogTemp:Display: Loaded TP WindowsNoEditorTargetPlatform
[2016.05.18-02.53.48:176][  0]LogTemp:Display: Loaded TP WindowsServerTargetPlatform
[2016.05.18-02.53.48:181][  0]LogTemp:Display: Loaded TP WindowsTargetPlatform
[2016.05.18-02.53.48:186][  0]LogTemp:Display: Loaded TP AndroidTargetPlatform
[2016.05.18-02.53.48:190][  0]LogTemp:Display: Loaded TP Android_ASTCTargetPlatform
[2016.05.18-02.53.48:194][  0]LogTemp:Display: Loaded TP Android_ATCTargetPlatform
[2016.05.18-02.53.48:198][  0]LogTemp:Display: Loaded TP Android_DXTTargetPlatform
[2016.05.18-02.53.48:202][  0]LogTemp:Display: Loaded TP Android_ETC1TargetPlatform
[2016.05.18-02.53.48:207][  0]LogTemp:Display: Loaded TP Android_ETC2TargetPlatform
[2016.05.18-02.53.48:214][  0]LogTemp:Display: Loaded TP Android_MultiTargetPlatform
[2016.05.18-02.53.48:214][  0]LogTemp:Display: Loaded TP Android_PVRTCTargetPlatform
[2016.05.18-02.53.48:215][  0]LogTemp:Display: Loaded TP HTML5TargetPlatform
[2016.05.18-02.53.48:234][  0]LogTemp:Display: Loaded TP IOSTargetPlatform
[2016.05.18-02.53.48:238][  0]LogTemp:Display: Loaded TP TVOSTargetPlatform
[2016.05.18-02.53.48:242][  0]LogTemp:Display: Loaded TP LinuxNoEditorTargetPlatform
[2016.05.18-02.53.48:246][  0]LogTemp:Display: Loaded TP LinuxServerTargetPlatform
[2016.05.18-02.53.48:250][  0]LogTemp:Display: Loaded TP LinuxTargetPlatform
[2016.05.18-02.53.48:250][  0]LogTargetPlatformManager:Display: Building Assets For Windows
[2016.05.18-02.53.48:346][  0]LogDerivedDataCache:Display: Max Cache Size: 512 MB
[2016.05.18-02.53.48:598][  0]LogDerivedDataCache: Loaded boot cache 0.25s 46MB C:/Users/Jon/AppData/Local/UnrealEngine/4.11/DerivedDataCache/Boot.ddc.
[2016.05.18-02.53.48:598][  0]LogDerivedDataCache:Display: Loaded Boot cache: C:/Users/Jon/AppData/Local/UnrealEngine/4.11/DerivedDataCache/Boot.ddc
[2016.05.18-02.53.48:599][  0]LogDerivedDataCache: FDerivedDataBackendGraph:  Pak pak cache file D:/Backup Effulgent/Effulgent/New folder/Game-Design/Effulgent/DerivedDataCache/DDC.ddp not found, will not use a pak cache.
[2016.05.18-02.53.48:599][  0]LogDerivedDataCache: Unable to find inner node Pak for hierarchical cache Hierarchy.
[2016.05.18-02.53.48:599][  0]LogDerivedDataCache: FDerivedDataBackendGraph:  CompressedPak pak cache file D:/Backup Effulgent/Effulgent/New folder/Game-Design/Effulgent/DerivedDataCache/Compressed.ddp not found, will not use a pak cache.
[2016.05.18-02.53.48:599][  0]LogDerivedDataCache: Unable to find inner node CompressedPak for hierarchical cache Hierarchy.
[2016.05.18-02.53.48:619][  0]LogDerivedDataCache:Display: Pak cache opened for reading ../../../Engine/DerivedDataCache/Compressed.ddp.
[2016.05.18-02.53.48:631][  0]LogDerivedDataCache: Using Local data cache path C:/Users/Jon/AppData/Local/UnrealEngine/Common/DerivedDataCache: Writable
[2016.05.18-02.53.48:989][  0]LogInit: Selected Device Profile: [Windows]
[2016.05.18-02.53.48:990][  0]LogContentStreaming: Texture pool size is 0.00 MB
[2016.05.18-02.53.49:034][  0]LogMaterial: Uniform references updated for custom material expression Custom.
[2016.05.18-02.53.49:199][  0]LogMeshUtilities: No automatic mesh reduction module available
[2016.05.18-02.53.49:199][  0]LogMeshUtilities: No automatic mesh merging module available
[2016.05.18-02.53.49:199][  0]LogMeshUtilities: No distributed automatic mesh merging module available
[2016.05.18-02.53.49:509][  0]LogUObjectArray: 27679 objects as part of root set at end of initial load.
[2016.05.18-02.53.49:509][  0]LogUObjectAllocator: 5591600 out of 0 bytes used by permanent object pool.
[2016.05.18-02.53.49:509][  0]LogUObjectArray: CloseDisregardForGC: 0/0 objects in disregard for GC pool
[2016.05.18-02.53.49:517][  0]LogInit: WinSock: version 1.1 (2.2), MaxSocks=32767, MaxUdp=65467
[2016.05.18-02.53.49:668][  0]LogSlate: SlateFontCache - WITH_FREETYPE: 1, WITH_HARFBUZZ: 1
[2016.05.18-02.53.49:668][  0]LogSlate: SlateFontCache - WITH_FREETYPE: 1, WITH_HARFBUZZ: 1
[2016.05.18-02.53.49:982][  0]LogStreaming:Warning: Failed to read file '../../../Engine/Content/Editor/Slate/Common/Selection_16x.png' error.
[2016.05.18-02.53.49:982][  0]LogSlate: Could not find file for Slate resource: ../../../Engine/Content/Editor/Slate/Common/Selection_16x.png
[2016.05.18-02.53.49:982][  0]LogStreaming:Warning: Failed to read file '../../../Engine/Content/Editor/Slate/Common/Selection_16x.png' error.
[2016.05.18-02.53.49:982][  0]LogSlate: Could not find file for Slate resource: ../../../Engine/Content/Editor/Slate/Common/Selection_16x.png
[2016.05.18-02.53.49:982][  0]LogStreaming:Warning: Failed to read file '../../../Engine/Content/Editor/Slate/Common/Selection_16x.png' error.
[2016.05.18-02.53.49:982][  0]LogSlate: Could not find file for Slate resource: ../../../Engine/Content/Editor/Slate/Common/Selection_16x.png
[2016.05.18-02.53.51:464][  0]LogUdpMessaging: Initializing bridge on interface 0.0.0.0:0 to multicast group 230.0.0.1:6666.
[2016.05.18-02.53.51:597][  0]LogAssetRegistry: FAssetRegistry took 0.0220 seconds to start up
[2016.05.18-02.53.51:795][  0]SourceControl: Info Source control is disabled
[2016.05.18-02.53.51:824][  0]SourceControl: Info Source control is disabled
[2016.05.18-02.53.51:834][  0]SourceControl: Info Source control is disabled
[2016.05.18-02.53.51:846][  0]SourceControl: Info Source control is disabled
[2016.05.18-02.53.52:013][  0]LogHMD: Failed to initialize OpenVR with code 110
[2016.05.18-02.53.52:113][  0]LogEngine: Initializing Engine...
[2016.05.18-02.53.52:293][  0]LogAIModule: Creating AISystem for world NewWorld
[2016.05.18-02.53.52:299][  0]LogInit: XAudio2 using 'Speakers (Realtek High Definition Audio)' : 2 channels at 48 kHz using 32 bits per sample (channel mask 0x3)
[2016.05.18-02.53.52:480][  0]LogInit: FAudioDevice initialized.
[2016.05.18-02.53.52:508][  0]LogDerivedDataCache: Saved boot cache 0.03s 46MB C:/Users/Jon/AppData/Local/UnrealEngine/4.11/DerivedDataCache/Boot.ddc.
[2016.05.18-02.53.52:512][  0]LogInit: Texture streaming: Enabled
[2016.05.18-02.53.52:546][  0]LogInit: Transaction tracking system initialized
[2016.05.18-02.53.52:579][  0]BlueprintLog: New page: Editor Load
[2016.05.18-02.53.52:685][  0]LocalizationService: Info Localization service is disabled
[2016.05.18-02.53.52:798][  0]LogConsoleResponse:Display: 
[2016.05.18-02.53.52:945][  0]LogCook:Display: Max memory allowance for cook 8192mb
[2016.05.18-02.53.52:945][  0]LogCook:Display: Mobile HDR setting 1
[2016.05.18-02.53.52:945][  0]LogCook:Display: Done creating registry. It took  0.00s.
[2016.05.18-02.53.53:027][  0]LogFileCache: Scanning file cache for directory 'D:/Backup Effulgent/Effulgent/New folder/Game-Design/Effulgent/Content/' took 0.02s
[2016.05.18-02.53.53:027][  0]SourceControl: Info Source control is disabled
[2016.05.18-02.53.53:027][  0]Cmd: MAP LOAD FILE="D:/Backup Effulgent/Effulgent/New folder/Game-Design/Effulgent/Content/ThirdPersonBP/Maps/ThirdPersonExampleMap.umap" TEMPLATE=0 SHOWPROGRESS=1 FEATURELEVEL=3
[2016.05.18-02.53.53:141][  0]LightingResults: New page: Lighting Build
[2016.05.18-02.53.53:144][  0]MapCheck: New page: Map Check
[2016.05.18-02.53.53:144][  0]LightingResults: New page: Lighting Build
[2016.05.18-02.53.54:483][  0]LogAIModule: Creating AISystem for world ThirdPersonExampleMap
[2016.05.18-02.53.54:490][  0]LogPrimitiveComponent: Zero scaling not supported (/Game/ThirdPersonBP/Maps/ThirdPersonExampleMap.ThirdPersonExampleMap:PersistentLevel.Ground.StaticMeshComponent0)
[2016.05.18-02.53.54:492][  0]LogPrimitiveComponent: Zero scaling not supported (/Game/ThirdPersonBP/Maps/ThirdPersonExampleMap.ThirdPersonExampleMap:PersistentLevel.Cylinder_145.StaticMeshComponent0)
[2016.05.18-02.53.54:493][  0]LogPrimitiveComponent: Zero scaling not supported (/Game/ThirdPersonBP/Maps/ThirdPersonExampleMap.ThirdPersonExampleMap:PersistentLevel.Cylinder2.StaticMeshComponent0)
[2016.05.18-02.53.54:494][  0]LogPrimitiveComponent: Zero scaling not supported (/Game/ThirdPersonBP/Maps/ThirdPersonExampleMap.ThirdPersonExampleMap:PersistentLevel.Cylinder3_104.StaticMeshComponent0)
[2016.05.18-02.53.54:504][  0]LogPrimitiveComponent: Zero scaling not supported (/Game/ThirdPersonBP/Maps/ThirdPersonExampleMap.ThirdPersonExampleMap:PersistentLevel.Cube_21.StaticMeshComponent0)
[2016.05.18-02.53.54:504][  0]LogPrimitiveComponent: Zero scaling not supported (/Game/ThirdPersonBP/Maps/ThirdPersonExampleMap.ThirdPersonExampleMap:PersistentLevel.Cube2.StaticMeshComponent0)
[2016.05.18-02.53.54:505][  0]LogPrimitiveComponent: Zero scaling not supported (/Game/ThirdPersonBP/Maps/ThirdPersonExampleMap.ThirdPersonExampleMap:PersistentLevel.Cube3_94.StaticMeshComponent0)
[2016.05.18-02.53.54:505][  0]LogPrimitiveComponent: Zero scaling not supported (/Game/ThirdPersonBP/Maps/ThirdPersonExampleMap.ThirdPersonExampleMap:PersistentLevel.Cube4.StaticMeshComponent0)
[2016.05.18-02.53.54:506][  0]LogPrimitiveComponent: Zero scaling not supported (/Game/ThirdPersonBP/Maps/ThirdPersonExampleMap.ThirdPersonExampleMap:PersistentLevel.Cube13_47.StaticMeshComponent0)
[2016.05.18-02.53.54:506][  0]LogPrimitiveComponent: Zero scaling not supported (/Game/ThirdPersonBP/Maps/ThirdPersonExampleMap.ThirdPersonExampleMap:PersistentLevel.Cylinder4_60.StaticMeshComponent0)
[2016.05.18-02.53.54:506][  0]LogPrimitiveComponent: Zero scaling not supported (/Game/ThirdPersonBP/Maps/ThirdPersonExampleMap.ThirdPersonExampleMap:PersistentLevel.Cylinder5.StaticMeshComponent0)
[2016.05.18-02.53.54:534][  0]LogEditorServer: Finished looking for orphan Actors (0.000 secs)
[2016.05.18-02.53.54:535][  0]Cmd: MAP CHECKDEP NOCLEARLOG
[2016.05.18-02.53.54:597][  0]MapCheck: Info Map check complete: 0 Error(s), 0 Warning(s), took 61.123ms to complete.
[2016.05.18-02.53.54:597][  0]LogFileHelpers: Loading map 'ThirdPersonExampleMap' took 1.570
[2016.05.18-02.53.54:726][  0]LogCollectionManager: Loaded 0 collections in 0.002524 seconds
[2016.05.18-02.53.54:766][  0]LogFileCache: Scanning file cache for directory 'D:/Backup Effulgent/Effulgent/New folder/Game-Design/Effulgent/Saved/Collections/' took 0.01s
[2016.05.18-02.53.54:766][  0]LogFileCache: Scanning file cache for directory 'D:/Backup Effulgent/Effulgent/New folder/Game-Design/Effulgent/Content/Developers/Jon/Collections/' took 0.01s
[2016.05.18-02.53.54:766][  0]LogFileCache: Scanning file cache for directory 'D:/Backup Effulgent/Effulgent/New folder/Game-Design/Effulgent/Content/Collections/' took 0.01s
[2016.05.18-02.53.54:766][  0]LogCollectionManager: Rebuilt the GUID cache for 0 collections in 0.000003 seconds
[2016.05.18-02.53.54:776][  0]LogContentBrowser: Native class hierarchy populated in 0.0093 seconds. Added 1979 classes and 343 folders.
[2016.05.18-02.53.54:780][  0]LogStats: UGameplayTagsManager::ConstructGameplayTagTree: Construct from data asset -  0.000 s
[2016.05.18-02.53.54:780][  0]LogStats: UGameplayTagsManager::ConstructGameplayTagTree: GameplayTagTreeChangedEvent.Broadcast -  0.000 s
[2016.05.18-02.53.54:781][  0]LogContentBrowser: Native class hierarchy updated for 'GameplayTags' in 0.0005 seconds. Added 12 classes and 0 folders.
[2016.05.18-02.53.54:787][  0]LogContentBrowser: Native class hierarchy updated for 'WidgetCarousel' in 0.0004 seconds. Added 0 classes and 0 folders.
[2016.05.18-02.53.54:802][  0]LogContentBrowser: Native class hierarchy updated for 'SuperSearch' in 0.0007 seconds. Added 1 classes and 2 folders.
[2016.05.18-02.53.54:951][  0]LogContentBrowser: Native class hierarchy updated for 'AddContentDialog' in 0.0005 seconds. Added 0 classes and 0 folders.
[2016.05.18-02.53.54:957][  0]LogContentBrowser: Native class hierarchy updated for 'SceneOutliner' in 0.0005 seconds. Added 1 classes and 2 folders.
[2016.05.18-02.53.54:977][  0]LogCrashTracker: Crashtracker disabled due to settings.
[2016.05.18-02.53.54:984][  0]LogUObjectGlobals:Warning: Failed to find object 'Class None.'
[2016.05.18-02.53.55:012][  0]LogContentBrowser: Native class hierarchy updated for 'HierarchicalLODOutliner' in 0.0005 seconds. Added 1 classes and 2 folders.
[2016.05.18-02.53.55:012][  0]LogLoad: Full Startup: 10.96 seconds (BP compile: 0.07 seconds)
[2016.05.18-02.53.55:012][  0]LogExternalProfiler: Found external profiler: VSPerf
[2016.05.18-02.53.55:012][  0]LogExternalProfiler: Using external profiler: VSPerf
[2016.05.18-02.53.55:029][  0]LogWindowsTextInputMethodSystem:Display: IME system now deactivated.
[2016.05.18-02.53.55:030][  0]LogOcInput: OculusInput pre-init called
[2016.05.18-02.53.55:074][  0]LogContentStreaming: Texture pool size now 400 MB
[2016.05.18-02.53.55:240][  0]LogRenderer: Reallocating scene render targets to support 912x676 (Frame:2).
[2016.05.18-02.53.55:440][  2]LogAssetRegistry: Asset discovery search completed in 3.8654 seconds
[2016.05.18-02.53.55:440][  2]LogCollectionManager: Rebuilt the object cache for 0 collections in 0.000000 seconds (found 0 objects)
[2016.05.18-02.53.55:440][  2]LogCollectionManager: Fixed up redirectors for 0 collections in 0.000025 seconds (updated 0 objects)
[2016.05.18-02.54.05:225][529]LogAIModule: Creating AISystem for world NewWorld
[2016.05.18-02.54.05:226][529]LogParticles:Warning: InitializeSystem called on an unregistered component. Template=/Game/CrumblingRuins/Torch/P_Torch.P_Torch Component=/Game/World1/NewWorld.NewWorld:PersistentLevel.P_Torch_5.ParticleSystemComponent0
[2016.05.18-02.54.05:227][529]LogParticles:Warning: InitializeSystem called on an unregistered component. Template=/Game/CrumblingRuins/Torch/P_Torch.P_Torch Component=/Game/World1/NewWorld.NewWorld:PersistentLevel.P_Torch2.ParticleSystemComponent0
[2016.05.18-02.54.05:228][529]LogParticles:Warning: InitializeSystem called on an unregistered component. Template=/Game/CrumblingRuins/Torch/P_Torch.P_Torch Component=/Game/World1/NewWorld.NewWorld:PersistentLevel.P_Torch3.ParticleSystemComponent0
[2016.05.18-02.54.05:230][529]LogParticles:Warning: InitializeSystem called on an unregistered component. Template=/Game/CrumblingRuins/Torch/P_Torch.P_Torch Component=/Game/World1/NewWorld.NewWorld:PersistentLevel.P_Torch4.ParticleSystemComponent0
[2016.05.18-02.54.05:230][529]LogParticles:Warning: InitializeSystem called on an unregistered component. Template=/Game/CrumblingRuins/Torch/P_Torch.P_Torch Component=/Game/World1/NewWorld.NewWorld:PersistentLevel.P_Torch5.ParticleSystemComponent0
[2016.05.18-02.54.05:232][529]LogParticles:Warning: InitializeSystem called on an unregistered component. Template=/Game/CrumblingRuins/Torch/P_Torch.P_Torch Component=/Game/World1/NewWorld.NewWorld:PersistentLevel.P_Torch6.ParticleSystemComponent0
[2016.05.18-02.54.05:233][529]LogParticles:Warning: InitializeSystem called on an unregistered component. Template=/Game/CrumblingRuins/Torch/P_Torch.P_Torch Component=/Game/World1/NewWorld.NewWorld:PersistentLevel.P_Torch7.ParticleSystemComponent0
[2016.05.18-02.54.05:233][529]LogParticles:Warning: InitializeSystem called on an unregistered component. Template=/Game/CrumblingRuins/Torch/P_Torch.P_Torch Component=/Game/World1/NewWorld.NewWorld:PersistentLevel.P_Torch8.ParticleSystemComponent0
[2016.05.18-02.54.05:233][529]LogParticles:Warning: InitializeSystem called on an unregistered component. Template=/Game/CrumblingRuins/Torch/P_Torch.P_Torch Component=/Game/World1/NewWorld.NewWorld:PersistentLevel.P_Torch9.ParticleSystemComponent0
[2016.05.18-02.54.05:233][529]LogParticles:Warning: InitializeSystem called on an unregistered component. Template=/Game/CrumblingRuins/Torch/P_Torch.P_Torch Component=/Game/World1/NewWorld.NewWorld:PersistentLevel.P_Torch10.ParticleSystemComponent0
[2016.05.18-02.54.05:234][529]LogParticles:Warning: InitializeSystem called on an unregistered component. Template=/Game/CrumblingRuins/Torch/P_Torch.P_Torch Component=/Game/World1/NewWorld.NewWorld:PersistentLevel.P_Torch11.ParticleSystemComponent0
[2016.05.18-02.54.05:235][529]LogParticles:Warning: InitializeSystem called on an unregistered component. Template=/Game/CrumblingRuins/Torch/P_Torch.P_Torch Component=/Game/World1/NewWorld.NewWorld:PersistentLevel.P_Torch12.ParticleSystemComponent0
[2016.05.18-02.54.05:235][529]LogParticles:Warning: InitializeSystem called on an unregistered component. Template=/Game/CrumblingRuins/Torch/P_Torch.P_Torch Component=/Game/World1/NewWorld.NewWorld:PersistentLevel.P_Torch13.ParticleSystemComponent0
[2016.05.18-02.54.05:236][529]LogParticles:Warning: InitializeSystem called on an unregistered component. Template=/Game/CrumblingRuins/Torch/P_Torch.P_Torch Component=/Game/World1/NewWorld.NewWorld:PersistentLevel.P_Torch14.ParticleSystemComponent0
[2016.05.18-02.54.05:236][529]LogParticles:Warning: InitializeSystem called on an unregistered component. Template=/Game/CrumblingRuins/Torch/P_Torch.P_Torch Component=/Game/World1/NewWorld.NewWorld:PersistentLevel.P_Torch15.ParticleSystemComponent0
[2016.05.18-02.54.05:237][529]LogParticles:Warning: InitializeSystem called on an unregistered component. Template=/Game/CrumblingRuins/Torch/P_Torch.P_Torch Component=/Game/World1/NewWorld.NewWorld:PersistentLevel.P_Torch16.ParticleSystemComponent0
[2016.05.18-02.54.05:237][529]LogParticles:Warning: InitializeSystem called on an unregistered component. Template=/Game/CrumblingRuins/Torch/P_Torch.P_Torch Component=/Game/World1/NewWorld.NewWorld:PersistentLevel.P_Torch17.ParticleSystemComponent0
[2016.05.18-02.54.05:237][529]LogParticles:Warning: InitializeSystem called on an unregistered component. Template=/Game/CrumblingRuins/Torch/P_Torch.P_Torch Component=/Game/World1/NewWorld.NewWorld:PersistentLevel.P_Torch18.ParticleSystemComponent0
[2016.05.18-02.54.05:238][529]LogParticles:Warning: InitializeSystem called on an unregistered component. Template=/Game/Luos4Elements/Particles/Fire/Par_LMagic_Fire_Atk_01.Par_LMagic_Fire_Atk_01 Component=/Game/World1/NewWorld.NewWorld:PersistentLevel.Par_LMagic_Fire_Atk_01_5.ParticleSystemComponent0
[2016.05.18-02.54.05:238][529]LogParticles:Warning: InitializeSystem called on an unregistered component. Template=/Game/Luos4Elements/Particles/Fire/Par_LMagic_Fire_Atk_01.Par_LMagic_Fire_Atk_01 Component=/Game/World1/NewWorld.NewWorld:PersistentLevel.Par_LMagic_Fire_Atk_11.ParticleSystemComponent0
[2016.05.18-02.54.05:239][529]LogParticles:Warning: InitializeSystem called on an unregistered component. Template=/Game/Luos4Elements/Particles/Fire/Par_LMagic_Fire_Atk_01.Par_LMagic_Fire_Atk_01 Component=/Game/World1/NewWorld.NewWorld:PersistentLevel.Par_LMagic_Fire_Atk_14.ParticleSystemComponent0
[2016.05.18-02.54.05:239][529]LogParticles:Warning: InitializeSystem called on an unregistered component. Template=/Game/Luos4Elements/Particles/Earth/Par_LMagic_Earth_Atk_01.Par_LMagic_Earth_Atk_01 Component=/Game/World1/NewWorld.NewWorld:PersistentLevel.Par_LMagic_Earth_Atk_01_17.ParticleSystemComponent0
[2016.05.18-02.54.05:239][529]LogParticles:Warning: InitializeSystem called on an unregistered component. Template=/Game/Luos4Elements/Particles/Aqua/Par_LMagic_Aqua_Atk_01.Par_LMagic_Aqua_Atk_01 Component=/Game/World1/NewWorld.NewWorld:PersistentLevel.Par_LMagic_Aqua_Atk_01_20.ParticleSystemComponent0
[2016.05.18-02.54.05:239][529]LogParticles:Warning: InitializeSystem called on an unregistered component. Template=/Game/Luos4Elements/Particles/Wind/Par_Lmagic_Wind_Atk_01.Par_Lmagic_Wind_Atk_01 Component=/Game/World1/NewWorld.NewWorld:PersistentLevel.Par_Lmagic_Wind_Atk_01_23.ParticleSystemComponent0
[2016.05.18-02.54.05:239][529]LogParticles:Warning: InitializeSystem called on an unregistered component. Template=/Game/Luos4Elements/Particles/Wind/air_elemental.air_elemental Component=/Game/World1/NewWorld.NewWorld:PersistentLevel.air_elemental_26.ParticleSystemComponent0
[2016.05.18-02.54.05:276][529]Cmd: MAP LOAD FILE="D:/Backup Effulgent/Effulgent/New folder/Game-Design/Effulgent/Content/World1/NewWorld.umap" TEMPLATE=0 SHOWPROGRESS=1 FEATURELEVEL=3
[2016.05.18-02.54.05:276][529]LightingResults: New page: Lighting Build
[2016.05.18-02.54.05:302][529]LoadErrors: New page: Loading map: NewWorld.umap
[2016.05.18-02.54.05:307][529]MapCheck: New page: Map Check
[2016.05.18-02.54.05:307][529]LightingResults: New page: Lighting Build
[2016.05.18-02.54.05:330][529]LogPhysics:Warning: AddConvexElemsToRigidActor: ConvexElem is missing ConvexMesh (3: /Game/CrumblingRuins/SM_WallChunk_03b.SM_WallChunk_03b:BodySetup_132)
[2016.05.18-02.54.05:331][529]LogPhysics:Warning: AddConvexElemsToRigidActor: ConvexElem is missing ConvexMesh (3: /Game/CrumblingRuins/SM_WallChunk_03b.SM_WallChunk_03b:BodySetup_132)
[2016.05.18-02.54.05:336][529]LogPhysics:Warning: AddConvexElemsToRigidActor: ConvexElem is missing ConvexMesh (3: /Game/CrumblingRuins/SM_WallChunk_03b.SM_WallChunk_03b:BodySetup_132)
[2016.05.18-02.54.05:336][529]LogPhysics:Warning: AddConvexElemsToRigidActor: ConvexElem is missing ConvexMesh (3: /Game/CrumblingRuins/SM_WallChunk_03b.SM_WallChunk_03b:BodySetup_132)
[2016.05.18-02.54.05:336][529]LogPhysics:Warning: AddConvexElemsToRigidActor: ConvexElem is missing ConvexMesh (3: /Game/CrumblingRuins/SM_WallChunk_03.SM_WallChunk_03:BodySetup_131)
[2016.05.18-02.54.05:340][529]LogPhysics:Warning: AddConvexElemsToRigidActor: ConvexElem is missing ConvexMesh (3: /Game/CrumblingRuins/SM_WallChunk_03b.SM_WallChunk_03b:BodySetup_132)
[2016.05.18-02.54.05:340][529]LogPhysics:Warning: AddConvexElemsToRigidActor: ConvexElem is missing ConvexMesh (3: /Game/CrumblingRuins/SM_WallChunk_03b.SM_WallChunk_03b:BodySetup_132)
[2016.05.18-02.54.05:359][529]LogEditorServer: Finished looking for orphan Actors (0.000 secs)
[2016.05.18-02.54.05:386][529]Cmd: MAP CHECKDEP NOCLEARLOG
[2016.05.18-02.54.05:467][529]MapCheck: Info Map check complete: 0 Error(s), 0 Warning(s), took 80.654ms to complete.
[2016.05.18-02.54.05:468][529]LogFileHelpers: Loading map 'NewWorld' took 0.193
[2016.05.18-02.54.14:458][ 61]LogEditorViewport: Clicking on Actor (LMB): StaticMeshActor (Cube29)
[2016.05.18-02.54.22:978][543]LogEditorViewport: Clicking on Actor (LMB): StaticMeshActor (OverviewMap-Sphere2)
[2016.05.18-02.54.26:947][773]LogEditorViewport: Clicking Background
[2016.05.18-02.55.22:121][862]LogEditorViewport: Clicking on Actor (LMB): StaticMeshActor (Cube214)
[2016.05.18-02.55.41:219][646]LogTexture:Display: Building textures: Rockface-02_NRM (BC5)
[2016.05.18-02.55.42:221][646]LogTexture:Display: Building textures: Rockface-02_S-G-AO-H (AutoDXT)
[2016.05.18-02.55.45:837][646]LogTexture:Display: Building textures: OldStoneGround-04_S-G-AO-H (AutoDXT)
[2016.05.18-02.55.49:618][646]LogTexture:Display: Building textures: OldStoneGround-04_NRM (BC5)
[2016.05.18-02.55.50:799][646]LogTexture:Display: Building textures: OldStoneGround-04_ALB-MET (AutoDXT)
[2016.05.18-02.55.54:637][646]LogTexture:Display: Building textures: OldStoneGround-01_S-G-AO-H (AutoDXT)
[2016.05.18-02.55.58:552][646]LogTexture:Display: Building textures: OldStoneGround-01_NRM (BC5)
[2016.05.18-02.55.59:918][646]LogTexture:Display: Building textures: Grass-01_ALB (AutoDXT)
[2016.05.18-02.56.04:319][646]LogTexture:Display: Building textures: Grass-01_NRM (BC5)
[2016.05.18-02.56.05:428][646]LogTexture:Display: Building textures: Grass-01_S-G-AO-H (AutoDXT)
[2016.05.18-02.56.08:994][646]LogTexture:Display: Building textures: Forest-Ground-02_ALB (AutoDXT)
[2016.05.18-02.56.12:686][646]LogTexture:Display: Building textures: Forest-Ground-02_NRM (BC5)
[2016.05.18-02.56.13:669][646]LogTexture:Display: Building textures: Forest-Ground-02_S-G-AO-H (AutoDXT)
[2016.05.18-02.56.17:287][646]LogTexture:Display: Building textures: LeavesandSticks-full_ALB (AutoDXT)
[2016.05.18-02.56.20:760][646]LogTexture:Display: Building textures: LeavesandSticks-full_NRM (BC5)
[2016.05.18-02.56.21:892][646]LogTexture:Display: Building textures: LeavesandSticks-full_S-G-AO-H (AutoDXT)
[2016.05.18-02.56.25:511][646]LogTexture:Display: Building textures: HexagonFloor_S (AutoDXT)
[2016.05.18-02.56.29:122][646]LogTexture:Display: Building textures: HexagonFloor_N (BC5)
[2016.05.18-02.56.30:167][646]LogTexture:Display: Building textures: HexagonFloor_A (AutoDXT)
[2016.05.18-02.56.34:242][646]LogTexture:Display: Building textures: Mud-01_ALB (AutoDXT)
[2016.05.18-02.56.38:119][646]LogTexture:Display: Building textures: BeachSand_ALB (AutoDXT)
[2016.05.18-02.56.41:778][646]LogTexture:Display: Building textures: BeachSand_NRM (BC5)
[2016.05.18-02.56.42:801][646]LogTexture:Display: Building textures: BeachSand_S-G-AO-H (AutoDXT)
[2016.05.18-02.56.46:433][646]LogTexture:Display: Building textures: Mud-01_NRM (BC5)
[2016.05.18-02.56.47:438][646]LogTexture:Display: Building textures: Mud-01_S-G-AO-H (AutoDXT)
[2016.05.18-02.56.51:117][646]LogTexture:Display: Building textures: Old-Cobblestone_A (AutoDXT)
[2016.05.18-02.56.55:082][646]LogTexture:Display: Building textures: Old-Cobblestone_N (BC5)
[2016.05.18-02.56.56:153][646]LogTexture:Display: Building textures: Old-Cobblestone_S (AutoDXT)
[2016.05.18-02.56.59:977][646]LogTexture:Display: Building textures: OldStoneGround-01_ALB (AutoDXT)
[2016.05.18-02.57.03:905][646]LogTexture:Display: Building textures: MossyCobblestone_A (AutoDXT)
[2016.05.18-02.57.08:125][646]LogTexture:Display: Building textures: MossyCobblestone_N (BC5)
[2016.05.18-02.57.09:143][646]LogTexture:Display: Building textures: MossyCobblestone_S (AutoDXT)
[2016.05.18-02.57.12:751][646]LogTexture:Display: Building textures: Forest-Ground-01_ALB (AutoDXT)
[2016.05.18-02.57.16:766][646]LogTexture:Display: Building textures: Forest-Ground-01_NRM (BC5)
[2016.05.18-02.57.17:842][646]LogTexture:Display: Building textures: Forest-Ground-01_S-G-AO-H (AutoDXT)
[2016.05.18-02.57.21:483][646]LogTexture:Display: Building textures: Debris-03_S-G-AO-H (AutoDXT)
[2016.05.18-02.57.25:092][646]LogTexture:Display: Building textures: Debris-03_NRM (BC5)
[2016.05.18-02.57.26:202][646]LogTexture:Display: Building textures: Debris-03_ALB (AutoDXT)
[2016.05.18-02.57.30:436][646]LogTexture:Display: Building textures: RockFace-01_ALB (AutoDXT)
[2016.05.18-02.57.34:481][646]LogTexture:Display: Building textures: RockFace-01_NRM (BC5)
[2016.05.18-02.57.35:524][646]LogTexture:Display: Building textures: RockFace-01_S-G-AO-H (AutoDXT)
[2016.05.18-02.57.39:073][646]LogTexture:Display: Building textures: Generic_Rock-ALB (AutoDXT)
[2016.05.18-02.57.42:585][646]LogTexture:Display: Building textures: Generic_Rock-NRM (BC5)
[2016.05.18-02.57.43:709][646]LogTexture:Display: Building textures: Generic_Rock-S-G-AO-H (AutoDXT)
[2016.05.18-02.57.47:265][646]LogTexture:Display: Building textures: DeadGrass-01_ALB (AutoDXT)
[2016.05.18-02.57.51:363][646]LogTexture:Display: Building textures: DeadGrass-01_NRM (BC5)
[2016.05.18-02.57.52:506][646]LogTexture:Display: Building textures: DeadGrass-01_S-G-AO-H (AutoDXT)
[2016.05.18-02.57.56:179][646]LogTexture:Display: Building textures: Cliff-03_NRM (BC5)
[2016.05.18-02.57.57:255][646]LogTexture:Display: Building textures: Cliff-03_ALB (AutoDXT)
[2016.05.18-02.58.01:191][646]LogTexture:Display: Building textures: Cliff-03-S-G-AO-H (AutoDXT)
[2016.05.18-02.58.04:895][646]LogTexture:Display: Building textures: BrickWall-02_S-G-AO-H (AutoDXT)
[2016.05.18-02.58.08:521][646]LogTexture:Display: Building textures: BrickWall-02_NRM (BC5)
[2016.05.18-02.58.09:563][646]LogTexture:Display: Building textures: BrickWall-02_ALB (AutoDXT)
[2016.05.18-02.58.13:685][646]LogTexture:Display: Building textures: BrickWall-03_S (AutoDXT)
[2016.05.18-02.58.17:364][646]LogTexture:Display: Building textures: Gravel-02_A (AutoDXT)
[2016.05.18-02.58.21:610][646]LogTexture:Display: Building textures: Gravel-02_N (BC5)
[2016.05.18-02.58.22:922][646]LogTexture:Display: Building textures: Gravel-02-S-G-AO (AutoDXT)
[2016.05.18-02.58.26:152][646]LogTexture:Display: Building textures: HQ_Lightmap0_1 (AutoDXT)
[2016.05.18-02.58.26:334][646]LogTexture:Display: Building textures: HQ_Lightmap0_2 (AutoDXT)
[2016.05.18-02.58.26:825][646]LogTexture:Display: Building textures: HQ_Lightmap0_3 (AutoDXT)
[2016.05.18-02.58.27:110][646]LogTexture:Display: Building textures: HQ_Lightmap0_4 (AutoDXT)
[2016.05.18-02.58.27:206][646]LogTexture:Display: Building textures: HQ_Lightmap0_5 (AutoDXT)
[2016.05.18-02.58.27:238][646]LogTexture:Display: Building textures: HQ_Lightmap1_2 (AutoDXT)
[2016.05.18-02.58.27:728][646]LogTexture:Display: Building textures: HQ_Lightmap1_3 (AutoDXT)
[2016.05.18-02.58.28:160][646]LogTexture:Display: Building textures: HQ_Lightmap1_4 (AutoDXT)
[2016.05.18-02.58.28:174][646]LogTexture:Display: Building textures: LQ_Lightmap_0_1 (DXT1)
[2016.05.18-02.58.28:325][646]LogTexture:Display: Building textures: LQ_Lightmap_1_2 (DXT1)
[2016.05.18-02.58.28:727][646]LogTexture:Display: Building textures: LQ_Lightmap_1_3 (DXT1)
[2016.05.18-02.58.29:090][646]LogTexture:Display: Building textures: LQ_Lightmap_1_4 (DXT1)
[2016.05.18-02.58.29:102][646]LogTexture:Display: Building textures: SkyOcclusion0_1 (AutoDXT)
[2016.05.18-02.58.29:167][646]LogTexture:Display: Building textures: SkyOcclusion1_2 (AutoDXT)
[2016.05.18-02.58.29:456][646]LogTexture:Display: Building textures: SkyOcclusion1_3 (AutoDXT)
[2016.05.18-02.58.29:677][646]LogTexture:Display: Building textures: SkyOcclusion1_4 (AutoDXT)
[2016.05.18-02.58.29:690][646]LogTexture:Display: Building textures: ShadowMapTexture2D_0 (BGRA8)
[2016.05.18-02.58.29:732][646]LogTexture:Display: Building textures: ShadowMapTexture2D_1 (BGRA8)
[2016.05.18-02.58.29:807][646]LogTexture:Display: Building textures: ShadowMapTexture2D_2 (BGRA8)
[2016.05.18-02.58.29:850][646]LogTexture:Display: Building textures: ShadowMapTexture2D_3 (BGRA8)
[2016.05.18-02.58.29:859][646]LogTexture:Display: Building textures: ShadowMapTexture2D_4 (BGRA8)
[2016.05.18-02.58.29:871][646]LogTexture:Display: Building textures: ShadowMapTexture2D_5 (BGRA8)
[2016.05.18-02.58.29:925][646]LogTexture:Display: Building textures: ShadowMapTexture2D_6 (BGRA8)
[2016.05.18-02.58.29:977][646]LogTexture:Display: Building textures: ShadowMapTexture2D_7 (BGRA8)
[2016.05.18-02.58.30:602][646]LogTexture:Display: Building textures: BrickWall-01_S-G-AO-H (AutoDXT)
[2016.05.18-02.58.34:264][646]LogTexture:Display: Building textures: BrickWall-01_NRM (BC5)
[2016.05.18-02.58.35:352][646]LogTexture:Display: Building textures: BrickWall-01_ALB (AutoDXT)
[2016.05.18-02.58.39:363][646]LogTexture:Display: Building textures: BrickWall-03_N (BC5)
[2016.05.18-02.58.40:439][646]LogTexture:Display: Building textures: BrickWall-03_A (AutoDXT)
[2016.05.18-02.58.44:419][646]LogTexture:Display: Building textures: RockGround-01_A (AutoDXT)
[2016.05.18-02.58.48:492][646]LogTexture:Display: Building textures: RockGround-01_N (BC5)
[2016.05.18-02.58.49:477][646]LogTexture:Display: Building textures: RockGround-01_S-G-AO-H (AutoDXT)
[2016.05.18-02.58.53:153][646]LogTexture:Display: Building textures: StoneFloor-New-01_ALB (AutoDXT)
[2016.05.18-02.58.57:054][646]LogTexture:Display: Building textures: StoneFloor-New-01_NRM (BC5)
[2016.05.18-02.58.58:064][646]LogTexture:Display: Building textures: StoneFloor-New-01_S-G-AO-H (AutoDXT)
[2016.05.18-02.59.01:212][646]LogAIModule: Creating AISystem for world OverviewMap
[2016.05.18-03.00.12:966][646]Cmd: OBJ SAVEPACKAGE PACKAGE="/Game/World1/NewWorld" FILE="D:/Backup Effulgent/Effulgent/New folder/Game-Design/Effulgent/Content/World1/NewWorld.umap" SILENT=true AUTOSAVING=false KEEPDIRTY=false
[2016.05.18-03.00.15:849][646]LogSavePackage: Save=2865.59ms
[2016.05.18-03.00.15:849][646]LogSavePackage: Moving 'D:/Backup Effulgent/Effulgent/New folder/Game-Design/Effulgent/Saved/NewWorldC3EC3F094E94430E456711B84793417D.tmp' to 'D:/Backup Effulgent/Effulgent/New folder/Game-Design/Effulgent/Content/World1/NewWorld.umap'
[2016.05.18-03.00.15:851][646]LogSavePackage: Total save time: 2871.47ms
[2016.05.18-03.00.15:851][646]LogSavePackage:Display: Finished SavePackage D:/Backup Effulgent/Effulgent/New folder/Game-Design/Effulgent/Content/World1/NewWorld.umap
[2016.05.18-03.00.15:877][646]LogFileHelpers: Saving map 'NewWorld' took 3.014
[2016.05.18-03.00.15:879][646]Cmd: MAP LOAD FILE="D:/Backup Effulgent/Effulgent/New folder/Game-Design/Effulgent/Content/SculptedTex01/Overview-Map/OverviewMap.umap" TEMPLATE=0 SHOWPROGRESS=1 FEATURELEVEL=3
[2016.05.18-03.00.15:879][646]LightingResults: New page: Lighting Build
[2016.05.18-03.00.15:904][646]LoadErrors: New page: Loading map: OverviewMap.umap
[2016.05.18-03.00.15:911][646]MapCheck: New page: Map Check
[2016.05.18-03.00.15:911][646]LightingResults: New page: Lighting Build
[2016.05.18-03.00.15:932][646]LogEditorServer: Finished looking for orphan Actors (0.000 secs)
[2016.05.18-03.00.15:964][646]Cmd: MAP CHECKDEP NOCLEARLOG
[2016.05.18-03.00.16:058][646]MapCheck: Info Map check complete: 0 Error(s), 0 Warning(s), took 93.811ms to complete.
[2016.05.18-03.00.16:059][646]LogFileHelpers: Loading map 'OverviewMap' took 0.183
[2016.05.18-03.00.35:005][743]LogEditorViewport: Clicking on Actor (LMB): StaticMeshActor (OverviewMap-Sphere29)
[2016.05.18-03.02.08:101][888]LogEditorViewport: Clicking on Actor (LMB): StaticMeshActor (OverviewMap-Sphere17)
[2016.05.18-03.02.55:874][251]LogRenderer: Reallocating scene render targets to support 1144x924 (Frame:10949).
[2016.05.18-03.37.40:051][552]LogSavePackage: Save=1556.91ms
[2016.05.18-03.37.40:051][552]LogSavePackage: Moving 'D:/Backup Effulgent/Effulgent/New folder/Game-Design/Effulgent/Saved/OverviewMap_Auto1508C838947B483D2F3CEEC90E834B59A.tmp' to 'D:/Backup Effulgent/Effulgent/New folder/Game-Design/Effulgent/Saved/Autosaves/Game/SculptedTex01/Overview-Map/OverviewMap_Auto1.umap'
[2016.05.18-03.37.40:052][552]LogSavePackage: Total save time: 1573.26ms
[2016.05.18-03.37.40:052][552]LogSavePackage:Display: Finished SavePackage D:/Backup Effulgent/Effulgent/New folder/Game-Design/Effulgent/Saved/Autosaves/Game/SculptedTex01/Overview-Map/OverviewMap_Auto1.umap
[2016.05.18-03.37.40:053][552]LogFileHelpers: Editor autosave (incl. sublevels) for '/Game/SculptedTex01/Overview-Map/OverviewMap' took 1.594
[2016.05.18-03.37.40:053][552]LogFileHelpers: Editor autosave (incl. sublevels) for all levels took 1.594
[2016.05.18-03.37.40:056][552]OBJ SavePackage: Generating thumbnails for [1] asset(s) in package [/Game/SculptedTex01/Shader/1-Tessellation/Instances/Gravel-01_INST] ([1] browsable assets)...
[2016.05.18-03.37.40:080][552]OBJ SavePackage:     Rendered thumbnail for [MaterialInstanceConstant /Game/SculptedTex01/Shader/1-Tessellation/Instances/Gravel-01_INST.Gravel-01_INST]
[2016.05.18-03.37.40:080][552]OBJ SavePackage: Finished generating thumbnails for package [/Game/SculptedTex01/Shader/1-Tessellation/Instances/Gravel-01_INST]
[2016.05.18-03.37.40:103][552]LogSavePackage: Save=19.43ms
[2016.05.18-03.37.40:103][552]LogSavePackage: Moving 'D:/Backup Effulgent/Effulgent/New folder/Game-Design/Effulgent/Saved/Gravel-01_INST_Auto1193F211F4CDADBD152D5EBA854FE29C6.tmp' to 'D:/Backup Effulgent/Effulgent/New folder/Game-Design/Effulgent/Saved/Autosaves/Game/SculptedTex01/Shader/1-Tessellation/Instances/Gravel-01_INST_Auto1.uasset'
[2016.05.18-03.37.40:103][552]LogSavePackage: Total save time: 22.61ms
[2016.05.18-03.37.40:103][552]LogSavePackage:Display: Finished SavePackage D:/Backup Effulgent/Effulgent/New folder/Game-Design/Effulgent/Saved/Autosaves/Game/SculptedTex01/Shader/1-Tessellation/Instances/Gravel-01_INST_Auto1.uasset
[2016.05.18-03.37.40:106][552]OBJ SavePackage: Generating thumbnails for [1] asset(s) in package [/Game/SculptedTex01/Shader/1-Tessellation/Instances/OldStoneGround-01_INST] ([1] browsable assets)...
[2016.05.18-03.37.40:129][552]OBJ SavePackage:     Rendered thumbnail for [MaterialInstanceConstant /Game/SculptedTex01/Shader/1-Tessellation/Instances/OldStoneGround-01_INST.OldStoneGround-01_INST]
[2016.05.18-03.37.40:129][552]OBJ SavePackage: Finished generating thumbnails for package [/Game/SculptedTex01/Shader/1-Tessellation/Instances/OldStoneGround-01_INST]
[2016.05.18-03.37.40:149][552]LogSavePackage: Save=16.66ms
[2016.05.18-03.37.40:149][552]LogSavePackage: Moving 'D:/Backup Effulgent/Effulgent/New folder/Game-Design/Effulgent/Saved/OldStoneGround-01_INST_Auto1F7828D624837537E187A3EAB6714E6EA.tmp' to 'D:/Backup Effulgent/Effulgent/New folder/Game-Design/Effulgent/Saved/Autosaves/Game/SculptedTex01/Shader/1-Tessellation/Instances/OldStoneGround-01_INST_Auto1.uasset'
[2016.05.18-03.37.40:150][552]LogSavePackage: Total save time: 19.54ms
[2016.05.18-03.37.40:150][552]LogSavePackage:Display: Finished SavePackage D:/Backup Effulgent/Effulgent/New folder/Game-Design/Effulgent/Saved/Autosaves/Game/SculptedTex01/Shader/1-Tessellation/Instances/OldStoneGround-01_INST_Auto1.uasset
[2016.05.18-03.37.40:150][552]LogFileHelpers: Auto-saving content packages took 0.096
[2016.05.18-03.37.57:108][213]LogSavePackage: Save=37.18ms
[2016.05.18-03.37.57:108][213]LogSavePackage: Moving 'D:/Backup Effulgent/Effulgent/New folder/Game-Design/Effulgent/Saved/OldStoneGround-01_INST25BAA84C41606A76FCF239A1F70F2744.tmp' to 'D:/Backup Effulgent/Effulgent/New folder/Game-Design/Effulgent/Content/SculptedTex01/Shader/1-Tessellation/Instances/OldStoneGround-01_INST.uasset'
[2016.05.18-03.37.57:112][213]LogSavePackage: Total save time: 45.18ms
[2016.05.18-03.37.57:112][213]LogSavePackage:Display: Finished SavePackage D:/Backup Effulgent/Effulgent/New folder/Game-Design/Effulgent/Content/SculptedTex01/Shader/1-Tessellation/Instances/OldStoneGround-01_INST.uasset
[2016.05.18-03.40.30:559][356]Cmd: POLY TEXPAN U=1.000000 V=0.000000
[2016.05.18-03.40.31:005][381]Cmd: POLY TEXPAN U=1.000000 V=0.000000
[2016.05.18-03.40.31:187][389]Cmd: POLY TEXPAN U=1.000000 V=0.000000
[2016.05.18-03.40.32:482][465]Cmd: POLY TEXPAN U=4.000000 V=0.000000
[2016.05.18-03.40.32:615][473]Cmd: POLY TEXPAN U=4.000000 V=0.000000
[2016.05.18-03.40.38:996][798]Cmd: POLY TEXSCALE  UU=16.000000 VV=16.000000
[2016.05.18-03.40.45:051][ 77]Cmd: POLY TEXSCALE  UU=0.125000 VV=0.125000
[2016.05.18-03.40.51:741][386]Cmd: POLY TEXSCALE  UU=0.062500 VV=0.062500
[2016.05.18-03.43.27:874][371]LogAIModule: Creating AISystem for world NewWorld
[2016.05.18-03.43.27:875][371]LogParticles:Warning: InitializeSystem called on an unregistered component. Template=/Game/CrumblingRuins/Torch/P_Torch.P_Torch Component=/Game/World1/NewWorld.NewWorld:PersistentLevel.P_Torch_5.ParticleSystemComponent0
[2016.05.18-03.43.27:875][371]LogParticles:Warning: InitializeSystem called on an unregistered component. Template=/Game/CrumblingRuins/Torch/P_Torch.P_Torch Component=/Game/World1/NewWorld.NewWorld:PersistentLevel.P_Torch2.ParticleSystemComponent0
[2016.05.18-03.43.27:876][371]LogParticles:Warning: InitializeSystem called on an unregistered component. Template=/Game/CrumblingRuins/Torch/P_Torch.P_Torch Component=/Game/World1/NewWorld.NewWorld:PersistentLevel.P_Torch3.ParticleSystemComponent0
[2016.05.18-03.43.27:877][371]LogParticles:Warning: InitializeSystem called on an unregistered component. Template=/Game/CrumblingRuins/Torch/P_Torch.P_Torch Component=/Game/World1/NewWorld.NewWorld:PersistentLevel.P_Torch4.ParticleSystemComponent0
[2016.05.18-03.43.27:877][371]LogParticles:Warning: InitializeSystem called on an unregistered component. Template=/Game/CrumblingRuins/Torch/P_Torch.P_Torch Component=/Game/World1/NewWorld.NewWorld:PersistentLevel.P_Torch5.ParticleSystemComponent0
[2016.05.18-03.43.27:878][371]LogParticles:Warning: InitializeSystem called on an unregistered component. Template=/Game/CrumblingRuins/Torch/P_Torch.P_Torch Component=/Game/World1/NewWorld.NewWorld:PersistentLevel.P_Torch6.ParticleSystemComponent0
[2016.05.18-03.43.27:879][371]LogParticles:Warning: InitializeSystem called on an unregistered component. Template=/Game/CrumblingRuins/Torch/P_Torch.P_Torch Component=/Game/World1/NewWorld.NewWorld:PersistentLevel.P_Torch7.ParticleSystemComponent0
[2016.05.18-03.43.27:879][371]LogParticles:Warning: InitializeSystem called on an unregistered component. Template=/Game/CrumblingRuins/Torch/P_Torch.P_Torch Component=/Game/World1/NewWorld.NewWorld:PersistentLevel.P_Torch8.ParticleSystemComponent0
[2016.05.18-03.43.27:880][371]LogParticles:Warning: InitializeSystem called on an unregistered component. Template=/Game/CrumblingRuins/Torch/P_Torch.P_Torch Component=/Game/World1/NewWorld.NewWorld:PersistentLevel.P_Torch9.ParticleSystemComponent0
[2016.05.18-03.43.27:880][371]LogParticles:Warning: InitializeSystem called on an unregistered component. Template=/Game/CrumblingRuins/Torch/P_Torch.P_Torch Component=/Game/World1/NewWorld.NewWorld:PersistentLevel.P_Torch10.ParticleSystemComponent0
[2016.05.18-03.43.27:881][371]LogParticles:Warning: InitializeSystem called on an unregistered component. Template=/Game/CrumblingRuins/Torch/P_Torch.P_Torch Component=/Game/World1/NewWorld.NewWorld:PersistentLevel.P_Torch11.ParticleSystemComponent0
[2016.05.18-03.43.27:881][371]LogParticles:Warning: InitializeSystem called on an unregistered component. Template=/Game/CrumblingRuins/Torch/P_Torch.P_Torch Component=/Game/World1/NewWorld.NewWorld:PersistentLevel.P_Torch12.ParticleSystemComponent0
[2016.05.18-03.43.27:881][371]LogParticles:Warning: InitializeSystem called on an unregistered component. Template=/Game/CrumblingRuins/Torch/P_Torch.P_Torch Component=/Game/World1/NewWorld.NewWorld:PersistentLevel.P_Torch13.ParticleSystemComponent0
[2016.05.18-03.43.27:882][371]LogParticles:Warning: InitializeSystem called on an unregistered component. Template=/Game/CrumblingRuins/Torch/P_Torch.P_Torch Component=/Game/World1/NewWorld.NewWorld:PersistentLevel.P_Torch14.ParticleSystemComponent0
[2016.05.18-03.43.27:882][371]LogParticles:Warning: InitializeSystem called on an unregistered component. Template=/Game/CrumblingRuins/Torch/P_Torch.P_Torch Component=/Game/World1/NewWorld.NewWorld:PersistentLevel.P_Torch15.ParticleSystemComponent0
[2016.05.18-03.43.27:882][371]LogParticles:Warning: InitializeSystem called on an unregistered component. Template=/Game/CrumblingRuins/Torch/P_Torch.P_Torch Component=/Game/World1/NewWorld.NewWorld:PersistentLevel.P_Torch16.ParticleSystemComponent0
[2016.05.18-03.43.27:883][371]LogParticles:Warning: InitializeSystem called on an unregistered component. Template=/Game/CrumblingRuins/Torch/P_Torch.P_Torch Component=/Game/World1/NewWorld.NewWorld:PersistentLevel.P_Torch17.ParticleSystemComponent0
[2016.05.18-03.43.27:883][371]LogParticles:Warning: InitializeSystem called on an unregistered component. Template=/Game/CrumblingRuins/Torch/P_Torch.P_Torch Component=/Game/World1/NewWorld.NewWorld:PersistentLevel.P_Torch18.ParticleSystemComponent0
[2016.05.18-03.43.27:884][371]LogParticles:Warning: InitializeSystem called on an unregistered component. Template=/Game/Luos4Elements/Particles/Fire/Par_LMagic_Fire_Atk_01.Par_LMagic_Fire_Atk_01 Component=/Game/World1/NewWorld.NewWorld:PersistentLevel.Par_LMagic_Fire_Atk_01_5.ParticleSystemComponent0
[2016.05.18-03.43.27:884][371]LogParticles:Warning: InitializeSystem called on an unregistered component. Template=/Game/Luos4Elements/Particles/Fire/Par_LMagic_Fire_Atk_01.Par_LMagic_Fire_Atk_01 Component=/Game/World1/NewWorld.NewWorld:PersistentLevel.Par_LMagic_Fire_Atk_11.ParticleSystemComponent0
[2016.05.18-03.43.27:884][371]LogParticles:Warning: InitializeSystem called on an unregistered component. Template=/Game/Luos4Elements/Particles/Fire/Par_LMagic_Fire_Atk_01.Par_LMagic_Fire_Atk_01 Component=/Game/World1/NewWorld.NewWorld:PersistentLevel.Par_LMagic_Fire_Atk_14.ParticleSystemComponent0
[2016.05.18-03.43.27:884][371]LogParticles:Warning: InitializeSystem called on an unregistered component. Template=/Game/Luos4Elements/Particles/Earth/Par_LMagic_Earth_Atk_01.Par_LMagic_Earth_Atk_01 Component=/Game/World1/NewWorld.NewWorld:PersistentLevel.Par_LMagic_Earth_Atk_01_17.ParticleSystemComponent0
[2016.05.18-03.43.27:884][371]LogParticles:Warning: InitializeSystem called on an unregistered component. Template=/Game/Luos4Elements/Particles/Aqua/Par_LMagic_Aqua_Atk_01.Par_LMagic_Aqua_Atk_01 Component=/Game/World1/NewWorld.NewWorld:PersistentLevel.Par_LMagic_Aqua_Atk_01_20.ParticleSystemComponent0
[2016.05.18-03.43.27:885][371]LogParticles:Warning: InitializeSystem called on an unregistered component. Template=/Game/Luos4Elements/Particles/Wind/Par_Lmagic_Wind_Atk_01.Par_Lmagic_Wind_Atk_01 Component=/Game/World1/NewWorld.NewWorld:PersistentLevel.Par_Lmagic_Wind_Atk_01_23.ParticleSystemComponent0
[2016.05.18-03.43.27:885][371]LogParticles:Warning: InitializeSystem called on an unregistered component. Template=/Game/Luos4Elements/Particles/Wind/air_elemental.air_elemental Component=/Game/World1/NewWorld.NewWorld:PersistentLevel.air_elemental_26.ParticleSystemComponent0
[2016.05.18-03.43.32:173][371]LogSavePackage: Save=619.55ms
[2016.05.18-03.43.32:174][371]LogSavePackage: Moving 'D:/Backup Effulgent/Effulgent/New folder/Game-Design/Effulgent/Saved/OverviewMap78069BFA4045859FDC8A569FE372C430.tmp' to 'D:/Backup Effulgent/Effulgent/New folder/Game-Design/Effulgent/Content/SculptedTex01/Overview-Map/OverviewMap.umap'
[2016.05.18-03.43.32:177][371]LogSavePackage: Total save time: 862.40ms
[2016.05.18-03.43.32:177][371]LogSavePackage:Display: Finished SavePackage D:/Backup Effulgent/Effulgent/New folder/Game-Design/Effulgent/Content/SculptedTex01/Overview-Map/OverviewMap.umap
[2016.05.18-03.43.32:203][371]LogFileHelpers: Saving map 'OverviewMap' took 2.631
[2016.05.18-03.43.32:210][371]LogSavePackage: Save=2.10ms
[2016.05.18-03.43.32:210][371]LogSavePackage: Moving 'D:/Backup Effulgent/Effulgent/New folder/Game-Design/Effulgent/Saved/Gravel-01_INSTB4D46CC44E4D0811D878C3A6F42F9912.tmp' to 'D:/Backup Effulgent/Effulgent/New folder/Game-Design/Effulgent/Content/SculptedTex01/Shader/1-Tessellation/Instances/Gravel-01_INST.uasset'
[2016.05.18-03.43.32:211][371]LogSavePackage: Total save time: 5.78ms
[2016.05.18-03.43.32:211][371]LogSavePackage:Display: Finished SavePackage D:/Backup Effulgent/Effulgent/New folder/Game-Design/Effulgent/Content/SculptedTex01/Shader/1-Tessellation/Instances/Gravel-01_INST.uasset
[2016.05.18-03.43.32:261][371]LogSavePackage: Save=17.14ms
[2016.05.18-03.43.32:261][371]LogSavePackage: Moving 'D:/Backup Effulgent/Effulgent/New folder/Game-Design/Effulgent/Saved/OldStoneGround-01_INST1BC8021C47F28FD252C5A482209F8B8F.tmp' to 'D:/Backup Effulgent/Effulgent/New folder/Game-Design/Effulgent/Content/SculptedTex01/Shader/1-Tessellation/Instances/OldStoneGround-01_INST.uasset'
[2016.05.18-03.43.32:263][371]LogSavePackage: Total save time: 21.19ms
[2016.05.18-03.43.32:263][371]LogSavePackage:Display: Finished SavePackage D:/Backup Effulgent/Effulgent/New folder/Game-Design/Effulgent/Content/SculptedTex01/Shader/1-Tessellation/Instances/OldStoneGround-01_INST.uasset
[2016.05.18-03.43.32:265][371]Cmd: MAP LOAD FILE="D:/Backup Effulgent/Effulgent/New folder/Game-Design/Effulgent/Content/World1/NewWorld.umap" TEMPLATE=0 SHOWPROGRESS=1 FEATURELEVEL=3
[2016.05.18-03.43.32:265][371]LightingResults: New page: Lighting Build
[2016.05.18-03.43.32:290][371]LoadErrors: New page: Loading map: NewWorld.umap
[2016.05.18-03.43.32:292][371]MapCheck: New page: Map Check
[2016.05.18-03.43.32:292][371]LightingResults: New page: Lighting Build
[2016.05.18-03.43.32:315][371]LogPhysics:Warning: AddConvexElemsToRigidActor: ConvexElem is missing ConvexMesh (3: /Game/CrumblingRuins/SM_WallChunk_03b.SM_WallChunk_03b:BodySetup_132)
[2016.05.18-03.43.32:317][371]LogPhysics:Warning: AddConvexElemsToRigidActor: ConvexElem is missing ConvexMesh (3: /Game/CrumblingRuins/SM_WallChunk_03b.SM_WallChunk_03b:BodySetup_132)
[2016.05.18-03.43.32:321][371]LogPhysics:Warning: AddConvexElemsToRigidActor: ConvexElem is missing ConvexMesh (3: /Game/CrumblingRuins/SM_WallChunk_03b.SM_WallChunk_03b:BodySetup_132)
[2016.05.18-03.43.32:322][371]LogPhysics:Warning: AddConvexElemsToRigidActor: ConvexElem is missing ConvexMesh (3: /Game/CrumblingRuins/SM_WallChunk_03b.SM_WallChunk_03b:BodySetup_132)
[2016.05.18-03.43.32:322][371]LogPhysics:Warning: AddConvexElemsToRigidActor: ConvexElem is missing ConvexMesh (3: /Game/CrumblingRuins/SM_WallChunk_03.SM_WallChunk_03:BodySetup_131)
[2016.05.18-03.43.32:325][371]LogPhysics:Warning: AddConvexElemsToRigidActor: ConvexElem is missing ConvexMesh (3: /Game/CrumblingRuins/SM_WallChunk_03b.SM_WallChunk_03b:BodySetup_132)
[2016.05.18-03.43.32:326][371]LogPhysics:Warning: AddConvexElemsToRigidActor: ConvexElem is missing ConvexMesh (3: /Game/CrumblingRuins/SM_WallChunk_03b.SM_WallChunk_03b:BodySetup_132)
[2016.05.18-03.43.32:345][371]LogEditorServer: Finished looking for orphan Actors (0.000 secs)
[2016.05.18-03.43.32:372][371]Cmd: MAP CHECKDEP NOCLEARLOG
[2016.05.18-03.43.32:582][371]MapCheck: Info Map check complete: 0 Error(s), 0 Warning(s), took 208.932ms to complete.
[2016.05.18-03.43.32:585][371]LogFileHelpers: Loading map 'NewWorld' took 0.322
[2016.05.18-06.05.34:958][305]LogD3D11RHI: Timed out while waiting for GPU to catch up. (500 ms)
[2016.05.18-06.40.55:460][103]Cmd: QUIT_EDITOR
[2016.05.18-06.40.55:537][103]LogWindowsTextInputMethodSystem:Display: IME system now deactivated.
[2016.05.18-06.40.55:587][103]LogExit: Preparing to exit.
[2016.05.18-06.40.56:376][103]LogExit: Editor shut down
[2016.05.18-06.40.56:378][103]LogExit: Transaction tracking system shut down
[2016.05.18-06.40.57:374][103]LogObj: Freed 0b from 0 cluster array pools.
[2016.05.18-06.40.57:374][103]LogExit: Object subsystem successfully closed.
[2016.05.18-06.40.57:429][103]LogD3D11RHI: Shutdown
[2016.05.18-06.40.57:429][103]LogD3D11RHI: CleanupD3DDevice
[2016.05.18-06.40.57:641][103]LogD3D11RHI: ~FD3D11DynamicRHI
[2016.05.18-06.40.57:677][103]LogDerivedDataCache: Shutdown
[2016.05.18-06.40.57:704][103]LogModuleManager: Shutting down and abandoning module MaterialEditor (205)
[2016.05.18-06.40.57:704][103]LogModuleManager: Shutting down and abandoning module HierarchicalLODOutliner (204)
[2016.05.18-06.40.57:705][103]LogModuleManager: Shutting down and abandoning module CrashTracker (203)
[2016.05.18-06.40.57:705][103]LogModuleManager: Shutting down and abandoning module SceneOutliner (202)
[2016.05.18-06.40.57:705][103]LogModuleManager: Shutting down and abandoning module SuperSearch (201)
[2016.05.18-06.40.57:705][103]LogModuleManager: Shutting down and abandoning module WidgetCarousel (200)
[2016.05.18-06.40.57:705][103]LogModuleManager: Shutting down and abandoning module AddContentDialog (199)
[2016.05.18-06.40.57:711][103]LogModuleManager: Shutting down and abandoning module GameplayTags (198)
[2016.05.18-06.40.57:711][103]LogModuleManager: Shutting down and abandoning module EditorWidgets (197)
[2016.05.18-06.40.57:711][103]LogModuleManager: Shutting down and abandoning module CollectionManager (196)
[2016.05.18-06.40.57:712][103]LogModuleManager: Shutting down and abandoning module StatsViewer (195)
[2016.05.18-06.40.57:712][103]LogModuleManager: Shutting down and abandoning module FoliageEdit (194)
[2016.05.18-06.40.57:713][103]LogModuleManager: Shutting down and abandoning module LandscapeEditor (193)
[2016.05.18-06.40.57:714][103]LogModuleManager: Shutting down and abandoning module ActorPickerMode (192)
[2016.05.18-06.40.57:714][103]LogModuleManager: Shutting down and abandoning module GeometryMode (191)
[2016.05.18-06.40.57:714][103]LogModuleManager: Shutting down and abandoning module TextureAlignMode (190)
[2016.05.18-06.40.57:714][103]LogModuleManager: Shutting down and abandoning module BspMode (189)
[2016.05.18-06.40.57:714][103]LogModuleManager: Shutting down and abandoning module PlacementMode (188)
[2016.05.18-06.40.57:714][103]LogModuleManager: Shutting down and abandoning module AutomationWorker (187)
[2016.05.18-06.40.57:714][103]LogModuleManager: Shutting down and abandoning module CharacterAI (186)
[2016.05.18-06.40.57:714][103]LogModuleManager: Shutting down and abandoning module SmartSnapping (185)
[2016.05.18-06.40.57:714][103]LogModuleManager: Shutting down and abandoning module ViewportSnapping (184)
[2016.05.18-06.40.57:714][103]LogModuleManager: Shutting down and abandoning module LogVisualizer (183)
[2016.05.18-06.40.57:716][103]LogModuleManager: Shutting down and abandoning module GameProjectGeneration (182)
[2016.05.18-06.40.57:717][103]LogModuleManager: Shutting down and abandoning module IntroTutorials (181)
[2016.05.18-06.40.57:718][103]LogModuleManager: Shutting down and abandoning module EditorLiveStreaming (180)
[2016.05.18-06.40.57:719][103]LogModuleManager: Shutting down and abandoning module IOSPlatformEditor (179)
[2016.05.18-06.40.57:719][103]LogModuleManager: Shutting down and abandoning module HTML5PlatformEditor (178)
[2016.05.18-06.40.57:719][103]LogModuleManager: Shutting down and abandoning module AndroidDeviceDetection (177)
[2016.05.18-06.40.58:178][103]LogModuleManager: Shutting down and abandoning module AndroidPlatformEditor (176)
[2016.05.18-06.40.58:179][103]LogModuleManager: Shutting down and abandoning module IOSRuntimeSettings (175)
[2016.05.18-06.40.58:179][103]LogModuleManager: Shutting down and abandoning module AndroidRuntimeSettings (174)
[2016.05.18-06.40.58:179][103]LogModuleManager: Shutting down and abandoning module MergeActors (173)
[2016.05.18-06.40.58:179][103]LogModuleManager: Shutting down and abandoning module SizeMap (172)
[2016.05.18-06.40.58:179][103]LogModuleManager: Shutting down and abandoning module TreeMap (171)
[2016.05.18-06.40.58:180][103]LogModuleManager: Shutting down and abandoning module ReferenceViewer (170)
[2016.05.18-06.40.58:180][103]LogModuleManager: Shutting down and abandoning module LocalizationService (169)
[2016.05.18-06.40.58:180][103]LogModuleManager: Shutting down and abandoning module LocalizationDashboard (168)
[2016.05.18-06.40.58:181][103]LogModuleManager: Shutting down and abandoning module HardwareTargeting (167)
[2016.05.18-06.40.58:181][103]LogModuleManager: Shutting down and abandoning module DeviceProfileEditor (166)
[2016.05.18-06.40.58:182][103]LogModuleManager: Shutting down and abandoning module UndoHistory (165)
[2016.05.18-06.40.58:182][103]LogModuleManager: Shutting down and abandoning module UserFeedback (164)
[2016.05.18-06.40.58:182][103]LogModuleManager: Shutting down and abandoning module XmlParser (163)
[2016.05.18-06.40.58:182][103]LogModuleManager: Shutting down and abandoning module Blutility (162)
[2016.05.18-06.40.58:182][103]LogModuleManager: Shutting down and abandoning module ProjectTargetPlatformEditor (161)
[2016.05.18-06.40.58:183][103]LogModuleManager: Shutting down and abandoning module ProjectSettingsViewer (160)
[2016.05.18-06.40.58:183][103]LogModuleManager: Shutting down and abandoning module InputBindingEditor (159)
[2016.05.18-06.40.58:184][103]LogModuleManager: Shutting down and abandoning module EditorSettingsViewer (158)
[2016.05.18-06.40.58:184][103]LogModuleManager: Shutting down and abandoning module SettingsEditor (157)
[2016.05.18-06.40.58:185][103]LogModuleManager: Shutting down and abandoning module ProjectLauncher (156)
[2016.05.18-06.40.58:185][103]LogModuleManager: Shutting down and abandoning module SessionFrontend (155)
[2016.05.18-06.40.58:186][103]LogModuleManager: Shutting down and abandoning module ProfilerClient (154)
[2016.05.18-06.40.58:187][103]LogModuleManager: Shutting down and abandoning module TargetDeviceServices (153)
[2016.05.18-06.40.58:187][103]LogModuleManager: Shutting down and abandoning module DeviceManager (152)
[2016.05.18-06.40.58:219][103]LogModuleManager: Shutting down and abandoning module AutomationController (151)
[2016.05.18-06.40.58:220][103]LogModuleManager: Shutting down and abandoning module AutomationWindow (150)
[2016.05.18-06.40.58:221][103]LogModuleManager: Shutting down and abandoning module Layers (149)
[2016.05.18-06.40.58:222][103]LogModuleManager: Shutting down and abandoning module ComponentVisualizers (148)
[2016.05.18-06.40.58:222][103]LogModuleManager: Shutting down and abandoning module DetailCustomizations (147)
[2016.05.18-06.40.58:223][103]LogModuleManager: Shutting down and abandoning module PackagesDialog (146)
[2016.05.18-06.40.58:224][103]LogModuleManager: Shutting down and abandoning module Persona (145)
[2016.05.18-06.40.58:226][103]LogModuleManager: Shutting down and abandoning module Kismet (144)
[2016.05.18-06.40.58:226][103]LogModuleManager: Shutting down and abandoning module GraphEditor (143)
[2016.05.18-06.40.58:228][103]LogModuleManager: Shutting down and abandoning module ClassViewer (142)
[2016.05.18-06.40.58:229][103]LogModuleManager: Shutting down and abandoning module Toolbox (141)
[2016.05.18-06.40.58:229][103]LogModuleManager: Shutting down and abandoning module ModuleUI (140)
[2016.05.18-06.40.58:230][103]LogModuleManager: Shutting down and abandoning module MovieSceneTools (139)
[2016.05.18-06.40.58:230][103]LogModuleManager: Shutting down and abandoning module OutputLog (138)
[2016.05.18-06.40.58:231][103]LogModuleManager: Shutting down and abandoning module GammaUI (137)
[2016.05.18-06.40.58:231][103]LogModuleManager: Shutting down and abandoning module Documentation (136)
[2016.05.18-06.40.58:231][103]LogModuleManager: Shutting down and abandoning module StreamingPauseRendering (135)
[2016.05.18-06.40.58:231][103]LogModuleManager: Shutting down and abandoning module AnalyticsET (134)
[2016.05.18-06.40.58:231][103]LogModuleManager: Shutting down and abandoning module Analytics (133)
[2016.05.18-06.40.58:231][103]LogModuleManager: Shutting down and abandoning module PortalServices (132)
[2016.05.18-06.40.58:231][103]LogModuleManager: Shutting down and abandoning module PortalRpc (131)
[2016.05.18-06.40.58:231][103]LogModuleManager: Shutting down and abandoning module MessagingRpc (130)
[2016.05.18-06.40.58:231][103]LogModuleManager: Shutting down and abandoning module AITestSuite (129)
[2016.05.18-06.40.58:231][103]LogModuleManager: Shutting down and abandoning module GameplayDebugger (128)
[2016.05.18-06.40.58:231][103]LogModuleManager: Shutting down and abandoning module AIModule (127)
[2016.05.18-06.40.58:231][103]LogModuleManager: Shutting down and abandoning module ProfilerService (126)
[2016.05.18-06.40.58:243][103]LogModuleManager: Shutting down and abandoning module TaskGraph (125)
[2016.05.18-06.40.58:245][103]LogModuleManager: Shutting down and abandoning module SlateRemote (124)
[2016.05.18-06.40.58:246][103]LogModuleManager: Shutting down and abandoning module SteamVRController (123)
[2016.05.18-06.40.58:246][103]LogModuleManager: Shutting down and abandoning module SteamVR (122)
[2016.05.18-06.40.58:246][103]LogModuleManager: Shutting down and abandoning module ProceduralMeshComponent (121)
[2016.05.18-06.40.58:246][103]LogModuleManager: Shutting down and abandoning module OculusLibrary (120)
[2016.05.18-06.40.58:246][103]LogModuleManager: Shutting down and abandoning module OculusInput (119)
[2016.05.18-06.40.58:246][103]LogModuleManager: Shutting down and abandoning module CustomMeshComponent (118)
[2016.05.18-06.40.58:246][103]LogModuleManager: Shutting down and abandoning module CableComponent (117)
[2016.05.18-06.40.58:246][103]LogModuleManager: Shutting down and abandoning module ArchVisCharacter (116)
[2016.05.18-06.40.58:246][103]LogModuleManager: Shutting down and abandoning module MediaPlayerEditor (115)
[2016.05.18-06.40.58:247][103]LogModuleManager: Shutting down and abandoning module HTML5Networking (114)
[2016.05.18-06.40.58:247][103]LogModuleManager: Shutting down and abandoning module SpeedTreeImporter (113)
[2016.05.18-06.40.58:247][103]LogModuleManager: Shutting down and abandoning module PluginBrowser (112)
[2016.05.18-06.40.58:248][103]LogModuleManager: Shutting down and abandoning module EpicSurvey (111)
[2016.05.18-06.40.58:249][103]LogModuleManager: Shutting down and abandoning module DesktopPlatform (110)
[2016.05.18-06.40.58:249][103]LogModuleManager: Shutting down and abandoning module VisualStudioSourceCodeAccess (109)
[2016.05.18-06.40.58:249][103]LogModuleManager: Shutting down and abandoning module UObjectPlugin (108)
[2016.05.18-06.40.58:249][103]LogModuleManager: Shutting down and abandoning module SubversionSourceControl (107)
[2016.05.18-06.40.58:250][103]LogModuleManager: Shutting down and abandoning module PerforceSourceControl (106)
[2016.05.18-06.40.58:251][103]LogModuleManager: Shutting down and abandoning module SourceControl (105)
[2016.05.18-06.40.58:252][103]LogModuleManager: Shutting down and abandoning module GitSourceControl (104)
[2016.05.18-06.40.58:252][103]LogModuleManager: Shutting down and abandoning module LightPropagationVolumeEditor (103)
[2016.05.18-06.40.58:252][103]LogModuleManager: Shutting down and abandoning module PaperTiledImporter (102)
[2016.05.18-06.40.58:253][103]LogModuleManager: Shutting down and abandoning module PaperSpriteSheetImporter (101)
[2016.05.18-06.40.58:253][103]LogModuleManager: Shutting down and abandoning module MeshPaint (100)
[2016.05.18-06.40.58:253][103]LogModuleManager: Shutting down and abandoning module HotReload (99)
[2016.05.18-06.40.58:254][103]LogModuleManager: Shutting down and abandoning module MainFrame (98)
[2016.05.18-06.40.58:254][103]LogModuleManager: Shutting down and abandoning module LevelEditor (97)
[2016.05.18-06.40.58:256][103]LogModuleManager: Shutting down and abandoning module DirectoryWatcher (96)
[2016.05.18-06.40.58:258][103]LogModuleManager: Shutting down and abandoning module AssetRegistry (95)
[2016.05.18-06.40.58:486][103]LogModuleManager: Shutting down and abandoning module ContentBrowser (94)
[2016.05.18-06.40.58:488][103]LogModuleManager: Shutting down and abandoning module Paper2DEditor (93)
[2016.05.18-06.40.58:488][103]LogModuleManager: Shutting down and abandoning module UdpMessaging (92)
[2016.05.18-06.40.58:589][103]LogModuleManager: Shutting down and abandoning module LightPropagationVolumeRuntime (91)
[2016.05.18-06.40.58:589][103]LogModuleManager: Shutting down and abandoning module Paper2D (90)
[2016.05.18-06.40.58:589][103]LogModuleManager: Shutting down and abandoning module WindowsMoviePlayer (89)
[2016.05.18-06.40.58:590][103]LogModuleManager: Shutting down and abandoning module Media (88)
[2016.05.18-06.40.58:590][103]LogModuleManager: Shutting down and abandoning module WmfMedia (87)
[2016.05.18-06.40.58:590][103]LogModuleManager: Shutting down and abandoning module MediaAssets (86)
[2016.05.18-06.40.58:590][103]LogModuleManager: Shutting down and abandoning module GameLiveStreaming (85)
[2016.05.18-06.40.58:590][103]LogModuleManager: Shutting down and abandoning module GameplayTagsEditor (84)
[2016.05.18-06.40.58:590][103]LogModuleManager: Shutting down and abandoning module OnlineBlueprintSupport (83)
[2016.05.18-06.40.58:590][103]LogModuleManager: Shutting down and abandoning module GameplayTasksEditor (82)
[2016.05.18-06.40.58:590][103]LogModuleManager: Shutting down and abandoning module PropertyEditor (81)
[2016.05.18-06.40.58:590][103]LogModuleManager: Shutting down and abandoning module BehaviorTreeEditor (80)
[2016.05.18-06.40.58:592][103]LogModuleManager: Shutting down and abandoning module FunctionalTesting (79)
[2016.05.18-06.40.58:592][103]LogModuleManager: Shutting down and abandoning module CollisionAnalyzer (78)
[2016.05.18-06.40.58:593][103]LogModuleManager: Shutting down and abandoning module WorkspaceMenuStructure (77)
[2016.05.18-06.40.58:593][103]LogModuleManager: Shutting down and abandoning module MessageLog (76)
[2016.05.18-06.40.58:593][103]LogModuleManager: Shutting down and abandoning module Sequencer (75)
[2016.05.18-06.40.58:594][103]LogModuleManager: Shutting down and abandoning module AssetTools (74)
[2016.05.18-06.40.58:600][103]LogModuleManager: Shutting down and abandoning module UMGEditor (73)
[2016.05.18-06.40.58:601][103]LogModuleManager: Shutting down and abandoning module UMG (72)
[2016.05.18-06.40.58:602][103]LogModuleManager: Shutting down and abandoning module SlateReflector (71)
[2016.05.18-06.40.58:604][103]LogModuleManager: Shutting down and abandoning module Slate (70)
[2016.05.18-06.40.58:604][103]LogModuleManager: Shutting down and abandoning module EditorStyle (69)
[2016.05.18-06.40.58:608][103]LogModuleManager: Shutting down and abandoning module SessionServices (68)
[2016.05.18-06.40.58:608][103]LogModuleManager: Shutting down and abandoning module SourceCodeAccess (67)
[2016.05.18-06.40.58:608][103]LogModuleManager: Shutting down and abandoning module HeadMountedDisplay (66)
[2016.05.18-06.40.58:609][103]LogModuleManager: Shutting down and abandoning module XAudio2 (65)
[2016.05.18-06.40.58:609][103]LogModuleManager: Shutting down and abandoning module Networking (63)
[2016.05.18-06.40.58:609][103]LogModuleManager: Shutting down and abandoning module Core (62)
[2016.05.18-06.40.58:609][103]LogModuleManager: Shutting down and abandoning module KismetCompiler (61)
[2016.05.18-06.40.58:609][103]LogModuleManager: Shutting down and abandoning module PhysXFormats (60)
[2016.05.18-06.40.58:609][103]LogModuleManager: Shutting down and abandoning module MeshUtilities (59)
[2016.05.18-06.40.58:610][103]LogModuleManager: Shutting down and abandoning module CookingStats (58)
[2016.05.18-06.40.58:612][103]LogModuleManager: Shutting down and abandoning module DerivedDataCache (57)
[2016.05.18-06.40.58:612][103]LogDerivedDataCache: Shutdown
[2016.05.18-06.40.58:612][103]LogModuleManager: Shutting down and abandoning module ShaderFormatOpenGL (56)
[2016.05.18-06.40.58:612][103]LogModuleManager: Shutting down and abandoning module ShaderFormatD3D (55)
[2016.05.18-06.40.58:612][103]LogModuleManager: Shutting down and abandoning module MetalShaderFormat (54)
[2016.05.18-06.40.58:613][103]LogModuleManager: Shutting down and abandoning module TextureFormatUncompressed (53)
[2016.05.18-06.40.58:613][103]LogModuleManager: Shutting down and abandoning module TextureFormatPVR (52)
[2016.05.18-06.40.58:613][103]LogModuleManager: Shutting down and abandoning module TextureFormatIntelISPCTexComp (51)
[2016.05.18-06.40.58:613][103]LogModuleManager: Shutting down and abandoning module TextureFormatDXT (50)
[2016.05.18-06.40.58:613][103]LogModuleManager: Shutting down and abandoning module ImageWrapper (49)
[2016.05.18-06.40.58:613][103]LogModuleManager: Shutting down and abandoning module TextureFormatASTC (48)
[2016.05.18-06.40.58:614][103]LogModuleManager: Shutting down and abandoning module TextureFormatAndroid (47)
[2016.05.18-06.40.58:614][103]LogModuleManager: Shutting down and abandoning module AudioFormatOpus (46)
[2016.05.18-06.40.58:614][103]LogModuleManager: Shutting down and abandoning module AudioFormatOgg (45)
[2016.05.18-06.40.58:614][103]LogModuleManager: Shutting down and abandoning module AudioFormatADPCM (44)
[2016.05.18-06.40.58:614][103]LogModuleManager: Shutting down and abandoning module LinuxTargetPlatform (43)
[2016.05.18-06.40.58:614][103]LogModuleManager: Shutting down and abandoning module LinuxServerTargetPlatform (42)
[2016.05.18-06.40.58:614][103]LogModuleManager: Shutting down and abandoning module LinuxNoEditorTargetPlatform (41)
[2016.05.18-06.40.58:614][103]LogModuleManager: Shutting down and abandoning module TVOSTargetPlatform (40)
[2016.05.18-06.40.58:614][103]LogModuleManager: Shutting down and abandoning module Messaging (39)
[2016.05.18-06.40.58:614][103]LogModuleManager: Shutting down and abandoning module IOSTargetPlatform (38)
[2016.05.18-06.40.58:614][103]LogModuleManager: Shutting down and abandoning module HTML5TargetPlatform (37)
[2016.05.18-06.40.58:614][103]LogModuleManager: Shutting down and abandoning module Android_PVRTCTargetPlatform (36)
[2016.05.18-06.40.58:614][103]LogModuleManager: Shutting down and abandoning module Android_MultiTargetPlatform (35)
[2016.05.18-06.40.58:615][103]LogModuleManager: Shutting down and abandoning module Android_ETC2TargetPlatform (34)
[2016.05.18-06.40.58:615][103]LogModuleManager: Shutting down and abandoning module Android_ETC1TargetPlatform (33)
[2016.05.18-06.40.58:615][103]LogModuleManager: Shutting down and abandoning module Android_DXTTargetPlatform (32)
[2016.05.18-06.40.58:615][103]LogModuleManager: Shutting down and abandoning module Android_ATCTargetPlatform (31)
[2016.05.18-06.40.58:615][103]LogModuleManager: Shutting down and abandoning module Android_ASTCTargetPlatform (30)
[2016.05.18-06.40.58:615][103]LogModuleManager: Shutting down and abandoning module AndroidTargetPlatform (29)
[2016.05.18-06.40.58:615][103]LogModuleManager: Shutting down and abandoning module WindowsTargetPlatform (28)
[2016.05.18-06.40.58:615][103]LogModuleManager: Shutting down and abandoning module WindowsServerTargetPlatform (27)
[2016.05.18-06.40.58:615][103]LogModuleManager: Shutting down and abandoning module WindowsNoEditorTargetPlatform (26)
[2016.05.18-06.40.58:615][103]LogModuleManager: Shutting down and abandoning module WindowsClientTargetPlatform (25)
[2016.05.18-06.40.58:615][103]LogModuleManager: Shutting down and abandoning module AllDesktopTargetPlatform (24)
[2016.05.18-06.40.58:615][103]LogModuleManager: Shutting down and abandoning module TargetPlatform (23)
[2016.05.18-06.40.58:616][103]LogModuleManager: Shutting down and abandoning module InputCore (22)
[2016.05.18-06.40.58:616][103]LogModuleManager: Shutting down and abandoning module Settings (21)
[2016.05.18-06.40.58:616][103]LogModuleManager: Shutting down and abandoning module OnlineSubsystem (19)
[2016.05.18-06.40.58:616][103]LogModuleManager: Shutting down and abandoning module HTTP (18)
[2016.05.18-06.41.01:118][103]LogModuleManager: Shutting down and abandoning module XMPP (17)
[2016.05.18-06.41.01:120][103]LogModuleManager: Shutting down and abandoning module OculusRift (16)
[2016.05.18-06.41.01:121][103]LogModuleManager: Shutting down and abandoning module ExampleDeviceProfileSelector (15)
[2016.05.18-06.41.01:121][103]LogModuleManager: Shutting down and abandoning module TextureCompressor (14)
[2016.05.18-06.41.01:121][103]LogModuleManager: Shutting down and abandoning module ShaderCore (13)
[2016.05.18-06.41.01:121][103]LogModuleManager: Shutting down and abandoning module Landscape (12)
[2016.05.18-06.41.01:121][103]LogModuleManager: Shutting down and abandoning module SlateRHIRenderer (11)
[2016.05.18-06.41.01:132][103]LogModuleManager: Shutting down and abandoning module OpenGLDrv (10)
[2016.05.18-06.41.01:137][103]LogModuleManager: Shutting down and abandoning module D3D11RHI (9)
[2016.05.18-06.41.01:137][103]LogModuleManager: Shutting down and abandoning module AnimGraphRuntime (8)
[2016.05.18-06.41.01:137][103]LogModuleManager: Shutting down and abandoning module Renderer (7)
[2016.05.18-06.41.01:137][103]LogModuleManager: Shutting down and abandoning module Engine (6)
[2016.05.18-06.41.01:137][103]LogModuleManager: Shutting down and abandoning module CoreUObject (5)
[2016.05.18-06.41.01:137][103]LogModuleManager: Shutting down and abandoning module NetworkFile (4)
[2016.05.18-06.41.01:138][103]LogModuleManager: Shutting down and abandoning module StreamingFile (3)
[2016.05.18-06.41.01:138][103]LogModuleManager: Shutting down and abandoning module SandboxFile (2)
[2016.05.18-06.41.01:138][103]LogModuleManager: Shutting down and abandoning module PakFile (1)
[2016.05.18-06.41.01:141][103]LogExit: Exiting.
[2016.05.18-06.41.01:157][103]Log file closed, 05/18/16 16:11:01
