Log file open, 05/18/16 19:05:19
LogInit:Display: Running engine for game: Effulgent
LogPlatformFile: Not using cached read wrapper
LogInit:Display: RandInit(-131095512) SRandInit(-131095512).
LogTaskGraph: Started task graph with 4 named threads and 7 total threads.
LogStats: Stats thread started at 0.079049
LogInit: Version: 4.11.2-2946394+++UE4+Release-4.11
LogInit: API Version: 2927265
LogInit: Compiled (64-bit): Apr 18 2016 02:18:46
LogInit: Compiled with Visual C++: 19.00.23026.00
LogInit: Build Configuration: Development
LogInit: Branch Name: ++UE4+Release-4.11
LogInit: Command line:  
LogInit: Base directory: D:/Program Files/Epic Games/4.11/Engine/Binaries/Win64/
LogInit: Installed Engine Build: 1
LogInit: Using libcurl 7.41.0
LogInit:  - built for x86_64-pc-win32
LogInit:  - supports SSL with WinSSL
LogInit:  - other features:
LogInit:      CURL_VERSION_SSL
LogInit:      CURL_VERSION_IPV6
LogInit:      CURL_VERSION_ASYNCHDNS
LogInit:      CURL_VERSION_LARGEFILE
LogInit:      CURL_VERSION_IDN
LogInit:  CurlRequestOptions (configurable via config and command line):
LogInit:  - bVerifyPeer = true  - Libcurl will verify peer certificate
LogInit:  - bUseHttpProxy = false  - Libcurl will NOT use HTTP proxy
LogInit:  - bDontReuseConnections = false  - Libcurl will reuse connections
LogInit:  - CertBundlePath = nullptr  - Libcurl will use whatever was configured at build time.
LogInit: Presizing for max 16777216 objects, including 0 objects not considered by GC, pre-allocating 0 bytes for permanent pool.
LogInit: Object subsystem initialized
[2016.05.18-09.35.20:089][  0]LogInit: Selected Device Profile: [Windows]
[2016.05.18-09.35.20:089][  0]LogInit: Applying CVar settings loaded from the selected device profile: [Windows]
[2016.05.18-09.35.20:235][  0]LogInit: Computer: SOVEREIGN
[2016.05.18-09.35.20:235][  0]LogInit: User: Caroline
[2016.05.18-09.35.20:235][  0]LogInit: CPU Page size=65536, Cores=4
[2016.05.18-09.35.20:235][  0]LogInit: High frequency timer resolution =2.338347 MHz
[2016.05.18-09.35.20:235][  0]LogMemory: Memory total: Physical=15.9GB (16GB approx)
[2016.05.18-09.35.20:235][  0]LogMemory: Platform Memory Stats for Windows
[2016.05.18-09.35.20:235][  0]LogMemory: Process Physical Memory: 313.17 MB used, 313.17 MB peak
[2016.05.18-09.35.20:235][  0]LogMemory: Process Virtual Memory: 315.03 MB used, 315.03 MB peak
[2016.05.18-09.35.20:235][  0]LogMemory: Physical Memory: 3563.57 MB used, 16302.99 MB total
[2016.05.18-09.35.20:235][  0]LogMemory: Virtual Memory: 638.79 MB used, 134217728.00 MB total
[2016.05.18-09.35.20:682][  0]LogTextLocalizationManager: No specific translations for ('en-AU') exist, so ('en') translations will be used.
[2016.05.18-09.35.21:165][  0]LogD3D11RHI: D3D11 adapters:
[2016.05.18-09.35.21:206][  0]LogD3D11RHI:    0. 'NVIDIA GeForce GTX 765M' (Feature Level 11_0)
[2016.05.18-09.35.21:207][  0]LogD3D11RHI:       1989MB of dedicated video memory, 0MB of dedicated system memory, and 8151MB of shared system memory, 1 output[s]
[2016.05.18-09.35.21:214][  0]LogD3D11RHI:    1. 'Intel(R) HD Graphics 4600' (Feature Level 11_0)
[2016.05.18-09.35.21:214][  0]LogD3D11RHI:       112MB of dedicated video memory, 0MB of dedicated system memory, and 8151MB of shared system memory, 0 output[s]
[2016.05.18-09.35.21:216][  0]LogD3D11RHI:    2. 'Microsoft Basic Render Driver' (Feature Level 11_0)
[2016.05.18-09.35.21:216][  0]LogD3D11RHI:       0MB of dedicated video memory, 0MB of dedicated system memory, and 8151MB of shared system memory, 0 output[s]
[2016.05.18-09.35.21:216][  0]LogD3D11RHI: Chosen D3D11 Adapter: 0
[2016.05.18-09.35.21:222][  0]LogD3D11RHI: Creating new Direct3DDevice
[2016.05.18-09.35.21:222][  0]LogD3D11RHI:     Adapter Name: NVIDIA GeForce GTX 765M
[2016.05.18-09.35.21:222][  0]LogD3D11RHI:   Driver Version: Unknown (internal Unknown)
[2016.05.18-09.35.21:222][  0]LogD3D11RHI:      Driver Date: Unknown
[2016.05.18-09.35.21:222][  0]LogRHI: Texture pool is 1361 MB (70% of 1945 MB)
[2016.05.18-09.35.21:244][  0]LogD3D11RHI: Async texture creation enabled
[2016.05.18-09.35.21:263][  0]LogShaderCompilers: Guid format shader working directory is 37 characters bigger than the processId version (F:/Effulgent/Intermediate/Shaders/WorkingDirectory/8104/).
[2016.05.18-09.35.21:263][  0]LogShaderCompilers: Cleaned the shader compiler working directory 'C:/Users/Caroline/AppData/Local/Temp/UnrealShaderWorkingDir/54C5C682427804FDA3318588884F4476/'.
[2016.05.18-09.35.21:263][  0]LogShaderCompilers:Display: Using Local Shader Compiler.
[2016.05.18-09.35.23:104][  0]LogTemp:Display: Loaded TP AllDesktopTargetPlatform
[2016.05.18-09.35.23:109][  0]LogTemp:Display: Loaded TP WindowsClientTargetPlatform
[2016.05.18-09.35.23:117][  0]LogTemp:Display: Loaded TP WindowsNoEditorTargetPlatform
[2016.05.18-09.35.23:122][  0]LogTemp:Display: Loaded TP WindowsServerTargetPlatform
[2016.05.18-09.35.23:126][  0]LogTemp:Display: Loaded TP WindowsTargetPlatform
[2016.05.18-09.35.23:130][  0]LogTemp:Display: Loaded TP AndroidTargetPlatform
[2016.05.18-09.35.23:134][  0]LogTemp:Display: Loaded TP Android_ASTCTargetPlatform
[2016.05.18-09.35.23:137][  0]LogTemp:Display: Loaded TP Android_ATCTargetPlatform
[2016.05.18-09.35.23:141][  0]LogTemp:Display: Loaded TP Android_DXTTargetPlatform
[2016.05.18-09.35.23:145][  0]LogTemp:Display: Loaded TP Android_ETC1TargetPlatform
[2016.05.18-09.35.23:149][  0]LogTemp:Display: Loaded TP Android_ETC2TargetPlatform
[2016.05.18-09.35.23:157][  0]LogTemp:Display: Loaded TP Android_MultiTargetPlatform
[2016.05.18-09.35.23:157][  0]LogTemp:Display: Loaded TP Android_PVRTCTargetPlatform
[2016.05.18-09.35.23:182][  0]LogTemp:Display: Loaded TP HTML5TargetPlatform
[2016.05.18-09.35.23:201][  0]LogTemp:Display: Loaded TP IOSTargetPlatform
[2016.05.18-09.35.23:204][  0]LogTemp:Display: Loaded TP TVOSTargetPlatform
[2016.05.18-09.35.23:208][  0]LogTemp:Display: Loaded TP LinuxNoEditorTargetPlatform
[2016.05.18-09.35.23:211][  0]LogTemp:Display: Loaded TP LinuxServerTargetPlatform
[2016.05.18-09.35.23:215][  0]LogTemp:Display: Loaded TP LinuxTargetPlatform
[2016.05.18-09.35.23:215][  0]LogTargetPlatformManager:Display: Building Assets For Windows
[2016.05.18-09.35.23:306][  0]LogDerivedDataCache:Display: Max Cache Size: 512 MB
[2016.05.18-09.35.23:604][  0]LogDerivedDataCache: Loaded boot cache 0.30s 46MB C:/Users/Caroline/AppData/Local/UnrealEngine/4.11/DerivedDataCache/Boot.ddc.
[2016.05.18-09.35.23:624][  0]LogDerivedDataCache:Display: Loaded Boot cache: C:/Users/Caroline/AppData/Local/UnrealEngine/4.11/DerivedDataCache/Boot.ddc
[2016.05.18-09.35.23:624][  0]LogDerivedDataCache: FDerivedDataBackendGraph:  Pak pak cache file F:/Effulgent/DerivedDataCache/DDC.ddp not found, will not use a pak cache.
[2016.05.18-09.35.23:624][  0]LogDerivedDataCache: Unable to find inner node Pak for hierarchical cache Hierarchy.
[2016.05.18-09.35.23:624][  0]LogDerivedDataCache: FDerivedDataBackendGraph:  CompressedPak pak cache file F:/Effulgent/DerivedDataCache/Compressed.ddp not found, will not use a pak cache.
[2016.05.18-09.35.23:624][  0]LogDerivedDataCache: Unable to find inner node CompressedPak for hierarchical cache Hierarchy.
[2016.05.18-09.35.23:696][  0]LogDerivedDataCache:Display: Pak cache opened for reading ../../../Engine/DerivedDataCache/Compressed.ddp.
[2016.05.18-09.35.23:714][  0]LogDerivedDataCache: Using Local data cache path C:/Users/Caroline/AppData/Local/UnrealEngine/Common/DerivedDataCache: Writable
[2016.05.18-09.35.32:494][  0]LogInit: Selected Device Profile: [Windows]
[2016.05.18-09.35.32:580][  0]LogContentStreaming: Texture pool size is 0.00 MB
[2016.05.18-09.35.35:121][  0]LogMaterial: Uniform references updated for custom material expression Custom.
[2016.05.18-09.35.36:734][  0]LogMeshUtilities: No automatic mesh reduction module available
[2016.05.18-09.35.36:734][  0]LogMeshUtilities: No automatic mesh merging module available
[2016.05.18-09.35.36:734][  0]LogMeshUtilities: No distributed automatic mesh merging module available
[2016.05.18-09.35.42:078][  0]LogUObjectArray: 27679 objects as part of root set at end of initial load.
[2016.05.18-09.35.42:078][  0]LogUObjectAllocator: 5591592 out of 0 bytes used by permanent object pool.
[2016.05.18-09.35.42:078][  0]LogUObjectArray: CloseDisregardForGC: 0/0 objects in disregard for GC pool
[2016.05.18-09.35.42:132][  0]LogInit: WinSock: version 1.1 (2.2), MaxSocks=32767, MaxUdp=65467
[2016.05.18-09.35.45:433][  0]LogSlate: SlateFontCache - WITH_FREETYPE: 1, WITH_HARFBUZZ: 1
[2016.05.18-09.35.45:440][  0]LogSlate: SlateFontCache - WITH_FREETYPE: 1, WITH_HARFBUZZ: 1
[2016.05.18-09.35.51:561][  0]LogStreaming:Warning: Failed to read file '../../../Engine/Content/Editor/Slate/Common/Selection_16x.png' error.
[2016.05.18-09.35.51:561][  0]LogSlate: Could not find file for Slate resource: ../../../Engine/Content/Editor/Slate/Common/Selection_16x.png
[2016.05.18-09.35.51:582][  0]LogStreaming:Warning: Failed to read file '../../../Engine/Content/Editor/Slate/Common/Selection_16x.png' error.
[2016.05.18-09.35.51:582][  0]LogSlate: Could not find file for Slate resource: ../../../Engine/Content/Editor/Slate/Common/Selection_16x.png
[2016.05.18-09.35.51:582][  0]LogStreaming:Warning: Failed to read file '../../../Engine/Content/Editor/Slate/Common/Selection_16x.png' error.
[2016.05.18-09.35.51:582][  0]LogSlate: Could not find file for Slate resource: ../../../Engine/Content/Editor/Slate/Common/Selection_16x.png
[2016.05.18-09.36.14:521][  0]LogUdpMessaging: Initializing bridge on interface 0.0.0.0:0 to multicast group 230.0.0.1:6666.
[2016.05.18-09.36.15:432][  0]LogAssetRegistry: FAssetRegistry took 0.0248 seconds to start up
[2016.05.18-09.36.23:273][  0]SourceControl: Info Source control is disabled
[2016.05.18-09.36.23:310][  0]SourceControl: Info Source control is disabled
[2016.05.18-09.36.24:015][  0]SourceControl: Info Source control is disabled
[2016.05.18-09.36.24:585][  0]SourceControl: Info Source control is disabled
[2016.05.18-09.36.29:202][  0]LogHMD: Failed to initialize OpenVR with code 110
[2016.05.18-09.36.32:307][  0]LogAutomationTest:Warning: Smoke tests took > 1s to run: 1.78s
[2016.05.18-09.36.32:549][  0]LogEngine: Initializing Engine...
[2016.05.18-09.36.35:879][  0]LogAIModule: Creating AISystem for world NewWorld
[2016.05.18-09.36.36:789][  0]LogInit: XAudio2 using 'Speakers (Realtek High Definition Audio)' : 2 channels at 48 kHz using 32 bits per sample (channel mask 0x3)
[2016.05.18-09.36.36:842][  0]LogInit: FAudioDevice initialized.
[2016.05.18-09.36.36:848][  0]LogDerivedDataCache:Error: Could not save memory cache C:/Users/Caroline/AppData/Local/UnrealEngine/4.11/DerivedDataCache/Boot.ddc.
[2016.05.18-09.36.36:888][  0]LogInit: Texture streaming: Enabled
[2016.05.18-09.36.38:429][  0]LogInit: Transaction tracking system initialized
[2016.05.18-09.36.42:694][  0]BlueprintLog: New page: Editor Load
[2016.05.18-09.36.52:306][  0]LocalizationService: Info Localization service is disabled
[2016.05.18-09.36.58:399][  0]LogConsoleResponse:Display: 
[2016.05.18-09.37.00:441][  0]LogFileCache: Scanning file cache for directory 'F:/Effulgent/Content/' took 0.09s
[2016.05.18-09.37.00:441][  0]LogCook:Display: Max memory allowance for cook 8192mb
[2016.05.18-09.37.00:441][  0]LogCook:Display: Mobile HDR setting 1
[2016.05.18-09.37.00:484][  0]LogCook:Display: Done creating registry. It took  0.00s.
[2016.05.18-09.37.02:817][  0]SourceControl: Info Source control is disabled
[2016.05.18-09.37.02:871][  0]Cmd: MAP LOAD FILE="F:/Effulgent/Content/ThirdPersonBP/Maps/ThirdPersonExampleMap.umap" TEMPLATE=0 SHOWPROGRESS=1 FEATURELEVEL=3
[2016.05.18-09.37.02:872][  0]LightingResults: New page: Lighting Build
[2016.05.18-09.37.03:097][  0]MapCheck: New page: Map Check
[2016.05.18-09.37.03:098][  0]LightingResults: New page: Lighting Build
[2016.05.18-09.37.10:136][  0]LogTexture:Display: Building textures: Generic-Stone-01_S-G-AO-H (AutoDXT)
[2016.05.18-09.37.11:320][  0]LogTexture:Display: Building textures: Generic-Stone-01_ALB (AutoDXT)
[2016.05.18-09.37.12:756][  0]LogTexture:Display: Building textures: Generic-Stone-01_NRM (BC5)
[2016.05.18-09.37.12:905][  0]LogMaterial: Missing cached shader map for material Tess-Master-Mat, compiling. 
[2016.05.18-09.37.13:629][  0]LogTexture:Display: Building textures: StoneplatePath_ALB (AutoDXT)
[2016.05.18-09.37.20:201][  0]LogTexture:Display: Building textures: StoneplatePath_NRM (BC5)
[2016.05.18-09.37.21:466][  0]LogTexture:Display: Building textures: StoneplatePath_S-G-AO-H (AutoDXT)
[2016.05.18-09.37.26:936][  0]LogMaterial: Missing cached shader map for material Tess-Master-Mat, compiling. 
[2016.05.18-09.37.27:444][  0]LogTexture:Display: Building textures: OldStoneGround-02_ALB (AutoDXT)
[2016.05.18-09.37.34:184][  0]LogTexture:Display: Building textures: OldStoneGround-02_NRM (BC5)
[2016.05.18-09.37.35:438][  0]LogTexture:Display: Building textures: OldStoneGround-02_S-G-AO-H (AutoDXT)
[2016.05.18-09.37.41:496][  0]LogAIModule: Creating AISystem for world ThirdPersonExampleMap
[2016.05.18-09.37.41:794][  0]LogPrimitiveComponent: Zero scaling not supported (/Game/ThirdPersonBP/Maps/ThirdPersonExampleMap.ThirdPersonExampleMap:PersistentLevel.Ground.StaticMeshComponent0)
[2016.05.18-09.37.41:814][  0]LogPrimitiveComponent: Zero scaling not supported (/Game/ThirdPersonBP/Maps/ThirdPersonExampleMap.ThirdPersonExampleMap:PersistentLevel.Cylinder_145.StaticMeshComponent0)
[2016.05.18-09.37.41:814][  0]LogPrimitiveComponent: Zero scaling not supported (/Game/ThirdPersonBP/Maps/ThirdPersonExampleMap.ThirdPersonExampleMap:PersistentLevel.Cylinder2.StaticMeshComponent0)
[2016.05.18-09.37.41:817][  0]LogPrimitiveComponent: Zero scaling not supported (/Game/ThirdPersonBP/Maps/ThirdPersonExampleMap.ThirdPersonExampleMap:PersistentLevel.Cylinder3_104.StaticMeshComponent0)
[2016.05.18-09.37.41:884][  0]LogPrimitiveComponent: Zero scaling not supported (/Game/ThirdPersonBP/Maps/ThirdPersonExampleMap.ThirdPersonExampleMap:PersistentLevel.Cube_21.StaticMeshComponent0)
[2016.05.18-09.37.41:884][  0]LogPrimitiveComponent: Zero scaling not supported (/Game/ThirdPersonBP/Maps/ThirdPersonExampleMap.ThirdPersonExampleMap:PersistentLevel.Cube2.StaticMeshComponent0)
[2016.05.18-09.37.41:886][  0]LogPrimitiveComponent: Zero scaling not supported (/Game/ThirdPersonBP/Maps/ThirdPersonExampleMap.ThirdPersonExampleMap:PersistentLevel.Cube3_94.StaticMeshComponent0)
[2016.05.18-09.37.41:886][  0]LogPrimitiveComponent: Zero scaling not supported (/Game/ThirdPersonBP/Maps/ThirdPersonExampleMap.ThirdPersonExampleMap:PersistentLevel.Cube4.StaticMeshComponent0)
[2016.05.18-09.37.41:887][  0]LogPrimitiveComponent: Zero scaling not supported (/Game/ThirdPersonBP/Maps/ThirdPersonExampleMap.ThirdPersonExampleMap:PersistentLevel.Cube13_47.StaticMeshComponent0)
[2016.05.18-09.37.41:888][  0]LogPrimitiveComponent: Zero scaling not supported (/Game/ThirdPersonBP/Maps/ThirdPersonExampleMap.ThirdPersonExampleMap:PersistentLevel.Cylinder4_60.StaticMeshComponent0)
[2016.05.18-09.37.41:888][  0]LogPrimitiveComponent: Zero scaling not supported (/Game/ThirdPersonBP/Maps/ThirdPersonExampleMap.ThirdPersonExampleMap:PersistentLevel.Cylinder5.StaticMeshComponent0)
[2016.05.18-09.37.42:456][  0]LogEditorServer: Finished looking for orphan Actors (0.000 secs)
[2016.05.18-09.37.42:522][  0]Cmd: MAP CHECKDEP NOCLEARLOG
[2016.05.18-09.37.42:653][  0]MapCheck: Info Map check complete: 0 Error(s), 0 Warning(s), took 130.842ms to complete.
[2016.05.18-09.37.42:653][  0]LogFileHelpers: Loading map 'ThirdPersonExampleMap' took 39.812
[2016.05.18-09.37.44:352][  0]LogCollectionManager: Loaded 0 collections in 0.002571 seconds
[2016.05.18-09.37.44:692][  0]LogFileCache: Scanning file cache for directory 'F:/Effulgent/Saved/Collections/' took 0.01s
[2016.05.18-09.37.44:692][  0]LogFileCache: Scanning file cache for directory 'F:/Effulgent/Content/Developers/Caroline/Collections/' took 0.01s
[2016.05.18-09.37.44:692][  0]LogFileCache: Scanning file cache for directory 'F:/Effulgent/Content/Collections/' took 0.01s
[2016.05.18-09.37.44:692][  0]LogCollectionManager: Rebuilt the GUID cache for 0 collections in 0.000006 seconds
[2016.05.18-09.37.44:760][  0]LogContentBrowser: Native class hierarchy populated in 0.0669 seconds. Added 1979 classes and 343 folders.
[2016.05.18-09.37.44:822][  0]LogStats: UGameplayTagsManager::ConstructGameplayTagTree: Construct from data asset -  0.000 s
[2016.05.18-09.37.44:822][  0]LogStats: UGameplayTagsManager::ConstructGameplayTagTree: GameplayTagTreeChangedEvent.Broadcast -  0.000 s
[2016.05.18-09.37.44:834][  0]LogContentBrowser: Native class hierarchy updated for 'GameplayTags' in 0.0028 seconds. Added 12 classes and 0 folders.
[2016.05.18-09.37.44:885][  0]LogContentBrowser: Native class hierarchy updated for 'WidgetCarousel' in 0.0024 seconds. Added 0 classes and 0 folders.
[2016.05.18-09.37.45:190][  0]LogContentBrowser: Native class hierarchy updated for 'SuperSearch' in 0.0027 seconds. Added 1 classes and 2 folders.
[2016.05.18-09.37.46:308][  0]LogContentBrowser: Native class hierarchy updated for 'AddContentDialog' in 0.0025 seconds. Added 0 classes and 0 folders.
[2016.05.18-09.37.46:450][  0]LogContentBrowser: Native class hierarchy updated for 'SceneOutliner' in 0.0027 seconds. Added 1 classes and 2 folders.
[2016.05.18-09.37.46:944][  0]LogCrashTracker: Crashtracker disabled due to settings.
[2016.05.18-09.37.47:240][  0]LogUObjectGlobals:Warning: Failed to find object 'Class None.'
[2016.05.18-09.37.47:513][  0]LogContentBrowser: Native class hierarchy updated for 'HierarchicalLODOutliner' in 0.0026 seconds. Added 1 classes and 2 folders.
[2016.05.18-09.37.47:513][  0]LogLoad: Full Startup: 150.02 seconds (BP compile: 2.15 seconds)
[2016.05.18-09.37.47:513][  0]LogExternalProfiler:Warning: No registered external profiler was matched with a command-line switch (or the DLL could not be loaded).  External profiling features will not be available.
[2016.05.18-09.37.47:601][  0]LogOcInput: OculusInput pre-init called
[2016.05.18-09.37.48:257][  0]LogContentStreaming: Texture pool size now 200 MB
[2016.05.18-09.37.48:966][  0]LogRenderer: Reallocating scene render targets to support 1044x576 (Frame:2).
[2016.05.18-09.38.07:630][  1]LogFileCache: Retrieving MD5 hashes for directory 'F:/Effulgent/Content/' took 19.97s
[2016.05.18-09.38.08:125][  3]LogAssetRegistry: Asset discovery search completed in 112.7149 seconds
[2016.05.18-09.38.08:129][  3]LogCollectionManager: Rebuilt the object cache for 0 collections in 0.000001 seconds (found 0 objects)
[2016.05.18-09.38.08:129][  3]LogCollectionManager: Fixed up redirectors for 0 collections in 0.004261 seconds (updated 0 objects)
[2016.05.18-09.38.08:273][  4]AssetReimport: New page: Outstanding source content changes 4:38:08 am
[2016.05.18-09.38.08:425][  5]LogEditorFactories: Performing atomic reimport of [F:/Effulgent/Content/Textures/Air.png]
[2016.05.18-09.38.08:425][  5]LogFactory: FactoryCreateBinary: Texture2D with ReimportTextureFactory (0 0 F:/Effulgent/Content/Textures/Air.png)
[2016.05.18-09.38.08:512][  5]LogEditorFactories: -- imported successfully
[2016.05.18-09.38.08:629][  6]LogEditorFactories: Performing atomic reimport of [F:/Effulgent/Content/Textures/Black.png]
[2016.05.18-09.38.08:629][  6]LogFactory: FactoryCreateBinary: Texture2D with ReimportTextureFactory (0 0 F:/Effulgent/Content/Textures/Black.png)
[2016.05.18-09.38.08:645][  6]LogEditorFactories: -- imported successfully
[2016.05.18-09.38.08:741][  7]LogEditorFactories: Performing atomic reimport of [F:/Effulgent/Content/Textures/Earth.png]
[2016.05.18-09.38.08:741][  7]LogFactory: FactoryCreateBinary: Texture2D with ReimportTextureFactory (0 0 F:/Effulgent/Content/Textures/Earth.png)
[2016.05.18-09.38.08:756][  7]LogEditorFactories: -- imported successfully
[2016.05.18-09.38.08:869][  8]LogEditorFactories: Performing atomic reimport of [F:/Effulgent/Content/Textures/Fire.png]
[2016.05.18-09.38.08:869][  8]LogFactory: FactoryCreateBinary: Texture2D with ReimportTextureFactory (0 0 F:/Effulgent/Content/Textures/Fire.png)
[2016.05.18-09.38.08:889][  8]LogEditorFactories: -- imported successfully
[2016.05.18-09.38.08:982][  9]LogEditorFactories: Performing atomic reimport of [F:/Effulgent/Content/Textures/Water.png]
[2016.05.18-09.38.08:982][  9]LogFactory: FactoryCreateBinary: Texture2D with ReimportTextureFactory (0 0 F:/Effulgent/Content/Textures/Water.png)
[2016.05.18-09.38.09:000][  9]LogEditorFactories: -- imported successfully
[2016.05.18-09.38.09:353][ 10]Cmd: OBJ SAVEPACKAGE PACKAGE="/Game/Textures/Air" FILE="F:/Effulgent/Content/Textures/Air.uasset" SILENT=true
[2016.05.18-09.38.09:763][ 10]LogSavePackage: Save=84.95ms
[2016.05.18-09.38.09:763][ 10]LogSavePackage: Moving 'F:/Effulgent/Saved/AirEBA3A5D0423DDA1B45CE098D7FA40EE4.tmp' to 'F:/Effulgent/Content/Textures/Air.uasset'
[2016.05.18-09.38.09:763][ 10]LogFileManager:Warning: DeleteFile was unable to delete 'F:/Effulgent/Content/Textures/Air.uasset', retrying in .5s...
[2016.05.18-09.38.10:265][ 10]LogFileManager:Warning: DeleteFile recovered during retry!
[2016.05.18-09.38.10:308][ 10]LogSavePackage: Total save time: 929.96ms
[2016.05.18-09.38.10:308][ 10]LogSavePackage:Display: Finished SavePackage F:/Effulgent/Content/Textures/Air.uasset
[2016.05.18-09.38.10:370][ 10]Cmd: OBJ SAVEPACKAGE PACKAGE="/Game/Textures/Black" FILE="F:/Effulgent/Content/Textures/Black.uasset" SILENT=true
[2016.05.18-09.38.10:394][ 10]LogSavePackage: Save=4.64ms
[2016.05.18-09.38.10:394][ 10]LogSavePackage: Moving 'F:/Effulgent/Saved/BlackA5FC4F5549AC38FA36FD5B9D37841D70.tmp' to 'F:/Effulgent/Content/Textures/Black.uasset'
[2016.05.18-09.38.10:484][ 10]LogSavePackage: Total save time: 96.94ms
[2016.05.18-09.38.10:484][ 10]LogSavePackage:Display: Finished SavePackage F:/Effulgent/Content/Textures/Black.uasset
[2016.05.18-09.38.10:502][ 10]Cmd: OBJ SAVEPACKAGE PACKAGE="/Game/Textures/Earth" FILE="F:/Effulgent/Content/Textures/Earth.uasset" SILENT=true
[2016.05.18-09.38.10:603][ 10]LogSavePackage: Save=3.46ms
[2016.05.18-09.38.10:603][ 10]LogSavePackage: Moving 'F:/Effulgent/Saved/Earth10E6B7FF450C3A46E460F28136495BE4.tmp' to 'F:/Effulgent/Content/Textures/Earth.uasset'
[2016.05.18-09.38.10:603][ 10]LogFileManager:Warning: DeleteFile was unable to delete 'F:/Effulgent/Content/Textures/Earth.uasset', retrying in .5s...
[2016.05.18-09.38.11:103][ 10]LogFileManager:Warning: DeleteFile recovered during retry!
[2016.05.18-09.38.11:161][ 10]LogSavePackage: Total save time: 566.94ms
[2016.05.18-09.38.11:161][ 10]LogSavePackage:Display: Finished SavePackage F:/Effulgent/Content/Textures/Earth.uasset
[2016.05.18-09.38.11:190][ 10]Cmd: OBJ SAVEPACKAGE PACKAGE="/Game/Textures/Fire" FILE="F:/Effulgent/Content/Textures/Fire.uasset" SILENT=true
[2016.05.18-09.38.11:209][ 10]LogSavePackage: Save=2.71ms
[2016.05.18-09.38.11:209][ 10]LogSavePackage: Moving 'F:/Effulgent/Saved/Fire5AEB6B95487F44C69ED6F9A5A2B38AF4.tmp' to 'F:/Effulgent/Content/Textures/Fire.uasset'
[2016.05.18-09.38.11:283][ 10]LogSavePackage: Total save time: 78.50ms
[2016.05.18-09.38.11:283][ 10]LogSavePackage:Display: Finished SavePackage F:/Effulgent/Content/Textures/Fire.uasset
[2016.05.18-09.38.11:293][ 10]Cmd: OBJ SAVEPACKAGE PACKAGE="/Game/Textures/Water" FILE="F:/Effulgent/Content/Textures/Water.uasset" SILENT=true
[2016.05.18-09.38.11:371][ 10]LogSavePackage: Save=43.64ms
[2016.05.18-09.38.11:371][ 10]LogSavePackage: Moving 'F:/Effulgent/Saved/WaterFC6090E946E641190BE941AC78835FD0.tmp' to 'F:/Effulgent/Content/Textures/Water.uasset'
[2016.05.18-09.38.11:371][ 10]LogFileManager:Warning: DeleteFile was unable to delete 'F:/Effulgent/Content/Textures/Water.uasset', retrying in .5s...
[2016.05.18-09.38.11:872][ 10]LogFileManager:Warning: DeleteFile recovered during retry!
[2016.05.18-09.38.11:971][ 10]LogSavePackage: Total save time: 666.74ms
[2016.05.18-09.38.11:971][ 10]LogSavePackage:Display: Finished SavePackage F:/Effulgent/Content/Textures/Water.uasset
[2016.05.18-09.38.15:005][ 78]AssetReimport: Info Reimported asset Air from F:/Effulgent/Content/Textures/Air.png.
[2016.05.18-09.38.15:005][ 78]AssetReimport: Info Reimported asset Black from F:/Effulgent/Content/Textures/Black.png.
[2016.05.18-09.38.15:005][ 78]AssetReimport: Info Reimported asset Earth from F:/Effulgent/Content/Textures/Earth.png.
[2016.05.18-09.38.15:005][ 78]AssetReimport: Info Reimported asset Fire from F:/Effulgent/Content/Textures/Fire.png.
[2016.05.18-09.38.15:005][ 78]AssetReimport: Info Reimported asset Water from F:/Effulgent/Content/Textures/Water.png.
[2016.05.18-09.38.18:368][123]LogBlueprintUserMessages: Early PlayInEditor Detection: Level '/Game/ThirdPersonBP/Maps/ThirdPersonExampleMap.ThirdPersonExampleMap:PersistentLevel' has LevelScriptBlueprint '/Game/ThirdPersonBP/Maps/ThirdPersonExampleMap.ThirdPersonExampleMap:PersistentLevel.ThirdPersonExampleMap' with GeneratedClass '/Game/ThirdPersonBP/Maps/ThirdPersonExampleMap.ThirdPersonExampleMap_C' with ClassGeneratedBy '/Game/ThirdPersonBP/Maps/ThirdPersonExampleMap.ThirdPersonExampleMap:PersistentLevel.ThirdPersonExampleMap'
[2016.05.18-09.38.18:368][123]LogPlayLevel: PlayLevel: No blueprints needed recompiling
[2016.05.18-09.38.18:453][123]PIE: New page: SIE session: ThirdPersonExampleMap (19 May 2016 4:38:18 am)
[2016.05.18-09.38.18:454][123]LogPlayLevel: Creating play world package: /Game/ThirdPersonBP/Maps/UEDPIE_0_ThirdPersonExampleMap
[2016.05.18-09.38.18:516][123]LogPlayLevel: PIE: StaticDuplicateObject took: (0.062762s)
[2016.05.18-09.38.18:517][123]LogAIModule: Creating AISystem for world ThirdPersonExampleMap
[2016.05.18-09.38.18:517][123]LogPlayLevel: PIE: World Init took: (0.000932s)
[2016.05.18-09.38.18:522][123]LogPlayLevel: PIE: Created PIE world by copying editor world from /Game/ThirdPersonBP/Maps/ThirdPersonExampleMap.ThirdPersonExampleMap to /Game/ThirdPersonBP/Maps/UEDPIE_0_ThirdPersonExampleMap.ThirdPersonExampleMap (0.068550s)
[2016.05.18-09.38.18:589][123]LogInit: XAudio2 using 'Speakers (Realtek High Definition Audio)' : 2 channels at 48 kHz using 32 bits per sample (channel mask 0x3)
[2016.05.18-09.38.18:600][123]LogInit: FAudioDevice initialized.
[2016.05.18-09.38.18:725][123]LogWorld: Game class is 'ThirdPersonGameMode_C'
[2016.05.18-09.38.18:782][123]LogPrimitiveComponent: Zero scaling not supported (/Game/ThirdPersonBP/Maps/UEDPIE_0_ThirdPersonExampleMap.ThirdPersonExampleMap:PersistentLevel.Ground.StaticMeshComponent0)
[2016.05.18-09.38.18:785][123]LogPrimitiveComponent: Zero scaling not supported (/Game/ThirdPersonBP/Maps/UEDPIE_0_ThirdPersonExampleMap.ThirdPersonExampleMap:PersistentLevel.Cylinder_145.StaticMeshComponent0)
[2016.05.18-09.38.18:786][123]LogPrimitiveComponent: Zero scaling not supported (/Game/ThirdPersonBP/Maps/UEDPIE_0_ThirdPersonExampleMap.ThirdPersonExampleMap:PersistentLevel.Cylinder2.StaticMeshComponent0)
[2016.05.18-09.38.18:790][123]LogPrimitiveComponent: Zero scaling not supported (/Game/ThirdPersonBP/Maps/UEDPIE_0_ThirdPersonExampleMap.ThirdPersonExampleMap:PersistentLevel.Cylinder3_104.StaticMeshComponent0)
[2016.05.18-09.38.18:806][123]LogPrimitiveComponent: Zero scaling not supported (/Game/ThirdPersonBP/Maps/UEDPIE_0_ThirdPersonExampleMap.ThirdPersonExampleMap:PersistentLevel.Cube_21.StaticMeshComponent0)
[2016.05.18-09.38.18:806][123]LogPrimitiveComponent: Zero scaling not supported (/Game/ThirdPersonBP/Maps/UEDPIE_0_ThirdPersonExampleMap.ThirdPersonExampleMap:PersistentLevel.Cube2.StaticMeshComponent0)
[2016.05.18-09.38.18:808][123]LogPrimitiveComponent: Zero scaling not supported (/Game/ThirdPersonBP/Maps/UEDPIE_0_ThirdPersonExampleMap.ThirdPersonExampleMap:PersistentLevel.Cube3_94.StaticMeshComponent0)
[2016.05.18-09.38.18:808][123]LogPrimitiveComponent: Zero scaling not supported (/Game/ThirdPersonBP/Maps/UEDPIE_0_ThirdPersonExampleMap.ThirdPersonExampleMap:PersistentLevel.Cube4.StaticMeshComponent0)
[2016.05.18-09.38.18:810][123]LogPrimitiveComponent: Zero scaling not supported (/Game/ThirdPersonBP/Maps/UEDPIE_0_ThirdPersonExampleMap.ThirdPersonExampleMap:PersistentLevel.Cube13_47.StaticMeshComponent0)
[2016.05.18-09.38.18:811][123]LogPrimitiveComponent: Zero scaling not supported (/Game/ThirdPersonBP/Maps/UEDPIE_0_ThirdPersonExampleMap.ThirdPersonExampleMap:PersistentLevel.Cylinder4_60.StaticMeshComponent0)
[2016.05.18-09.38.18:811][123]LogPrimitiveComponent: Zero scaling not supported (/Game/ThirdPersonBP/Maps/UEDPIE_0_ThirdPersonExampleMap.ThirdPersonExampleMap:PersistentLevel.Cylinder5.StaticMeshComponent0)
[2016.05.18-09.38.18:822][123]LogWorld: Bringing World /Game/ThirdPersonBP/Maps/UEDPIE_0_ThirdPersonExampleMap.ThirdPersonExampleMap up for play (max tick rate 0) at 2016.05.18-19.08.18
[2016.05.18-09.38.18:861][123]LogWorld: Bringing up level for play took: 0.080237
[2016.05.18-09.38.18:931][123]LogGameMode: Warning - PATHS NOT DEFINED or NO PLAYERSTART with positive rating
[2016.05.18-09.38.18:977][123]LogContentBrowser: Native class hierarchy updated for 'MovieSceneCapture' in 0.0017 seconds. Added 9 classes and 0 folders.
[2016.05.18-09.38.19:008][123]PIE: Info Play in editor start time for /Game/ThirdPersonBP/Maps/UEDPIE_0_ThirdPersonExampleMap 0.316
[2016.05.18-09.38.19:048][123]LogBlueprintUserMessages: Late PlayInEditor Detection: Level '/Game/ThirdPersonBP/Maps/ThirdPersonExampleMap.ThirdPersonExampleMap:PersistentLevel' has LevelScriptBlueprint '/Game/ThirdPersonBP/Maps/ThirdPersonExampleMap.ThirdPersonExampleMap:PersistentLevel.ThirdPersonExampleMap' with GeneratedClass '/Game/ThirdPersonBP/Maps/ThirdPersonExampleMap.ThirdPersonExampleMap_C' with ClassGeneratedBy '/Game/ThirdPersonBP/Maps/ThirdPersonExampleMap.ThirdPersonExampleMap:PersistentLevel.ThirdPersonExampleMap'
[2016.05.18-09.38.37:704][456]LogBlueprintUserMessages: Early EndPlayMap Detection: Level '/Game/ThirdPersonBP/Maps/ThirdPersonExampleMap.ThirdPersonExampleMap:PersistentLevel' has LevelScriptBlueprint '/Game/ThirdPersonBP/Maps/ThirdPersonExampleMap.ThirdPersonExampleMap:PersistentLevel.ThirdPersonExampleMap' with GeneratedClass '/Game/ThirdPersonBP/Maps/ThirdPersonExampleMap.ThirdPersonExampleMap_C' with ClassGeneratedBy '/Game/ThirdPersonBP/Maps/ThirdPersonExampleMap.ThirdPersonExampleMap:PersistentLevel.ThirdPersonExampleMap'
[2016.05.18-09.38.37:894][456]LogBlueprintUserMessages: Late EndPlayMap Detection: Level '/Game/ThirdPersonBP/Maps/ThirdPersonExampleMap.ThirdPersonExampleMap:PersistentLevel' has LevelScriptBlueprint '/Game/ThirdPersonBP/Maps/ThirdPersonExampleMap.ThirdPersonExampleMap:PersistentLevel.ThirdPersonExampleMap' with GeneratedClass '/Game/ThirdPersonBP/Maps/ThirdPersonExampleMap.ThirdPersonExampleMap_C' with ClassGeneratedBy '/Game/ThirdPersonBP/Maps/ThirdPersonExampleMap.ThirdPersonExampleMap:PersistentLevel.ThirdPersonExampleMap'
[2016.05.18-09.38.39:986][511]LogWindowsTextInputMethodSystem:Display: IME system now deactivated.
[2016.05.18-09.38.40:338][512]Cmd: QUIT_EDITOR
[2016.05.18-09.38.41:591][512]LogExit: Preparing to exit.
[2016.05.18-09.38.43:054][512]LogExit: Editor shut down
[2016.05.18-09.38.43:055][512]LogExit: Transaction tracking system shut down
[2016.05.18-09.38.43:596][512]LogObj: Freed 0b from 0 cluster array pools.
[2016.05.18-09.38.43:596][512]LogExit: Object subsystem successfully closed.
[2016.05.18-09.38.43:723][512]LogD3D11RHI: Shutdown
[2016.05.18-09.38.43:724][512]LogD3D11RHI: CleanupD3DDevice
[2016.05.18-09.38.43:819][512]LogD3D11RHI: ~FD3D11DynamicRHI
[2016.05.18-09.38.43:910][512]LogDerivedDataCache: Shutdown
[2016.05.18-09.38.44:176][512]LogModuleManager: Shutting down and abandoning module MovieSceneCapture (205)
[2016.05.18-09.38.44:176][512]LogModuleManager: Shutting down and abandoning module HierarchicalLODOutliner (204)
[2016.05.18-09.38.44:189][512]LogModuleManager: Shutting down and abandoning module CrashTracker (203)
[2016.05.18-09.38.44:189][512]LogModuleManager: Shutting down and abandoning module SceneOutliner (202)
[2016.05.18-09.38.44:189][512]LogModuleManager: Shutting down and abandoning module SuperSearch (201)
[2016.05.18-09.38.44:189][512]LogModuleManager: Shutting down and abandoning module WidgetCarousel (200)
[2016.05.18-09.38.44:189][512]LogModuleManager: Shutting down and abandoning module AddContentDialog (199)
[2016.05.18-09.38.44:190][512]LogModuleManager: Shutting down and abandoning module GameplayTags (198)
[2016.05.18-09.38.44:190][512]LogModuleManager: Shutting down and abandoning module EditorWidgets (197)
[2016.05.18-09.38.44:190][512]LogModuleManager: Shutting down and abandoning module CollectionManager (196)
[2016.05.18-09.38.44:190][512]LogModuleManager: Shutting down and abandoning module StatsViewer (195)
[2016.05.18-09.38.44:211][512]LogModuleManager: Shutting down and abandoning module FoliageEdit (194)
[2016.05.18-09.38.44:211][512]LogModuleManager: Shutting down and abandoning module LandscapeEditor (193)
[2016.05.18-09.38.44:224][512]LogModuleManager: Shutting down and abandoning module ActorPickerMode (192)
[2016.05.18-09.38.44:224][512]LogModuleManager: Shutting down and abandoning module GeometryMode (191)
[2016.05.18-09.38.44:224][512]LogModuleManager: Shutting down and abandoning module TextureAlignMode (190)
[2016.05.18-09.38.44:224][512]LogModuleManager: Shutting down and abandoning module BspMode (189)
[2016.05.18-09.38.44:224][512]LogModuleManager: Shutting down and abandoning module PlacementMode (188)
[2016.05.18-09.38.44:224][512]LogModuleManager: Shutting down and abandoning module AutomationWorker (187)
[2016.05.18-09.38.44:224][512]LogModuleManager: Shutting down and abandoning module CharacterAI (186)
[2016.05.18-09.38.44:224][512]LogModuleManager: Shutting down and abandoning module SmartSnapping (185)
[2016.05.18-09.38.44:224][512]LogModuleManager: Shutting down and abandoning module ViewportSnapping (184)
[2016.05.18-09.38.44:224][512]LogModuleManager: Shutting down and abandoning module LogVisualizer (183)
[2016.05.18-09.38.44:260][512]LogModuleManager: Shutting down and abandoning module GameProjectGeneration (182)
[2016.05.18-09.38.44:280][512]LogModuleManager: Shutting down and abandoning module IntroTutorials (181)
[2016.05.18-09.38.44:292][512]LogModuleManager: Shutting down and abandoning module EditorLiveStreaming (180)
[2016.05.18-09.38.44:292][512]LogModuleManager: Shutting down and abandoning module IOSPlatformEditor (179)
[2016.05.18-09.38.44:292][512]LogModuleManager: Shutting down and abandoning module HTML5PlatformEditor (178)
[2016.05.18-09.38.44:292][512]LogModuleManager: Shutting down and abandoning module AndroidDeviceDetection (177)
[2016.05.18-09.38.45:031][512]LogModuleManager: Shutting down and abandoning module AndroidPlatformEditor (176)
[2016.05.18-09.38.45:031][512]LogModuleManager: Shutting down and abandoning module IOSRuntimeSettings (175)
[2016.05.18-09.38.45:031][512]LogModuleManager: Shutting down and abandoning module AndroidRuntimeSettings (174)
[2016.05.18-09.38.45:031][512]LogModuleManager: Shutting down and abandoning module MergeActors (173)
[2016.05.18-09.38.45:086][512]LogModuleManager: Shutting down and abandoning module SizeMap (172)
[2016.05.18-09.38.45:086][512]LogModuleManager: Shutting down and abandoning module TreeMap (171)
[2016.05.18-09.38.45:086][512]LogModuleManager: Shutting down and abandoning module ReferenceViewer (170)
[2016.05.18-09.38.45:086][512]LogModuleManager: Shutting down and abandoning module LocalizationService (169)
[2016.05.18-09.38.45:086][512]LogModuleManager: Shutting down and abandoning module LocalizationDashboard (168)
[2016.05.18-09.38.45:091][512]LogModuleManager: Shutting down and abandoning module HardwareTargeting (167)
[2016.05.18-09.38.45:100][512]LogModuleManager: Shutting down and abandoning module DeviceProfileEditor (166)
[2016.05.18-09.38.45:109][512]LogModuleManager: Shutting down and abandoning module UndoHistory (165)
[2016.05.18-09.38.45:117][512]LogModuleManager: Shutting down and abandoning module UserFeedback (164)
[2016.05.18-09.38.45:117][512]LogModuleManager: Shutting down and abandoning module XmlParser (163)
[2016.05.18-09.38.45:117][512]LogModuleManager: Shutting down and abandoning module Blutility (162)
[2016.05.18-09.38.45:117][512]LogModuleManager: Shutting down and abandoning module ProjectTargetPlatformEditor (161)
[2016.05.18-09.38.45:117][512]LogModuleManager: Shutting down and abandoning module ProjectSettingsViewer (160)
[2016.05.18-09.38.45:117][512]LogModuleManager: Shutting down and abandoning module InputBindingEditor (159)
[2016.05.18-09.38.45:117][512]LogModuleManager: Shutting down and abandoning module EditorSettingsViewer (158)
[2016.05.18-09.38.45:117][512]LogModuleManager: Shutting down and abandoning module SettingsEditor (157)
[2016.05.18-09.38.45:146][512]LogModuleManager: Shutting down and abandoning module ProjectLauncher (156)
[2016.05.18-09.38.45:164][512]LogModuleManager: Shutting down and abandoning module SessionFrontend (155)
[2016.05.18-09.38.45:175][512]LogModuleManager: Shutting down and abandoning module ProfilerClient (154)
[2016.05.18-09.38.45:208][512]LogModuleManager: Shutting down and abandoning module TargetDeviceServices (153)
[2016.05.18-09.38.45:208][512]LogModuleManager: Shutting down and abandoning module DeviceManager (152)
[2016.05.18-09.38.45:247][512]LogModuleManager: Shutting down and abandoning module AutomationController (151)
[2016.05.18-09.38.45:270][512]LogModuleManager: Shutting down and abandoning module AutomationWindow (150)
[2016.05.18-09.38.45:293][512]LogModuleManager: Shutting down and abandoning module Layers (149)
[2016.05.18-09.38.45:327][512]LogModuleManager: Shutting down and abandoning module ComponentVisualizers (148)
[2016.05.18-09.38.45:327][512]LogModuleManager: Shutting down and abandoning module DetailCustomizations (147)
[2016.05.18-09.38.45:358][512]LogModuleManager: Shutting down and abandoning module PackagesDialog (146)
[2016.05.18-09.38.45:358][512]LogModuleManager: Shutting down and abandoning module Persona (145)
[2016.05.18-09.38.45:392][512]LogModuleManager: Shutting down and abandoning module Kismet (144)
[2016.05.18-09.38.45:399][512]LogModuleManager: Shutting down and abandoning module GraphEditor (143)
[2016.05.18-09.38.45:436][512]LogModuleManager: Shutting down and abandoning module ClassViewer (142)
[2016.05.18-09.38.45:440][512]LogModuleManager: Shutting down and abandoning module Toolbox (141)
[2016.05.18-09.38.45:440][512]LogModuleManager: Shutting down and abandoning module ModuleUI (140)
[2016.05.18-09.38.45:469][512]LogModuleManager: Shutting down and abandoning module MovieSceneTools (139)
[2016.05.18-09.38.45:469][512]LogModuleManager: Shutting down and abandoning module OutputLog (138)
[2016.05.18-09.38.45:469][512]LogModuleManager: Shutting down and abandoning module GammaUI (137)
[2016.05.18-09.38.45:474][512]LogModuleManager: Shutting down and abandoning module Documentation (136)
[2016.05.18-09.38.45:474][512]LogModuleManager: Shutting down and abandoning module StreamingPauseRendering (135)
[2016.05.18-09.38.45:474][512]LogModuleManager: Shutting down and abandoning module AnalyticsET (134)
[2016.05.18-09.38.45:474][512]LogModuleManager: Shutting down and abandoning module Analytics (133)
[2016.05.18-09.38.45:474][512]LogModuleManager: Shutting down and abandoning module PortalServices (132)
[2016.05.18-09.38.45:474][512]LogModuleManager: Shutting down and abandoning module PortalRpc (131)
[2016.05.18-09.38.45:474][512]LogModuleManager: Shutting down and abandoning module MessagingRpc (130)
[2016.05.18-09.38.45:474][512]LogModuleManager: Shutting down and abandoning module AITestSuite (129)
[2016.05.18-09.38.45:474][512]LogModuleManager: Shutting down and abandoning module GameplayDebugger (128)
[2016.05.18-09.38.45:474][512]LogModuleManager: Shutting down and abandoning module AIModule (127)
[2016.05.18-09.38.45:474][512]LogModuleManager: Shutting down and abandoning module ProfilerService (126)
[2016.05.18-09.38.45:603][512]LogModuleManager: Shutting down and abandoning module TaskGraph (125)
[2016.05.18-09.38.45:617][512]LogModuleManager: Shutting down and abandoning module SlateRemote (124)
[2016.05.18-09.38.45:617][512]LogModuleManager: Shutting down and abandoning module SteamVRController (123)
[2016.05.18-09.38.45:617][512]LogModuleManager: Shutting down and abandoning module SteamVR (122)
[2016.05.18-09.38.45:617][512]LogModuleManager: Shutting down and abandoning module ProceduralMeshComponent (121)
[2016.05.18-09.38.45:617][512]LogModuleManager: Shutting down and abandoning module OculusLibrary (120)
[2016.05.18-09.38.45:617][512]LogModuleManager: Shutting down and abandoning module OculusInput (119)
[2016.05.18-09.38.45:617][512]LogModuleManager: Shutting down and abandoning module CustomMeshComponent (118)
[2016.05.18-09.38.45:617][512]LogModuleManager: Shutting down and abandoning module CableComponent (117)
[2016.05.18-09.38.45:617][512]LogModuleManager: Shutting down and abandoning module ArchVisCharacter (116)
[2016.05.18-09.38.45:617][512]LogModuleManager: Shutting down and abandoning module MediaPlayerEditor (115)
[2016.05.18-09.38.45:638][512]LogModuleManager: Shutting down and abandoning module HTML5Networking (114)
[2016.05.18-09.38.45:638][512]LogModuleManager: Shutting down and abandoning module SpeedTreeImporter (113)
[2016.05.18-09.38.45:638][512]LogModuleManager: Shutting down and abandoning module PluginBrowser (112)
[2016.05.18-09.38.45:638][512]LogModuleManager: Shutting down and abandoning module EpicSurvey (111)
[2016.05.18-09.38.45:638][512]LogModuleManager: Shutting down and abandoning module DesktopPlatform (110)
[2016.05.18-09.38.45:638][512]LogModuleManager: Shutting down and abandoning module VisualStudioSourceCodeAccess (109)
[2016.05.18-09.38.45:638][512]LogModuleManager: Shutting down and abandoning module UObjectPlugin (108)
[2016.05.18-09.38.45:638][512]LogModuleManager: Shutting down and abandoning module SubversionSourceControl (107)
[2016.05.18-09.38.45:638][512]LogModuleManager: Shutting down and abandoning module PerforceSourceControl (106)
[2016.05.18-09.38.45:638][512]LogModuleManager: Shutting down and abandoning module SourceControl (105)
[2016.05.18-09.38.45:638][512]LogModuleManager: Shutting down and abandoning module GitSourceControl (104)
[2016.05.18-09.38.45:638][512]LogModuleManager: Shutting down and abandoning module LightPropagationVolumeEditor (103)
[2016.05.18-09.38.45:638][512]LogModuleManager: Shutting down and abandoning module PaperTiledImporter (102)
[2016.05.18-09.38.45:638][512]LogModuleManager: Shutting down and abandoning module PaperSpriteSheetImporter (101)
[2016.05.18-09.38.45:638][512]LogModuleManager: Shutting down and abandoning module MeshPaint (100)
[2016.05.18-09.38.45:638][512]LogModuleManager: Shutting down and abandoning module HotReload (99)
[2016.05.18-09.38.45:639][512]LogModuleManager: Shutting down and abandoning module MainFrame (98)
[2016.05.18-09.38.45:639][512]LogModuleManager: Shutting down and abandoning module LevelEditor (97)
[2016.05.18-09.38.45:640][512]LogModuleManager: Shutting down and abandoning module DirectoryWatcher (96)
[2016.05.18-09.38.45:640][512]LogModuleManager: Shutting down and abandoning module AssetRegistry (95)
[2016.05.18-09.38.45:963][512]LogModuleManager: Shutting down and abandoning module ContentBrowser (94)
[2016.05.18-09.38.45:964][512]LogModuleManager: Shutting down and abandoning module Paper2DEditor (93)
[2016.05.18-09.38.45:968][512]LogModuleManager: Shutting down and abandoning module UdpMessaging (92)
[2016.05.18-09.38.46:069][512]LogModuleManager: Shutting down and abandoning module LightPropagationVolumeRuntime (91)
[2016.05.18-09.38.46:069][512]LogModuleManager: Shutting down and abandoning module Paper2D (90)
[2016.05.18-09.38.46:069][512]LogModuleManager: Shutting down and abandoning module WindowsMoviePlayer (89)
[2016.05.18-09.38.46:069][512]LogModuleManager: Shutting down and abandoning module Media (88)
[2016.05.18-09.38.46:069][512]LogModuleManager: Shutting down and abandoning module WmfMedia (87)
[2016.05.18-09.38.46:083][512]LogModuleManager: Shutting down and abandoning module MediaAssets (86)
[2016.05.18-09.38.46:083][512]LogModuleManager: Shutting down and abandoning module GameLiveStreaming (85)
[2016.05.18-09.38.46:083][512]LogModuleManager: Shutting down and abandoning module GameplayTagsEditor (84)
[2016.05.18-09.38.46:083][512]LogModuleManager: Shutting down and abandoning module OnlineBlueprintSupport (83)
[2016.05.18-09.38.46:083][512]LogModuleManager: Shutting down and abandoning module GameplayTasksEditor (82)
[2016.05.18-09.38.46:083][512]LogModuleManager: Shutting down and abandoning module PropertyEditor (81)
[2016.05.18-09.38.46:113][512]LogModuleManager: Shutting down and abandoning module BehaviorTreeEditor (80)
[2016.05.18-09.38.46:124][512]LogModuleManager: Shutting down and abandoning module FunctionalTesting (79)
[2016.05.18-09.38.46:124][512]LogModuleManager: Shutting down and abandoning module CollisionAnalyzer (78)
[2016.05.18-09.38.46:137][512]LogModuleManager: Shutting down and abandoning module WorkspaceMenuStructure (77)
[2016.05.18-09.38.46:137][512]LogModuleManager: Shutting down and abandoning module MessageLog (76)
[2016.05.18-09.38.46:137][512]LogModuleManager: Shutting down and abandoning module Sequencer (75)
[2016.05.18-09.38.46:161][512]LogModuleManager: Shutting down and abandoning module AssetTools (74)
[2016.05.18-09.38.46:196][512]LogModuleManager: Shutting down and abandoning module UMGEditor (73)
[2016.05.18-09.38.46:208][512]LogModuleManager: Shutting down and abandoning module UMG (72)
[2016.05.18-09.38.46:231][512]LogModuleManager: Shutting down and abandoning module SlateReflector (71)
[2016.05.18-09.38.46:245][512]LogModuleManager: Shutting down and abandoning module Slate (70)
[2016.05.18-09.38.46:245][512]LogModuleManager: Shutting down and abandoning module EditorStyle (69)
[2016.05.18-09.38.46:248][512]LogModuleManager: Shutting down and abandoning module SessionServices (68)
[2016.05.18-09.38.46:248][512]LogModuleManager: Shutting down and abandoning module SourceCodeAccess (67)
[2016.05.18-09.38.46:248][512]LogModuleManager: Shutting down and abandoning module HeadMountedDisplay (66)
[2016.05.18-09.38.46:248][512]LogModuleManager: Shutting down and abandoning module XAudio2 (65)
[2016.05.18-09.38.46:248][512]LogModuleManager: Shutting down and abandoning module Networking (63)
[2016.05.18-09.38.46:248][512]LogModuleManager: Shutting down and abandoning module Core (62)
[2016.05.18-09.38.46:248][512]LogModuleManager: Shutting down and abandoning module KismetCompiler (61)
[2016.05.18-09.38.46:248][512]LogModuleManager: Shutting down and abandoning module PhysXFormats (60)
[2016.05.18-09.38.46:248][512]LogModuleManager: Shutting down and abandoning module MeshUtilities (59)
[2016.05.18-09.38.46:267][512]LogModuleManager: Shutting down and abandoning module CookingStats (58)
[2016.05.18-09.38.46:267][512]LogModuleManager: Shutting down and abandoning module DerivedDataCache (57)
[2016.05.18-09.38.46:267][512]LogDerivedDataCache: Shutdown
[2016.05.18-09.38.46:267][512]LogModuleManager: Shutting down and abandoning module ShaderFormatOpenGL (56)
[2016.05.18-09.38.46:300][512]LogModuleManager: Shutting down and abandoning module ShaderFormatD3D (55)
[2016.05.18-09.38.46:300][512]LogModuleManager: Shutting down and abandoning module MetalShaderFormat (54)
[2016.05.18-09.38.46:311][512]LogModuleManager: Shutting down and abandoning module TextureFormatUncompressed (53)
[2016.05.18-09.38.46:311][512]LogModuleManager: Shutting down and abandoning module TextureFormatPVR (52)
[2016.05.18-09.38.46:311][512]LogModuleManager: Shutting down and abandoning module TextureFormatIntelISPCTexComp (51)
[2016.05.18-09.38.46:311][512]LogModuleManager: Shutting down and abandoning module TextureFormatDXT (50)
[2016.05.18-09.38.46:311][512]LogModuleManager: Shutting down and abandoning module ImageWrapper (49)
[2016.05.18-09.38.46:311][512]LogModuleManager: Shutting down and abandoning module TextureFormatASTC (48)
[2016.05.18-09.38.46:311][512]LogModuleManager: Shutting down and abandoning module TextureFormatAndroid (47)
[2016.05.18-09.38.46:311][512]LogModuleManager: Shutting down and abandoning module AudioFormatOpus (46)
[2016.05.18-09.38.46:311][512]LogModuleManager: Shutting down and abandoning module AudioFormatOgg (45)
[2016.05.18-09.38.46:311][512]LogModuleManager: Shutting down and abandoning module AudioFormatADPCM (44)
[2016.05.18-09.38.46:312][512]LogModuleManager: Shutting down and abandoning module LinuxTargetPlatform (43)
[2016.05.18-09.38.46:312][512]LogModuleManager: Shutting down and abandoning module LinuxServerTargetPlatform (42)
[2016.05.18-09.38.46:312][512]LogModuleManager: Shutting down and abandoning module LinuxNoEditorTargetPlatform (41)
[2016.05.18-09.38.46:312][512]LogModuleManager: Shutting down and abandoning module TVOSTargetPlatform (40)
[2016.05.18-09.38.46:312][512]LogModuleManager: Shutting down and abandoning module Messaging (39)
[2016.05.18-09.38.46:312][512]LogModuleManager: Shutting down and abandoning module IOSTargetPlatform (38)
[2016.05.18-09.38.46:312][512]LogModuleManager: Shutting down and abandoning module HTML5TargetPlatform (37)
[2016.05.18-09.38.46:312][512]LogModuleManager: Shutting down and abandoning module Android_PVRTCTargetPlatform (36)
[2016.05.18-09.38.46:312][512]LogModuleManager: Shutting down and abandoning module Android_MultiTargetPlatform (35)
[2016.05.18-09.38.46:312][512]LogModuleManager: Shutting down and abandoning module Android_ETC2TargetPlatform (34)
[2016.05.18-09.38.46:312][512]LogModuleManager: Shutting down and abandoning module Android_ETC1TargetPlatform (33)
[2016.05.18-09.38.46:312][512]LogModuleManager: Shutting down and abandoning module Android_DXTTargetPlatform (32)
[2016.05.18-09.38.46:312][512]LogModuleManager: Shutting down and abandoning module Android_ATCTargetPlatform (31)
[2016.05.18-09.38.46:312][512]LogModuleManager: Shutting down and abandoning module Android_ASTCTargetPlatform (30)
[2016.05.18-09.38.46:312][512]LogModuleManager: Shutting down and abandoning module AndroidTargetPlatform (29)
[2016.05.18-09.38.46:312][512]LogModuleManager: Shutting down and abandoning module WindowsTargetPlatform (28)
[2016.05.18-09.38.46:312][512]LogModuleManager: Shutting down and abandoning module WindowsServerTargetPlatform (27)
[2016.05.18-09.38.46:312][512]LogModuleManager: Shutting down and abandoning module WindowsNoEditorTargetPlatform (26)
[2016.05.18-09.38.46:312][512]LogModuleManager: Shutting down and abandoning module WindowsClientTargetPlatform (25)
[2016.05.18-09.38.46:312][512]LogModuleManager: Shutting down and abandoning module AllDesktopTargetPlatform (24)
[2016.05.18-09.38.46:312][512]LogModuleManager: Shutting down and abandoning module TargetPlatform (23)
[2016.05.18-09.38.46:312][512]LogModuleManager: Shutting down and abandoning module InputCore (22)
[2016.05.18-09.38.46:312][512]LogModuleManager: Shutting down and abandoning module Settings (21)
[2016.05.18-09.38.46:312][512]LogModuleManager: Shutting down and abandoning module OnlineSubsystem (19)
[2016.05.18-09.38.46:312][512]LogModuleManager: Shutting down and abandoning module HTTP (18)
[2016.05.18-09.38.48:314][512]LogModuleManager: Shutting down and abandoning module XMPP (17)
[2016.05.18-09.38.48:359][512]LogModuleManager: Shutting down and abandoning module OculusRift (16)
[2016.05.18-09.38.48:378][512]LogModuleManager: Shutting down and abandoning module ExampleDeviceProfileSelector (15)
[2016.05.18-09.38.48:378][512]LogModuleManager: Shutting down and abandoning module TextureCompressor (14)
[2016.05.18-09.38.48:378][512]LogModuleManager: Shutting down and abandoning module ShaderCore (13)
[2016.05.18-09.38.48:378][512]LogModuleManager: Shutting down and abandoning module Landscape (12)
[2016.05.18-09.38.48:378][512]LogModuleManager: Shutting down and abandoning module SlateRHIRenderer (11)
[2016.05.18-09.38.48:393][512]LogModuleManager: Shutting down and abandoning module OpenGLDrv (10)
[2016.05.18-09.38.48:414][512]LogModuleManager: Shutting down and abandoning module D3D11RHI (9)
[2016.05.18-09.38.48:414][512]LogModuleManager: Shutting down and abandoning module AnimGraphRuntime (8)
[2016.05.18-09.38.48:414][512]LogModuleManager: Shutting down and abandoning module Renderer (7)
[2016.05.18-09.38.48:414][512]LogModuleManager: Shutting down and abandoning module Engine (6)
[2016.05.18-09.38.48:414][512]LogModuleManager: Shutting down and abandoning module CoreUObject (5)
[2016.05.18-09.38.48:414][512]LogModuleManager: Shutting down and abandoning module NetworkFile (4)
[2016.05.18-09.38.48:427][512]LogModuleManager: Shutting down and abandoning module StreamingFile (3)
[2016.05.18-09.38.48:427][512]LogModuleManager: Shutting down and abandoning module SandboxFile (2)
[2016.05.18-09.38.48:449][512]LogModuleManager: Shutting down and abandoning module PakFile (1)
[2016.05.18-09.38.48:461][512]LogExit: Exiting.
[2016.05.18-09.38.48:463][512]Log file closed, 05/18/16 19:08:48
