Log file open, 05/18/16 09:45:08
LogInit:Display: Running engine for game: Effulgent
LogPlatformFile: Not using cached read wrapper
LogInit:Display: RandInit(352431078) SRandInit(352431078).
LogTaskGraph: Started task graph with 4 named threads and 7 total threads.
LogStats: Stats thread started at 0.074029
LogInit: Version: 4.11.2-2946394+++UE4+Release-4.11
LogInit: API Version: 2927265
LogInit: Compiled (64-bit): Apr 18 2016 02:18:46
LogInit: Compiled with Visual C++: 19.00.23026.00
LogInit: Build Configuration: Development
LogInit: Branch Name: ++UE4+Release-4.11
LogInit: Command line:  
LogInit: Base directory: C:/Program Files/Epic Games/4.11/Engine/Binaries/Win64/
LogInit: Installed Engine Build: 1
LogInit: Using libcurl 7.41.0
LogInit:  - built for x86_64-pc-win32
LogInit:  - supports SSL with WinSSL
LogInit:  - other features:
LogInit:      CURL_VERSION_SSL
LogInit:      CURL_VERSION_IPV6
LogInit:      CURL_VERSION_ASYNCHDNS
LogInit:      CURL_VERSION_LARGEFILE
LogInit:      CURL_VERSION_IDN
LogInit:  CurlRequestOptions (configurable via config and command line):
LogInit:  - bVerifyPeer = true  - Libcurl will verify peer certificate
LogInit:  - bUseHttpProxy = false  - Libcurl will NOT use HTTP proxy
LogInit:  - bDontReuseConnections = false  - Libcurl will reuse connections
LogInit:  - CertBundlePath = nullptr  - Libcurl will use whatever was configured at build time.
LogInit: Presizing for max 16777216 objects, including 0 objects not considered by GC, pre-allocating 0 bytes for permanent pool.
LogInit: Object subsystem initialized
[2016.05.18-00.15.08:634][  0]LogInit: Selected Device Profile: [Windows]
[2016.05.18-00.15.08:634][  0]LogInit: Applying CVar settings loaded from the selected device profile: [Windows]
[2016.05.18-00.15.08:644][  0]LogInit: Computer: JONS
[2016.05.18-00.15.08:644][  0]LogInit: User: Jon
[2016.05.18-00.15.08:644][  0]LogInit: CPU Page size=65536, Cores=4
[2016.05.18-00.15.08:644][  0]LogInit: High frequency timer resolution =2.143470 MHz
[2016.05.18-00.15.08:644][  0]LogMemory: Memory total: Physical=15.9GB (16GB approx)
[2016.05.18-00.15.08:644][  0]LogMemory: Platform Memory Stats for Windows
[2016.05.18-00.15.08:644][  0]LogMemory: Process Physical Memory: 313.54 MB used, 313.54 MB peak
[2016.05.18-00.15.08:644][  0]LogMemory: Process Virtual Memory: 315.04 MB used, 315.04 MB peak
[2016.05.18-00.15.08:644][  0]LogMemory: Physical Memory: 6804.01 MB used, 16264.27 MB total
[2016.05.18-00.15.08:644][  0]LogMemory: Virtual Memory: 639.07 MB used, 134217728.00 MB total
[2016.05.18-00.15.08:678][  0]LogTextLocalizationManager: No specific translations for ('en-AU') exist, so ('en') translations will be used.
[2016.05.18-00.15.09:096][  0]LogD3D11RHI: D3D11 adapters:
[2016.05.18-00.15.09:120][  0]LogD3D11RHI:    0. 'NVIDIA GeForce GT 750M ' (Feature Level 11_0)
[2016.05.18-00.15.09:120][  0]LogD3D11RHI:       4029MB of dedicated video memory, 0MB of dedicated system memory, and 8132MB of shared system memory, 1 output[s]
[2016.05.18-00.15.09:127][  0]LogD3D11RHI:    1. 'Intel(R) HD Graphics 4600' (Feature Level 11_0)
[2016.05.18-00.15.09:127][  0]LogD3D11RHI:       112MB of dedicated video memory, 0MB of dedicated system memory, and 8132MB of shared system memory, 0 output[s]
[2016.05.18-00.15.09:128][  0]LogD3D11RHI:    2. 'Microsoft Basic Render Driver' (Feature Level 11_0)
[2016.05.18-00.15.09:128][  0]LogD3D11RHI:       0MB of dedicated video memory, 0MB of dedicated system memory, and 8132MB of shared system memory, 0 output[s]
[2016.05.18-00.15.09:128][  0]LogD3D11RHI: Chosen D3D11 Adapter: 0
[2016.05.18-00.15.09:134][  0]LogD3D11RHI: Creating new Direct3DDevice
[2016.05.18-00.15.09:134][  0]LogD3D11RHI:     Adapter Name: NVIDIA GeForce GT 750M 
[2016.05.18-00.15.09:134][  0]LogD3D11RHI:   Driver Version: Unknown (internal Unknown)
[2016.05.18-00.15.09:134][  0]LogD3D11RHI:      Driver Date: Unknown
[2016.05.18-00.15.09:134][  0]LogRHI: Texture pool is 1361 MB (70% of 1945 MB)
[2016.05.18-00.15.09:146][  0]LogD3D11RHI: Async texture creation enabled
[2016.05.18-00.15.09:158][  0]LogShaderCompilers: Guid format shader working directory is -19 characters bigger than the processId version (D:/Backup Effulgent/Effulgent/New folder/Game-Design/Effulgent/Intermediate/Shaders/WorkingDirectory/12356/).
[2016.05.18-00.15.09:158][  0]LogShaderCompilers: Cleaned the shader compiler working directory 'C:/Users/Jon/AppData/Local/Temp/UnrealShaderWorkingDir/B308EE60467DC9B9BAE440A22E78582E/'.
[2016.05.18-00.15.09:158][  0]LogShaderCompilers:Display: Using Local Shader Compiler.
[2016.05.18-00.15.10:257][  0]LogTemp:Display: Loaded TP AllDesktopTargetPlatform
[2016.05.18-00.15.10:262][  0]LogTemp:Display: Loaded TP WindowsClientTargetPlatform
[2016.05.18-00.15.10:266][  0]LogTemp:Display: Loaded TP WindowsNoEditorTargetPlatform
[2016.05.18-00.15.10:271][  0]LogTemp:Display: Loaded TP WindowsServerTargetPlatform
[2016.05.18-00.15.10:276][  0]LogTemp:Display: Loaded TP WindowsTargetPlatform
[2016.05.18-00.15.10:279][  0]LogTemp:Display: Loaded TP AndroidTargetPlatform
[2016.05.18-00.15.10:282][  0]LogTemp:Display: Loaded TP Android_ASTCTargetPlatform
[2016.05.18-00.15.10:285][  0]LogTemp:Display: Loaded TP Android_ATCTargetPlatform
[2016.05.18-00.15.10:288][  0]LogTemp:Display: Loaded TP Android_DXTTargetPlatform
[2016.05.18-00.15.10:292][  0]LogTemp:Display: Loaded TP Android_ETC1TargetPlatform
[2016.05.18-00.15.10:295][  0]LogTemp:Display: Loaded TP Android_ETC2TargetPlatform
[2016.05.18-00.15.10:301][  0]LogTemp:Display: Loaded TP Android_MultiTargetPlatform
[2016.05.18-00.15.10:301][  0]LogTemp:Display: Loaded TP Android_PVRTCTargetPlatform
[2016.05.18-00.15.10:302][  0]LogTemp:Display: Loaded TP HTML5TargetPlatform
[2016.05.18-00.15.10:320][  0]LogTemp:Display: Loaded TP IOSTargetPlatform
[2016.05.18-00.15.10:323][  0]LogTemp:Display: Loaded TP TVOSTargetPlatform
[2016.05.18-00.15.10:326][  0]LogTemp:Display: Loaded TP LinuxNoEditorTargetPlatform
[2016.05.18-00.15.10:329][  0]LogTemp:Display: Loaded TP LinuxServerTargetPlatform
[2016.05.18-00.15.10:333][  0]LogTemp:Display: Loaded TP LinuxTargetPlatform
[2016.05.18-00.15.10:333][  0]LogTargetPlatformManager:Display: Building Assets For Windows
[2016.05.18-00.15.10:412][  0]LogDerivedDataCache:Display: Max Cache Size: 512 MB
[2016.05.18-00.15.10:461][  0]LogDerivedDataCache: Loaded boot cache 0.05s 46MB C:/Users/Jon/AppData/Local/UnrealEngine/4.11/DerivedDataCache/Boot.ddc.
[2016.05.18-00.15.10:461][  0]LogDerivedDataCache:Display: Loaded Boot cache: C:/Users/Jon/AppData/Local/UnrealEngine/4.11/DerivedDataCache/Boot.ddc
[2016.05.18-00.15.10:461][  0]LogDerivedDataCache: FDerivedDataBackendGraph:  Pak pak cache file D:/Backup Effulgent/Effulgent/New folder/Game-Design/Effulgent/DerivedDataCache/DDC.ddp not found, will not use a pak cache.
[2016.05.18-00.15.10:461][  0]LogDerivedDataCache: Unable to find inner node Pak for hierarchical cache Hierarchy.
[2016.05.18-00.15.10:461][  0]LogDerivedDataCache: FDerivedDataBackendGraph:  CompressedPak pak cache file D:/Backup Effulgent/Effulgent/New folder/Game-Design/Effulgent/DerivedDataCache/Compressed.ddp not found, will not use a pak cache.
[2016.05.18-00.15.10:461][  0]LogDerivedDataCache: Unable to find inner node CompressedPak for hierarchical cache Hierarchy.
[2016.05.18-00.15.10:477][  0]LogDerivedDataCache:Display: Pak cache opened for reading ../../../Engine/DerivedDataCache/Compressed.ddp.
[2016.05.18-00.15.10:488][  0]LogDerivedDataCache: Using Local data cache path C:/Users/Jon/AppData/Local/UnrealEngine/Common/DerivedDataCache: Writable
[2016.05.18-00.15.10:648][  0]LogInit: Selected Device Profile: [Windows]
[2016.05.18-00.15.10:649][  0]LogContentStreaming: Texture pool size is 0.00 MB
[2016.05.18-00.15.10:685][  0]LogMaterial: Uniform references updated for custom material expression Custom.
[2016.05.18-00.15.10:809][  0]LogMeshUtilities: No automatic mesh reduction module available
[2016.05.18-00.15.10:809][  0]LogMeshUtilities: No automatic mesh merging module available
[2016.05.18-00.15.10:809][  0]LogMeshUtilities: No distributed automatic mesh merging module available
[2016.05.18-00.15.11:031][  0]LogUObjectArray: 27679 objects as part of root set at end of initial load.
[2016.05.18-00.15.11:031][  0]LogUObjectAllocator: 5591600 out of 0 bytes used by permanent object pool.
[2016.05.18-00.15.11:031][  0]LogUObjectArray: CloseDisregardForGC: 0/0 objects in disregard for GC pool
[2016.05.18-00.15.11:038][  0]LogInit: WinSock: version 1.1 (2.2), MaxSocks=32767, MaxUdp=65467
[2016.05.18-00.15.11:129][  0]LogSlate: SlateFontCache - WITH_FREETYPE: 1, WITH_HARFBUZZ: 1
[2016.05.18-00.15.11:129][  0]LogSlate: SlateFontCache - WITH_FREETYPE: 1, WITH_HARFBUZZ: 1
[2016.05.18-00.15.11:222][  0]LogStreaming:Warning: Failed to read file '../../../Engine/Content/Editor/Slate/Common/Selection_16x.png' error.
[2016.05.18-00.15.11:222][  0]LogSlate: Could not find file for Slate resource: ../../../Engine/Content/Editor/Slate/Common/Selection_16x.png
[2016.05.18-00.15.11:222][  0]LogStreaming:Warning: Failed to read file '../../../Engine/Content/Editor/Slate/Common/Selection_16x.png' error.
[2016.05.18-00.15.11:222][  0]LogSlate: Could not find file for Slate resource: ../../../Engine/Content/Editor/Slate/Common/Selection_16x.png
[2016.05.18-00.15.11:222][  0]LogStreaming:Warning: Failed to read file '../../../Engine/Content/Editor/Slate/Common/Selection_16x.png' error.
[2016.05.18-00.15.11:222][  0]LogSlate: Could not find file for Slate resource: ../../../Engine/Content/Editor/Slate/Common/Selection_16x.png
[2016.05.18-00.15.11:746][  0]LogUdpMessaging: Initializing bridge on interface 0.0.0.0:0 to multicast group 230.0.0.1:6666.
[2016.05.18-00.15.11:850][  0]LogAssetRegistry: FAssetRegistry took 0.0223 seconds to start up
[2016.05.18-00.15.11:991][  0]SourceControl: Info Source control is disabled
[2016.05.18-00.15.12:008][  0]SourceControl: Info Source control is disabled
[2016.05.18-00.15.12:016][  0]SourceControl: Info Source control is disabled
[2016.05.18-00.15.12:025][  0]SourceControl: Info Source control is disabled
[2016.05.18-00.15.12:174][  0]LogHMD: Failed to initialize OpenVR with code 110
[2016.05.18-00.15.12:242][  0]LogEngine: Initializing Engine...
[2016.05.18-00.15.12:382][  0]LogAIModule: Creating AISystem for world NewWorld
[2016.05.18-00.15.12:386][  0]LogInit: XAudio2 using 'Speakers (Realtek High Definition Audio)' : 2 channels at 48 kHz using 32 bits per sample (channel mask 0x3)
[2016.05.18-00.15.12:407][  0]LogInit: FAudioDevice initialized.
[2016.05.18-00.15.12:431][  0]LogDerivedDataCache: Saved boot cache 0.02s 46MB C:/Users/Jon/AppData/Local/UnrealEngine/4.11/DerivedDataCache/Boot.ddc.
[2016.05.18-00.15.12:434][  0]LogInit: Texture streaming: Enabled
[2016.05.18-00.15.12:457][  0]LogInit: Transaction tracking system initialized
[2016.05.18-00.15.12:479][  0]BlueprintLog: New page: Editor Load
[2016.05.18-00.15.12:551][  0]LocalizationService: Info Localization service is disabled
[2016.05.18-00.15.12:622][  0]LogConsoleResponse:Display: 
[2016.05.18-00.15.12:724][  0]LogCook:Display: Max memory allowance for cook 8192mb
[2016.05.18-00.15.12:724][  0]LogCook:Display: Mobile HDR setting 1
[2016.05.18-00.15.12:724][  0]LogCook:Display: Done creating registry. It took  0.00s.
[2016.05.18-00.15.12:776][  0]LogFileCache: Scanning file cache for directory 'D:/Backup Effulgent/Effulgent/New folder/Game-Design/Effulgent/Content/' took 0.02s
[2016.05.18-00.15.12:776][  0]SourceControl: Info Source control is disabled
[2016.05.18-00.15.12:776][  0]Cmd: MAP LOAD FILE="D:/Backup Effulgent/Effulgent/New folder/Game-Design/Effulgent/Content/ThirdPersonBP/Maps/ThirdPersonExampleMap.umap" TEMPLATE=0 SHOWPROGRESS=1 FEATURELEVEL=3
[2016.05.18-00.15.12:776][  0]LightingResults: New page: Lighting Build
[2016.05.18-00.15.12:779][  0]MapCheck: New page: Map Check
[2016.05.18-00.15.12:779][  0]LightingResults: New page: Lighting Build
[2016.05.18-00.15.13:337][  0]LogAIModule: Creating AISystem for world ThirdPersonExampleMap
[2016.05.18-00.15.13:341][  0]LogPrimitiveComponent: Zero scaling not supported (/Game/ThirdPersonBP/Maps/ThirdPersonExampleMap.ThirdPersonExampleMap:PersistentLevel.Ground.StaticMeshComponent0)
[2016.05.18-00.15.13:343][  0]LogPrimitiveComponent: Zero scaling not supported (/Game/ThirdPersonBP/Maps/ThirdPersonExampleMap.ThirdPersonExampleMap:PersistentLevel.Cylinder_145.StaticMeshComponent0)
[2016.05.18-00.15.13:343][  0]LogPrimitiveComponent: Zero scaling not supported (/Game/ThirdPersonBP/Maps/ThirdPersonExampleMap.ThirdPersonExampleMap:PersistentLevel.Cylinder2.StaticMeshComponent0)
[2016.05.18-00.15.13:345][  0]LogPrimitiveComponent: Zero scaling not supported (/Game/ThirdPersonBP/Maps/ThirdPersonExampleMap.ThirdPersonExampleMap:PersistentLevel.Cylinder3_104.StaticMeshComponent0)
[2016.05.18-00.15.13:352][  0]LogPrimitiveComponent: Zero scaling not supported (/Game/ThirdPersonBP/Maps/ThirdPersonExampleMap.ThirdPersonExampleMap:PersistentLevel.Cube_21.StaticMeshComponent0)
[2016.05.18-00.15.13:352][  0]LogPrimitiveComponent: Zero scaling not supported (/Game/ThirdPersonBP/Maps/ThirdPersonExampleMap.ThirdPersonExampleMap:PersistentLevel.Cube2.StaticMeshComponent0)
[2016.05.18-00.15.13:353][  0]LogPrimitiveComponent: Zero scaling not supported (/Game/ThirdPersonBP/Maps/ThirdPersonExampleMap.ThirdPersonExampleMap:PersistentLevel.Cube3_94.StaticMeshComponent0)
[2016.05.18-00.15.13:353][  0]LogPrimitiveComponent: Zero scaling not supported (/Game/ThirdPersonBP/Maps/ThirdPersonExampleMap.ThirdPersonExampleMap:PersistentLevel.Cube4.StaticMeshComponent0)
[2016.05.18-00.15.13:354][  0]LogPrimitiveComponent: Zero scaling not supported (/Game/ThirdPersonBP/Maps/ThirdPersonExampleMap.ThirdPersonExampleMap:PersistentLevel.Cube13_47.StaticMeshComponent0)
[2016.05.18-00.15.13:354][  0]LogPrimitiveComponent: Zero scaling not supported (/Game/ThirdPersonBP/Maps/ThirdPersonExampleMap.ThirdPersonExampleMap:PersistentLevel.Cylinder4_60.StaticMeshComponent0)
[2016.05.18-00.15.13:354][  0]LogPrimitiveComponent: Zero scaling not supported (/Game/ThirdPersonBP/Maps/ThirdPersonExampleMap.ThirdPersonExampleMap:PersistentLevel.Cylinder5.StaticMeshComponent0)
[2016.05.18-00.15.13:376][  0]LogEditorServer: Finished looking for orphan Actors (0.000 secs)
[2016.05.18-00.15.13:377][  0]Cmd: MAP CHECKDEP NOCLEARLOG
[2016.05.18-00.15.13:425][  0]MapCheck: Info Map check complete: 0 Error(s), 0 Warning(s), took 48.51ms to complete.
[2016.05.18-00.15.13:425][  0]LogFileHelpers: Loading map 'ThirdPersonExampleMap' took 0.650
[2016.05.18-00.15.13:533][  0]LogCollectionManager: Loaded 0 collections in 0.001698 seconds
[2016.05.18-00.15.13:571][  0]LogFileCache: Scanning file cache for directory 'D:/Backup Effulgent/Effulgent/New folder/Game-Design/Effulgent/Saved/Collections/' took 0.01s
[2016.05.18-00.15.13:571][  0]LogFileCache: Scanning file cache for directory 'D:/Backup Effulgent/Effulgent/New folder/Game-Design/Effulgent/Content/Developers/Jon/Collections/' took 0.01s
[2016.05.18-00.15.13:571][  0]LogFileCache: Scanning file cache for directory 'D:/Backup Effulgent/Effulgent/New folder/Game-Design/Effulgent/Content/Collections/' took 0.01s
[2016.05.18-00.15.13:571][  0]LogCollectionManager: Rebuilt the GUID cache for 0 collections in 0.000002 seconds
[2016.05.18-00.15.13:579][  0]LogContentBrowser: Native class hierarchy populated in 0.0076 seconds. Added 1979 classes and 343 folders.
[2016.05.18-00.15.13:582][  0]LogStats: UGameplayTagsManager::ConstructGameplayTagTree: Construct from data asset -  0.000 s
[2016.05.18-00.15.13:582][  0]LogStats: UGameplayTagsManager::ConstructGameplayTagTree: GameplayTagTreeChangedEvent.Broadcast -  0.000 s
[2016.05.18-00.15.13:583][  0]LogContentBrowser: Native class hierarchy updated for 'GameplayTags' in 0.0003 seconds. Added 12 classes and 0 folders.
[2016.05.18-00.15.13:587][  0]LogContentBrowser: Native class hierarchy updated for 'WidgetCarousel' in 0.0003 seconds. Added 0 classes and 0 folders.
[2016.05.18-00.15.13:593][  0]LogContentBrowser: Native class hierarchy updated for 'SuperSearch' in 0.0003 seconds. Added 1 classes and 2 folders.
[2016.05.18-00.15.13:631][  0]LogContentBrowser: Native class hierarchy updated for 'AddContentDialog' in 0.0003 seconds. Added 0 classes and 0 folders.
[2016.05.18-00.15.13:635][  0]LogContentBrowser: Native class hierarchy updated for 'SceneOutliner' in 0.0004 seconds. Added 1 classes and 2 folders.
[2016.05.18-00.15.13:651][  0]LogCrashTracker: Crashtracker disabled due to settings.
[2016.05.18-00.15.13:656][  0]LogUObjectGlobals:Warning: Failed to find object 'Class None.'
[2016.05.18-00.15.13:683][  0]LogContentBrowser: Native class hierarchy updated for 'HierarchicalLODOutliner' in 0.0003 seconds. Added 1 classes and 2 folders.
[2016.05.18-00.15.13:683][  0]LogLoad: Full Startup: 5.82 seconds (BP compile: 0.05 seconds)
[2016.05.18-00.15.13:683][  0]LogExternalProfiler: Found external profiler: VSPerf
[2016.05.18-00.15.13:683][  0]LogExternalProfiler: Using external profiler: VSPerf
[2016.05.18-00.15.13:700][  0]LogWindowsTextInputMethodSystem:Display: IME system now deactivated.
[2016.05.18-00.15.13:700][  0]LogOcInput: OculusInput pre-init called
[2016.05.18-00.15.13:747][  0]LogContentStreaming: Texture pool size now 400 MB
[2016.05.18-00.15.13:901][  0]LogRenderer: Reallocating scene render targets to support 1164x676 (Frame:2).
[2016.05.18-00.15.14:160][  2]LogAssetRegistry: Asset discovery search completed in 2.3319 seconds
[2016.05.18-00.15.14:160][  2]LogCollectionManager: Rebuilt the object cache for 0 collections in 0.000001 seconds (found 0 objects)
[2016.05.18-00.15.14:160][  2]LogCollectionManager: Fixed up redirectors for 0 collections in 0.000021 seconds (updated 0 objects)
[2016.05.18-00.15.36:429][908]LogStaticMesh: Building static mesh SM_LMagic_Wave3...
[2016.05.18-00.15.36:435][908]LogStaticMesh: Built static mesh [0.01s] /Game/Luos4Elements/StaticMeshes/Aqua/SM_LMagic_Wave3.SM_LMagic_Wave3
[2016.05.18-00.15.36:435][908]LogStaticMesh: Building static mesh SM_LMagic_Wave2...
[2016.05.18-00.15.36:437][908]LogStaticMesh: Built static mesh [0.00s] /Game/Luos4Elements/StaticMeshes/Aqua/SM_LMagic_Wave2.SM_LMagic_Wave2
[2016.05.18-00.15.36:437][908]LogStaticMesh: Building static mesh SM_LMagic_Wave1...
[2016.05.18-00.15.36:439][908]LogStaticMesh: Built static mesh [0.00s] /Game/Luos4Elements/StaticMeshes/Aqua/SM_LMagic_Wave1.SM_LMagic_Wave1
[2016.05.18-00.15.36:441][908]LogTexture:Display: Building textures: OrientParticle (AutoDXT)
[2016.05.18-00.15.36:480][908]LogTexture:Display: Building textures: T_Drop1_Norm (BC5)
[2016.05.18-00.15.36:512][908]LogTexture:Display: Building textures: T_Lmagic_WaterDrops_02_Mask (AutoDXT)
[2016.05.18-00.15.36:605][908]LogMaterial: Missing cached shader map for material M_LMagic_Water_Droplet_01, compiling. 
[2016.05.18-00.15.36:659][908]LogTexture:Display: Building textures: T_LMagic_Clouds_Masks_01 (AutoDXT)
[2016.05.18-00.15.37:156][908]LogTexture:Display: Building textures: T_LMagic_Water_Droplets_01 (AutoDXT)
[2016.05.18-00.15.39:935][908]LogMaterial: Missing cached shader map for material M_LMagic_Water_Drops_01, compiling. 
[2016.05.18-00.15.40:006][908]LogTexture:Display: Building textures: T_Lmagic_WaterSplash_01 (AutoDXT)
[2016.05.18-00.15.40:408][908]LogTexture:Display: Building textures: T_LMagic_Water_01 (AutoDXT)
[2016.05.18-00.15.41:226][908]LogMaterial: Missing cached shader map for material M_LMagic_Water_Splash_01, compiling. 
[2016.05.18-00.15.41:304][908]LogTexture:Display: Building textures: T_Water1_Norm (BC5)
[2016.05.18-00.15.41:469][908]LogTexture:Display: Building textures: T_Lmagic_WaterMask_01 (AutoDXT)
[2016.05.18-00.15.42:014][908]LogMaterial: Missing cached shader map for material M_LMagic_Water_Splashes_01, compiling. 
[2016.05.18-00.15.42:099][908]LogTexture:Display: Building textures: T_Water2_Norm (BC5)
[2016.05.18-00.15.42:231][908]LogMaterial: Missing cached shader map for material M_LMagic_Water_Splashes_01, compiling. 
[2016.05.18-00.15.42:312][908]LogTexture:Display: Building textures: T_Water3_Norm (BC5)
[2016.05.18-00.15.42:438][908]LogMaterial: Missing cached shader map for material M_LMagic_Water_Splashes_01, compiling. 
[2016.05.18-00.15.42:477][908]LogTexture:Display: Building textures: ThumbnailTexture (DXT1)
[2016.05.18-00.15.42:546][908]LogStaticMesh: Building static mesh SM_Blobby_01...
[2016.05.18-00.15.42:628][908]LogStaticMesh: Built static mesh [0.08s] /Game/Luos4Elements/Showcase_Content/Character/Blobby/SM_Blobby_01.SM_Blobby_01
[2016.05.18-00.15.42:628][908]LogStaticMesh: Building static mesh SM_Blobby_Eyes_01...
[2016.05.18-00.15.42:748][908]LogStaticMesh: Built static mesh [0.12s] /Game/Luos4Elements/Showcase_Content/Character/Blobby/SM_Blobby_Eyes_01.SM_Blobby_Eyes_01
[2016.05.18-00.15.42:768][908]LogTexture:Display: Building textures: HQ_Lightmap0_5 (AutoDXT)
[2016.05.18-00.15.42:923][908]LogTexture:Display: Building textures: HQ_Lightmap0_6 (AutoDXT)
[2016.05.18-00.15.43:370][908]LogTexture:Display: Building textures: HQ_Lightmap0_7 (AutoDXT)
[2016.05.18-00.15.43:538][908]LogTexture:Display: Building textures: HQ_Lightmap1_1 (AutoDXT)
[2016.05.18-00.15.44:197][908]LogTexture:Display: Building textures: HQ_Lightmap1_2 (AutoDXT)
[2016.05.18-00.15.44:873][908]LogTexture:Display: Building textures: HQ_Lightmap1_3 (AutoDXT)
[2016.05.18-00.15.45:502][908]LogTexture:Display: Building textures: HQ_Lightmap1_4 (AutoDXT)
[2016.05.18-00.15.46:158][908]LogTexture:Display: Building textures: LQ_Lightmap_0_5 (DXT1)
[2016.05.18-00.15.46:247][908]LogTexture:Display: Building textures: LQ_Lightmap_0_6 (DXT1)
[2016.05.18-00.15.46:474][908]LogTexture:Display: Building textures: LQ_Lightmap_0_7 (DXT1)
[2016.05.18-00.15.46:569][908]LogTexture:Display: Building textures: LQ_Lightmap_1_1 (DXT1)
[2016.05.18-00.15.46:890][908]LogTexture:Display: Building textures: LQ_Lightmap_1_2 (DXT1)
[2016.05.18-00.15.47:245][908]LogTexture:Display: Building textures: LQ_Lightmap_1_3 (DXT1)
[2016.05.18-00.15.47:555][908]LogTexture:Display: Building textures: LQ_Lightmap_1_4 (DXT1)
[2016.05.18-00.15.47:882][908]LogStaticMesh: Building static mesh SM_Base...
[2016.05.18-00.15.48:035][908]LogStaticMesh: Built static mesh [0.15s] /Game/Luos4Elements/Showcase_Content/DemoRoom/Meshes/SM_Base.SM_Base
[2016.05.18-00.15.48:040][908]LogMaterial: Missing cached shader map for material M_DemoWall, compiling. 
[2016.05.18-00.15.48:116][908]LogStaticMesh: Building static mesh SM_DemoRoomU...
[2016.05.18-00.15.48:132][908]LogStaticMesh: Built static mesh [0.02s] /Game/Luos4Elements/Showcase_Content/DemoRoom/Meshes/SM_DemoRoomU.SM_DemoRoomU
[2016.05.18-00.15.48:215][908]LogTexture:Display: Building textures: T_RoomTiles_N (BC5)
[2016.05.18-00.15.48:760][908]LogTexture:Display: Building textures: T_RoomTiles_M (DXT1)
[2016.05.18-00.15.49:773][908]LogMaterial: Missing cached shader map for material M_DemoRoomTiles, compiling. 
[2016.05.18-00.15.49:802][908]LogMaterial: Missing cached shader map for material M_tinyDot_01, compiling. 
[2016.05.18-00.15.49:814][908]LogMaterial: Missing cached shader map for material M_tinyDot_01, compiling. 
[2016.05.18-00.15.49:838][908]LogTexture:Display: Building textures: T_LMagic_HeatWaves_Norm (BC5)
[2016.05.18-00.15.49:866][908]LogMaterial: Missing cached shader map for material M_LMagic_HeatDistort_01, compiling. 
[2016.05.18-00.15.49:879][908]LogMaterial: Missing cached shader map for material M_LMagic_water_ShieldFX, compiling. 
[2016.05.18-00.15.49:895][908]LogMaterial: Missing cached shader map for material M_LMagic_water_ShieldFX, compiling. 
[2016.05.18-00.15.50:085][908]LogTexture:Display: Building textures: T_Earth_def_01_Albedo (AutoDXT)
[2016.05.18-00.15.53:046][908]LogTexture:Display: Building textures: T_Earth_def_01_Normal (BC5)
[2016.05.18-00.15.53:711][908]LogTexture:Display: Building textures: T_Earth_def_01_Roughness (AutoDXT)
[2016.05.18-00.15.56:440][908]LogMaterial: Missing cached shader map for material M_LMagic_Earth_01, compiling. 
[2016.05.18-00.15.56:472][908]LogMaterial: Missing cached shader map for material M_tinyDot_01, compiling. 
[2016.05.18-00.15.56:485][908]LogMaterial: Missing cached shader map for material M_LMagic_subUVSetup_01, compiling. 
[2016.05.18-00.15.56:636][908]LogTexture:Display: Building textures: T_LMagic_Fire_11x11_01 (AutoDXT)
[2016.05.18-00.15.58:399][908]LogTexture:Display: Building textures: T_LMagic_Smoke_9x9_01 (AutoDXT)
[2016.05.18-00.16.04:078][908]LogMaterial: Missing cached shader map for material M_LMagic_Fire_UV_9x9, compiling. 
[2016.05.18-00.16.04:091][908]LogMaterial: Missing cached shader map for material M_LMagic_dust_01, compiling. 
[2016.05.18-00.16.04:102][908]LogTexture:Display: Building textures: T__LMagic_Cyclone_Mask_01 (AutoDXT)
[2016.05.18-00.16.04:130][908]LogMaterial: Missing cached shader map for material M_LMagic_Cyclone_01, compiling. 
[2016.05.18-00.16.04:244][908]LogTexture:Display: Building textures: T_Wind_Def_01_Mask (AutoDXT)
[2016.05.18-00.16.05:100][908]LogMaterial: Missing cached shader map for material M_LMagic_Wind_Def_01, compiling. 
[2016.05.18-00.16.05:130][908]LogTexture:Display: Building textures: T_Wind_Def_02_Mask (AutoDXT)
[2016.05.18-00.16.05:335][908]LogMaterial: Missing cached shader map for material M_LMagic_Wind_Def_01, compiling. 
[2016.05.18-00.16.05:353][908]LogMaterial: Missing cached shader map for material M_LMagic_Wind_Def_01, compiling. 
[2016.05.18-00.16.05:370][908]LogMaterial: Missing cached shader map for material M_LMagic_Wind_Def_01, compiling. 
[2016.05.18-00.16.05:391][908]LogTexture:Display: Building textures: ShadowMapTexture2D_4 (G8)
[2016.05.18-00.16.05:414][908]LogTexture:Display: Building textures: ShadowMapTexture2D_5 (G8)
[2016.05.18-00.16.05:439][908]LogTexture:Display: Building textures: ShadowMapTexture2D_6 (G8)
[2016.05.18-00.16.05:463][908]LogTexture:Display: Building textures: ShadowMapTexture2D_7 (G8)
[2016.05.18-00.16.05:487][908]LogTexture:Display: Building textures: ShadowMapTexture2D_8 (G8)
[2016.05.18-00.16.05:772][908]LogStaticMesh: Building static mesh SM_NamePlate...
[2016.05.18-00.16.05:776][908]LogStaticMesh: Built static mesh [0.00s] /Game/Luos4Elements/Showcase_Content/DemoRoom/Meshes/SM_NamePlate.SM_NamePlate
[2016.05.18-00.16.05:777][908]LogStaticMesh: Building static mesh SM_DemoDivider_1...
[2016.05.18-00.16.05:801][908]LogStaticMesh: Built static mesh [0.02s] /Game/Luos4Elements/Showcase_Content/DemoRoom/Meshes/SM_DemoDivider_1.SM_DemoDivider_1
[2016.05.18-00.16.05:801][908]LogStaticMesh: Building static mesh SM_DemoRoomTrim...
[2016.05.18-00.16.05:919][908]LogStaticMesh: Built static mesh [0.12s] /Game/Luos4Elements/Showcase_Content/DemoRoom/Meshes/SM_DemoRoomTrim.SM_DemoRoomTrim
[2016.05.18-00.16.05:921][908]LogStaticMesh: Building static mesh SM_DemoRoomBackWall...
[2016.05.18-00.16.05:922][908]LogStaticMesh: Built static mesh [0.00s] /Game/Luos4Elements/Showcase_Content/DemoRoom/Meshes/SM_DemoRoomBackWall.SM_DemoRoomBackWall
[2016.05.18-00.16.05:922][908]LogStaticMesh: Building static mesh SM_DemoRoomClamp...
[2016.05.18-00.16.05:991][908]LogStaticMesh: Built static mesh [0.07s] /Game/Luos4Elements/Showcase_Content/DemoRoom/Meshes/SM_DemoRoomClamp.SM_DemoRoomClamp
[2016.05.18-00.16.05:992][908]LogStaticMesh: Building static mesh SM_URoom_Wall...
[2016.05.18-00.16.05:993][908]LogStaticMesh: Built static mesh [0.00s] /Game/Luos4Elements/Showcase_Content/DemoRoom/Meshes/SM_URoom_Wall.SM_URoom_Wall
[2016.05.18-00.16.05:993][908]LogStaticMesh: Building static mesh SM_Wizard_Hat_01...
[2016.05.18-00.16.06:028][908]LogStaticMesh: Built static mesh [0.03s] /Game/Luos4Elements/Showcase_Content/Character/Wizard/SM_Wizard_Hat_01.SM_Wizard_Hat_01
[2016.05.18-00.16.06:029][908]LogStaticMesh: Building static mesh SM_LMagic_WaterDropFront_01...
[2016.05.18-00.16.06:037][908]LogStaticMesh: Built static mesh [0.01s] /Game/Luos4Elements/StaticMeshes/Aqua/SM_LMagic_WaterDropFront_01.SM_LMagic_WaterDropFront_01
[2016.05.18-00.16.06:040][908]LogStaticMesh: Building static mesh SM_LMagic_WaterDrop_01...
[2016.05.18-00.16.06:053][908]LogStaticMesh: Built static mesh [0.01s] /Game/Luos4Elements/StaticMeshes/Aqua/SM_LMagic_WaterDrop_01.SM_LMagic_WaterDrop_01
[2016.05.18-00.16.06:065][908]LogTexture:Display: Building textures: T_Water_Blobbing_01 (AutoDXT)
[2016.05.18-00.16.06:212][908]LogMaterial: Missing cached shader map for material M_LMagic_WaterFresnel_01, compiling. 
[2016.05.18-00.16.06:231][908]LogMaterial: Missing cached shader map for material M_LMagic_Water_01, compiling. 
[2016.05.18-00.16.06:285][908]LogTexture:Display: Building textures: ThumbnailTexture (DXT1)
[2016.05.18-00.16.06:425][908]LogTexture:Display: Building textures: T_Blobby_Roughness (AutoDXT)
[2016.05.18-00.16.07:131][908]LogTexture:Display: Building textures: T_Blobby_Albedo (AutoDXT)
[2016.05.18-00.16.07:889][908]LogTexture:Display: Building textures: T_Blobby_Norm (BC5)
[2016.05.18-00.16.08:021][908]LogMaterial: Missing cached shader map for material M_Blobby_Eyes, compiling. 
[2016.05.18-00.16.08:047][908]LogTexture:Display: Building textures: ThumbnailTexture (DXT1)
[2016.05.18-00.16.08:177][908]LogTexture:Display: Building textures: DemoBox (RGBA16F)
[2016.05.18-00.16.08:177][908]LogTexture:Display: Building textures: DemoBox_Normals (BGRA8)
[2016.05.18-00.16.08:178][908]LogTexture:Display: Building textures: Gradient (AutoDXT)
[2016.05.18-00.16.08:184][908]LogTexture:Display: Building textures: Greyscale (AutoDXT)
[2016.05.18-00.16.08:208][908]LogTexture:Display: Building textures: VA_Blobby_Normals (BGRA8)
[2016.05.18-00.16.08:220][908]LogTexture:Display: Building textures: VA_Blobby (RGBA16F)
[2016.05.18-00.16.08:236][908]LogMaterial: Missing cached shader map for material M_Blobby_Anim, compiling. 
[2016.05.18-00.16.08:265][908]LogStaticMesh: Building static mesh SM_LMagic_WaterSplash_01...
[2016.05.18-00.16.08:265][908]LogStaticMesh: Built static mesh [0.00s] /Game/Luos4Elements/StaticMeshes/Aqua/SM_LMagic_WaterSplash_01.SM_LMagic_WaterSplash_01
[2016.05.18-00.16.08:266][908]LogStaticMesh: Building static mesh SM_LMagic_Earth_Shard_02...
[2016.05.18-00.16.08:267][908]LogStaticMesh: Built static mesh [0.00s] /Game/Luos4Elements/StaticMeshes/Earth/SM_LMagic_Earth_Shard_02.SM_LMagic_Earth_Shard_02
[2016.05.18-00.16.08:279][908]LogTexture:Display: Building textures: ThumbnailTexture (DXT1)
[2016.05.18-00.16.08:537][908]LogTexture:Display: Building textures: T_Earth_atk_01_Albedo (AutoDXT)
[2016.05.18-00.16.11:493][908]LogTexture:Display: Building textures: T_Earth_atk_01_Normal (BC5)
[2016.05.18-00.16.12:096][908]LogTexture:Display: Building textures: T_Earth_atk_01_Roughness (AutoDXT)
[2016.05.18-00.16.16:336][908]LogTexture:Display: Building textures: ThumbnailTexture (DXT1)
[2016.05.18-00.16.16:403][908]LogStaticMesh: Building static mesh SM_LMagic_Earth_atk_01...
[2016.05.18-00.16.16:414][908]LogStaticMesh: Built static mesh [0.01s] /Game/Luos4Elements/StaticMeshes/Earth/SM_LMagic_Earth_atk_01.SM_LMagic_Earth_atk_01
[2016.05.18-00.16.16:432][908]LogTexture:Display: Building textures: ThumbnailTexture (DXT1)
[2016.05.18-00.16.16:506][908]LogStaticMesh: Building static mesh SM_LMagic_Flat_Circle_01...
[2016.05.18-00.16.16:508][908]LogStaticMesh: Built static mesh [0.00s] /Game/Luos4Elements/StaticMeshes/Wind/SM_LMagic_Flat_Circle_01.SM_LMagic_Flat_Circle_01
[2016.05.18-00.16.16:509][908]LogStaticMesh: Building static mesh SM_LMagic_Earth_Shard_04...
[2016.05.18-00.16.16:509][908]LogStaticMesh: Built static mesh [0.00s] /Game/Luos4Elements/StaticMeshes/Earth/SM_LMagic_Earth_Shard_04.SM_LMagic_Earth_Shard_04
[2016.05.18-00.16.16:510][908]LogStaticMesh: Building static mesh SM_LMagic_Earth_Shard_03...
[2016.05.18-00.16.16:511][908]LogStaticMesh: Built static mesh [0.00s] /Game/Luos4Elements/StaticMeshes/Earth/SM_LMagic_Earth_Shard_03.SM_LMagic_Earth_Shard_03
[2016.05.18-00.16.16:511][908]LogStaticMesh: Building static mesh SM_LMagic_Earth_Shard_01...
[2016.05.18-00.16.16:512][908]LogStaticMesh: Built static mesh [0.00s] /Game/Luos4Elements/StaticMeshes/Earth/SM_LMagic_Earth_Shard_01.SM_LMagic_Earth_Shard_01
[2016.05.18-00.16.16:512][908]LogStaticMesh: Building static mesh SM_LMagic_Earth_def_01...
[2016.05.18-00.16.16:522][908]LogStaticMesh: Built static mesh [0.01s] /Game/Luos4Elements/StaticMeshes/Earth/SM_LMagic_Earth_def_01.SM_LMagic_Earth_def_01
[2016.05.18-00.16.16:538][908]LogTexture:Display: Building textures: ThumbnailTexture (DXT1)
[2016.05.18-00.16.16:654][908]LogTexture:Display: Building textures: ThumbnailTexture (DXT1)
[2016.05.18-00.16.16:843][908]LogStaticMesh: Building static mesh SM_Base_FlatWall...
[2016.05.18-00.16.16:848][908]LogStaticMesh: Built static mesh [0.01s] /Game/Luos4Elements/Showcase_Content/DemoRoom/Meshes/SM_Base_FlatWall.SM_Base_FlatWall
[2016.05.18-00.16.16:848][908]LogStaticMesh: Building static mesh SM_BaseRoom...
[2016.05.18-00.16.17:048][908]LogStaticMesh: Built static mesh [0.20s] /Game/Luos4Elements/Showcase_Content/DemoRoom/Meshes/SM_BaseRoom.SM_BaseRoom
[2016.05.18-00.16.17:049][908]LogStaticMesh: Building static mesh SM_Base2...
[2016.05.18-00.16.17:107][908]LogStaticMesh: Built static mesh [0.06s] /Game/Luos4Elements/Showcase_Content/DemoRoom/Meshes/SM_Base2.SM_Base2
[2016.05.18-00.16.17:202][908]LogTexture:Display: Building textures: T_Wizard_Hat_Roughness (AutoDXT)
[2016.05.18-00.16.17:754][908]LogTexture:Display: Building textures: T_Wizard_Hat_Normal (BC5)
[2016.05.18-00.16.17:898][908]LogTexture:Display: Building textures: ThumbnailTexture (DXT1)
[2016.05.18-00.16.17:998][908]LogMaterial: Missing cached shader map for material M_LMagic_Fire_Ribbon_01, compiling. 
[2016.05.18-00.16.18:033][908]LogMaterial: Missing cached shader map for material M_LMagic_Fire_UV_9x9, compiling. 
[2016.05.18-00.16.18:046][908]LogMaterial: Missing cached shader map for material M_LMagic_Firecore_01, compiling. 
[2016.05.18-00.16.18:079][908]LogTexture:Display: Building textures: ThumbnailTexture (DXT1)
[2016.05.18-00.16.18:183][908]LogTexture:Display: Building textures: ThumbnailTexture (DXT1)
[2016.05.18-00.16.18:483][908]LogTexture:Display: Building textures: T_Wind_Atk_01a (AutoDXT)
[2016.05.18-00.16.19:282][908]LogMaterial: Missing cached shader map for material M_LMagic_Wind_Atk_01, compiling. 
[2016.05.18-00.16.19:294][908]LogMaterial: Missing cached shader map for material M_LMagic_Wind_Atk_01, compiling. 
[2016.05.18-00.16.19:315][908]LogTexture:Display: Building textures: ThumbnailTexture (DXT1)
[2016.05.18-00.16.19:390][908]LogTexture:Display: Building textures: ThumbnailTexture (DXT1)
[2016.05.18-00.16.19:546][908]LogTexture:Display: Building textures: T_Wizard_Hat_Albedo (AutoDXT)
[2016.05.18-00.16.20:366][908]LogMaterial: Missing cached shader map for material M_Wizard_Hat, compiling. 
[2016.05.18-00.16.20:393][908]LogMaterial: Missing cached shader map for material DefaultTextMaterialTranslucentUnlit, compiling. 
[2016.05.18-00.16.20:671][908]LogTexture:Display: Building textures: T_Pattern_M (AutoDXT)
[2016.05.18-00.16.21:531][908]LogTexture:Display: Building textures: T_UnrealEngineDecal (DXT1)
[2016.05.18-00.16.21:736][908]LogMaterial: Missing cached shader map for material M_DemoWallPattern, compiling. 
[2016.05.18-00.16.21:755][908]LogMaterial: Missing cached shader map for material M_DemoWallPattern, compiling. 
[2016.05.18-00.16.21:777][908]LogMaterial: Missing cached shader map for material M_DemoWallPattern, compiling. 
[2016.05.18-00.16.21:794][908]LogMaterial: Missing cached shader map for material M_Glass, compiling. 
[2016.05.18-00.16.21:961][908]LogStaticMesh: Building static mesh SM_DemoRoomTrimAdd...
[2016.05.18-00.16.22:034][908]LogStaticMesh: Built static mesh [0.07s] /Game/Luos4Elements/Showcase_Content/DemoRoom/Meshes/SM_DemoRoomTrimAdd.SM_DemoRoomTrimAdd
[2016.05.18-00.16.22:035][908]LogStaticMesh: Building static mesh SM_DemoDivider_2...
[2016.05.18-00.16.22:062][908]LogStaticMesh: Built static mesh [0.03s] /Game/Luos4Elements/Showcase_Content/DemoRoom/Meshes/SM_DemoDivider_2.SM_DemoDivider_2
[2016.05.18-00.16.22:062][908]LogStaticMesh: Building static mesh SM_DemoRoomLTrim...
[2016.05.18-00.16.22:063][908]LogStaticMesh: Built static mesh [0.00s] /Game/Luos4Elements/Showcase_Content/DemoRoom/Meshes/SM_DemoRoomLTrim.SM_DemoRoomLTrim
[2016.05.18-00.16.22:082][908]LogMaterial: Missing cached shader map for material M_Glass, compiling. 
[2016.05.18-00.16.22:115][908]LogStaticMesh: Building static mesh SM_DemoRoomBackWall2...
[2016.05.18-00.16.22:116][908]LogStaticMesh: Built static mesh [0.00s] /Game/Luos4Elements/Showcase_Content/DemoRoom/Meshes/SM_DemoRoomBackWall2.SM_DemoRoomBackWall2
[2016.05.18-00.16.22:120][908]LogMaterial: Missing cached shader map for material M_LightTube, compiling. 
[2016.05.18-00.16.22:159][908]LogStaticMesh: Building static mesh SM_DemoRoomL...
[2016.05.18-00.16.22:169][908]LogStaticMesh: Built static mesh [0.01s] /Game/Luos4Elements/Showcase_Content/DemoRoom/Meshes/SM_DemoRoomL.SM_DemoRoomL
[2016.05.18-00.16.22:174][908]LogStaticMesh: Building static mesh SM_DemoRoomClamp2...
[2016.05.18-00.16.22:246][908]LogStaticMesh: Built static mesh [0.07s] /Game/Luos4Elements/Showcase_Content/DemoRoom/Meshes/SM_DemoRoomClamp2.SM_DemoRoomClamp2
[2016.05.18-00.16.22:266][908]LogStaticMesh: Building static mesh SM_DemoRoomU2...
[2016.05.18-00.16.22:284][908]LogStaticMesh: Built static mesh [0.02s] /Game/Luos4Elements/Showcase_Content/DemoRoom/Meshes/SM_DemoRoomU2.SM_DemoRoomU2
[2016.05.18-00.16.22:314][908]LogStaticMesh: Building static mesh SM_DemoRoomTrim2...
[2016.05.18-00.16.22:421][908]LogStaticMesh: Built static mesh [0.11s] /Game/Luos4Elements/Showcase_Content/DemoRoom/Meshes/SM_DemoRoomTrim2.SM_DemoRoomTrim2
[2016.05.18-00.16.22:455][908]LogStaticMesh: Building static mesh SM_URoom_Wall2...
[2016.05.18-00.16.22:456][908]LogStaticMesh: Built static mesh [0.00s] /Game/Luos4Elements/Showcase_Content/DemoRoom/Meshes/SM_URoom_Wall2.SM_URoom_Wall2
[2016.05.18-00.16.22:456][908]LogPhysics:Warning: PHYSX: ..\..\PhysXCooking\src\convex\ConvexHullBuilder.cpp (1116) 32 : ConvexHullBuilder::CreateTrianglesFromPolygons: convex hull has a polygon with less than 3 vertices!
[2016.05.18-00.16.22:457][908]LogPhysics:Warning: PHYSX: ..\..\PhysXCooking\src\convex\ConvexMeshBuilder.cpp (253) 32 : Gu::ConvexMesh::loadConvexHull: convex hull init failed! Try to use the PxConvexFlag::eINFLATE_CONVEX flag. (see PxToolkit::createConvexMeshSafe)
[2016.05.18-00.16.22:457][908]LogPhysics:Warning: Failed to cook convex: /Game/Luos4Elements/Showcase_Content/DemoRoom/Meshes/SM_URoom_Wall2.SM_URoom_Wall2 0 (FlipX:1). The remaining elements will not get cooked.
[2016.05.18-00.16.22:458][908]LogStaticMesh: Building static mesh SM_DemoRoomU_Hole...
[2016.05.18-00.16.22:486][908]LogStaticMesh: Built static mesh [0.03s] /Game/Luos4Elements/Showcase_Content/DemoRoom/Meshes/SM_DemoRoomU_Hole.SM_DemoRoomU_Hole
[2016.05.18-00.16.22:495][908]LogStaticMesh: Building static mesh SM_LMagic_Wind_Sphere_01...
[2016.05.18-00.16.22:520][908]LogStaticMesh: Built static mesh [0.03s] /Game/Luos4Elements/StaticMeshes/Wind/SM_LMagic_Wind_Sphere_01.SM_LMagic_Wind_Sphere_01
[2016.05.18-00.16.22:521][908]LogStaticMesh: Building static mesh SM_LMagic_Wind_QSphere_01b...
[2016.05.18-00.16.22:523][908]LogStaticMesh: Built static mesh [0.00s] /Game/Luos4Elements/StaticMeshes/Wind/SM_LMagic_Wind_QSphere_01b.SM_LMagic_Wind_QSphere_01b
[2016.05.18-00.16.22:523][908]LogStaticMesh: Building static mesh SM_LMagic_Wind_Partial_Circle_01...
[2016.05.18-00.16.22:527][908]LogStaticMesh: Built static mesh [0.00s] /Game/Luos4Elements/StaticMeshes/Wind/SM_LMagic_Wind_Partial_Circle_01.SM_LMagic_Wind_Partial_Circle_01
[2016.05.18-00.16.22:528][908]LogStaticMesh: Building static mesh SM_LMagic_Wind_HalfSphere_01...
[2016.05.18-00.16.22:540][908]LogStaticMesh: Built static mesh [0.01s] /Game/Luos4Elements/StaticMeshes/Wind/SM_LMagic_Wind_HalfSphere_01.SM_LMagic_Wind_HalfSphere_01
[2016.05.18-00.16.22:540][908]LogStaticMesh: Building static mesh SM_LMagic_Wind_Def_01h...
[2016.05.18-00.16.22:543][908]LogStaticMesh: Built static mesh [0.00s] /Game/Luos4Elements/StaticMeshes/Wind/SM_LMagic_Wind_Def_01h.SM_LMagic_Wind_Def_01h
[2016.05.18-00.16.22:544][908]LogStaticMesh: Building static mesh SM_LMagic_Wind_Def_01g...
[2016.05.18-00.16.22:554][908]LogStaticMesh: Built static mesh [0.01s] /Game/Luos4Elements/StaticMeshes/Wind/SM_LMagic_Wind_Def_01g.SM_LMagic_Wind_Def_01g
[2016.05.18-00.16.22:554][908]LogStaticMesh: Building static mesh SM_LMagic_Wind_CircleHoled_01...
[2016.05.18-00.16.22:561][908]LogStaticMesh: Built static mesh [0.01s] /Game/Luos4Elements/StaticMeshes/Wind/SM_LMagic_Wind_CircleHoled_01.SM_LMagic_Wind_CircleHoled_01
[2016.05.18-00.16.22:562][908]LogStaticMesh: Building static mesh SM_LMagic_Cyclone_01...
[2016.05.18-00.16.22:577][908]LogStaticMesh: Built static mesh [0.01s] /Game/Luos4Elements/StaticMeshes/Wind/SM_LMagic_Cyclone_01.SM_LMagic_Cyclone_01
[2016.05.18-00.16.22:580][908]LogAIModule: Creating AISystem for world Map_Particle_showcase
[2016.05.18-00.16.22:627][908]LogActorComponent: UnregisterComponent: (/Engine/Transient.InterpToMovement_GEN_VARIABLE) Not registered. Aborting.
[2016.05.18-00.16.22:627][908]LogActorComponent: UnregisterComponent: (/Engine/Transient.InterpToMovementComponent_0) Not registered. Aborting.
[2016.05.18-00.16.22:699][908]Cmd: MAP LOAD FILE="D:/Backup Effulgent/Effulgent/New folder/Game-Design/Effulgent/Content/Luos4Elements/Maps/Map_Particle_showcase.umap" TEMPLATE=0 SHOWPROGRESS=1 FEATURELEVEL=3
[2016.05.18-00.16.22:699][908]LightingResults: New page: Lighting Build
[2016.05.18-00.16.22:728][908]LoadErrors: New page: Loading map: Map_Particle_showcase.umap
[2016.05.18-00.16.22:733][908]MapCheck: New page: Map Check
[2016.05.18-00.16.22:733][908]LightingResults: New page: Lighting Build
[2016.05.18-00.16.22:826][908]LogEditorServer: Finished looking for orphan Actors (0.000 secs)
[2016.05.18-00.16.22:858][908]Cmd: MAP CHECKDEP NOCLEARLOG
[2016.05.18-00.16.22:968][908]MapCheck: Info Map check complete: 0 Error(s), 0 Warning(s), took 109.821ms to complete.
[2016.05.18-00.16.22:968][908]LogFileHelpers: Loading map 'Map_Particle_showcase' took 0.272
[2016.05.18-00.16.28:816][194]LogPlayLevel: PlayLevel: No blueprints needed recompiling
[2016.05.18-00.16.28:817][194]PIE: New page: PIE session: Map_Particle_showcase (18 May 2016 7:16:28 pm)
[2016.05.18-00.16.28:817][194]LogPlayLevel: Creating play world package: /Game/Luos4Elements/Maps/UEDPIE_0_Map_Particle_showcase
[2016.05.18-00.16.28:857][194]LogPlayLevel: PIE: StaticDuplicateObject took: (0.040511s)
[2016.05.18-00.16.28:858][194]LogAIModule: Creating AISystem for world Map_Particle_showcase
[2016.05.18-00.16.28:858][194]LogPlayLevel: PIE: World Init took: (0.000938s)
[2016.05.18-00.16.28:859][194]LogPlayLevel: PIE: Created PIE world by copying editor world from /Game/Luos4Elements/Maps/Map_Particle_showcase.Map_Particle_showcase to /Game/Luos4Elements/Maps/UEDPIE_0_Map_Particle_showcase.Map_Particle_showcase (0.041816s)
[2016.05.18-00.16.28:859][194]LogActorComponent: UnregisterComponent: (/Engine/Transient.InterpToMovement_GEN_VARIABLE) Not registered. Aborting.
[2016.05.18-00.16.28:859][194]LogActorComponent: UnregisterComponent: (/Engine/Transient.InterpToMovementComponent_1) Not registered. Aborting.
[2016.05.18-00.16.28:878][194]LogInit: XAudio2 using 'Speakers (Realtek High Definition Audio)' : 2 channels at 48 kHz using 32 bits per sample (channel mask 0x3)
[2016.05.18-00.16.28:891][194]LogInit: FAudioDevice initialized.
[2016.05.18-00.16.28:943][194]LogWorld: Game class is 'Walk_Around_C'
[2016.05.18-00.16.28:954][194]LogWorld: Bringing World /Game/Luos4Elements/Maps/UEDPIE_0_Map_Particle_showcase.Map_Particle_showcase up for play (max tick rate 60) at 2016.05.18-09.46.28
[2016.05.18-00.16.28:960][194]LogWorld: Bringing up level for play took: 0.015526
[2016.05.18-00.16.28:961][194]LogSpawn:Warning: SpawnActor failed because no class was specified
[2016.05.18-00.16.28:964][194]LogContentBrowser: Native class hierarchy updated for 'MovieSceneCapture' in 0.0007 seconds. Added 9 classes and 0 folders.
[2016.05.18-00.16.28:967][194]PIE: Info Play in editor start time for /Game/Luos4Elements/Maps/UEDPIE_0_Map_Particle_showcase -0.44
[2016.05.18-00.17.21:811][970]LogAIModule: Creating AISystem for world NewWorld
[2016.05.18-00.17.21:813][970]LogParticles:Warning: InitializeSystem called on an unregistered component. Template=/Game/CrumblingRuins/Torch/P_Torch.P_Torch Component=/Game/World1/NewWorld.NewWorld:PersistentLevel.P_Torch_5.ParticleSystemComponent0
[2016.05.18-00.17.21:815][970]LogParticles:Warning: InitializeSystem called on an unregistered component. Template=/Game/CrumblingRuins/Torch/P_Torch.P_Torch Component=/Game/World1/NewWorld.NewWorld:PersistentLevel.P_Torch2.ParticleSystemComponent0
[2016.05.18-00.17.21:816][970]LogParticles:Warning: InitializeSystem called on an unregistered component. Template=/Game/CrumblingRuins/Torch/P_Torch.P_Torch Component=/Game/World1/NewWorld.NewWorld:PersistentLevel.P_Torch3.ParticleSystemComponent0
[2016.05.18-00.17.21:817][970]LogParticles:Warning: InitializeSystem called on an unregistered component. Template=/Game/CrumblingRuins/Torch/P_Torch.P_Torch Component=/Game/World1/NewWorld.NewWorld:PersistentLevel.P_Torch4.ParticleSystemComponent0
[2016.05.18-00.17.21:818][970]LogParticles:Warning: InitializeSystem called on an unregistered component. Template=/Game/CrumblingRuins/Torch/P_Torch.P_Torch Component=/Game/World1/NewWorld.NewWorld:PersistentLevel.P_Torch5.ParticleSystemComponent0
[2016.05.18-00.17.21:822][970]LogParticles:Warning: InitializeSystem called on an unregistered component. Template=/Game/CrumblingRuins/Torch/P_Torch.P_Torch Component=/Game/World1/NewWorld.NewWorld:PersistentLevel.P_Torch6.ParticleSystemComponent0
[2016.05.18-00.17.21:824][970]LogParticles:Warning: InitializeSystem called on an unregistered component. Template=/Game/CrumblingRuins/Torch/P_Torch.P_Torch Component=/Game/World1/NewWorld.NewWorld:PersistentLevel.P_Torch7.ParticleSystemComponent0
[2016.05.18-00.17.21:824][970]LogParticles:Warning: InitializeSystem called on an unregistered component. Template=/Game/CrumblingRuins/Torch/P_Torch.P_Torch Component=/Game/World1/NewWorld.NewWorld:PersistentLevel.P_Torch8.ParticleSystemComponent0
[2016.05.18-00.17.21:825][970]LogParticles:Warning: InitializeSystem called on an unregistered component. Template=/Game/CrumblingRuins/Torch/P_Torch.P_Torch Component=/Game/World1/NewWorld.NewWorld:PersistentLevel.P_Torch9.ParticleSystemComponent0
[2016.05.18-00.17.21:826][970]LogParticles:Warning: InitializeSystem called on an unregistered component. Template=/Game/CrumblingRuins/Torch/P_Torch.P_Torch Component=/Game/World1/NewWorld.NewWorld:PersistentLevel.P_Torch10.ParticleSystemComponent0
[2016.05.18-00.17.21:828][970]LogParticles:Warning: InitializeSystem called on an unregistered component. Template=/Game/CrumblingRuins/Torch/P_Torch.P_Torch Component=/Game/World1/NewWorld.NewWorld:PersistentLevel.P_Torch11.ParticleSystemComponent0
[2016.05.18-00.17.21:830][970]LogParticles:Warning: InitializeSystem called on an unregistered component. Template=/Game/CrumblingRuins/Torch/P_Torch.P_Torch Component=/Game/World1/NewWorld.NewWorld:PersistentLevel.P_Torch12.ParticleSystemComponent0
[2016.05.18-00.17.21:830][970]LogParticles:Warning: InitializeSystem called on an unregistered component. Template=/Game/CrumblingRuins/Torch/P_Torch.P_Torch Component=/Game/World1/NewWorld.NewWorld:PersistentLevel.P_Torch13.ParticleSystemComponent0
[2016.05.18-00.17.21:832][970]LogParticles:Warning: InitializeSystem called on an unregistered component. Template=/Game/CrumblingRuins/Torch/P_Torch.P_Torch Component=/Game/World1/NewWorld.NewWorld:PersistentLevel.P_Torch14.ParticleSystemComponent0
[2016.05.18-00.17.21:832][970]LogParticles:Warning: InitializeSystem called on an unregistered component. Template=/Game/CrumblingRuins/Torch/P_Torch.P_Torch Component=/Game/World1/NewWorld.NewWorld:PersistentLevel.P_Torch15.ParticleSystemComponent0
[2016.05.18-00.17.21:833][970]LogParticles:Warning: InitializeSystem called on an unregistered component. Template=/Game/CrumblingRuins/Torch/P_Torch.P_Torch Component=/Game/World1/NewWorld.NewWorld:PersistentLevel.P_Torch16.ParticleSystemComponent0
[2016.05.18-00.17.21:834][970]LogParticles:Warning: InitializeSystem called on an unregistered component. Template=/Game/CrumblingRuins/Torch/P_Torch.P_Torch Component=/Game/World1/NewWorld.NewWorld:PersistentLevel.P_Torch17.ParticleSystemComponent0
[2016.05.18-00.17.21:835][970]LogParticles:Warning: InitializeSystem called on an unregistered component. Template=/Game/CrumblingRuins/Torch/P_Torch.P_Torch Component=/Game/World1/NewWorld.NewWorld:PersistentLevel.P_Torch18.ParticleSystemComponent0
[2016.05.18-00.17.21:901][970]Cmd: MAP LOAD FILE="D:/Backup Effulgent/Effulgent/New folder/Game-Design/Effulgent/Content/World1/NewWorld.umap" TEMPLATE=0 SHOWPROGRESS=1 FEATURELEVEL=3
[2016.05.18-00.17.21:901][970]LightingResults: New page: Lighting Build
[2016.05.18-00.17.21:961][970]LoadErrors: New page: Loading map: NewWorld.umap
[2016.05.18-00.17.21:964][970]MapCheck: New page: Map Check
[2016.05.18-00.17.21:964][970]LightingResults: New page: Lighting Build
[2016.05.18-00.17.22:024][970]LogPhysics:Warning: AddConvexElemsToRigidActor: ConvexElem is missing ConvexMesh (3: /Game/CrumblingRuins/SM_WallChunk_03b.SM_WallChunk_03b:BodySetup_132)
[2016.05.18-00.17.22:029][970]LogPhysics:Warning: AddConvexElemsToRigidActor: ConvexElem is missing ConvexMesh (3: /Game/CrumblingRuins/SM_WallChunk_03b.SM_WallChunk_03b:BodySetup_132)
[2016.05.18-00.17.22:042][970]LogPhysics:Warning: AddConvexElemsToRigidActor: ConvexElem is missing ConvexMesh (3: /Game/CrumblingRuins/SM_WallChunk_03b.SM_WallChunk_03b:BodySetup_132)
[2016.05.18-00.17.22:042][970]LogPhysics:Warning: AddConvexElemsToRigidActor: ConvexElem is missing ConvexMesh (3: /Game/CrumblingRuins/SM_WallChunk_03b.SM_WallChunk_03b:BodySetup_132)
[2016.05.18-00.17.22:043][970]LogPhysics:Warning: AddConvexElemsToRigidActor: ConvexElem is missing ConvexMesh (3: /Game/CrumblingRuins/SM_WallChunk_03.SM_WallChunk_03:BodySetup_131)
[2016.05.18-00.17.22:053][970]LogPhysics:Warning: AddConvexElemsToRigidActor: ConvexElem is missing ConvexMesh (3: /Game/CrumblingRuins/SM_WallChunk_03b.SM_WallChunk_03b:BodySetup_132)
[2016.05.18-00.17.22:053][970]LogPhysics:Warning: AddConvexElemsToRigidActor: ConvexElem is missing ConvexMesh (3: /Game/CrumblingRuins/SM_WallChunk_03b.SM_WallChunk_03b:BodySetup_132)
[2016.05.18-00.17.22:115][970]LogEditorServer: Finished looking for orphan Actors (0.000 secs)
[2016.05.18-00.17.22:177][970]Cmd: MAP CHECKDEP NOCLEARLOG
[2016.05.18-00.17.22:505][970]MapCheck: Info Map check complete: 0 Error(s), 0 Warning(s), took 327.813ms to complete.
[2016.05.18-00.17.22:508][970]LogFileHelpers: Loading map 'NewWorld' took 0.611
[2016.05.18-00.17.47:665][273]LogActorComponent: UnregisterComponent: (/Engine/Transient.InterpToMovement_GEN_VARIABLE) Not registered. Aborting.
[2016.05.18-00.17.47:665][273]LogActorComponent: UnregisterComponent: (/Engine/Transient.InterpToMovementComponent_2) Not registered. Aborting.
[2016.05.18-00.17.47:817][273]LogWindowsTextInputMethodSystem:Display: IME system now deactivated.
[2016.05.18-00.17.48:127][274]Cmd: QUIT_EDITOR
[2016.05.18-00.17.48:629][274]LogExit: Preparing to exit.
[2016.05.18-00.17.48:995][274]LogExit: Editor shut down
[2016.05.18-00.17.48:995][274]LogExit: Transaction tracking system shut down
[2016.05.18-00.17.49:251][274]LogObj: Freed 0b from 0 cluster array pools.
[2016.05.18-00.17.49:251][274]LogExit: Object subsystem successfully closed.
[2016.05.18-00.17.49:266][274]LogD3D11RHI: Shutdown
[2016.05.18-00.17.49:266][274]LogD3D11RHI: CleanupD3DDevice
[2016.05.18-00.17.49:359][274]LogD3D11RHI: ~FD3D11DynamicRHI
[2016.05.18-00.17.49:435][274]LogDerivedDataCache: Shutdown
[2016.05.18-00.17.49:436][274]LogModuleManager: Shutting down and abandoning module MovieSceneCapture (205)
[2016.05.18-00.17.49:436][274]LogModuleManager: Shutting down and abandoning module HierarchicalLODOutliner (204)
[2016.05.18-00.17.49:436][274]LogModuleManager: Shutting down and abandoning module CrashTracker (203)
[2016.05.18-00.17.49:436][274]LogModuleManager: Shutting down and abandoning module SceneOutliner (202)
[2016.05.18-00.17.49:436][274]LogModuleManager: Shutting down and abandoning module SuperSearch (201)
[2016.05.18-00.17.49:436][274]LogModuleManager: Shutting down and abandoning module WidgetCarousel (200)
[2016.05.18-00.17.49:436][274]LogModuleManager: Shutting down and abandoning module AddContentDialog (199)
[2016.05.18-00.17.49:437][274]LogModuleManager: Shutting down and abandoning module GameplayTags (198)
[2016.05.18-00.17.49:437][274]LogModuleManager: Shutting down and abandoning module EditorWidgets (197)
[2016.05.18-00.17.49:437][274]LogModuleManager: Shutting down and abandoning module CollectionManager (196)
[2016.05.18-00.17.49:437][274]LogModuleManager: Shutting down and abandoning module StatsViewer (195)
[2016.05.18-00.17.49:437][274]LogModuleManager: Shutting down and abandoning module FoliageEdit (194)
[2016.05.18-00.17.49:437][274]LogModuleManager: Shutting down and abandoning module LandscapeEditor (193)
[2016.05.18-00.17.49:437][274]LogModuleManager: Shutting down and abandoning module ActorPickerMode (192)
[2016.05.18-00.17.49:437][274]LogModuleManager: Shutting down and abandoning module GeometryMode (191)
[2016.05.18-00.17.49:437][274]LogModuleManager: Shutting down and abandoning module TextureAlignMode (190)
[2016.05.18-00.17.49:438][274]LogModuleManager: Shutting down and abandoning module BspMode (189)
[2016.05.18-00.17.49:438][274]LogModuleManager: Shutting down and abandoning module PlacementMode (188)
[2016.05.18-00.17.49:438][274]LogModuleManager: Shutting down and abandoning module AutomationWorker (187)
[2016.05.18-00.17.49:438][274]LogModuleManager: Shutting down and abandoning module CharacterAI (186)
[2016.05.18-00.17.49:438][274]LogModuleManager: Shutting down and abandoning module SmartSnapping (185)
[2016.05.18-00.17.49:438][274]LogModuleManager: Shutting down and abandoning module ViewportSnapping (184)
[2016.05.18-00.17.49:438][274]LogModuleManager: Shutting down and abandoning module LogVisualizer (183)
[2016.05.18-00.17.49:438][274]LogModuleManager: Shutting down and abandoning module GameProjectGeneration (182)
[2016.05.18-00.17.49:438][274]LogModuleManager: Shutting down and abandoning module IntroTutorials (181)
[2016.05.18-00.17.49:438][274]LogModuleManager: Shutting down and abandoning module EditorLiveStreaming (180)
[2016.05.18-00.17.49:438][274]LogModuleManager: Shutting down and abandoning module IOSPlatformEditor (179)
[2016.05.18-00.17.49:438][274]LogModuleManager: Shutting down and abandoning module HTML5PlatformEditor (178)
[2016.05.18-00.17.49:438][274]LogModuleManager: Shutting down and abandoning module AndroidDeviceDetection (177)
[2016.05.18-00.17.49:643][274]LogModuleManager: Shutting down and abandoning module AndroidPlatformEditor (176)
[2016.05.18-00.17.49:643][274]LogModuleManager: Shutting down and abandoning module IOSRuntimeSettings (175)
[2016.05.18-00.17.49:643][274]LogModuleManager: Shutting down and abandoning module AndroidRuntimeSettings (174)
[2016.05.18-00.17.49:643][274]LogModuleManager: Shutting down and abandoning module MergeActors (173)
[2016.05.18-00.17.49:643][274]LogModuleManager: Shutting down and abandoning module SizeMap (172)
[2016.05.18-00.17.49:643][274]LogModuleManager: Shutting down and abandoning module TreeMap (171)
[2016.05.18-00.17.49:643][274]LogModuleManager: Shutting down and abandoning module ReferenceViewer (170)
[2016.05.18-00.17.49:643][274]LogModuleManager: Shutting down and abandoning module LocalizationService (169)
[2016.05.18-00.17.49:643][274]LogModuleManager: Shutting down and abandoning module LocalizationDashboard (168)
[2016.05.18-00.17.49:643][274]LogModuleManager: Shutting down and abandoning module HardwareTargeting (167)
[2016.05.18-00.17.49:643][274]LogModuleManager: Shutting down and abandoning module DeviceProfileEditor (166)
[2016.05.18-00.17.49:643][274]LogModuleManager: Shutting down and abandoning module UndoHistory (165)
[2016.05.18-00.17.49:643][274]LogModuleManager: Shutting down and abandoning module UserFeedback (164)
[2016.05.18-00.17.49:643][274]LogModuleManager: Shutting down and abandoning module XmlParser (163)
[2016.05.18-00.17.49:643][274]LogModuleManager: Shutting down and abandoning module Blutility (162)
[2016.05.18-00.17.49:643][274]LogModuleManager: Shutting down and abandoning module ProjectTargetPlatformEditor (161)
[2016.05.18-00.17.49:644][274]LogModuleManager: Shutting down and abandoning module ProjectSettingsViewer (160)
[2016.05.18-00.17.49:644][274]LogModuleManager: Shutting down and abandoning module InputBindingEditor (159)
[2016.05.18-00.17.49:644][274]LogModuleManager: Shutting down and abandoning module EditorSettingsViewer (158)
[2016.05.18-00.17.49:644][274]LogModuleManager: Shutting down and abandoning module SettingsEditor (157)
[2016.05.18-00.17.49:644][274]LogModuleManager: Shutting down and abandoning module ProjectLauncher (156)
[2016.05.18-00.17.49:644][274]LogModuleManager: Shutting down and abandoning module SessionFrontend (155)
[2016.05.18-00.17.49:644][274]LogModuleManager: Shutting down and abandoning module ProfilerClient (154)
[2016.05.18-00.17.49:644][274]LogModuleManager: Shutting down and abandoning module TargetDeviceServices (153)
[2016.05.18-00.17.49:644][274]LogModuleManager: Shutting down and abandoning module DeviceManager (152)
[2016.05.18-00.17.49:676][274]LogModuleManager: Shutting down and abandoning module AutomationController (151)
[2016.05.18-00.17.49:676][274]LogModuleManager: Shutting down and abandoning module AutomationWindow (150)
[2016.05.18-00.17.49:676][274]LogModuleManager: Shutting down and abandoning module Layers (149)
[2016.05.18-00.17.49:676][274]LogModuleManager: Shutting down and abandoning module ComponentVisualizers (148)
[2016.05.18-00.17.49:676][274]LogModuleManager: Shutting down and abandoning module DetailCustomizations (147)
[2016.05.18-00.17.49:676][274]LogModuleManager: Shutting down and abandoning module PackagesDialog (146)
[2016.05.18-00.17.49:676][274]LogModuleManager: Shutting down and abandoning module Persona (145)
[2016.05.18-00.17.49:676][274]LogModuleManager: Shutting down and abandoning module Kismet (144)
[2016.05.18-00.17.49:676][274]LogModuleManager: Shutting down and abandoning module GraphEditor (143)
[2016.05.18-00.17.49:676][274]LogModuleManager: Shutting down and abandoning module ClassViewer (142)
[2016.05.18-00.17.49:676][274]LogModuleManager: Shutting down and abandoning module Toolbox (141)
[2016.05.18-00.17.49:676][274]LogModuleManager: Shutting down and abandoning module ModuleUI (140)
[2016.05.18-00.17.49:676][274]LogModuleManager: Shutting down and abandoning module MovieSceneTools (139)
[2016.05.18-00.17.49:676][274]LogModuleManager: Shutting down and abandoning module OutputLog (138)
[2016.05.18-00.17.49:676][274]LogModuleManager: Shutting down and abandoning module GammaUI (137)
[2016.05.18-00.17.49:676][274]LogModuleManager: Shutting down and abandoning module Documentation (136)
[2016.05.18-00.17.49:676][274]LogModuleManager: Shutting down and abandoning module StreamingPauseRendering (135)
[2016.05.18-00.17.49:676][274]LogModuleManager: Shutting down and abandoning module AnalyticsET (134)
[2016.05.18-00.17.49:676][274]LogModuleManager: Shutting down and abandoning module Analytics (133)
[2016.05.18-00.17.49:676][274]LogModuleManager: Shutting down and abandoning module PortalServices (132)
[2016.05.18-00.17.49:676][274]LogModuleManager: Shutting down and abandoning module PortalRpc (131)
[2016.05.18-00.17.49:676][274]LogModuleManager: Shutting down and abandoning module MessagingRpc (130)
[2016.05.18-00.17.49:676][274]LogModuleManager: Shutting down and abandoning module AITestSuite (129)
[2016.05.18-00.17.49:676][274]LogModuleManager: Shutting down and abandoning module GameplayDebugger (128)
[2016.05.18-00.17.49:676][274]LogModuleManager: Shutting down and abandoning module AIModule (127)
[2016.05.18-00.17.49:676][274]LogModuleManager: Shutting down and abandoning module ProfilerService (126)
[2016.05.18-00.17.49:820][274]LogModuleManager: Shutting down and abandoning module TaskGraph (125)
[2016.05.18-00.17.49:820][274]LogModuleManager: Shutting down and abandoning module SlateRemote (124)
[2016.05.18-00.17.49:820][274]LogModuleManager: Shutting down and abandoning module SteamVRController (123)
[2016.05.18-00.17.49:820][274]LogModuleManager: Shutting down and abandoning module SteamVR (122)
[2016.05.18-00.17.49:820][274]LogModuleManager: Shutting down and abandoning module ProceduralMeshComponent (121)
[2016.05.18-00.17.49:820][274]LogModuleManager: Shutting down and abandoning module OculusLibrary (120)
[2016.05.18-00.17.49:820][274]LogModuleManager: Shutting down and abandoning module OculusInput (119)
[2016.05.18-00.17.49:820][274]LogModuleManager: Shutting down and abandoning module CustomMeshComponent (118)
[2016.05.18-00.17.49:820][274]LogModuleManager: Shutting down and abandoning module CableComponent (117)
[2016.05.18-00.17.49:820][274]LogModuleManager: Shutting down and abandoning module ArchVisCharacter (116)
[2016.05.18-00.17.49:820][274]LogModuleManager: Shutting down and abandoning module MediaPlayerEditor (115)
[2016.05.18-00.17.49:821][274]LogModuleManager: Shutting down and abandoning module HTML5Networking (114)
[2016.05.18-00.17.49:821][274]LogModuleManager: Shutting down and abandoning module SpeedTreeImporter (113)
[2016.05.18-00.17.49:821][274]LogModuleManager: Shutting down and abandoning module PluginBrowser (112)
[2016.05.18-00.17.49:821][274]LogModuleManager: Shutting down and abandoning module EpicSurvey (111)
[2016.05.18-00.17.49:821][274]LogModuleManager: Shutting down and abandoning module DesktopPlatform (110)
[2016.05.18-00.17.49:821][274]LogModuleManager: Shutting down and abandoning module VisualStudioSourceCodeAccess (109)
[2016.05.18-00.17.49:821][274]LogModuleManager: Shutting down and abandoning module UObjectPlugin (108)
[2016.05.18-00.17.49:821][274]LogModuleManager: Shutting down and abandoning module SubversionSourceControl (107)
[2016.05.18-00.17.49:821][274]LogModuleManager: Shutting down and abandoning module PerforceSourceControl (106)
[2016.05.18-00.17.49:821][274]LogModuleManager: Shutting down and abandoning module SourceControl (105)
[2016.05.18-00.17.49:821][274]LogModuleManager: Shutting down and abandoning module GitSourceControl (104)
[2016.05.18-00.17.49:821][274]LogModuleManager: Shutting down and abandoning module LightPropagationVolumeEditor (103)
[2016.05.18-00.17.49:821][274]LogModuleManager: Shutting down and abandoning module PaperTiledImporter (102)
[2016.05.18-00.17.49:821][274]LogModuleManager: Shutting down and abandoning module PaperSpriteSheetImporter (101)
[2016.05.18-00.17.49:821][274]LogModuleManager: Shutting down and abandoning module MeshPaint (100)
[2016.05.18-00.17.49:821][274]LogModuleManager: Shutting down and abandoning module HotReload (99)
[2016.05.18-00.17.49:821][274]LogModuleManager: Shutting down and abandoning module MainFrame (98)
[2016.05.18-00.17.49:821][274]LogModuleManager: Shutting down and abandoning module LevelEditor (97)
[2016.05.18-00.17.49:822][274]LogModuleManager: Shutting down and abandoning module DirectoryWatcher (96)
[2016.05.18-00.17.49:823][274]LogModuleManager: Shutting down and abandoning module AssetRegistry (95)
[2016.05.18-00.17.49:980][274]LogModuleManager: Shutting down and abandoning module ContentBrowser (94)
[2016.05.18-00.17.49:981][274]LogModuleManager: Shutting down and abandoning module Paper2DEditor (93)
[2016.05.18-00.17.49:981][274]LogModuleManager: Shutting down and abandoning module UdpMessaging (92)
[2016.05.18-00.17.50:082][274]LogModuleManager: Shutting down and abandoning module LightPropagationVolumeRuntime (91)
[2016.05.18-00.17.50:082][274]LogModuleManager: Shutting down and abandoning module Paper2D (90)
[2016.05.18-00.17.50:082][274]LogModuleManager: Shutting down and abandoning module WindowsMoviePlayer (89)
[2016.05.18-00.17.50:082][274]LogModuleManager: Shutting down and abandoning module Media (88)
[2016.05.18-00.17.50:082][274]LogModuleManager: Shutting down and abandoning module WmfMedia (87)
[2016.05.18-00.17.50:082][274]LogModuleManager: Shutting down and abandoning module MediaAssets (86)
[2016.05.18-00.17.50:082][274]LogModuleManager: Shutting down and abandoning module GameLiveStreaming (85)
[2016.05.18-00.17.50:082][274]LogModuleManager: Shutting down and abandoning module GameplayTagsEditor (84)
[2016.05.18-00.17.50:082][274]LogModuleManager: Shutting down and abandoning module OnlineBlueprintSupport (83)
[2016.05.18-00.17.50:082][274]LogModuleManager: Shutting down and abandoning module GameplayTasksEditor (82)
[2016.05.18-00.17.50:082][274]LogModuleManager: Shutting down and abandoning module PropertyEditor (81)
[2016.05.18-00.17.50:082][274]LogModuleManager: Shutting down and abandoning module BehaviorTreeEditor (80)
[2016.05.18-00.17.50:082][274]LogModuleManager: Shutting down and abandoning module FunctionalTesting (79)
[2016.05.18-00.17.50:082][274]LogModuleManager: Shutting down and abandoning module CollisionAnalyzer (78)
[2016.05.18-00.17.50:082][274]LogModuleManager: Shutting down and abandoning module WorkspaceMenuStructure (77)
[2016.05.18-00.17.50:082][274]LogModuleManager: Shutting down and abandoning module MessageLog (76)
[2016.05.18-00.17.50:082][274]LogModuleManager: Shutting down and abandoning module Sequencer (75)
[2016.05.18-00.17.50:082][274]LogModuleManager: Shutting down and abandoning module AssetTools (74)
[2016.05.18-00.17.50:082][274]LogModuleManager: Shutting down and abandoning module UMGEditor (73)
[2016.05.18-00.17.50:082][274]LogModuleManager: Shutting down and abandoning module UMG (72)
[2016.05.18-00.17.50:082][274]LogModuleManager: Shutting down and abandoning module SlateReflector (71)
[2016.05.18-00.17.50:083][274]LogModuleManager: Shutting down and abandoning module Slate (70)
[2016.05.18-00.17.50:083][274]LogModuleManager: Shutting down and abandoning module EditorStyle (69)
[2016.05.18-00.17.50:086][274]LogModuleManager: Shutting down and abandoning module SessionServices (68)
[2016.05.18-00.17.50:086][274]LogModuleManager: Shutting down and abandoning module SourceCodeAccess (67)
[2016.05.18-00.17.50:086][274]LogModuleManager: Shutting down and abandoning module HeadMountedDisplay (66)
[2016.05.18-00.17.50:086][274]LogModuleManager: Shutting down and abandoning module XAudio2 (65)
[2016.05.18-00.17.50:086][274]LogModuleManager: Shutting down and abandoning module Networking (63)
[2016.05.18-00.17.50:086][274]LogModuleManager: Shutting down and abandoning module Core (62)
[2016.05.18-00.17.50:086][274]LogModuleManager: Shutting down and abandoning module KismetCompiler (61)
[2016.05.18-00.17.50:086][274]LogModuleManager: Shutting down and abandoning module PhysXFormats (60)
[2016.05.18-00.17.50:086][274]LogModuleManager: Shutting down and abandoning module MeshUtilities (59)
[2016.05.18-00.17.50:086][274]LogModuleManager: Shutting down and abandoning module CookingStats (58)
[2016.05.18-00.17.50:087][274]LogModuleManager: Shutting down and abandoning module DerivedDataCache (57)
[2016.05.18-00.17.50:087][274]LogDerivedDataCache: Shutdown
[2016.05.18-00.17.50:087][274]LogModuleManager: Shutting down and abandoning module ShaderFormatOpenGL (56)
[2016.05.18-00.17.50:087][274]LogModuleManager: Shutting down and abandoning module ShaderFormatD3D (55)
[2016.05.18-00.17.50:087][274]LogModuleManager: Shutting down and abandoning module MetalShaderFormat (54)
[2016.05.18-00.17.50:087][274]LogModuleManager: Shutting down and abandoning module TextureFormatUncompressed (53)
[2016.05.18-00.17.50:087][274]LogModuleManager: Shutting down and abandoning module TextureFormatPVR (52)
[2016.05.18-00.17.50:087][274]LogModuleManager: Shutting down and abandoning module TextureFormatIntelISPCTexComp (51)
[2016.05.18-00.17.50:087][274]LogModuleManager: Shutting down and abandoning module TextureFormatDXT (50)
[2016.05.18-00.17.50:087][274]LogModuleManager: Shutting down and abandoning module ImageWrapper (49)
[2016.05.18-00.17.50:087][274]LogModuleManager: Shutting down and abandoning module TextureFormatASTC (48)
[2016.05.18-00.17.50:087][274]LogModuleManager: Shutting down and abandoning module TextureFormatAndroid (47)
[2016.05.18-00.17.50:087][274]LogModuleManager: Shutting down and abandoning module AudioFormatOpus (46)
[2016.05.18-00.17.50:087][274]LogModuleManager: Shutting down and abandoning module AudioFormatOgg (45)
[2016.05.18-00.17.50:087][274]LogModuleManager: Shutting down and abandoning module AudioFormatADPCM (44)
[2016.05.18-00.17.50:087][274]LogModuleManager: Shutting down and abandoning module LinuxTargetPlatform (43)
[2016.05.18-00.17.50:087][274]LogModuleManager: Shutting down and abandoning module LinuxServerTargetPlatform (42)
[2016.05.18-00.17.50:087][274]LogModuleManager: Shutting down and abandoning module LinuxNoEditorTargetPlatform (41)
[2016.05.18-00.17.50:087][274]LogModuleManager: Shutting down and abandoning module TVOSTargetPlatform (40)
[2016.05.18-00.17.50:087][274]LogModuleManager: Shutting down and abandoning module Messaging (39)
[2016.05.18-00.17.50:087][274]LogModuleManager: Shutting down and abandoning module IOSTargetPlatform (38)
[2016.05.18-00.17.50:087][274]LogModuleManager: Shutting down and abandoning module HTML5TargetPlatform (37)
[2016.05.18-00.17.50:087][274]LogModuleManager: Shutting down and abandoning module Android_PVRTCTargetPlatform (36)
[2016.05.18-00.17.50:087][274]LogModuleManager: Shutting down and abandoning module Android_MultiTargetPlatform (35)
[2016.05.18-00.17.50:087][274]LogModuleManager: Shutting down and abandoning module Android_ETC2TargetPlatform (34)
[2016.05.18-00.17.50:087][274]LogModuleManager: Shutting down and abandoning module Android_ETC1TargetPlatform (33)
[2016.05.18-00.17.50:087][274]LogModuleManager: Shutting down and abandoning module Android_DXTTargetPlatform (32)
[2016.05.18-00.17.50:087][274]LogModuleManager: Shutting down and abandoning module Android_ATCTargetPlatform (31)
[2016.05.18-00.17.50:087][274]LogModuleManager: Shutting down and abandoning module Android_ASTCTargetPlatform (30)
[2016.05.18-00.17.50:087][274]LogModuleManager: Shutting down and abandoning module AndroidTargetPlatform (29)
[2016.05.18-00.17.50:087][274]LogModuleManager: Shutting down and abandoning module WindowsTargetPlatform (28)
[2016.05.18-00.17.50:087][274]LogModuleManager: Shutting down and abandoning module WindowsServerTargetPlatform (27)
[2016.05.18-00.17.50:087][274]LogModuleManager: Shutting down and abandoning module WindowsNoEditorTargetPlatform (26)
[2016.05.18-00.17.50:087][274]LogModuleManager: Shutting down and abandoning module WindowsClientTargetPlatform (25)
[2016.05.18-00.17.50:087][274]LogModuleManager: Shutting down and abandoning module AllDesktopTargetPlatform (24)
[2016.05.18-00.17.50:087][274]LogModuleManager: Shutting down and abandoning module TargetPlatform (23)
[2016.05.18-00.17.50:087][274]LogModuleManager: Shutting down and abandoning module InputCore (22)
[2016.05.18-00.17.50:087][274]LogModuleManager: Shutting down and abandoning module Settings (21)
[2016.05.18-00.17.50:087][274]LogModuleManager: Shutting down and abandoning module OnlineSubsystem (19)
[2016.05.18-00.17.50:087][274]LogModuleManager: Shutting down and abandoning module HTTP (18)
[2016.05.18-00.17.51:589][274]LogModuleManager: Shutting down and abandoning module XMPP (17)
[2016.05.18-00.17.51:589][274]LogModuleManager: Shutting down and abandoning module OculusRift (16)
[2016.05.18-00.17.51:589][274]LogModuleManager: Shutting down and abandoning module ExampleDeviceProfileSelector (15)
[2016.05.18-00.17.51:589][274]LogModuleManager: Shutting down and abandoning module TextureCompressor (14)
[2016.05.18-00.17.51:589][274]LogModuleManager: Shutting down and abandoning module ShaderCore (13)
[2016.05.18-00.17.51:589][274]LogModuleManager: Shutting down and abandoning module Landscape (12)
[2016.05.18-00.17.51:589][274]LogModuleManager: Shutting down and abandoning module SlateRHIRenderer (11)
[2016.05.18-00.17.51:591][274]LogModuleManager: Shutting down and abandoning module OpenGLDrv (10)
[2016.05.18-00.17.51:591][274]LogModuleManager: Shutting down and abandoning module D3D11RHI (9)
[2016.05.18-00.17.51:591][274]LogModuleManager: Shutting down and abandoning module AnimGraphRuntime (8)
[2016.05.18-00.17.51:591][274]LogModuleManager: Shutting down and abandoning module Renderer (7)
[2016.05.18-00.17.51:591][274]LogModuleManager: Shutting down and abandoning module Engine (6)
[2016.05.18-00.17.51:591][274]LogModuleManager: Shutting down and abandoning module CoreUObject (5)
[2016.05.18-00.17.51:591][274]LogModuleManager: Shutting down and abandoning module NetworkFile (4)
[2016.05.18-00.17.51:591][274]LogModuleManager: Shutting down and abandoning module StreamingFile (3)
[2016.05.18-00.17.51:591][274]LogModuleManager: Shutting down and abandoning module SandboxFile (2)
[2016.05.18-00.17.51:591][274]LogModuleManager: Shutting down and abandoning module PakFile (1)
[2016.05.18-00.17.51:593][274]LogExit: Exiting.
[2016.05.18-00.17.51:595][274]Log file closed, 05/18/16 09:47:51
