Log file open, 05/18/16 19:17:45
LogInit:Display: Running engine for game: Effulgent
LogPlatformFile: Not using cached read wrapper
LogInit:Display: RandInit(1614248711) SRandInit(1614248712).
LogTaskGraph: Started task graph with 4 named threads and 7 total threads.
LogStats: Stats thread started at 0.074174
LogInit: Version: 4.11.2-2946394+++UE4+Release-4.11
LogInit: API Version: 2927265
LogInit: Compiled (64-bit): Apr 18 2016 02:18:46
LogInit: Compiled with Visual C++: 19.00.23026.00
LogInit: Build Configuration: Development
LogInit: Branch Name: ++UE4+Release-4.11
LogInit: Command line:  
LogInit: Base directory: D:/Program Files/Epic Games/4.11/Engine/Binaries/Win64/
LogInit: Installed Engine Build: 1
LogInit: Using libcurl 7.41.0
LogInit:  - built for x86_64-pc-win32
LogInit:  - supports SSL with WinSSL
LogInit:  - other features:
LogInit:      CURL_VERSION_SSL
LogInit:      CURL_VERSION_IPV6
LogInit:      CURL_VERSION_ASYNCHDNS
LogInit:      CURL_VERSION_LARGEFILE
LogInit:      CURL_VERSION_IDN
LogInit:  CurlRequestOptions (configurable via config and command line):
LogInit:  - bVerifyPeer = true  - Libcurl will verify peer certificate
LogInit:  - bUseHttpProxy = false  - Libcurl will NOT use HTTP proxy
LogInit:  - bDontReuseConnections = false  - Libcurl will reuse connections
LogInit:  - CertBundlePath = nullptr  - Libcurl will use whatever was configured at build time.
LogInit: Presizing for max 16777216 objects, including 0 objects not considered by GC, pre-allocating 0 bytes for permanent pool.
LogInit: Object subsystem initialized
[2016.05.18-09.47.45:181][  0]LogInit: Selected Device Profile: [Windows]
[2016.05.18-09.47.45:181][  0]LogInit: Applying CVar settings loaded from the selected device profile: [Windows]
[2016.05.18-09.47.45:253][  0]LogInit: Computer: SOVEREIGN
[2016.05.18-09.47.45:253][  0]LogInit: User: Caroline
[2016.05.18-09.47.45:253][  0]LogInit: CPU Page size=65536, Cores=4
[2016.05.18-09.47.45:253][  0]LogInit: High frequency timer resolution =2.338347 MHz
[2016.05.18-09.47.45:253][  0]LogMemory: Memory total: Physical=15.9GB (16GB approx)
[2016.05.18-09.47.45:253][  0]LogMemory: Platform Memory Stats for Windows
[2016.05.18-09.47.45:253][  0]LogMemory: Process Physical Memory: 313.10 MB used, 313.10 MB peak
[2016.05.18-09.47.45:253][  0]LogMemory: Process Virtual Memory: 315.00 MB used, 315.00 MB peak
[2016.05.18-09.47.45:253][  0]LogMemory: Physical Memory: 6329.02 MB used, 16302.99 MB total
[2016.05.18-09.47.45:253][  0]LogMemory: Virtual Memory: 638.79 MB used, 134217728.00 MB total
[2016.05.18-09.47.45:296][  0]LogTextLocalizationManager: No specific translations for ('en-AU') exist, so ('en') translations will be used.
[2016.05.18-09.47.45:808][  0]LogD3D11RHI: D3D11 adapters:
[2016.05.18-09.47.45:853][  0]LogD3D11RHI:    0. 'NVIDIA GeForce GTX 765M' (Feature Level 11_0)
[2016.05.18-09.47.45:853][  0]LogD3D11RHI:       1989MB of dedicated video memory, 0MB of dedicated system memory, and 8151MB of shared system memory, 1 output[s]
[2016.05.18-09.47.45:861][  0]LogD3D11RHI:    1. 'Intel(R) HD Graphics 4600' (Feature Level 11_0)
[2016.05.18-09.47.45:861][  0]LogD3D11RHI:       112MB of dedicated video memory, 0MB of dedicated system memory, and 8151MB of shared system memory, 0 output[s]
[2016.05.18-09.47.45:865][  0]LogD3D11RHI:    2. 'Microsoft Basic Render Driver' (Feature Level 11_0)
[2016.05.18-09.47.45:865][  0]LogD3D11RHI:       0MB of dedicated video memory, 0MB of dedicated system memory, and 8151MB of shared system memory, 0 output[s]
[2016.05.18-09.47.45:865][  0]LogD3D11RHI: Chosen D3D11 Adapter: 0
[2016.05.18-09.47.45:872][  0]LogD3D11RHI: Creating new Direct3DDevice
[2016.05.18-09.47.45:872][  0]LogD3D11RHI:     Adapter Name: NVIDIA GeForce GTX 765M
[2016.05.18-09.47.45:872][  0]LogD3D11RHI:   Driver Version: Unknown (internal Unknown)
[2016.05.18-09.47.45:872][  0]LogD3D11RHI:      Driver Date: Unknown
[2016.05.18-09.47.45:872][  0]LogRHI: Texture pool is 1361 MB (70% of 1945 MB)
[2016.05.18-09.47.45:889][  0]LogD3D11RHI: Async texture creation enabled
[2016.05.18-09.47.45:911][  0]LogShaderCompilers: Guid format shader working directory is 37 characters bigger than the processId version (F:/Effulgent/Intermediate/Shaders/WorkingDirectory/3532/).
[2016.05.18-09.47.45:911][  0]LogShaderCompilers: Cleaned the shader compiler working directory 'C:/Users/Caroline/AppData/Local/Temp/UnrealShaderWorkingDir/5E84EA334F024057DC8FB6A83479C84C/'.
[2016.05.18-09.47.45:911][  0]LogShaderCompilers:Display: Using Local Shader Compiler.
[2016.05.18-09.47.47:120][  0]LogTemp:Display: Loaded TP AllDesktopTargetPlatform
[2016.05.18-09.47.47:124][  0]LogTemp:Display: Loaded TP WindowsClientTargetPlatform
[2016.05.18-09.47.47:129][  0]LogTemp:Display: Loaded TP WindowsNoEditorTargetPlatform
[2016.05.18-09.47.47:133][  0]LogTemp:Display: Loaded TP WindowsServerTargetPlatform
[2016.05.18-09.47.47:138][  0]LogTemp:Display: Loaded TP WindowsTargetPlatform
[2016.05.18-09.47.47:142][  0]LogTemp:Display: Loaded TP AndroidTargetPlatform
[2016.05.18-09.47.47:147][  0]LogTemp:Display: Loaded TP Android_ASTCTargetPlatform
[2016.05.18-09.47.47:151][  0]LogTemp:Display: Loaded TP Android_ATCTargetPlatform
[2016.05.18-09.47.47:154][  0]LogTemp:Display: Loaded TP Android_DXTTargetPlatform
[2016.05.18-09.47.47:158][  0]LogTemp:Display: Loaded TP Android_ETC1TargetPlatform
[2016.05.18-09.47.47:162][  0]LogTemp:Display: Loaded TP Android_ETC2TargetPlatform
[2016.05.18-09.47.47:170][  0]LogTemp:Display: Loaded TP Android_MultiTargetPlatform
[2016.05.18-09.47.47:170][  0]LogTemp:Display: Loaded TP Android_PVRTCTargetPlatform
[2016.05.18-09.47.47:171][  0]LogTemp:Display: Loaded TP HTML5TargetPlatform
[2016.05.18-09.47.47:188][  0]LogTemp:Display: Loaded TP IOSTargetPlatform
[2016.05.18-09.47.47:192][  0]LogTemp:Display: Loaded TP TVOSTargetPlatform
[2016.05.18-09.47.47:197][  0]LogTemp:Display: Loaded TP LinuxNoEditorTargetPlatform
[2016.05.18-09.47.47:201][  0]LogTemp:Display: Loaded TP LinuxServerTargetPlatform
[2016.05.18-09.47.47:205][  0]LogTemp:Display: Loaded TP LinuxTargetPlatform
[2016.05.18-09.47.47:205][  0]LogTargetPlatformManager:Display: Building Assets For Windows
[2016.05.18-09.47.47:286][  0]LogDerivedDataCache:Display: Max Cache Size: 512 MB
[2016.05.18-09.47.47:343][  0]LogDerivedDataCache: Loaded boot cache 0.06s 46MB C:/Users/Caroline/AppData/Local/UnrealEngine/4.11/DerivedDataCache/Boot.ddc.
[2016.05.18-09.47.47:343][  0]LogDerivedDataCache:Display: Loaded Boot cache: C:/Users/Caroline/AppData/Local/UnrealEngine/4.11/DerivedDataCache/Boot.ddc
[2016.05.18-09.47.47:343][  0]LogDerivedDataCache: FDerivedDataBackendGraph:  Pak pak cache file F:/Effulgent/DerivedDataCache/DDC.ddp not found, will not use a pak cache.
[2016.05.18-09.47.47:343][  0]LogDerivedDataCache: Unable to find inner node Pak for hierarchical cache Hierarchy.
[2016.05.18-09.47.47:343][  0]LogDerivedDataCache: FDerivedDataBackendGraph:  CompressedPak pak cache file F:/Effulgent/DerivedDataCache/Compressed.ddp not found, will not use a pak cache.
[2016.05.18-09.47.47:343][  0]LogDerivedDataCache: Unable to find inner node CompressedPak for hierarchical cache Hierarchy.
[2016.05.18-09.47.47:363][  0]LogDerivedDataCache:Display: Pak cache opened for reading ../../../Engine/DerivedDataCache/Compressed.ddp.
[2016.05.18-09.47.47:375][  0]LogDerivedDataCache: Using Local data cache path C:/Users/Caroline/AppData/Local/UnrealEngine/Common/DerivedDataCache: Writable
[2016.05.18-09.47.47:571][  0]LogInit: Selected Device Profile: [Windows]
[2016.05.18-09.47.47:572][  0]LogContentStreaming: Texture pool size is 0.00 MB
[2016.05.18-09.47.47:685][  0]LogMaterial: Uniform references updated for custom material expression Custom.
[2016.05.18-09.47.47:836][  0]LogMeshUtilities: No automatic mesh reduction module available
[2016.05.18-09.47.47:836][  0]LogMeshUtilities: No automatic mesh merging module available
[2016.05.18-09.47.47:836][  0]LogMeshUtilities: No distributed automatic mesh merging module available
[2016.05.18-09.47.48:097][  0]LogUObjectArray: 27679 objects as part of root set at end of initial load.
[2016.05.18-09.47.48:097][  0]LogUObjectAllocator: 5591592 out of 0 bytes used by permanent object pool.
[2016.05.18-09.47.48:097][  0]LogUObjectArray: CloseDisregardForGC: 0/0 objects in disregard for GC pool
[2016.05.18-09.47.48:102][  0]LogInit: WinSock: version 1.1 (2.2), MaxSocks=32767, MaxUdp=65467
[2016.05.18-09.47.48:188][  0]LogSlate: SlateFontCache - WITH_FREETYPE: 1, WITH_HARFBUZZ: 1
[2016.05.18-09.47.48:188][  0]LogSlate: SlateFontCache - WITH_FREETYPE: 1, WITH_HARFBUZZ: 1
[2016.05.18-09.47.48:338][  0]LogStreaming:Warning: Failed to read file '../../../Engine/Content/Editor/Slate/Common/Selection_16x.png' error.
[2016.05.18-09.47.48:338][  0]LogSlate: Could not find file for Slate resource: ../../../Engine/Content/Editor/Slate/Common/Selection_16x.png
[2016.05.18-09.47.48:338][  0]LogStreaming:Warning: Failed to read file '../../../Engine/Content/Editor/Slate/Common/Selection_16x.png' error.
[2016.05.18-09.47.48:338][  0]LogSlate: Could not find file for Slate resource: ../../../Engine/Content/Editor/Slate/Common/Selection_16x.png
[2016.05.18-09.47.48:338][  0]LogStreaming:Warning: Failed to read file '../../../Engine/Content/Editor/Slate/Common/Selection_16x.png' error.
[2016.05.18-09.47.48:338][  0]LogSlate: Could not find file for Slate resource: ../../../Engine/Content/Editor/Slate/Common/Selection_16x.png
[2016.05.18-09.47.49:092][  0]LogUdpMessaging: Initializing bridge on interface 0.0.0.0:0 to multicast group 230.0.0.1:6666.
[2016.05.18-09.47.49:203][  0]LogAssetRegistry: FAssetRegistry took 0.0216 seconds to start up
[2016.05.18-09.47.49:615][  0]SourceControl: Info Source control is disabled
[2016.05.18-09.47.49:616][  0]SourceControl: Info Source control is disabled
[2016.05.18-09.47.49:626][  0]SourceControl: Info Source control is disabled
[2016.05.18-09.47.49:635][  0]SourceControl: Info Source control is disabled
[2016.05.18-09.47.49:780][  0]LogHMD: Failed to initialize OpenVR with code 110
[2016.05.18-09.47.49:861][  0]LogEngine: Initializing Engine...
[2016.05.18-09.47.50:017][  0]LogAIModule: Creating AISystem for world NewWorld
[2016.05.18-09.47.50:023][  0]LogInit: XAudio2 using 'Speakers (Realtek High Definition Audio)' : 2 channels at 48 kHz using 32 bits per sample (channel mask 0x3)
[2016.05.18-09.47.50:055][  0]LogInit: FAudioDevice initialized.
[2016.05.18-09.47.50:083][  0]LogDerivedDataCache: Saved boot cache 0.03s 46MB C:/Users/Caroline/AppData/Local/UnrealEngine/4.11/DerivedDataCache/Boot.ddc.
[2016.05.18-09.47.50:086][  0]LogInit: Texture streaming: Enabled
[2016.05.18-09.47.50:107][  0]LogInit: Transaction tracking system initialized
[2016.05.18-09.47.50:127][  0]BlueprintLog: New page: Editor Load
[2016.05.18-09.47.50:243][  0]LocalizationService: Info Localization service is disabled
[2016.05.18-09.47.50:491][  0]LogConsoleResponse:Display: 
[2016.05.18-09.47.50:608][  0]LogCook:Display: Max memory allowance for cook 8192mb
[2016.05.18-09.47.50:608][  0]LogCook:Display: Mobile HDR setting 1
[2016.05.18-09.47.50:608][  0]LogCook:Display: Done creating registry. It took  0.00s.
[2016.05.18-09.47.50:662][  0]LogFileCache: Scanning file cache for directory 'F:/Effulgent/Content/' took 0.02s
[2016.05.18-09.47.50:662][  0]SourceControl: Info Source control is disabled
[2016.05.18-09.47.50:662][  0]Cmd: MAP LOAD FILE="F:/Effulgent/Content/ThirdPersonBP/Maps/ThirdPersonExampleMap.umap" TEMPLATE=0 SHOWPROGRESS=1 FEATURELEVEL=3
[2016.05.18-09.47.50:663][  0]LightingResults: New page: Lighting Build
[2016.05.18-09.47.50:665][  0]MapCheck: New page: Map Check
[2016.05.18-09.47.50:665][  0]LightingResults: New page: Lighting Build
[2016.05.18-09.47.51:424][  0]LogAIModule: Creating AISystem for world ThirdPersonExampleMap
[2016.05.18-09.47.51:429][  0]LogPrimitiveComponent: Zero scaling not supported (/Game/ThirdPersonBP/Maps/ThirdPersonExampleMap.ThirdPersonExampleMap:PersistentLevel.Ground.StaticMeshComponent0)
[2016.05.18-09.47.51:432][  0]LogPrimitiveComponent: Zero scaling not supported (/Game/ThirdPersonBP/Maps/ThirdPersonExampleMap.ThirdPersonExampleMap:PersistentLevel.Cylinder_145.StaticMeshComponent0)
[2016.05.18-09.47.51:432][  0]LogPrimitiveComponent: Zero scaling not supported (/Game/ThirdPersonBP/Maps/ThirdPersonExampleMap.ThirdPersonExampleMap:PersistentLevel.Cylinder2.StaticMeshComponent0)
[2016.05.18-09.47.51:434][  0]LogPrimitiveComponent: Zero scaling not supported (/Game/ThirdPersonBP/Maps/ThirdPersonExampleMap.ThirdPersonExampleMap:PersistentLevel.Cylinder3_104.StaticMeshComponent0)
[2016.05.18-09.47.51:442][  0]LogPrimitiveComponent: Zero scaling not supported (/Game/ThirdPersonBP/Maps/ThirdPersonExampleMap.ThirdPersonExampleMap:PersistentLevel.Cube_21.StaticMeshComponent0)
[2016.05.18-09.47.51:442][  0]LogPrimitiveComponent: Zero scaling not supported (/Game/ThirdPersonBP/Maps/ThirdPersonExampleMap.ThirdPersonExampleMap:PersistentLevel.Cube2.StaticMeshComponent0)
[2016.05.18-09.47.51:443][  0]LogPrimitiveComponent: Zero scaling not supported (/Game/ThirdPersonBP/Maps/ThirdPersonExampleMap.ThirdPersonExampleMap:PersistentLevel.Cube3_94.StaticMeshComponent0)
[2016.05.18-09.47.51:443][  0]LogPrimitiveComponent: Zero scaling not supported (/Game/ThirdPersonBP/Maps/ThirdPersonExampleMap.ThirdPersonExampleMap:PersistentLevel.Cube4.StaticMeshComponent0)
[2016.05.18-09.47.51:444][  0]LogPrimitiveComponent: Zero scaling not supported (/Game/ThirdPersonBP/Maps/ThirdPersonExampleMap.ThirdPersonExampleMap:PersistentLevel.Cube13_47.StaticMeshComponent0)
[2016.05.18-09.47.51:444][  0]LogPrimitiveComponent: Zero scaling not supported (/Game/ThirdPersonBP/Maps/ThirdPersonExampleMap.ThirdPersonExampleMap:PersistentLevel.Cylinder4_60.StaticMeshComponent0)
[2016.05.18-09.47.51:444][  0]LogPrimitiveComponent: Zero scaling not supported (/Game/ThirdPersonBP/Maps/ThirdPersonExampleMap.ThirdPersonExampleMap:PersistentLevel.Cylinder5.StaticMeshComponent0)
[2016.05.18-09.47.51:470][  0]LogEditorServer: Finished looking for orphan Actors (0.000 secs)
[2016.05.18-09.47.51:471][  0]Cmd: MAP CHECKDEP NOCLEARLOG
[2016.05.18-09.47.51:537][  0]MapCheck: Info Map check complete: 0 Error(s), 0 Warning(s), took 64.803ms to complete.
[2016.05.18-09.47.51:537][  0]LogFileHelpers: Loading map 'ThirdPersonExampleMap' took 0.874
[2016.05.18-09.47.51:671][  0]LogCollectionManager: Loaded 0 collections in 0.001184 seconds
[2016.05.18-09.47.51:711][  0]LogFileCache: Scanning file cache for directory 'F:/Effulgent/Saved/Collections/' took 0.01s
[2016.05.18-09.47.51:711][  0]LogFileCache: Scanning file cache for directory 'F:/Effulgent/Content/Developers/Caroline/Collections/' took 0.01s
[2016.05.18-09.47.51:711][  0]LogFileCache: Scanning file cache for directory 'F:/Effulgent/Content/Collections/' took 0.01s
[2016.05.18-09.47.51:711][  0]LogCollectionManager: Rebuilt the GUID cache for 0 collections in 0.000003 seconds
[2016.05.18-09.47.51:721][  0]LogContentBrowser: Native class hierarchy populated in 0.0095 seconds. Added 1979 classes and 343 folders.
[2016.05.18-09.47.51:724][  0]LogStats: UGameplayTagsManager::ConstructGameplayTagTree: Construct from data asset -  0.000 s
[2016.05.18-09.47.51:724][  0]LogStats: UGameplayTagsManager::ConstructGameplayTagTree: GameplayTagTreeChangedEvent.Broadcast -  0.000 s
[2016.05.18-09.47.51:726][  0]LogContentBrowser: Native class hierarchy updated for 'GameplayTags' in 0.0015 seconds. Added 12 classes and 0 folders.
[2016.05.18-09.47.51:730][  0]LogContentBrowser: Native class hierarchy updated for 'WidgetCarousel' in 0.0013 seconds. Added 0 classes and 0 folders.
[2016.05.18-09.47.51:737][  0]LogContentBrowser: Native class hierarchy updated for 'SuperSearch' in 0.0013 seconds. Added 1 classes and 2 folders.
[2016.05.18-09.47.51:809][  0]LogContentBrowser: Native class hierarchy updated for 'AddContentDialog' in 0.0019 seconds. Added 0 classes and 0 folders.
[2016.05.18-09.47.51:814][  0]LogContentBrowser: Native class hierarchy updated for 'SceneOutliner' in 0.0013 seconds. Added 1 classes and 2 folders.
[2016.05.18-09.47.51:833][  0]LogCrashTracker: Crashtracker disabled due to settings.
[2016.05.18-09.47.51:838][  0]LogUObjectGlobals:Warning: Failed to find object 'Class None.'
[2016.05.18-09.47.51:864][  0]LogContentBrowser: Native class hierarchy updated for 'HierarchicalLODOutliner' in 0.0014 seconds. Added 1 classes and 2 folders.
[2016.05.18-09.47.51:864][  0]LogLoad: Full Startup: 7.97 seconds (BP compile: 0.06 seconds)
[2016.05.18-09.47.51:864][  0]LogExternalProfiler:Warning: No registered external profiler was matched with a command-line switch (or the DLL could not be loaded).  External profiling features will not be available.
[2016.05.18-09.47.51:883][  0]LogOcInput: OculusInput pre-init called
[2016.05.18-09.47.51:944][  0]LogContentStreaming: Texture pool size now 200 MB
[2016.05.18-09.47.52:122][  0]LogRenderer: Reallocating scene render targets to support 1044x576 (Frame:2).
[2016.05.18-09.47.52:316][  2]LogAssetRegistry: Asset discovery search completed in 3.1344 seconds
[2016.05.18-09.47.52:316][  2]LogCollectionManager: Rebuilt the object cache for 0 collections in 0.000001 seconds (found 0 objects)
[2016.05.18-09.47.52:316][  2]LogCollectionManager: Fixed up redirectors for 0 collections in 0.000024 seconds (updated 0 objects)
[2016.05.18-09.47.58:936][196]LogAIModule: Creating AISystem for world EffulgentW1
[2016.05.18-09.47.58:940][196]LogParticles:Warning: InitializeSystem called on an unregistered component. Template=/Game/CrumblingRuins/Torch/P_Torch.P_Torch Component=/Game/World1/EffulgentW1.EffulgentW1:PersistentLevel.P_Torch_2.ParticleSystemComponent0
[2016.05.18-09.47.58:940][196]LogParticles:Warning: InitializeSystem called on an unregistered component. Template=/Game/CrumblingRuins/Torch/P_Torch.P_Torch Component=/Game/World1/EffulgentW1.EffulgentW1:PersistentLevel.P_Torch2_5.ParticleSystemComponent0
[2016.05.18-09.47.58:940][196]LogParticles:Warning: InitializeSystem called on an unregistered component. Template=/Game/CrumblingRuins/Torch/P_Torch.P_Torch Component=/Game/World1/EffulgentW1.EffulgentW1:PersistentLevel.P_Torch3_8.ParticleSystemComponent0
[2016.05.18-09.47.58:940][196]LogParticles:Warning: InitializeSystem called on an unregistered component. Template=/Game/CrumblingRuins/Torch/P_Torch.P_Torch Component=/Game/World1/EffulgentW1.EffulgentW1:PersistentLevel.P_Torch4_11.ParticleSystemComponent0
[2016.05.18-09.47.58:944][196]LogParticles:Warning: InitializeSystem called on an unregistered component. Template=/Game/CrumblingRuins/Torch/P_Torch.P_Torch Component=/Game/World1/EffulgentW1.EffulgentW1:PersistentLevel.P_Torch5_2.ParticleSystemComponent0
[2016.05.18-09.47.58:994][196]Cmd: MAP LOAD FILE="F:/Effulgent/Content/World1/EffulgentW1.umap" TEMPLATE=0 SHOWPROGRESS=1 FEATURELEVEL=3
[2016.05.18-09.47.58:994][196]LightingResults: New page: Lighting Build
[2016.05.18-09.47.59:025][196]LoadErrors: New page: Loading map: EffulgentW1.umap
[2016.05.18-09.47.59:032][196]MapCheck: New page: Map Check
[2016.05.18-09.47.59:032][196]LightingResults: New page: Lighting Build
[2016.05.18-09.47.59:048][196]LogPrimitiveComponent: Zero scaling not supported (/Game/World1/EffulgentW1.EffulgentW1:PersistentLevel.Ground.StaticMeshComponent0)
[2016.05.18-09.47.59:050][196]LogPrimitiveComponent: Zero scaling not supported (/Game/World1/EffulgentW1.EffulgentW1:PersistentLevel.Cylinder_145.StaticMeshComponent0)
[2016.05.18-09.47.59:050][196]LogPrimitiveComponent: Zero scaling not supported (/Game/World1/EffulgentW1.EffulgentW1:PersistentLevel.Cylinder2.StaticMeshComponent0)
[2016.05.18-09.47.59:052][196]LogPrimitiveComponent: Zero scaling not supported (/Game/World1/EffulgentW1.EffulgentW1:PersistentLevel.Cylinder3_104.StaticMeshComponent0)
[2016.05.18-09.47.59:059][196]LogPrimitiveComponent: Zero scaling not supported (/Game/World1/EffulgentW1.EffulgentW1:PersistentLevel.Cube_21.StaticMeshComponent0)
[2016.05.18-09.47.59:059][196]LogPrimitiveComponent: Zero scaling not supported (/Game/World1/EffulgentW1.EffulgentW1:PersistentLevel.Cube2.StaticMeshComponent0)
[2016.05.18-09.47.59:059][196]LogPrimitiveComponent: Zero scaling not supported (/Game/World1/EffulgentW1.EffulgentW1:PersistentLevel.Cube3_94.StaticMeshComponent0)
[2016.05.18-09.47.59:060][196]LogPrimitiveComponent: Zero scaling not supported (/Game/World1/EffulgentW1.EffulgentW1:PersistentLevel.Cube4.StaticMeshComponent0)
[2016.05.18-09.47.59:060][196]LogPrimitiveComponent: Zero scaling not supported (/Game/World1/EffulgentW1.EffulgentW1:PersistentLevel.Cube13_47.StaticMeshComponent0)
[2016.05.18-09.47.59:060][196]LogPrimitiveComponent: Zero scaling not supported (/Game/World1/EffulgentW1.EffulgentW1:PersistentLevel.Cylinder4_60.StaticMeshComponent0)
[2016.05.18-09.47.59:060][196]LogPrimitiveComponent: Zero scaling not supported (/Game/World1/EffulgentW1.EffulgentW1:PersistentLevel.Cylinder5.StaticMeshComponent0)
[2016.05.18-09.47.59:063][196]LogPrimitiveComponent: Zero scaling not supported (/Game/World1/EffulgentW1.EffulgentW1:PersistentLevel.Cube22_175.StaticMeshComponent0)
[2016.05.18-09.47.59:064][196]LogPrimitiveComponent: Zero scaling not supported (/Game/World1/EffulgentW1.EffulgentW1:PersistentLevel.BurtReynoldsBase.StaticMeshComponent0)
[2016.05.18-09.47.59:064][196]LogPhysics:Warning: AddConvexElemsToRigidActor: ConvexElem is missing ConvexMesh (3: /Game/CrumblingRuins/SM_WallChunk_03.SM_WallChunk_03:BodySetup_131)
[2016.05.18-09.47.59:064][196]LogPhysics:Warning: AddConvexElemsToRigidActor: ConvexElem is missing ConvexMesh (3: /Game/CrumblingRuins/SM_WallChunk_03.SM_WallChunk_03:BodySetup_131)
[2016.05.18-09.47.59:112][196]LogEditorServer: Finished looking for orphan Actors (0.000 secs)
[2016.05.18-09.47.59:139][196]Cmd: MAP CHECKDEP NOCLEARLOG
[2016.05.18-09.47.59:204][196]MapCheck: Info Map check complete: 0 Error(s), 0 Warning(s), took 64.781ms to complete.
[2016.05.18-09.47.59:205][196]LogFileHelpers: Loading map 'EffulgentW1' took 0.212
[2016.05.18-09.48.28:902][861]LogAIModule: Creating AISystem for world EffulgentW2
[2016.05.18-09.48.28:928][861]Cmd: MAP LOAD FILE="F:/Effulgent/Content/World1/EffulgentW2.umap" TEMPLATE=0 SHOWPROGRESS=1 FEATURELEVEL=3
[2016.05.18-09.48.28:928][861]LightingResults: New page: Lighting Build
[2016.05.18-09.48.28:954][861]LoadErrors: New page: Loading map: EffulgentW2.umap
[2016.05.18-09.48.28:959][861]MapCheck: New page: Map Check
[2016.05.18-09.48.28:959][861]LightingResults: New page: Lighting Build
[2016.05.18-09.48.28:980][861]LogPrimitiveComponent: Zero scaling not supported (/Game/World1/EffulgentW2.EffulgentW2:PersistentLevel.Cube7_5.StaticMeshComponent0)
[2016.05.18-09.48.28:980][861]LogPrimitiveComponent: Zero scaling not supported (/Game/World1/EffulgentW2.EffulgentW2:PersistentLevel.Cube8_4.StaticMeshComponent0)
[2016.05.18-09.48.29:015][861]LogEditorServer: Finished looking for orphan Actors (0.000 secs)
[2016.05.18-09.48.29:041][861]Cmd: MAP CHECKDEP NOCLEARLOG
[2016.05.18-09.48.29:106][861]MapCheck: Info Map check complete: 0 Error(s), 0 Warning(s), took 64.949ms to complete.
[2016.05.18-09.48.29:106][861]LogFileHelpers: Loading map 'EffulgentW2' took 0.180
[2016.05.18-09.50.08:713][317]LogEditorViewport: Clicking on Actor (LMB): StaticMeshActor (Cube3)
[2016.05.18-09.50.18:274][499]LogAIModule: Creating AISystem for world Old
[2016.05.18-09.50.18:300][499]Cmd: MAP LOAD FILE="F:/Effulgent/Content/World1/Old.umap" TEMPLATE=0 SHOWPROGRESS=1 FEATURELEVEL=3
[2016.05.18-09.50.18:301][499]LightingResults: New page: Lighting Build
[2016.05.18-09.50.18:327][499]LoadErrors: New page: Loading map: Old.umap
[2016.05.18-09.50.18:330][499]MapCheck: New page: Map Check
[2016.05.18-09.50.18:330][499]LightingResults: New page: Lighting Build
[2016.05.18-09.50.18:343][499]LogPrimitiveComponent: Zero scaling not supported (/Game/World1/Old.Old:PersistentLevel.Ground.StaticMeshComponent0)
[2016.05.18-09.50.18:344][499]LogPrimitiveComponent: Zero scaling not supported (/Game/World1/Old.Old:PersistentLevel.Cylinder_145.StaticMeshComponent0)
[2016.05.18-09.50.18:344][499]LogPrimitiveComponent: Zero scaling not supported (/Game/World1/Old.Old:PersistentLevel.Cube2.StaticMeshComponent0)
[2016.05.18-09.50.18:344][499]LogPrimitiveComponent: Zero scaling not supported (/Game/World1/Old.Old:PersistentLevel.Cube3.StaticMeshComponent0)
[2016.05.18-09.50.18:344][499]LogPrimitiveComponent: Zero scaling not supported (/Game/World1/Old.Old:PersistentLevel.Cube4.StaticMeshComponent0)
[2016.05.18-09.50.18:345][499]LogPrimitiveComponent: Zero scaling not supported (/Game/World1/Old.Old:PersistentLevel.Cylinder2.StaticMeshComponent0)
[2016.05.18-09.50.18:346][499]LogPrimitiveComponent: Zero scaling not supported (/Game/World1/Old.Old:PersistentLevel.EndLevel1.StaticMeshComponent0)
[2016.05.18-09.50.18:346][499]LogPrimitiveComponent: Zero scaling not supported (/Game/World1/Old.Old:PersistentLevel.Cylinder3_388.StaticMeshComponent0)
[2016.05.18-09.50.18:348][499]LogPrimitiveComponent: Zero scaling not supported (/Game/World1/Old.Old:PersistentLevel.Cube_529.StaticMeshComponent0)
[2016.05.18-09.50.18:357][499]LogEditorServer: Finished looking for orphan Actors (0.000 secs)
[2016.05.18-09.50.18:383][499]Cmd: MAP CHECKDEP NOCLEARLOG
[2016.05.18-09.50.18:449][499]MapCheck: Info Map check complete: 0 Error(s), 0 Warning(s), took 65.818ms to complete.
[2016.05.18-09.50.18:449][499]LogFileHelpers: Loading map 'Old' took 0.151
[2016.05.18-09.50.26:280][651]LogTexture:Display: Building textures: T_LMagic_Smoke_9x9_01 (AutoDXT)
[2016.05.18-09.50.32:192][651]LogMaterial: Missing cached shader map for material M_LMagic_Fire_UV_9x9, compiling. 
[2016.05.18-09.50.32:585][651]LogMaterial: Missing cached shader map for material M_LMagic_Fire_UV_9x9, compiling. 
[2016.05.18-09.50.32:763][651]LogTexture:Display: Building textures: T_LMagic_Fire_11x11_01 (AutoDXT)
[2016.05.18-09.50.34:087][651]LogStaticMesh: Building static mesh SM_LMagic_WaterDropFront_01...
[2016.05.18-09.50.34:154][651]LogStaticMesh: Built static mesh [0.07s] /Game/Luos4Elements/StaticMeshes/Aqua/SM_LMagic_WaterDropFront_01.SM_LMagic_WaterDropFront_01
[2016.05.18-09.50.34:158][651]LogStaticMesh: Building static mesh SM_LMagic_WaterDrop_01...
[2016.05.18-09.50.34:177][651]LogStaticMesh: Built static mesh [0.02s] /Game/Luos4Elements/StaticMeshes/Aqua/SM_LMagic_WaterDrop_01.SM_LMagic_WaterDrop_01
[2016.05.18-09.50.34:469][651]LogTexture:Display: Building textures: Cobble2_A (AutoDXT)
[2016.05.18-09.50.38:428][651]LogTexture:Display: Building textures: T_LMagic_Clouds_Masks_01 (AutoDXT)
[2016.05.18-09.50.38:707][651]LogTexture:Display: Building textures: T__LMagic_Cyclone_Mask_01 (AutoDXT)
[2016.05.18-09.50.38:746][651]LogMaterial: Missing cached shader map for material M_LMagic_Cyclone_01, compiling. 
[2016.05.18-09.50.39:057][651]LogTexture:Display: Building textures: Cliff-01_S-G-AO-H (AutoDXT)
[2016.05.18-09.50.42:847][651]LogTexture:Display: Building textures: Cliff-02_ALB (AutoDXT)
[2016.05.18-09.50.47:032][651]LogTexture:Display: Building textures: Cliff-02_NRM (BC5)
[2016.05.18-09.50.47:787][651]LogTexture:Display: Building textures: Cliff-02_S-G-AO-H (AutoDXT)
[2016.05.18-09.50.50:957][651]LogTexture:Display: Building textures: Cliff-01_NRM (BC5)
[2016.05.18-09.50.51:708][651]LogTexture:Display: Building textures: Cliff-01_ALB (AutoDXT)
[2016.05.18-09.50.55:347][651]LogTexture:Display: Building textures: Cobble2_N (BC5)
[2016.05.18-09.50.56:133][651]LogTexture:Display: Building textures: Cobble2_S-G-AO-H (AutoDXT)
[2016.05.18-09.50.59:109][651]LogMaterial: Missing cached shader map for material M_LMagic_subUVSetup_01, compiling. 
[2016.05.18-09.50.59:434][651]LogTexture:Display: Building textures: Herringbone-Floor-01_S-G-AO-H (AutoDXT)
[2016.05.18-09.51.03:275][651]LogTexture:Display: Building textures: New-Cobblestone_A (AutoDXT)
[2016.05.18-09.51.07:149][651]LogTexture:Display: Building textures: New-Cobblestone_N (BC5)
[2016.05.18-09.51.07:893][651]LogTexture:Display: Building textures: New-Cobblestone_S (AutoDXT)
[2016.05.18-09.51.11:087][651]LogTexture:Display: Building textures: Debris-01_ALB (AutoDXT)
[2016.05.18-09.51.14:553][651]LogTexture:Display: Building textures: Debris-01_NRM (BC5)
[2016.05.18-09.51.15:334][651]LogTexture:Display: Building textures: Debris-01_S-G-AO-H (AutoDXT)
[2016.05.18-09.51.18:514][651]LogTexture:Display: Building textures: Debris-02_ALB (AutoDXT)
[2016.05.18-09.51.21:827][651]LogTexture:Display: Building textures: Debris-02_NRM (BC5)
[2016.05.18-09.51.22:624][651]LogTexture:Display: Building textures: Debris-02_S-G-AO-H (AutoDXT)
[2016.05.18-09.51.25:605][651]LogTexture:Display: Building textures: OrientParticle (AutoDXT)
[2016.05.18-09.51.27:837][651]LogTexture:Display: Building textures: T_Water1_Norm (BC5)
[2016.05.18-09.51.27:995][651]LogTexture:Display: Building textures: T_Lmagic_WaterMask_01 (AutoDXT)
[2016.05.18-09.51.28:572][651]LogMaterial: Missing cached shader map for material M_LMagic_Water_Splashes_01, compiling. 
[2016.05.18-09.51.28:927][651]LogTexture:Display: Building textures: T_LMagic_Water_Droplets_01 (AutoDXT)
[2016.05.18-09.51.32:482][651]LogMaterial: Missing cached shader map for material M_LMagic_Water_Drops_01, compiling. 
[2016.05.18-09.51.32:583][651]LogTexture:Display: Building textures: T_Water_Blobbing_01 (AutoDXT)
[2016.05.18-09.51.32:759][651]LogMaterial: Missing cached shader map for material M_LMagic_WaterFresnel_01, compiling. 
[2016.05.18-09.51.32:793][651]LogMaterial: Missing cached shader map for material M_LMagic_Water_01, compiling. 
[2016.05.18-09.51.32:868][651]LogTexture:Display: Building textures: ThumbnailTexture (DXT1)
[2016.05.18-09.51.33:301][651]LogTexture:Display: Building textures: Herringbone-Floor-01_NRM (BC5)
[2016.05.18-09.51.34:232][651]LogTexture:Display: Building textures: OldStoneGround-03_ALB (AutoDXT)
[2016.05.18-09.51.38:586][651]LogTexture:Display: Building textures: OldStoneGround-03_NRM (BC5)
[2016.05.18-09.51.39:531][651]LogTexture:Display: Building textures: OldStoneGround-03_S-G-AO-H (AutoDXT)
[2016.05.18-09.51.43:232][651]LogTexture:Display: Building textures: Herringbone-Floor-01_ALB (AutoDXT)
[2016.05.18-09.51.47:156][651]LogMaterial: Missing cached shader map for material M_tinyDot_01, compiling. 
[2016.05.18-09.51.47:174][651]LogMaterial: Missing cached shader map for material M_LMagic_dust_01, compiling. 
[2016.05.18-09.51.47:276][651]LogTexture:Display: Building textures: T_LMagic_Water_01 (AutoDXT)
[2016.05.18-09.51.48:424][651]LogTexture:Display: Building textures: T_Wind_Def_01_Mask (AutoDXT)
[2016.05.18-09.51.49:478][651]LogMaterial: Missing cached shader map for material M_LMagic_Wind_Def_01, compiling. 
[2016.05.18-09.51.49:515][651]LogTexture:Display: Building textures: T_Wind_Def_02_Mask (AutoDXT)
[2016.05.18-09.51.49:790][651]LogMaterial: Missing cached shader map for material M_LMagic_Wind_Def_01, compiling. 
[2016.05.18-09.51.50:001][651]LogTexture:Display: Building textures: T_Wind_Atk_01a (AutoDXT)
[2016.05.18-09.51.50:973][651]LogMaterial: Missing cached shader map for material M_LMagic_Wind_Atk_01, compiling. 
[2016.05.18-09.51.50:988][651]LogMaterial: Missing cached shader map for material M_LMagic_Wind_Atk_01, compiling. 
[2016.05.18-09.51.51:015][651]LogTexture:Display: Building textures: ThumbnailTexture (DXT1)
[2016.05.18-09.51.51:396][651]LogTexture:Display: Building textures: Stonewall-01_ALB (AutoDXT)
[2016.05.18-09.51.55:559][651]LogTexture:Display: Building textures: Stonewall-01_NRM (BC5)
[2016.05.18-09.51.56:519][651]LogTexture:Display: Building textures: Stonewall-01_S-G-AO-H (AutoDXT)
[2016.05.18-09.52.00:388][651]LogTexture:Display: Building textures: OldWall_NRM (BC5)
[2016.05.18-09.52.01:333][651]LogTexture:Display: Building textures: OldWall_S-G-AO-H (AutoDXT)
[2016.05.18-09.52.05:155][651]LogTexture:Display: Building textures: T_Earth_def_01_Albedo (AutoDXT)
[2016.05.18-09.52.08:755][651]LogTexture:Display: Building textures: T_Earth_def_01_Normal (BC5)
[2016.05.18-09.52.09:557][651]LogTexture:Display: Building textures: T_Earth_def_01_Roughness (AutoDXT)
[2016.05.18-09.52.12:890][651]LogMaterial: Missing cached shader map for material M_LMagic_Earth_01, compiling. 
[2016.05.18-09.52.12:945][651]LogMaterial: Missing cached shader map for material M_LMagic_Fire_Ribbon_01, compiling. 
[2016.05.18-09.52.15:198][651]LogMaterial: Missing cached shader map for material M_LMagic_Firecore_01, compiling. 
[2016.05.18-09.52.15:237][651]LogStaticMesh: Building static mesh OverviewMap-Sphere...
[2016.05.18-09.52.15:310][651]LogStaticMesh: Built static mesh [0.07s] /Game/SculptedTex01/Overview-Map/OverviewMap-Sphere.OverviewMap-Sphere
[2016.05.18-09.52.15:338][651]LogTexture:Display: Building textures: ThumbnailTexture (DXT1)
[2016.05.18-09.52.15:417][651]LogStaticMesh: Building static mesh SM_LMagic_Earth_Shard_03...
[2016.05.18-09.52.15:418][651]LogStaticMesh: Built static mesh [0.00s] /Game/Luos4Elements/StaticMeshes/Earth/SM_LMagic_Earth_Shard_03.SM_LMagic_Earth_Shard_03
[2016.05.18-09.52.15:418][651]LogStaticMesh: Building static mesh SM_LMagic_Earth_Shard_02...
[2016.05.18-09.52.15:419][651]LogStaticMesh: Built static mesh [0.00s] /Game/Luos4Elements/StaticMeshes/Earth/SM_LMagic_Earth_Shard_02.SM_LMagic_Earth_Shard_02
[2016.05.18-09.52.15:419][651]LogStaticMesh: Building static mesh SM_LMagic_Earth_Shard_01...
[2016.05.18-09.52.15:420][651]LogStaticMesh: Built static mesh [0.00s] /Game/Luos4Elements/StaticMeshes/Earth/SM_LMagic_Earth_Shard_01.SM_LMagic_Earth_Shard_01
[2016.05.18-09.52.15:442][651]LogTexture:Display: Building textures: ThumbnailTexture (DXT1)
[2016.05.18-09.52.15:567][651]LogTexture:Display: Building textures: ThumbnailTexture (DXT1)
[2016.05.18-09.52.15:669][651]LogStaticMesh: Building static mesh SM_LMagic_Earth_Shard_04...
[2016.05.18-09.52.15:670][651]LogStaticMesh: Built static mesh [0.00s] /Game/Luos4Elements/StaticMeshes/Earth/SM_LMagic_Earth_Shard_04.SM_LMagic_Earth_Shard_04
[2016.05.18-09.52.15:674][651]LogMaterial: Missing cached shader map for material T_BricksAndStones_Mat, compiling. 
[2016.05.18-09.52.15:975][651]LogTexture:Display: Building textures: OldWall_ALB (AutoDXT)
[2016.05.18-09.52.19:899][651]LogStaticMesh: Building static mesh SM_LMagic_Flat_Circle_01...
[2016.05.18-09.52.19:902][651]LogStaticMesh: Built static mesh [0.00s] /Game/Luos4Elements/StaticMeshes/Wind/SM_LMagic_Flat_Circle_01.SM_LMagic_Flat_Circle_01
[2016.05.18-09.52.19:902][651]LogStaticMesh: Building static mesh SM_LMagic_Cyclone_01...
[2016.05.18-09.52.19:925][651]LogStaticMesh: Built static mesh [0.02s] /Game/Luos4Elements/StaticMeshes/Wind/SM_LMagic_Cyclone_01.SM_LMagic_Cyclone_01
[2016.05.18-09.52.19:928][651]LogStaticMesh: Building static mesh SM_LMagic_Wind_Partial_Circle_01...
[2016.05.18-09.52.19:932][651]LogStaticMesh: Built static mesh [0.00s] /Game/Luos4Elements/StaticMeshes/Wind/SM_LMagic_Wind_Partial_Circle_01.SM_LMagic_Wind_Partial_Circle_01
[2016.05.18-09.52.19:945][651]LogAIModule: Creating AISystem for world NewWorld
[2016.05.18-09.52.19:947][651]LogParticles:Warning: InitializeSystem called on an unregistered component. Template=/Game/CrumblingRuins/Torch/P_Torch.P_Torch Component=/Game/World1/NewWorld.NewWorld:PersistentLevel.P_Torch_5.ParticleSystemComponent0
[2016.05.18-09.52.19:948][651]LogParticles:Warning: InitializeSystem called on an unregistered component. Template=/Game/CrumblingRuins/Torch/P_Torch.P_Torch Component=/Game/World1/NewWorld.NewWorld:PersistentLevel.P_Torch2.ParticleSystemComponent0
[2016.05.18-09.52.19:949][651]LogParticles:Warning: InitializeSystem called on an unregistered component. Template=/Game/CrumblingRuins/Torch/P_Torch.P_Torch Component=/Game/World1/NewWorld.NewWorld:PersistentLevel.P_Torch3.ParticleSystemComponent0
[2016.05.18-09.52.19:950][651]LogParticles:Warning: InitializeSystem called on an unregistered component. Template=/Game/CrumblingRuins/Torch/P_Torch.P_Torch Component=/Game/World1/NewWorld.NewWorld:PersistentLevel.P_Torch4.ParticleSystemComponent0
[2016.05.18-09.52.19:950][651]LogParticles:Warning: InitializeSystem called on an unregistered component. Template=/Game/CrumblingRuins/Torch/P_Torch.P_Torch Component=/Game/World1/NewWorld.NewWorld:PersistentLevel.P_Torch5.ParticleSystemComponent0
[2016.05.18-09.52.19:953][651]LogParticles:Warning: InitializeSystem called on an unregistered component. Template=/Game/CrumblingRuins/Torch/P_Torch.P_Torch Component=/Game/World1/NewWorld.NewWorld:PersistentLevel.P_Torch6.ParticleSystemComponent0
[2016.05.18-09.52.19:955][651]LogParticles:Warning: InitializeSystem called on an unregistered component. Template=/Game/CrumblingRuins/Torch/P_Torch.P_Torch Component=/Game/World1/NewWorld.NewWorld:PersistentLevel.P_Torch7.ParticleSystemComponent0
[2016.05.18-09.52.19:955][651]LogParticles:Warning: InitializeSystem called on an unregistered component. Template=/Game/CrumblingRuins/Torch/P_Torch.P_Torch Component=/Game/World1/NewWorld.NewWorld:PersistentLevel.P_Torch8.ParticleSystemComponent0
[2016.05.18-09.52.19:956][651]LogParticles:Warning: InitializeSystem called on an unregistered component. Template=/Game/CrumblingRuins/Torch/P_Torch.P_Torch Component=/Game/World1/NewWorld.NewWorld:PersistentLevel.P_Torch9.ParticleSystemComponent0
[2016.05.18-09.52.19:956][651]LogParticles:Warning: InitializeSystem called on an unregistered component. Template=/Game/CrumblingRuins/Torch/P_Torch.P_Torch Component=/Game/World1/NewWorld.NewWorld:PersistentLevel.P_Torch10.ParticleSystemComponent0
[2016.05.18-09.52.19:958][651]LogParticles:Warning: InitializeSystem called on an unregistered component. Template=/Game/CrumblingRuins/Torch/P_Torch.P_Torch Component=/Game/World1/NewWorld.NewWorld:PersistentLevel.P_Torch11.ParticleSystemComponent0
[2016.05.18-09.52.19:959][651]LogParticles:Warning: InitializeSystem called on an unregistered component. Template=/Game/CrumblingRuins/Torch/P_Torch.P_Torch Component=/Game/World1/NewWorld.NewWorld:PersistentLevel.P_Torch12.ParticleSystemComponent0
[2016.05.18-09.52.19:960][651]LogParticles:Warning: InitializeSystem called on an unregistered component. Template=/Game/CrumblingRuins/Torch/P_Torch.P_Torch Component=/Game/World1/NewWorld.NewWorld:PersistentLevel.P_Torch13.ParticleSystemComponent0
[2016.05.18-09.52.19:961][651]LogParticles:Warning: InitializeSystem called on an unregistered component. Template=/Game/CrumblingRuins/Torch/P_Torch.P_Torch Component=/Game/World1/NewWorld.NewWorld:PersistentLevel.P_Torch14.ParticleSystemComponent0
[2016.05.18-09.52.19:962][651]LogParticles:Warning: InitializeSystem called on an unregistered component. Template=/Game/CrumblingRuins/Torch/P_Torch.P_Torch Component=/Game/World1/NewWorld.NewWorld:PersistentLevel.P_Torch15.ParticleSystemComponent0
[2016.05.18-09.52.19:962][651]LogParticles:Warning: InitializeSystem called on an unregistered component. Template=/Game/CrumblingRuins/Torch/P_Torch.P_Torch Component=/Game/World1/NewWorld.NewWorld:PersistentLevel.P_Torch16.ParticleSystemComponent0
[2016.05.18-09.52.19:963][651]LogParticles:Warning: InitializeSystem called on an unregistered component. Template=/Game/CrumblingRuins/Torch/P_Torch.P_Torch Component=/Game/World1/NewWorld.NewWorld:PersistentLevel.P_Torch17.ParticleSystemComponent0
[2016.05.18-09.52.19:963][651]LogParticles:Warning: InitializeSystem called on an unregistered component. Template=/Game/CrumblingRuins/Torch/P_Torch.P_Torch Component=/Game/World1/NewWorld.NewWorld:PersistentLevel.P_Torch18.ParticleSystemComponent0
[2016.05.18-09.52.19:965][651]LogParticles:Warning: InitializeSystem called on an unregistered component. Template=/Game/Luos4Elements/Particles/Fire/Par_LMagic_Fire_Atk_01.Par_LMagic_Fire_Atk_01 Component=/Game/World1/NewWorld.NewWorld:PersistentLevel.Par_LMagic_Fire_Atk_01_5.ParticleSystemComponent0
[2016.05.18-09.52.19:965][651]LogParticles:Warning: InitializeSystem called on an unregistered component. Template=/Game/Luos4Elements/Particles/Fire/Par_LMagic_Fire_Atk_01.Par_LMagic_Fire_Atk_01 Component=/Game/World1/NewWorld.NewWorld:PersistentLevel.Par_LMagic_Fire_Atk_11.ParticleSystemComponent0
[2016.05.18-09.52.19:965][651]LogParticles:Warning: InitializeSystem called on an unregistered component. Template=/Game/Luos4Elements/Particles/Fire/Par_LMagic_Fire_Atk_01.Par_LMagic_Fire_Atk_01 Component=/Game/World1/NewWorld.NewWorld:PersistentLevel.Par_LMagic_Fire_Atk_14.ParticleSystemComponent0
[2016.05.18-09.52.19:965][651]LogParticles:Warnin