Log file open, 05/17/16 07:25:08
LogInit:Display: Running engine for game: Effulgent
LogPlatformFile: Not using cached read wrapper
LogInit:Display: RandInit(-1027133539) SRandInit(-1027133538).
LogTaskGraph: Started task graph with 4 named threads and 7 total threads.
LogStats: Stats thread started at 0.189744
LogInit: Version: 4.11.2-2946394+++UE4+Release-4.11
LogInit: API Version: 2927265
LogInit: Compiled (64-bit): Apr 18 2016 02:18:46
LogInit: Compiled with Visual C++: 19.00.23026.00
LogInit: Build Configuration: Development
LogInit: Branch Name: ++UE4+Release-4.11
LogInit: Command line:  
LogInit: Base directory: C:/Program Files/Epic Games/4.11/Engine/Binaries/Win64/
LogInit: Installed Engine Build: 1
LogInit: Using libcurl 7.41.0
LogInit:  - built for x86_64-pc-win32
LogInit:  - supports SSL with WinSSL
LogInit:  - other features:
LogInit:      CURL_VERSION_SSL
LogInit:      CURL_VERSION_IPV6
LogInit:      CURL_VERSION_ASYNCHDNS
LogInit:      CURL_VERSION_LARGEFILE
LogInit:      CURL_VERSION_IDN
LogInit:  CurlRequestOptions (configurable via config and command line):
LogInit:  - bVerifyPeer = true  - Libcurl will verify peer certificate
LogInit:  - bUseHttpProxy = false  - Libcurl will NOT use HTTP proxy
LogInit:  - bDontReuseConnections = false  - Libcurl will reuse connections
LogInit:  - CertBundlePath = nullptr  - Libcurl will use whatever was configured at build time.
LogInit: Presizing for max 16777216 objects, including 0 objects not considered by GC, pre-allocating 0 bytes for permanent pool.
LogInit: Object subsystem initialized
[2016.05.16-21.55.09:054][  0]LogInit: Selected Device Profile: [Windows]
[2016.05.16-21.55.09:055][  0]LogInit: Applying CVar settings loaded from the selected device profile: [Windows]
[2016.05.16-21.55.09:124][  0]LogInit: Computer: JONS
[2016.05.16-21.55.09:124][  0]LogInit: User: Jon
[2016.05.16-21.55.09:125][  0]LogInit: CPU Page size=65536, Cores=4
[2016.05.16-21.55.09:125][  0]LogInit: High frequency timer resolution =2.143470 MHz
[2016.05.16-21.55.09:126][  0]LogMemory: Memory total: Physical=15.9GB (16GB approx)
[2016.05.16-21.55.09:126][  0]LogMemory: Platform Memory Stats for Windows
[2016.05.16-21.55.09:126][  0]LogMemory: Process Physical Memory: 313.56 MB used, 313.56 MB peak
[2016.05.16-21.55.09:126][  0]LogMemory: Process Virtual Memory: 315.05 MB used, 315.05 MB peak
[2016.05.16-21.55.09:126][  0]LogMemory: Physical Memory: 6032.63 MB used, 16264.27 MB total
[2016.05.16-21.55.09:126][  0]LogMemory: Virtual Memory: 639.07 MB used, 134217728.00 MB total
[2016.05.16-21.55.09:340][  0]LogTextLocalizationManager: No specific translations for ('en-AU') exist, so ('en') translations will be used.
[2016.05.16-21.55.10:273][  0]LogD3D11RHI: D3D11 adapters:
[2016.05.16-21.55.10:302][  0]LogD3D11RHI:    0. 'NVIDIA GeForce GT 750M ' (Feature Level 11_0)
[2016.05.16-21.55.10:302][  0]LogD3D11RHI:       4029MB of dedicated video memory, 0MB of dedicated system memory, and 8132MB of shared system memory, 1 output[s]
[2016.05.16-21.55.10:313][  0]LogD3D11RHI:    1. 'Intel(R) HD Graphics 4600' (Feature Level 11_0)
[2016.05.16-21.55.10:313][  0]LogD3D11RHI:       112MB of dedicated video memory, 0MB of dedicated system memory, and 8132MB of shared system memory, 0 output[s]
[2016.05.16-21.55.10:315][  0]LogD3D11RHI:    2. 'Microsoft Basic Render Driver' (Feature Level 11_0)
[2016.05.16-21.55.10:315][  0]LogD3D11RHI:       0MB of dedicated video memory, 0MB of dedicated system memory, and 8132MB of shared system memory, 0 output[s]
[2016.05.16-21.55.10:315][  0]LogD3D11RHI: Chosen D3D11 Adapter: 0
[2016.05.16-21.55.10:322][  0]LogD3D11RHI: Creating new Direct3DDevice
[2016.05.16-21.55.10:322][  0]LogD3D11RHI:     Adapter Name: NVIDIA GeForce GT 750M 
[2016.05.16-21.55.10:322][  0]LogD3D11RHI:   Driver Version: Unknown (internal Unknown)
[2016.05.16-21.55.10:322][  0]LogD3D11RHI:      Driver Date: Unknown
[2016.05.16-21.55.10:323][  0]LogRHI: Texture pool is 1361 MB (70% of 1945 MB)
[2016.05.16-21.55.10:337][  0]LogD3D11RHI: Async texture creation enabled
[2016.05.16-21.55.10:378][  0]LogShaderCompilers: Guid format shader working directory is -19 characters bigger than the processId version (D:/Backup Effulgent/Effulgent/New folder/Game-Design/Effulgent/Intermediate/Shaders/WorkingDirectory/13236/).
[2016.05.16-21.55.10:378][  0]LogShaderCompilers: Cleaned the shader compiler working directory 'C:/Users/Jon/AppData/Local/Temp/UnrealShaderWorkingDir/5AC0451A419F72FED13EA08DE41A4026/'.
[2016.05.16-21.55.10:379][  0]LogShaderCompilers:Display: Using Local Shader Compiler.
[2016.05.16-21.55.12:476][  0]LogTemp:Display: Loaded TP AllDesktopTargetPlatform
[2016.05.16-21.55.12:496][  0]LogTemp:Display: Loaded TP WindowsClientTargetPlatform
[2016.05.16-21.55.12:515][  0]LogTemp:Display: Loaded TP WindowsNoEditorTargetPlatform
[2016.05.16-21.55.12:533][  0]LogTemp:Display: Loaded TP WindowsServerTargetPlatform
[2016.05.16-21.55.12:551][  0]LogTemp:Display: Loaded TP WindowsTargetPlatform
[2016.05.16-21.55.12:569][  0]LogTemp:Display: Loaded TP AndroidTargetPlatform
[2016.05.16-21.55.12:581][  0]LogTemp:Display: Loaded TP Android_ASTCTargetPlatform
[2016.05.16-21.55.12:594][  0]LogTemp:Display: Loaded TP Android_ATCTargetPlatform
[2016.05.16-21.55.12:608][  0]LogTemp:Display: Loaded TP Android_DXTTargetPlatform
[2016.05.16-21.55.12:621][  0]LogTemp:Display: Loaded TP Android_ETC1TargetPlatform
[2016.05.16-21.55.12:637][  0]LogTemp:Display: Loaded TP Android_ETC2TargetPlatform
[2016.05.16-21.55.12:665][  0]LogTemp:Display: Loaded TP Android_MultiTargetPlatform
[2016.05.16-21.55.12:666][  0]LogTemp:Display: Loaded TP Android_PVRTCTargetPlatform
[2016.05.16-21.55.12:670][  0]LogTemp:Display: Loaded TP HTML5TargetPlatform
[2016.05.16-21.55.12:715][  0]LogTemp:Display: Loaded TP IOSTargetPlatform
[2016.05.16-21.55.12:728][  0]LogTemp:Display: Loaded TP TVOSTargetPlatform
[2016.05.16-21.55.12:740][  0]LogTemp:Display: Loaded TP LinuxNoEditorTargetPlatform
[2016.05.16-21.55.12:753][  0]LogTemp:Display: Loaded TP LinuxServerTargetPlatform
[2016.05.16-21.55.12:768][  0]LogTemp:Display: Loaded TP LinuxTargetPlatform
[2016.05.16-21.55.12:768][  0]LogTargetPlatformManager:Display: Building Assets For Windows
[2016.05.16-21.55.13:033][  0]LogDerivedDataCache:Display: Max Cache Size: 512 MB
[2016.05.16-21.55.13:392][  0]LogDerivedDataCache: Loaded boot cache 0.36s 48MB C:/Users/Jon/AppData/Local/UnrealEngine/4.11/DerivedDataCache/Boot.ddc.
[2016.05.16-21.55.13:392][  0]LogDerivedDataCache:Display: Loaded Boot cache: C:/Users/Jon/AppData/Local/UnrealEngine/4.11/DerivedDataCache/Boot.ddc
[2016.05.16-21.55.13:393][  0]LogDerivedDataCache: FDerivedDataBackendGraph:  Pak pak cache file D:/Backup Effulgent/Effulgent/New folder/Game-Design/Effulgent/DerivedDataCache/DDC.ddp not found, will not use a pak cache.
[2016.05.16-21.55.13:393][  0]LogDerivedDataCache: Unable to find inner node Pak for hierarchical cache Hierarchy.
[2016.05.16-21.55.13:393][  0]LogDerivedDataCache: FDerivedDataBackendGraph:  CompressedPak pak cache file D:/Backup Effulgent/Effulgent/New folder/Game-Design/Effulgent/DerivedDataCache/Compressed.ddp not found, will not use a pak cache.
[2016.05.16-21.55.13:393][  0]LogDerivedDataCache: Unable to find inner node CompressedPak for hierarchical cache Hierarchy.
[2016.05.16-21.55.13:433][  0]LogDerivedDataCache:Display: Pak cache opened for reading ../../../Engine/DerivedDataCache/Compressed.ddp.
[2016.05.16-21.55.13:446][  0]LogDerivedDataCache: Using Local data cache path C:/Users/Jon/AppData/Local/UnrealEngine/Common/DerivedDataCache: Writable
[2016.05.16-21.55.14:503][  0]LogInit: Selected Device Profile: [Windows]
[2016.05.16-21.55.14:508][  0]LogContentStreaming: Texture pool size is 0.00 MB
[2016.05.16-21.55.14:655][  0]LogMaterial: Uniform references updated for custom material expression Custom.
[2016.05.16-21.55.14:908][  0]LogMeshUtilities: No automatic mesh reduction module available
[2016.05.16-21.55.14:908][  0]LogMeshUtilities: No automatic mesh merging module available
[2016.05.16-21.55.14:908][  0]LogMeshUtilities: No distributed automatic mesh merging module available
[2016.05.16-21.55.15:386][  0]LogUObjectArray: 27679 objects as part of root set at end of initial load.
[2016.05.16-21.55.15:386][  0]LogUObjectAllocator: 5591600 out of 0 bytes used by permanent object pool.
[2016.05.16-21.55.15:386][  0]LogUObjectArray: CloseDisregardForGC: 0/0 objects in disregard for GC pool
[2016.05.16-21.55.15:397][  0]LogInit: WinSock: version 1.1 (2.2), MaxSocks=32767, MaxUdp=65467
[2016.05.16-21.55.15:716][  0]LogSlate: SlateFontCache - WITH_FREETYPE: 1, WITH_HARFBUZZ: 1
[2016.05.16-21.55.15:716][  0]LogSlate: SlateFontCache - WITH_FREETYPE: 1, WITH_HARFBUZZ: 1
[2016.05.16-21.55.16:036][  0]LogStreaming:Warning: Failed to read file '../../../Engine/Content/Editor/Slate/Common/Selection_16x.png' error.
[2016.05.16-21.55.16:036][  0]LogSlate: Could not find file for Slate resource: ../../../Engine/Content/Editor/Slate/Common/Selection_16x.png
[2016.05.16-21.55.16:036][  0]LogStreaming:Warning: Failed to read file '../../../Engine/Content/Editor/Slate/Common/Selection_16x.png' error.
[2016.05.16-21.55.16:036][  0]LogSlate: Could not find file for Slate resource: ../../../Engine/Content/Editor/Slate/Common/Selection_16x.png
[2016.05.16-21.55.16:036][  0]LogStreaming:Warning: Failed to read file '../../../Engine/Content/Editor/Slate/Common/Selection_16x.png' error.
[2016.05.16-21.55.16:036][  0]LogSlate: Could not find file for Slate resource: ../../../Engine/Content/Editor/Slate/Common/Selection_16x.png
[2016.05.16-21.55.17:490][  0]LogUdpMessaging: Initializing bridge on interface 0.0.0.0:0 to multicast group 230.0.0.1:6666.
[2016.05.16-21.55.17:656][  0]LogAssetRegistry: FAssetRegistry took 0.0241 seconds to start up
[2016.05.16-21.55.17:952][  0]SourceControl: Info Source control is disabled
[2016.05.16-21.55.17:982][  0]SourceControl: Info Source control is disabled
[2016.05.16-21.55.18:001][  0]SourceControl: Info Source control is disabled
[2016.05.16-21.55.18:017][  0]SourceControl: Info Source control is disabled
[2016.05.16-21.55.18:244][  0]LogHMD: Failed to initialize OpenVR with code 110
[2016.05.16-21.55.18:380][  0]LogEngine: Initializing Engine...
[2016.05.16-21.55.18:725][  0]LogAIModule: Creating AISystem for world NewWorld
[2016.05.16-21.55.18:744][  0]LogInit: XAudio2 using 'Speakers (Realtek High Definition Audio)' : 2 channels at 48 kHz using 32 bits per sample (channel mask 0x3)
[2016.05.16-21.55.18:762][  0]LogInit: FAudioDevice initialized.
[2016.05.16-21.55.18:794][  0]LogDerivedDataCache: Saved boot cache 0.03s 46MB C:/Users/Jon/AppData/Local/UnrealEngine/4.11/DerivedDataCache/Boot.ddc.
[2016.05.16-21.55.18:798][  0]LogInit: Texture streaming: Enabled
[2016.05.16-21.55.18:840][  0]LogInit: Transaction tracking system initialized
[2016.05.16-21.55.18:902][  0]BlueprintLog: New page: Editor Load
[2016.05.16-21.55.19:113][  0]LocalizationService: Info Localization service is disabled
[2016.05.16-21.55.19:288][  0]LogConsoleResponse:Display: 
[2016.05.16-21.55.19:487][  0]LogCook:Display: Max memory allowance for cook 8192mb
[2016.05.16-21.55.19:487][  0]LogCook:Display: Mobile HDR setting 1
[2016.05.16-21.55.19:488][  0]LogCook:Display: Done creating registry. It took  0.00s.
[2016.05.16-21.55.19:612][  0]LogFileCache: Scanning file cache for directory 'D:/Backup Effulgent/Effulgent/New folder/Game-Design/Effulgent/Content/' took 0.01s
[2016.05.16-21.55.19:612][  0]SourceControl: Info Source control is disabled
[2016.05.16-21.55.19:614][  0]Cmd: MAP LOAD FILE="D:/Backup Effulgent/Effulgent/New folder/Game-Design/Effulgent/Content/ThirdPersonBP/Maps/ThirdPersonExampleMap.umap" TEMPLATE=0 SHOWPROGRESS=1 FEATURELEVEL=3
[2016.05.16-21.55.19:694][  0]LightingResults: New page: Lighting Build
[2016.05.16-21.55.19:708][  0]MapCheck: New page: Map Check
[2016.05.16-21.55.19:708][  0]LightingResults: New page: Lighting Build
[2016.05.16-21.55.23:859][  0]LogAIModule: Creating AISystem for world ThirdPersonExampleMap
[2016.05.16-21.55.23:870][  0]LogPrimitiveComponent: Zero scaling not supported (/Game/ThirdPersonBP/Maps/ThirdPersonExampleMap.ThirdPersonExampleMap:PersistentLevel.Ground.StaticMeshComponent0)
[2016.05.16-21.55.23:874][  0]LogPrimitiveComponent: Zero scaling not supported (/Game/ThirdPersonBP/Maps/ThirdPersonExampleMap.ThirdPersonExampleMap:PersistentLevel.Cylinder_145.StaticMeshComponent0)
[2016.05.16-21.55.23:875][  0]LogPrimitiveComponent: Zero scaling not supported (/Game/ThirdPersonBP/Maps/ThirdPersonExampleMap.ThirdPersonExampleMap:PersistentLevel.Cylinder2.StaticMeshComponent0)
[2016.05.16-21.55.23:878][  0]LogPrimitiveComponent: Zero scaling not supported (/Game/ThirdPersonBP/Maps/ThirdPersonExampleMap.ThirdPersonExampleMap:PersistentLevel.Cylinder3_104.StaticMeshComponent0)
[2016.05.16-21.55.23:890][  0]LogPrimitiveComponent: Zero scaling not supported (/Game/ThirdPersonBP/Maps/ThirdPersonExampleMap.ThirdPersonExampleMap:PersistentLevel.Cube_21.StaticMeshComponent0)
[2016.05.16-21.55.23:890][  0]LogPrimitiveComponent: Zero scaling not supported (/Game/ThirdPersonBP/Maps/ThirdPersonExampleMap.ThirdPersonExampleMap:PersistentLevel.Cube2.StaticMeshComponent0)
[2016.05.16-21.55.23:892][  0]LogPrimitiveComponent: Zero scaling not supported (/Game/ThirdPersonBP/Maps/ThirdPersonExampleMap.ThirdPersonExampleMap:PersistentLevel.Cube3_94.StaticMeshComponent0)
[2016.05.16-21.55.23:892][  0]LogPrimitiveComponent: Zero scaling not supported (/Game/ThirdPersonBP/Maps/ThirdPersonExampleMap.ThirdPersonExampleMap:PersistentLevel.Cube4.StaticMeshComponent0)
[2016.05.16-21.55.23:893][  0]LogPrimitiveComponent: Zero scaling not supported (/Game/ThirdPersonBP/Maps/ThirdPersonExampleMap.ThirdPersonExampleMap:PersistentLevel.Cube13_47.StaticMeshComponent0)
[2016.05.16-21.55.23:893][  0]LogPrimitiveComponent: Zero scaling not supported (/Game/ThirdPersonBP/Maps/ThirdPersonExampleMap.ThirdPersonExampleMap:PersistentLevel.Cylinder4_60.StaticMeshComponent0)
[2016.05.16-21.55.23:894][  0]LogPrimitiveComponent: Zero scaling not supported (/Game/ThirdPersonBP/Maps/ThirdPersonExampleMap.ThirdPersonExampleMap:PersistentLevel.Cylinder5.StaticMeshComponent0)
[2016.05.16-21.55.23:942][  0]LogEditorServer: Finished looking for orphan Actors (0.000 secs)
[2016.05.16-21.55.23:945][  0]Cmd: MAP CHECKDEP NOCLEARLOG
[2016.05.16-21.55.24:016][  0]MapCheck: Info Map check complete: 0 Error(s), 0 Warning(s), took 70.659ms to complete.
[2016.05.16-21.55.24:016][  0]LogFileHelpers: Loading map 'ThirdPersonExampleMap' took 4.402
[2016.05.16-21.55.24:207][  0]LogCollectionManager: Loaded 0 collections in 0.003269 seconds
[2016.05.16-21.55.24:269][  0]LogFileCache: Scanning file cache for directory 'D:/Backup Effulgent/Effulgent/New folder/Game-Design/Effulgent/Saved/Collections/' took 0.01s
[2016.05.16-21.55.24:269][  0]LogFileCache: Scanning file cache for directory 'D:/Backup Effulgent/Effulgent/New folder/Game-Design/Effulgent/Content/Developers/Jon/Collections/' took 0.01s
[2016.05.16-21.55.24:269][  0]LogFileCache: Scanning file cache for directory 'D:/Backup Effulgent/Effulgent/New folder/Game-Design/Effulgent/Content/Collections/' took 0.01s
[2016.05.16-21.55.24:269][  0]LogCollectionManager: Rebuilt the GUID cache for 0 collections in 0.000008 seconds
[2016.05.16-21.55.24:296][  0]LogContentBrowser: Native class hierarchy populated in 0.0256 seconds. Added 1979 classes and 343 folders.
[2016.05.16-21.55.24:316][  0]LogStats: UGameplayTagsManager::ConstructGameplayTagTree: Construct from data asset -  0.000 s
[2016.05.16-21.55.24:316][  0]LogStats: UGameplayTagsManager::ConstructGameplayTagTree: GameplayTagTreeChangedEvent.Broadcast -  0.000 s
[2016.05.16-21.55.24:317][  0]LogContentBrowser: Native class hierarchy updated for 'GameplayTags' in 0.0012 seconds. Added 12 classes and 0 folders.
[2016.05.16-21.55.24:340][  0]LogContentBrowser: Native class hierarchy updated for 'WidgetCarousel' in 0.0015 seconds. Added 0 classes and 0 folders.
[2016.05.16-21.55.24:392][  0]LogContentBrowser: Native class hierarchy updated for 'SuperSearch' in 0.0015 seconds. Added 1 classes and 2 folders.
[2016.05.16-21.55.24:570][  0]LogContentBrowser: Native class hierarchy updated for 'AddContentDialog' in 0.0010 seconds. Added 0 classes and 0 folders.
[2016.05.16-21.55.24:594][  0]LogContentBrowser: Native class hierarchy updated for 'SceneOutliner' in 0.0012 seconds. Added 1 classes and 2 folders.
[2016.05.16-21.55.24:693][  0]LogCrashTracker: Crashtracker disabled due to settings.
[2016.05.16-21.55.24:714][  0]LogUObjectGlobals:Warning: Failed to find object 'Class None.'
[2016.05.16-21.55.24:756][  0]LogContentBrowser: Native class hierarchy updated for 'HierarchicalLODOutliner' in 0.0008 seconds. Added 1 classes and 2 folders.
[2016.05.16-21.55.24:756][  0]LogLoad: Full Startup: 18.31 seconds (BP compile: 0.15 seconds)
[2016.05.16-21.55.24:756][  0]LogExternalProfiler: Found external profiler: VSPerf
[2016.05.16-21.55.24:756][  0]LogExternalProfiler: Using external profiler: VSPerf
[2016.05.16-21.55.24:774][  0]LogWindowsTextInputMethodSystem:Display: IME system now deactivated.
[2016.05.16-21.55.24:775][  0]LogOcInput: OculusInput pre-init called
[2016.05.16-21.55.24:850][  0]LogContentStreaming: Texture pool size now 400 MB
[2016.05.16-21.55.25:031][  0]LogRenderer: Reallocating scene render targets to support 596x452 (Frame:2).
[2016.05.16-21.55.25:255][  2]LogAssetRegistry: Asset discovery search completed in 7.6209 seconds
[2016.05.16-21.55.25:255][  2]LogCollectionManager: Rebuilt the object cache for 0 collections in 0.000001 seconds (found 0 objects)
[2016.05.16-21.55.25:255][  2]LogCollectionManager: Fixed up redirectors for 0 collections in 0.000464 seconds (updated 0 objects)
[2016.05.16-21.55.55:510][765]LogBlueprintUserMessages: Early PlayInEditor Detection: Level '/Game/ThirdPersonBP/Maps/ThirdPersonExampleMap.ThirdPersonExampleMap:PersistentLevel' has LevelScriptBlueprint '/Game/ThirdPersonBP/Maps/ThirdPersonExampleMap.ThirdPersonExampleMap:PersistentLevel.ThirdPersonExampleMap' with GeneratedClass '/Game/ThirdPersonBP/Maps/ThirdPersonExampleMap.ThirdPersonExampleMap_C' with ClassGeneratedBy '/Game/ThirdPersonBP/Maps/ThirdPersonExampleMap.ThirdPersonExampleMap:PersistentLevel.ThirdPersonExampleMap'
[2016.05.16-21.55.55:510][765]LogPlayLevel: PlayLevel: No blueprints needed recompiling
[2016.05.16-21.55.55:519][765]PIE: New page: SIE session: ThirdPersonExampleMap (17 May 2016 4:55:55 pm)
[2016.05.16-21.55.55:520][765]LogPlayLevel: Creating play world package: /Game/ThirdPersonBP/Maps/UEDPIE_0_ThirdPersonExampleMap
[2016.05.16-21.55.55:586][765]LogPlayLevel: PIE: StaticDuplicateObject took: (0.066240s)
[2016.05.16-21.55.55:587][765]LogAIModule: Creating AISystem for world ThirdPersonExampleMap
[2016.05.16-21.55.55:587][765]LogPlayLevel: PIE: World Init took: (0.001061s)
[2016.05.16-21.55.55:589][765]LogPlayLevel: PIE: Created PIE world by copying editor world from /Game/ThirdPersonBP/Maps/ThirdPersonExampleMap.ThirdPersonExampleMap to /Game/ThirdPersonBP/Maps/UEDPIE_0_ThirdPersonExampleMap.ThirdPersonExampleMap (0.069772s)
[2016.05.16-21.55.55:590][765]LogActorComponent: UnregisterComponent: (/Engine/Transient.InterpToMovement_GEN_VARIABLE) Not registered. Aborting.
[2016.05.16-21.55.55:590][765]LogActorComponent: UnregisterComponent: (/Engine/Transient.InterpToMovementComponent_0) Not registered. Aborting.
[2016.05.16-21.55.55:619][765]LogInit: XAudio2 using 'Speakers (Realtek High Definition Audio)' : 2 channels at 48 kHz using 32 bits per sample (channel mask 0x3)
[2016.05.16-21.55.55:630][765]LogInit: FAudioDevice initialized.
[2016.05.16-21.55.55:808][765]LogWorld: Game class is 'ThirdPersonGameMode_C'
[2016.05.16-21.55.55:818][765]LogPrimitiveComponent: Zero scaling not supported (/Game/ThirdPersonBP/Maps/UEDPIE_0_ThirdPersonExampleMap.ThirdPersonExampleMap:PersistentLevel.Ground.StaticMeshComponent0)
[2016.05.16-21.55.55:833][765]LogPrimitiveComponent: Zero scaling not supported (/Game/ThirdPersonBP/Maps/UEDPIE_0_ThirdPersonExampleMap.ThirdPersonExampleMap:PersistentLevel.Cylinder_145.StaticMeshComponent0)
[2016.05.16-21.55.55:834][765]LogPrimitiveComponent: Zero scaling not supported (/Game/ThirdPersonBP/Maps/UEDPIE_0_ThirdPersonExampleMap.ThirdPersonExampleMap:PersistentLevel.Cylinder2.StaticMeshComponent0)
[2016.05.16-21.55.55:848][765]LogPrimitiveComponent: Zero scaling not supported (/Game/ThirdPersonBP/Maps/UEDPIE_0_ThirdPersonExampleMap.ThirdPersonExampleMap:PersistentLevel.Cylinder3_104.StaticMeshComponent0)
[2016.05.16-21.55.55:912][765]LogPrimitiveComponent: Zero scaling not supported (/Game/ThirdPersonBP/Maps/UEDPIE_0_ThirdPersonExampleMap.ThirdPersonExampleMap:PersistentLevel.Cube_21.StaticMeshComponent0)
[2016.05.16-21.55.55:912][765]LogPrimitiveComponent: Zero scaling not supported (/Game/ThirdPersonBP/Maps/UEDPIE_0_ThirdPersonExampleMap.ThirdPersonExampleMap:PersistentLevel.Cube2.StaticMeshComponent0)
[2016.05.16-21.55.55:919][765]LogPrimitiveComponent: Zero scaling not supported (/Game/ThirdPersonBP/Maps/UEDPIE_0_ThirdPersonExampleMap.ThirdPersonExampleMap:PersistentLevel.Cube3_94.StaticMeshComponent0)
[2016.05.16-21.55.55:919][765]LogPrimitiveComponent: Zero scaling not supported (/Game/ThirdPersonBP/Maps/UEDPIE_0_ThirdPersonExampleMap.ThirdPersonExampleMap:PersistentLevel.Cube4.StaticMeshComponent0)
[2016.05.16-21.55.55:927][765]LogPrimitiveComponent: Zero scaling not supported (/Game/ThirdPersonBP/Maps/UEDPIE_0_ThirdPersonExampleMap.ThirdPersonExampleMap:PersistentLevel.Cube13_47.StaticMeshComponent0)
[2016.05.16-21.55.55:928][765]LogPrimitiveComponent: Zero scaling not supported (/Game/ThirdPersonBP/Maps/UEDPIE_0_ThirdPersonExampleMap.ThirdPersonExampleMap:PersistentLevel.Cylinder4_60.StaticMeshComponent0)
[2016.05.16-21.55.55:929][765]LogPrimitiveComponent: Zero scaling not supported (/Game/ThirdPersonBP/Maps/UEDPIE_0_ThirdPersonExampleMap.ThirdPersonExampleMap:PersistentLevel.Cylinder5.StaticMeshComponent0)
[2016.05.16-21.55.55:965][765]LogWorld: Bringing World /Game/ThirdPersonBP/Maps/UEDPIE_0_ThirdPersonExampleMap.ThirdPersonExampleMap up for play (max tick rate 60) at 2016.05.17-07.25.55
[2016.05.16-21.55.55:976][765]LogWorld: Bringing up level for play took: 0.161560
[2016.05.16-21.55.55:980][765]LogGameMode: Warning - PATHS NOT DEFINED or NO PLAYERSTART with positive rating
[2016.05.16-21.55.55:993][765]LogContentBrowser: Native class hierarchy updated for 'MovieSceneCapture' in 0.0014 seconds. Added 9 classes and 0 folders.
[2016.05.16-21.55.55:996][765]PIE: Info Play in editor start time for /Game/ThirdPersonBP/Maps/UEDPIE_0_ThirdPersonExampleMap 0.265
[2016.05.16-21.55.56:012][765]LogBlueprintUserMessages: Late PlayInEditor Detection: Level '/Game/ThirdPersonBP/Maps/ThirdPersonExampleMap.ThirdPersonExampleMap:PersistentLevel' has LevelScriptBlueprint '/Game/ThirdPersonBP/Maps/ThirdPersonExampleMap.ThirdPersonExampleMap:PersistentLevel.ThirdPersonExampleMap' with GeneratedClass '/Game/ThirdPersonBP/Maps/ThirdPersonExampleMap.ThirdPersonExampleMap_C' with ClassGeneratedBy '/Game/ThirdPersonBP/Maps/ThirdPersonExampleMap.ThirdPersonExampleMap:PersistentLevel.ThirdPersonExampleMap'
[2016.05.16-21.56.38:339][203]LogEditorViewport: Clicking on Actor (LMB): StaticMeshActor (SM_Wood_06)
[2016.05.16-21.56.38:339][203]LogSelection:Warning: PIE object was selected: "StaticMeshActor /Game/ThirdPersonBP/Maps/UEDPIE_0_ThirdPersonExampleMap.ThirdPersonExampleMap:PersistentLevel.SM_Wood_06_25"
[2016.05.16-21.56.39:665][271]LogEditorViewport: Clicking on Actor (LMB): StaticMeshActor (SM_WallHalf_29)
[2016.05.16-21.56.39:665][271]LogSelection:Warning: PIE object was selected: "StaticMeshActor /Game/ThirdPersonBP/Maps/UEDPIE_0_ThirdPersonExampleMap.ThirdPersonExampleMap:PersistentLevel.SM_WallHalf_29"
[2016.05.16-21.56.40:936][343]LogEditorViewport: Clicking on Actor (LMB): StaticMeshActor (SM_WallHalf_35)
[2016.05.16-21.56.40:936][343]LogSelection:Warning: PIE object was selected: "StaticMeshActor /Game/ThirdPersonBP/Maps/UEDPIE_0_ThirdPersonExampleMap.ThirdPersonExampleMap:PersistentLevel.SM_WallHalf_35"
[2016.05.16-21.56.41:561][378]LogEditorViewport: Clicking on Actor (LMB): RaisingWater_C (RaisingWater2)
[2016.05.16-21.56.41:561][378]LogSelection:Warning: PIE object was selected: "RaisingWater_C /Game/ThirdPersonBP/Maps/UEDPIE_0_ThirdPersonExampleMap.ThirdPersonExampleMap:PersistentLevel.RaisingWater2_342"
[2016.05.16-21.56.45:621][614]LogSelection:Warning: PIE object was selected: "SceneComponent /Game/ThirdPersonBP/Maps/UEDPIE_0_ThirdPersonExampleMap.ThirdPersonExampleMap:PersistentLevel.RaisingWater2_342.DefaultSceneRoot"
[2016.05.16-21.56.53:194][ 31]LogContentBrowser: Native class hierarchy updated for 'BlueprintGraph' in 0.0019 seconds. Added 108 classes and 0 folders.
[2016.05.16-21.57.00:918][266]LogBlueprintUserMessages: Early EndPlayMap Detection: Level '/Game/ThirdPersonBP/Maps/ThirdPersonExampleMap.ThirdPersonExampleMap:PersistentLevel' has LevelScriptBlueprint '/Game/ThirdPersonBP/Maps/ThirdPersonExampleMap.ThirdPersonExampleMap:PersistentLevel.ThirdPersonExampleMap' with GeneratedClass '/Game/ThirdPersonBP/Maps/ThirdPersonExampleMap.ThirdPersonExampleMap_C' with ClassGeneratedBy '/Game/ThirdPersonBP/Maps/ThirdPersonExampleMap.ThirdPersonExampleMap:PersistentLevel.ThirdPersonExampleMap'
[2016.05.16-21.57.01:022][266]LogBlueprintUserMessages: Late EndPlayMap Detection: Level '/Game/ThirdPersonBP/Maps/ThirdPersonExampleMap.ThirdPersonExampleMap:PersistentLevel' has LevelScriptBlueprint '/Game/ThirdPersonBP/Maps/ThirdPersonExampleMap.ThirdPersonExampleMap:PersistentLevel.ThirdPersonExampleMap' with GeneratedClass '/Game/ThirdPersonBP/Maps/ThirdPersonExampleMap.ThirdPersonExampleMap_C' with ClassGeneratedBy '/Game/ThirdPersonBP/Maps/ThirdPersonExampleMap.ThirdPersonExampleMap:PersistentLevel.ThirdPersonExampleMap'
[2016.05.16-21.57.16:608][926]LogEditorViewport: Clicking on Actor (LMB): RaisingWater_C (RaisingWater3)
[2016.05.16-21.57.36:936][352]LogBlueprintUserMessages: Early PlayInEditor Detection: Level '/Game/ThirdPersonBP/Maps/ThirdPersonExampleMap.ThirdPersonExampleMap:PersistentLevel' has LevelScriptBlueprint '/Game/ThirdPersonBP/Maps/ThirdPersonExampleMap.ThirdPersonExampleMap:PersistentLevel.ThirdPersonExampleMap' with GeneratedClass '/Game/ThirdPersonBP/Maps/ThirdPersonExampleMap.ThirdPersonExampleMap_C' with ClassGeneratedBy '/Game/ThirdPersonBP/Maps/ThirdPersonExampleMap.ThirdPersonExampleMap:PersistentLevel.ThirdPersonExampleMap'
[2016.05.16-21.57.36:936][352]LogPlayLevel: PlayLevel: No blueprints needed recompiling
[2016.05.16-21.57.36:936][352]PIE: New page: SIE session: ThirdPersonExampleMap (17 May 2016 4:57:36 pm)
[2016.05.16-21.57.36:936][352]LogPlayLevel: Creating play world package: /Game/ThirdPersonBP/Maps/UEDPIE_0_ThirdPersonExampleMap
[2016.05.16-21.57.37:103][352]LogPlayLevel: PIE: StaticDuplicateObject took: (0.166882s)
[2016.05.16-21.57.37:106][352]LogAIModule: Creating AISystem for world ThirdPersonExampleMap
[2016.05.16-21.57.37:106][352]LogPlayLevel: PIE: World Init took: (0.002575s)
[2016.05.16-21.57.37:107][352]LogPlayLevel: PIE: Created PIE world by copying editor world from /Game/ThirdPersonBP/Maps/ThirdPersonExampleMap.ThirdPersonExampleMap to /Game/ThirdPersonBP/Maps/UEDPIE_0_ThirdPersonExampleMap.ThirdPersonExampleMap (0.171007s)
[2016.05.16-21.57.37:185][352]LogSelection:Warning: PIE object was selected: "RaisingWater_C /Game/ThirdPersonBP/Maps/UEDPIE_0_ThirdPersonExampleMap.ThirdPersonExampleMap:PersistentLevel.RaisingWater3_825"
[2016.05.16-21.57.37:193][352]LogInit: XAudio2 using 'Speakers (Realtek High Definition Audio)' : 2 channels at 48 kHz using 32 bits per sample (channel mask 0x3)
[2016.05.16-21.57.37:224][352]LogInit: FAudioDevice initialized.
[2016.05.16-21.57.37:267][352]LogWorld: Game class is 'ThirdPersonGameMode_C'
[2016.05.16-21.57.37:274][352]LogPrimitiveComponent: Zero scaling not supported (/Game/ThirdPersonBP/Maps/UEDPIE_0_ThirdPersonExampleMap.ThirdPersonExampleMap:PersistentLevel.Ground.StaticMeshComponent0)
[2016.05.16-21.57.37:286][352]LogPrimitiveComponent: Zero scaling not supported (/Game/ThirdPersonBP/Maps/UEDPIE_0_ThirdPersonExampleMap.ThirdPersonExampleMap:PersistentLevel.Cylinder_145.StaticMeshComponent0)
[2016.05.16-21.57.37:287][352]LogPrimitiveComponent: Zero scaling not supported (/Game/ThirdPersonBP/Maps/UEDPIE_0_ThirdPersonExampleMap.ThirdPersonExampleMap:PersistentLevel.Cylinder2.StaticMeshComponent0)
[2016.05.16-21.57.37:299][352]LogPrimitiveComponent: Zero scaling not supported (/Game/ThirdPersonBP/Maps/UEDPIE_0_ThirdPersonExampleMap.ThirdPersonExampleMap:PersistentLevel.Cylinder3_104.StaticMeshComponent0)
[2016.05.16-21.57.37:362][352]LogPrimitiveComponent: Zero scaling not supported (/Game/ThirdPersonBP/Maps/UEDPIE_0_ThirdPersonExampleMap.ThirdPersonExampleMap:PersistentLevel.Cube_21.StaticMeshComponent0)
[2016.05.16-21.57.37:363][352]LogPrimitiveComponent: Zero scaling not supported (/Game/ThirdPersonBP/Maps/UEDPIE_0_ThirdPersonExampleMap.ThirdPersonExampleMap:PersistentLevel.Cube2.StaticMeshComponent0)
[2016.05.16-21.57.37:368][352]LogPrimitiveComponent: Zero scaling not supported (/Game/ThirdPersonBP/Maps/UEDPIE_0_ThirdPersonExampleMap.ThirdPersonExampleMap:PersistentLevel.Cube3_94.StaticMeshComponent0)
[2016.05.16-21.57.37:368][352]LogPrimitiveComponent: Zero scaling not supported (/Game/ThirdPersonBP/Maps/UEDPIE_0_ThirdPersonExampleMap.ThirdPersonExampleMap:PersistentLevel.Cube4.StaticMeshComponent0)
[2016.05.16-21.57.37:374][352]LogPrimitiveComponent: Zero scaling not supported (/Game/ThirdPersonBP/Maps/UEDPIE_0_ThirdPersonExampleMap.ThirdPersonExampleMap:PersistentLevel.Cube13_47.StaticMeshComponent0)
[2016.05.16-21.57.37:376][352]LogPrimitiveComponent: Zero scaling not supported (/Game/ThirdPersonBP/Maps/UEDPIE_0_ThirdPersonExampleMap.ThirdPersonExampleMap:PersistentLevel.Cylinder4_60.StaticMeshComponent0)
[2016.05.16-21.57.37:377][352]LogPrimitiveComponent: Zero scaling not supported (/Game/ThirdPersonBP/Maps/UEDPIE_0_ThirdPersonExampleMap.ThirdPersonExampleMap:PersistentLevel.Cylinder5.StaticMeshComponent0)
[2016.05.16-21.57.37:409][352]LogWorld: Bringing World /Game/ThirdPersonBP/Maps/UEDPIE_0_ThirdPersonExampleMap.ThirdPersonExampleMap up for play (max tick rate 0) at 2016.05.17-07.27.37
[2016.05.16-21.57.37:415][352]LogWorld: Bringing up level for play took: 0.144712
[2016.05.16-21.57.37:417][352]LogGameMode: Warning - PATHS NOT DEFINED or NO PLAYERSTART with positive rating
[2016.05.16-21.57.37:420][352]PIE: Info Play in editor start time for /Game/ThirdPersonBP/Maps/UEDPIE_0_ThirdPersonExampleMap -0.311
[2016.05.16-21.57.37:443][352]LogSelection:Warning: PIE object was selected: "RaisingWater_C /Game/ThirdPersonBP/Maps/UEDPIE_0_ThirdPersonExampleMap.ThirdPersonExampleMap:PersistentLevel.RaisingWater3_825"
[2016.05.16-21.57.37:443][352]LogBlueprintUserMessages: Late PlayInEditor Detection: Level '/Game/ThirdPersonBP/Maps/ThirdPersonExampleMap.ThirdPersonExampleMap:PersistentLevel' has LevelScriptBlueprint '/Game/ThirdPersonBP/Maps/ThirdPersonExampleMap.ThirdPersonExampleMap:PersistentLevel.ThirdPersonExampleMap' with GeneratedClass '/Game/ThirdPersonBP/Maps/ThirdPersonExampleMap.ThirdPersonExampleMap_C' with ClassGeneratedBy '/Game/ThirdPersonBP/Maps/ThirdPersonExampleMap.ThirdPersonExampleMap:PersistentLevel.ThirdPersonExampleMap'
[2016.05.16-21.57.51:647][820]LogBlueprintUserMessages: Early EndPlayMap Detection: Level '/Game/ThirdPersonBP/Maps/ThirdPersonExampleMap.ThirdPersonExampleMap:PersistentLevel' has LevelScriptBlueprint '/Game/ThirdPersonBP/Maps/ThirdPersonExampleMap.ThirdPersonExampleMap:PersistentLevel.ThirdPersonExampleMap' with GeneratedClass '/Game/ThirdPersonBP/Maps/ThirdPersonExampleMap.ThirdPersonExampleMap_C' with ClassGeneratedBy '/Game/ThirdPersonBP/Maps/ThirdPersonExampleMap.ThirdPersonExampleMap:PersistentLevel.ThirdPersonExampleMap'
[2016.05.16-21.57.51:719][820]LogBlueprintUserMessages: Late EndPlayMap Detection: Level '/Game/ThirdPersonBP/Maps/ThirdPersonExampleMap.ThirdPersonExampleMap:PersistentLevel' has LevelScriptBlueprint '/Game/ThirdPersonBP/Maps/ThirdPersonExampleMap.ThirdPersonExampleMap:PersistentLevel.ThirdPersonExampleMap' with GeneratedClass '/Game/ThirdPersonBP/Maps/ThirdPersonExampleMap.ThirdPersonExampleMap_C' with ClassGeneratedBy '/Game/ThirdPersonBP/Maps/ThirdPersonExampleMap.ThirdPersonExampleMap:PersistentLevel.ThirdPersonExampleMap'
[2016.05.16-22.06.27:795][119]LogEditorViewport: Clicking on Actor (LMB): StaticMeshActor (Cube20)
[2016.05.16-22.06.34:560][510]Cmd: DELETE
[2016.05.16-22.06.34:560][510]Cmd: ACTOR DELETE
[2016.05.16-22.06.34:569][510]LogEditorActor: Deleted Actor: StaticMeshActor
[2016.05.16-22.06.34:629][510]LogEditorActor: Deleted 1 Actors (0.065 secs)
[2016.05.16-22.06.41:902][861]LogRenderer: Reallocating scene render targets to support 684x452 (Frame:9182).
[2016.05.16-22.06.56:715][987]LogActorFactory: Actor Factory created SM_Wall_02
[2016.05.16-22.06.59:379][182]LogActorFactory: Actor Factory created SM_Wall_01
[2016.05.16-22.07.00:246][220]LogActorFactory: Actor Factory created SM_Wall_01
[2016.05.16-22.07.04:462][407]LogEditorViewport: Clicking on Actor (LMB): StaticMeshActor (Cube26)
[2016.05.16-22.07.04:663][409]LogEditorViewport: Clicking on Component (LMB): StaticMeshComponent (StaticMeshComponent0)
[2016.05.16-22.07.05:311][450]LogEditorViewport: Clicking on Actor (LMB): StaticMeshActor (SM_Wall_9)
[2016.05.16-22.07.18:138][126]LogEditorViewport: Clicking on Actor (LMB): StaticMeshActor (SM_Wall_6)
[2016.05.16-22.07.32:615][  1]LogEditorViewport: Clicking on Actor (LMB): StaticMeshActor (SM_Wall_9)
[2016.05.16-22.07.41:845][577]LogEditorViewport: Clicking Background
[2016.05.16-22.07.46:616][793]LogEditorViewport: Clicking on Actor (LMB): StaticMeshActor (SM_Floor_76)
[2016.05.16-22.07.54:356][184]LogRenderer: Reallocating scene render targets to support 684x528 (Frame:13914).
[2016.05.16-22.08.07:872][994]LogActorFactory: Actor Factory created SM_Floor_05
[2016.05.16-22.08.08:625][ 17]LogActorFactory: Actor Factory created SM_Floor_05
[2016.05.16-22.08.27:889][300]Cmd: DELETE
[2016.05.16-22.08.27:889][300]Cmd: ACTOR DELETE
[2016.05.16-22.08.27:894][300]LogEditorActor: Deleted Actor: StaticMeshActor
[2016.05.16-22.08.27:896][300]LogActorComponent: UnregisterComponent: (/Engine/Transient.InterpToMovement_GEN_VARIABLE) Not registered. Aborting.
[2016.05.16-22.08.27:896][300]LogActorComponent: UnregisterComponent: (/Engine/Transient.InterpToMovementComponent_1) Not registered. Aborting.
[2016.05.16-22.08.27:954][300]LogEditorActor: Deleted 1 Actors (0.065 secs)
[2016.05.16-22.08.35:087][756]LogActorFactory: Actor Factory created SM_Stair_02
[2016.05.16-22.08.38:352][938]LogActorFactory: Actor Factory created SM_Stair_02
[2016.05.16-22.08.43:681][130]Cmd: DELETE
[2016.05.16-22.08.43:681][130]Cmd: ACTOR DELETE
[2016.05.16-22.08.43:685][130]LogEditorActor: Deleted Actor: StaticMeshActor
[2016.05.16-22.08.43:687][130]LogActorComponent: UnregisterComponent: (/Engine/Transient.InterpToMovement_GEN_VARIABLE) Not registered. Aborting.
[2016.05.16-22.08.43:687][130]LogActorComponent: UnregisterComponent: (/Engine/Transient.InterpToMovementComponent_2) Not registered. Aborting.
[2016.05.16-22.08.43:744][130]LogEditorActor: Deleted 1 Actors (0.063 secs)
[2016.05.16-22.08.46:402][315]LogActorFactory: Actor Factory created SM_Step_03
[2016.05.16-22.08.47:213][347]LogActorFactory: Actor Factory created SM_Step_03
[2016.05.16-22.08.55:639][846]LogEditorViewport: Clicking Background
[2016.05.16-22.09.04:965][302]LogEditorViewport: Clicking on Actor (LMB): StaticMeshActor (SM_Step_35)
[2016.05.16-22.09.07:437][437]LogEditorViewport: Clicking Background
[2016.05.16-22.09.32:330][565]LogActorFactory: Actor Factory created SM_WallLow_03
[2016.05.16-22.09.33:124][597]LogActorFactory: Actor Factory created SM_WallLow_03
[2016.05.16-22.10.18:138][966]LogEditorViewport: Clicking on Actor (LMB): StaticMeshActor (Cube)
[2016.05.16-22.10.31:694][748]LogActorFactory: Actor Factory created SM_Rubble_15
[2016.05.16-22.10.33:177][817]LogActorFactory: Actor Factory created SM_Rubble_15
[2016.05.16-22.10.40:479][159]LogEditorViewport: Clicking on Actor (LMB): StaticMeshActor (Cube)
[2016.05.16-22.10.42:097][236]LogEditorViewport: Clicking Background
[2016.05.16-22.11.04:140][198]LogEditorViewport: Clicking on Actor (LMB): StaticMeshActor (Cube21)
[2016.05.16-22.11.10:510][689]LogEditorViewport: Clicking on Actor (LMB): StaticMeshActor (Cube)
[2016.05.16-22.11.20:620][117]LogEditorViewport: Clicking Background
[2016.05.16-22.11.22:635][180]LogEditorViewport: Clicking Background
[2016.05.16-22.11.22:892][186]LogEditorViewport: Clicking on Actor (LMB): StaticMeshActor (Cube)
[2016.05.16-22.11.25:251][324]LogEditorViewport: Clicking on Actor (LMB): StaticMeshActor (Cube)
[2016.05.16-22.11.25:874][370]LogEditorViewport: Clicking on Actor (LMB): StaticMeshActor (SM_WallHalf_24)
[2016.05.16-22.11.30:127][502]LogEditorViewport: Clicking on Actor (LMB): StaticMeshActor (SM_Floor_64)
[2016.05.16-22.11.41:775][948]LogActorFactory: Actor Factory created SM_Floor_01
[2016.05.16-22.11.47:099][184]LogActorFactory: Actor Factory created SM_Floor_06
[2016.05.16-22.11.49:175][254]LogActorFactory: Actor Factory created SM_Floor_07
[2016.05.16-22.11.53:510][587]LogEditorViewport: Clicking on Actor (LMB): StaticMeshActor (Cube26)
[2016.05.16-22.12.33:524][703]LogEditorViewport: Clicking Background
[2016.05.16-22.12.35:121][779]LogEditorViewport: Clicking on Actor (LMB): StaticMeshActor (Cube26)
[2016.05.16-22.13.04:625][ 85]LogActorComponent: UnregisterComponent: (/Engine/Transient.InterpToMovement_GEN_VARIABLE) Not registered. Aborting.
[2016.05.16-22.13.04:626][ 85]LogActorComponent: UnregisterComponent: (/Engine/Transient.InterpToMovementComponent_3) Not registered. Aborting.
[2016.05.16-22.13.09:789][ 85]LogSavePackage: Save=4976.21ms
[2016.05.16-22.13.09:790][ 85]LogSavePackage: Moving 'D:/Backup Effulgent/Effulgent/New folder/Game-Design/Effulgent/Saved/ThirdPersonExampleMap_Auto115BCD26A46664F4E775C49BF55C6ADC3.tmp' to 'D:/Backup Effulgent/Effulgent/New folder/Game-Design/Effulgent/Saved/Autosaves/Game/ThirdPersonBP/Maps/ThirdPersonExampleMap_Auto1.umap'
[2016.05.16-22.13.09:795][ 85]LogSavePackage: Total save time: 5084.16ms
[2016.05.16-22.13.09:795][ 85]LogSavePackage:Display: Finished SavePackage D:/Backup Effulgent/Effulgent/New folder/Game-Design/Effulgent/Saved/Autosaves/Game/ThirdPersonBP/Maps/ThirdPersonExampleMap_Auto1.umap
[2016.05.16-22.13.09:802][ 85]LogFileHelpers: Editor autosave (incl. sublevels) for '/Game/ThirdPersonBP/Maps/ThirdPersonExampleMap' took 5.176
[2016.05.16-22.13.09:802][ 85]LogFileHelpers: Editor autosave (incl. sublevels) for all levels took 5.176
[2016.05.16-22.13.37:983][383]LogMaterial: Missing cached shader map for material M_Brick_Cut_Stone, compiling. 
[2016.05.16-22.13.38:117][383]LogMaterial: Missing cached shader map for material M_Brick_Cut_Stone, compiling. 
[2016.05.16-22.13.38:129][383]LogMaterial: 0.00 seconds spent updating 1 materials, 1 interfaces, 0 instances, 0 with static permutations.
[2016.05.16-22.13.38:159][383]LogMaterial: Missing cached shader map for material FMatExpressionPreview MaterialExpressionTextureSample_18, compiling. 
[2016.05.16-22.13.38:165][383]LogMaterial: Missing cached shader map for material FMatExpressionPreview MaterialExpressionTextureSample_19, compiling. 
[2016.05.16-22.13.38:170][383]LogMaterial: Missing cached shader map for material FMatExpressionPreview MaterialExpressionConstant3Vector_6, compiling. 
[2016.05.16-22.13.38:179][383]LogMaterial: Missing cached shader map for material FMatExpressionPreview MaterialExpressionTextureSample_21, compiling. 
[2016.05.16-22.13.38:186][383]LogMaterial: Missing cached shader map for material FMatExpressionPreview MaterialExpressionTextureSample_22, compiling. 
[2016.05.16-22.13.38:191][383]LogMaterial: Missing cached shader map for material FMatExpressionPreview MaterialExpressionTextureSample_23, compiling. 
[2016.05.16-22.13.38:199][383]LogMaterial: Missing cached shader map for material FMatExpressionPreview MaterialExpressionConstant3Vector_7, compiling. 
[2016.05.16-22.13.42:782][506]MaterialEditorStats: Info Base pass shader with static lighting: 86 instructions
[2016.05.16-22.13.42:782][506]MaterialEditorStats: Info Base pass shader with only dynamic lighting: 56 instructions
[2016.05.16-22.13.42:782][506]MaterialEditorStats: Info Vertex shader: 31 instructions
[2016.05.16-22.13.42:782][506]MaterialEditorStats: Info Texture samplers: 6/16
[2016.05.16-22.14.06:522][ 64]LogMaterial: Missing cached shader map for material M_Brick_Cut_Stone, compiling. 
[2016.05.16-22.14.06:616][ 64]LogMaterial: Missing cached shader map for material M_Brick_Cut_Stone, compiling. 
[2016.05.16-22.14.06:656][ 64]LogMaterial: 0.00 seconds spent updating 1 materials, 1 interfaces, 0 instances, 0 with static permutations.
[2016.05.16-22.14.21:074][308]LogMaterial: Missing cached shader map for material M_Brick_Cut_Stone, compiling. 
[2016.05.16-22.14.21:147][308]LogMaterial: Missing cached shader map for material M_Brick_Cut_Stone, compiling. 
[2016.05.16-22.14.21:185][308]LogMaterial: 0.00 seconds spent updating 1 materials, 1 interfaces, 0 instances, 0 with static permutations.
[2016.05.16-22.14.29:239][464]MaterialEditorStats: Info Base pass shader with static lighting: 86 instructions
[2016.05.16-22.14.29:239][464]MaterialEditorStats: Info Base pass shader with only dynamic lighting: 56 instructions
[2016.05.16-22.14.29:239][464]MaterialEditorStats: Info Vertex shader: 31 instructions
[2016.05.16-22.14.29:239][464]MaterialEditorStats: Info Texture samplers: 6/16
[2016.05.16-22.14.38:932][708]LogMaterial: Missing cached shader map for material M_Brick_Cut_Stone, compiling. 
[2016.05.16-22.14.45:769][838]MaterialEditorStats: Info Base pass shader with static lighting: 86 instructions
[2016.05.16-22.14.45:769][838]MaterialEditorStats: Info Base pass shader with only dynamic lighting: 56 instructions
[2016.05.16-22.14.45:769][838]MaterialEditorStats: Info Vertex shader: 31 instructions
[2016.05.16-22.14.45:769][838]MaterialEditorStats: Info Texture samplers: 6/16
[2016.05.16-22.21.57:164][890]LogMaterial: Missing cached shader map for material FMatExpressionPreview MaterialExpressionTextureSample_18, compiling. 
[2016.05.16-22.21.57:176][890]LogMaterial: Missing cached shader map for material FMatExpressionPreview MaterialExpressionTextureSample_19, compiling. 
[2016.05.16-22.21.57:191][890]LogMaterial: Missing cached shader map for material FMatExpressionPreview MaterialExpressionConstant3Vector_6, compiling. 
[2016.05.16-22.21.57:208][890]LogMaterial: Missing cached shader map for material FMatExpressionPreview MaterialExpressionTextureSample_21, compiling. 
[2016.05.16-22.21.57:223][890]LogMaterial: Missing cached shader map for material FMatExpressionPreview MaterialExpressionTextureSample_22, compiling. 
[2016.05.16-22.21.57:242][890]LogMaterial: Missing cached shader map for material FMatExpressionPreview MaterialExpressionTextureSample_23, compiling. 
[2016.05.16-22.21.57:259][890]LogMaterial: Missing cached shader map for material FMatExpressionPreview MaterialExpressionConstant3Vector_7, compiling. 
[2016.05.16-22.22.32:590][748]LogMaterial: Missing cached shader map for material M_Brick_Cut_Stone, compiling. 
[2016.05.16-22.22.32:615][748]LogMaterial: 0.00 seconds spent updating 1 materials, 1 interfaces, 0 instances, 0 with static permutations.
[2016.05.16-22.22.38:785][869]LogMaterial: Uniform references updated for custom material expression Custom.
[2016.05.16-22.22.39:035][869]LogMaterial: Uniform references updated for custom material expression TemporalAA SampleID.
[2016.05.16-22.22.39:438][869]LogMaterial: Uniform references updated for custom material expression Ambient Cubemap Intensity.
[2016.05.16-22.22.39:446][869]LogMaterial: Uniform references updated for custom material expression Ambient Cubemap Tint.
[2016.05.16-22.22.39:646][871]MaterialEditorStats: Info Base pass shader with static lighting: 86 instructions
[2016.05.16-22.22.39:646][871]MaterialEditorStats: Info Base pass shader with only dynamic lighting: 56 instructions
[2016.05.16-22.22.39:646][871]MaterialEditorStats: Info Vertex shader: 31 instructions
[2016.05.16-22.22.39:646][871]MaterialEditorStats: Info Texture samplers: 6/16
[2016.05.16-22.22.43:768][  4]LogMaterial: Missing cached shader map for material M_Brick_Cut_Stone, compiling. 
[2016.05.16-22.22.43:797][  4]LogMaterial: 0.00 seconds spent updating 1 materials, 1 interfaces, 0 instances, 0 with static permutations.
[2016.05.16-22.22.43:830][  4]LogMaterial: Missing cached shader map for material M_Brick_Cut_Stone, compiling. 
[2016.05.16-22.22.43:868][  4]LogMaterial: 0.00 seconds spent updating 1 materials, 1 interfaces, 0 instances, 0 with static permutations.
[2016.05.16-22.22.51:713][158]MaterialEditorStats: Info Base pass shader with static lighting: 86 instructions
[2016.05.16-22.22.51:713][158]MaterialEditorStats: Info Base pass shader with only dynamic lighting: 56 instructions
[2016.05.16-22.22.51:713][158]MaterialEditorStats: Info Vertex shader: 31 instructions
[2016.05.16-22.22.51:713][158]MaterialEditorStats: Info Texture samplers: 6/16
[2016.05.16-22.22.57:737][353]LogMaterial: Missing cached shader map for material M_Brick_Cut_Stone, compiling. 
[2016.05.16-22.22.57:762][353]LogMaterial: 0.00 seconds spent updating 1 materials, 1 interfaces, 0 instances, 0 with static permutations.
[2016.05.16-22.22.57:772][353]LogMaterial: Missing cached shader map for material M_Brick_Cut_Stone, compiling. 
[2016.05.16-22.22.57:799][353]LogMaterial: 0.00 seconds spent updating 1 materials, 1 interfaces, 0 instances, 0 with static permutations.
[2016.05.16-22.23.04:154][490]MaterialEditorStats: Info Base pass shader with static lighting: 86 instructions
[2016.05.16-22.23.04:154][490]MaterialEditorStats: Info Base pass shader with only dynamic lighting: 56 instructions
[2016.05.16-22.23.04:154][490]MaterialEditorStats: Info Vertex shader: 31 instructions
[2016.05.16-22.23.04:154][490]MaterialEditorStats: Info Texture samplers: 6/16
[2016.05.16-22.23.05:909][545]LogMaterial: Missing cached shader map for material M_Brick_Cut_Stone, compiling. 
[2016.05.16-22.23.05:936][545]LogMaterial: 0.00 seconds spent updating 1 materials, 1 interfaces, 0 instances, 0 with static permutations.
[2016.05.16-22.23.12:210][673]MaterialEditorStats: Info Base pass shader with static lighting: 86 instructions
[2016.05.16-22.23.12:210][673]MaterialEditorStats: Info Base pass shader with only dynamic lighting: 56 instructions
[2016.05.16-22.23.12:210][673]MaterialEditorStats: Info Vertex shader: 31 instructions
[2016.05.16-22.23.12:210][673]MaterialEditorStats: Info Texture samplers: 6/16
[2016.05.16-22.23.15:547][772]LogMaterial: Missing cached shader map for material M_Brick_Cut_Stone, compiling. 
[2016.05.16-22.23.15:575][772]LogMaterial: 0.00 seconds spent updating 1 materials, 1 interfaces, 0 instances, 0 with static permutations.
[2016.05.16-22.23.20:873][883]LogMaterial: Missing cached shader map for material M_Brick_Cut_Stone, compiling. 
[2016.05.16-22.23.20:937][883]LogMaterial: 0.00 seconds spent updating 1 materials, 1 interfaces, 0 instances, 0 with static permutations.
[2016.05.16-22.23.25:664][980]LogMaterial: Missing cached shader map for material M_Brick_Cut_Stone, compiling. 
[2016.05.16-22.23.25:705][980]LogMaterial: 0.00 seconds spent updating 1 materials, 1 interfaces, 0 instances, 0 with static permutations.
[2016.05.16-22.23.31:745][113]MaterialEditorStats: Info Base pass shader with static lighting: 86 instructions
[2016.05.16-22.23.31:746][113]MaterialEditorStats: Info Base pass shader with only dynamic lighting: 56 instructions
[2016.05.16-22.23.31:746][113]MaterialEditorStats: Info Vertex shader: 31 instructions
[2016.05.16-22.23.31:746][113]MaterialEditorStats: Info Texture samplers: 6/16
[2016.05.16-22.23.32:121][125]LogMaterial: Missing cached shader map for material M_Brick_Cut_Stone, compiling. 
[2016.05.16-22.23.32:147][125]LogMaterial: 0.00 seconds spent updating 1 materials, 1 interfaces, 0 instances, 0 with static permutations.
[2016.05.16-22.23.34:386][177]LogMaterial: Missing cached shader map for material M_Brick_Cut_Stone, compiling. 
[2016.05.16-22.23.34:424][177]LogMaterial: 0.00 seconds spent updating 1 materials, 1 interfaces, 0 instances, 0 with static permutations.
[2016.05.16-22.23.37:995][250]LogMaterial: Missing cached shader map for material M_Brick_Cut_Stone, compiling. 
[2016.05.16-22.23.38:039][250]LogMaterial: 0.00 seconds spent updating 1 materials, 1 interfaces, 0 instances, 0 with static permutations.
[2016.05.16-22.23.42:930][355]LogMaterial: Missing cached shader map for material M_Brick_Cut_Stone, compiling. 
[2016.05.16-22.23.42:969][355]LogMaterial: 0.00 seconds spent updating 1 materials, 1 interfaces, 0 instances, 0 with static permutations.
[2016.05.16-22.23.48:650][470]LogMaterial: Missing cached shader map for material M_Brick_Cut_Stone, compiling. 
[2016.05.16-22.23.48:674][470]LogMaterial: 0.00 seconds spent updating 1 materials, 1 interfaces, 0 instances, 0 with static permutations.
[2016.05.16-22.23.52:043][538]LogMaterial: Missing cached shader map for material M_Brick_Cut_Stone, compiling. 
[2016.05.16-22.23.52:081][538]LogMaterial: 0.00 seconds spent updating 1 materials, 1 interfaces, 0 instances, 0 with static permutations.
[2016.05.16-22.23.53:605][571]LogMaterial: Missing cached shader map for material M_Brick_Cut_Stone, compiling. 
[2016.05.16-22.23.53:646][571]LogMaterial: 0.00 seconds spent updating 1 materials, 1 interfaces, 0 instances, 0 with static permutations.
[2016.05.16-22.23.59:138][628]MaterialEditorStats: Info Base pass shader with static lighting: 86 instructions
[2016.05.16-22.23.59:138][628]MaterialEditorStats: Info Base pass shader with only dynamic lighting: 56 instructions
[2016.05.16-22.23.59:138][628]MaterialEditorStats: Info Vertex shader: 31 instructions
[2016.05.16-22.23.59:138][628]MaterialEditorStats: Info Texture samplers: 6/16
[2016.05.16-22.24.09:315][885]LogMaterial: Missing cached shader map for material M_Brick_Cut_Stone, compiling. 
[2016.05.16-22.24.09:343][885]LogMaterial: 0.00 seconds spent updating 1 materials, 1 interfaces, 0 instances, 0 with static permutations.
[2016.05.16-22.24.09:379][885]LogMaterial: Missing cached shader map for material FMatExpressionPreview MaterialExpressionTextureSample_18, compiling. 
[2016.05.16-22.24.15:420][ 23]MaterialEditorStats: Info Base pass shader with static lighting: 92 instructions
[2016.05.16-22.24.15:420][ 23]MaterialEditorStats: Info Base pass shader with only dynamic lighting: 62 instructions
[2016.05.16-22.24.15:420][ 23]MaterialEditorStats: Info Vertex shader: 31 instructions
[2016.05.16-22.24.15:420][ 23]MaterialEditorStats: Info Texture samplers: 6/16
[2016.05.16-23.49.00:609][137]LogHttp:Warning: Timeout processing Http request. 0000028560AAA380
[2016.05.16-23.50.16:665][622]LogBlueprintUserMessages: Early PlayInEditor Detection: Level '/Game/ThirdPersonBP/Maps/ThirdPersonExampleMap.ThirdPersonExampleMap:PersistentLevel' has LevelScriptBlueprint '/Game/ThirdPersonBP/Maps/ThirdPersonExampleMap.ThirdPersonExampleMap:PersistentLevel.ThirdPersonExampleMap' with GeneratedClass '/Game/ThirdPersonBP/Maps/ThirdPersonExampleMap.ThirdPersonExampleMap_C' with ClassGeneratedBy '/Game/ThirdPersonBP/Maps/ThirdPersonExampleMap.ThirdPersonExampleMap:PersistentLevel.ThirdPersonExampleMap'
[2016.05.16-23.50.16:665][622]LogPlayLevel: PlayLevel: No blueprints needed recompiling
[2016.05.16-23.50.16:665][622]PIE: New page: SIE session: ThirdPersonExampleMap (17 May 2016 6:50:16 pm)
[2016.05.16-23.50.16:666][622]LogPlayLevel: Creating play world package: /Game/ThirdPersonBP/Maps/UEDPIE_0_ThirdPersonExampleMap
[2016.05.16-23.50.16:715][622]LogPlayLevel: PIE: StaticDuplicateObject took: (0.049446s)
[2016.05.16-23.50.16:716][622]LogAIModule: Creating AISystem for world ThirdPersonExampleMap
[2016.05.16-23.50.16:716][622]LogPlayLevel: PIE: World Init took: (0.001154s)
[2016.05.16-23.50.16:717][622]LogPlayLevel: PIE: Created PIE world by copying editor world from /Game/ThirdPersonBP/Maps/ThirdPersonExampleMap.ThirdPersonExampleMap to /Game/ThirdPersonBP/Maps/UEDPIE_0_ThirdPersonExampleMap.ThirdPersonExampleMap (0.051129s)
[2016.05.16-23.50.16:745][622]LogSelection:Warning: PIE object was selected: "StaticMeshActor /Game/ThirdPersonBP/Maps/UEDPIE_0_ThirdPersonExampleMap.ThirdPersonExampleMap:PersistentLevel.Cube26_183"
[2016.05.16-23.50.16:748][622]LogInit: XAudio2 using 'Speakers (Realtek High Definition Audio)' : 2 channels at 48 kHz using 32 bits per sample (channel mask 0x3)
[2016.05.16-23.50.16:757][622]LogInit: FAudioDevice initialized.
[2016.05.16-23.50.16:791][622]LogWorld: Game class is 'ThirdPersonGameMode_C'
[2016.05.16-23.50.16:794][622]LogPrimitiveComponent: Zero scaling not supported (/Game/ThirdPersonBP/Maps/UEDPIE_0_ThirdPersonExampleMap.ThirdPersonExampleMap:PersistentLevel.Ground.StaticMeshComponent0)
[2016.05.16-23.50.16:798][622]LogPrimitiveComponent: Zero scaling not supported (/Game/ThirdPersonBP/Maps/UEDPIE_0_ThirdPersonExampleMap.ThirdPersonExampleMap:PersistentLevel.Cylinder_145.StaticMeshComponent0)
[2016.05.16-23.50.16:798][622]LogPrimitiveComponent: Zero scaling not supported (/Game/ThirdPersonBP/Maps/UEDPIE_0_ThirdPersonExampleMap.ThirdPersonExampleMap:PersistentLevel.Cylinder2.StaticMeshComponent0)
[2016.05.16-23.50.16:802][622]LogPrimitiveComponent: Zero scaling not supported (/Game/ThirdPersonBP/Maps/UEDPIE_0_ThirdPersonExampleMap.ThirdPersonExampleMap:PersistentLevel.Cylinder3_104.StaticMeshComponent0)
[2016.05.16-23.50.16:818][622]LogPrimitiveComponent: Zero scaling not supported (/Game/ThirdPersonBP/Maps/UEDPIE_0_ThirdPersonExampleMap.ThirdPersonExampleMap:PersistentLevel.Cube_21.StaticMeshComponent0)
[2016.05.16-23.50.16:818][622]LogPrimitiveComponent: Zero scaling not supported (/Game/ThirdPersonBP/Maps/UEDPIE_0_ThirdPersonExampleMap.ThirdPersonExampleMap:PersistentLevel.Cube2.StaticMeshComponent0)
[2016.05.16-23.50.16:820][622]LogPrimitiveComponent: Zero scaling not supported (/Game/ThirdPersonBP/Maps/UEDPIE_0_ThirdPersonExampleMap.ThirdPersonExampleMap:PersistentLevel.Cube3_94.StaticMeshComponent0)
[2016.05.16-23.50.16:820][622]LogPrimitiveComponent: Zero scaling not supported (/Game/ThirdPersonBP/Maps/UEDPIE_0_ThirdPersonExampleMap.ThirdPersonExampleMap:PersistentLevel.Cube4.StaticMeshComponent0)
[2016.05.16-23.50.16:824][622]LogPrimitiveComponent: Zero scaling not supported (/Game/ThirdPersonBP/Maps/UEDPIE_0_ThirdPersonExampleMap.ThirdPersonExampleMap:PersistentLevel.Cube13_47.StaticMeshComponent0)
[2016.05.16-23.50.16:825][622]LogPrimitiveComponent: Zero scaling not supported (/Game/ThirdPersonBP/Maps/UEDPIE_0_ThirdPersonExampleMap.ThirdPersonExampleMap:PersistentLevel.Cylinder4_60.StaticMeshComponent0)
[2016.05.16-23.50.16:825][622]LogPrimitiveComponent: Zero scaling not supported (/Game/ThirdPersonBP/Maps/UEDPIE_0_ThirdPersonExampleMap.ThirdPersonExampleMap:PersistentLevel.Cylinder5.StaticMeshComponent0)
[2016.05.16-23.50.16:838][622]LogWorld: Bringing World /Game/ThirdPersonBP/Maps/UEDPIE_0_ThirdPersonExampleMap.ThirdPersonExampleMap up for play (max tick rate 0) at 2016.05.17-09.20.16
[2016.05.16-23.50.16:840][622]LogWorld: Bringing up level for play took: 0.047590
[2016.05.16-23.50.16:841][622]LogGameMode: Warning - PATHS NOT DEFINED or NO PLAYERSTART with positive rating
[2016.05.16-23.50.16:842][622]PIE: Info Play in editor start time for /Game/ThirdPersonBP/Maps/UEDPIE_0_ThirdPersonExampleMap 1.037
[2016.05.16-23.50.16:857][622]LogSelection:Warning: PIE object was selected: "StaticMeshActor /Game/ThirdPersonBP/Maps/UEDPIE_0_ThirdPersonExampleMap.ThirdPersonExampleMap:PersistentLevel.Cube26_183"
[2016.05.16-23.50.16:857][622]LogBlueprintUserMessages: Late PlayInEditor Detection: Level '/Game/ThirdPersonBP/Maps/ThirdPersonExampleMap.ThirdPersonExampleMap:PersistentLevel' has LevelScriptBlueprint '/Game/ThirdPersonBP/Maps/ThirdPersonExampleMap.ThirdPersonExampleMap:PersistentLevel.ThirdPersonExampleMap' with GeneratedClass '/Game/ThirdPersonBP/Maps/ThirdPersonExampleMap.ThirdPersonExampleMap_C' with ClassGeneratedBy '/Game/ThirdPersonBP/Maps/ThirdPersonExampleMap.ThirdPersonExampleMap:PersistentLevel.ThirdPersonExampleMap'
[2016.05.16-23.50.27:193][481]LogEditorViewport: Clicking on Actor (LMB): RaisingWater_C (RaisingWater)
[2016.05.16-23.50.27:193][481]LogSelection:Warning: PIE object was selected: "RaisingWater_C /Game/ThirdPersonBP/Maps/UEDPIE_0_ThirdPersonExampleMap.ThirdPersonExampleMap:PersistentLevel.RaisingWater_2033"
[2016.05.16-23.50.48:701][149]LogEditorViewport: Clicking on Actor (LMB): RaisingWater_C (RaisingWater)
[2016.05.16-23.50.48:701][149]LogSelection:Warning: PIE object was selected: "RaisingWater_C /Game/ThirdPersonBP/Maps/UEDPIE_0_ThirdPersonExampleMap.ThirdPersonExampleMap:PersistentLevel.RaisingWater_2033"
[2016.05.16-23.50.52:152][458]LogBlueprintUserMessages: Early EndPlayMap Detection: Level '/Game/ThirdPersonBP/Maps/ThirdPersonExampleMap.ThirdPersonExampleMap:PersistentLevel' has LevelScriptBlueprint '/Game/ThirdPersonBP/Maps/ThirdPersonExampleMap.ThirdPersonExampleMap:PersistentLevel.ThirdPersonExampleMap' with GeneratedClass '/Game/ThirdPersonBP/Maps/ThirdPersonExampleMap.ThirdPersonExampleMap_C' with ClassGeneratedBy '/Game/ThirdPersonBP/Maps/ThirdPersonExampleMap.ThirdPersonExampleMap:PersistentLevel.ThirdPersonExampleMap'
[2016.05.16-23.50.52:210][458]LogBlueprintUserMessages: Late EndPlayMap Detection: Level '/Game/ThirdPersonBP/Maps/ThirdPersonExampleMap.ThirdPersonExampleMap:PersistentLevel' has LevelScriptBlueprint '/Game/ThirdPersonBP/Maps/ThirdPersonExampleMap.ThirdPersonExampleMap:PersistentLevel.ThirdPersonExampleMap' with GeneratedClass '/Game/ThirdPersonBP/Maps/ThirdPersonExampleMap.ThirdPersonExampleMap_C' with ClassGeneratedBy '/Game/ThirdPersonBP/Maps/ThirdPersonExampleMap.ThirdPersonExampleMap:PersistentLevel.ThirdPersonExampleMap'
[2016.05.16-23.51.09:775][634]LogSavePackage: Save=1111.53ms
[2016.05.16-23.51.09:775][634]LogSavePackage: Moving 'D:/Backup Effulgent/Effulgent/New folder/Game-Design/Effulgent/Saved/ThirdPersonExampleMap858ACE254137C06968AD3196F13A6C6D.tmp' to 'D:/Backup Effulgent/Effulgent/New folder/Game-Design/Effulgent/Content/ThirdPersonBP/Maps/ThirdPersonExampleMap.umap'
[2016.05.16-23.51.09:777][634]LogSavePackage: Total save time: 1386.27ms
[2016.05.16-23.51.09:777][634]LogSavePackage:Display: Finished SavePackage D:/Backup Effulgent/Effulgent/New folder/Game-Design/Effulgent/Content/ThirdPersonBP/Maps/ThirdPersonExampleMap.umap
[2016.05.16-23.51.09:800][634]LogFileHelpers: Saving map 'ThirdPersonExampleMap' took 2.713
[2016.05.16-23.51.09:948][634]LogWindowsTextInputMethodSystem:Display: IME system now deactivated.
[2016.05.16-23.51.10:171][635]Cmd: QUIT_EDITOR
[2016.05.16-23.51.10:320][635]LogExit: Preparing to exit.
[2016.05.16-23.51.10:709][635]LogExit: Editor shut down
[2016.05.16-23.51.10:709][635]LogExit: Transaction tracking system shut down
[2016.05.16-23.51.10:934][635]LogObj: Freed 0b from 0 cluster array pools.
[2016.05.16-23.51.10:935][635]LogExit: Object subsystem successfully closed.
[2016.05.16-23.51.10:952][635]LogD3D11RHI: Shutdown
[2016.05.16-23.51.10:952][635]LogD3D11RHI: CleanupD3DDevice
[2016.05.16-23.51.11:056][635]LogD3D11RHI: ~FD3D11DynamicRHI
[2016.05.16-23.51.11:103][635]LogDerivedDataCache: Shutdown
[2016.05.16-23.51.11:124][635]LogModuleManager: Shutting down and abandoning module MaterialEditor (207)
[2016.05.16-23.51.11:124][635]LogModuleManager: Shutting down and abandoning module BlueprintGraph (206)
[2016.05.16-23.51.11:124][635]LogModuleManager: Shutting down and abandoning module MovieSceneCapture (205)
[2016.05.16-23.51.11:124][635]LogModuleManager: Shutting down and abandoning module HierarchicalLODOutliner (204)
[2016.05.16-23.51.11:124][635]LogModuleManager: Shutting down and abandoning module CrashTracker (203)
[2016.05.16-23.51.11:124][635]LogModuleManager: Shutting down and abandoning module SceneOutliner (202)
[2016.05.16-23.51.11:125][635]LogModuleManager: Shutting down and abandoning module SuperSearch (201)
[2016.05.16-23.51.11:125][635]LogModuleManager: Shutting down and abandoning module WidgetCarousel (200)
[2016.05.16-23.51.11:125][635]LogModuleManager: Shutting down and abandoning module AddContentDialog (199)
[2016.05.16-23.51.11:127][635]LogModuleManager: Shutting down and abandoning module GameplayTags (198)
[2016.05.16-23.51.11:127][635]LogModuleManager: Shutting down and abandoning module EditorWidgets (197)
[2016.05.16-23.51.11:127][635]LogModuleManager: Shutting down and abandoning module CollectionManager (196)
[2016.05.16-23.51.11:128][635]LogModuleManager: Shutting down and abandoning module StatsViewer (195)
[2016.05.16-23.51.11:128][635]LogModuleManager: Shutting down and abandoning module FoliageEdit (194)
[2016.05.16-23.51.11:128][635]LogModuleManager: Shutting down and abandoning module LandscapeEditor (193)
[2016.05.16-23.51.11:130][635]LogModuleManager: Shutting down and abandoning module ActorPickerMode (192)
[2016.05.16-23.51.11:130][635]LogModuleManager: Shutting down and abandoning module GeometryMode (191)
[2016.05.16-23.51.11:130][635]LogModuleManager: Shutting down and abandoning module TextureAlignMode (190)
[2016.05.16-23.51.11:130][635]LogModuleManager: Shutting down and abandoning module BspMode (189)
[2016.05.16-23.51.11:130][635]LogModuleManager: Shutting down and abandoning module PlacementMode (188)
[2016.05.16-23.51.11:130][635]LogModuleManager: Shutting down and abandoning module AutomationWorker (187)
[2016.05.16-23.51.11:130][635]LogModuleManager: Shutting down and abandoning module CharacterAI (186)
[2016.05.16-23.51.11:130][635]LogModuleManager: Shutting down and abandoning module SmartSnapping (185)
[2016.05.16-23.51.11:130][635]LogModuleManager: Shutting down and abandoning module ViewportSnapping (184)
[2016.05.16-23.51.11:130][635]LogModuleManager: Shutting down and abandoning module LogVisualizer (183)
[2016.05.16-23.51.11:132][635]LogModuleManager: Shutting down and abandoning module GameProjectGeneration (182)
[2016.05.16-23.51.11:133][635]LogModuleManager: Shutting down and abandoning module IntroTutorials (181)
[2016.05.16-23.51.11:134][635]LogModuleManager: Shutting down and abandoning module EditorLiveStreaming (180)
[2016.05.16-23.51.11:134][635]LogModuleManager: Shutting down and abandoning module IOSPlatformEditor (179)
[2016.05.16-23.51.11:134][635]LogModuleManager: Shutting down and abandoning module HTML5PlatformEditor (178)
[2016.05.16-23.51.11:134][635]LogModuleManager: Shutting down and abandoning module AndroidDeviceDetection (177)
[2016.05.16-23.51.12:051][635]LogModuleManager: Shutting down and abandoning module AndroidPlatformEditor (176)
[2016.05.16-23.51.12:051][635]LogModuleManager: Shutting down and abandoning module IOSRuntimeSettings (175)
[2016.05.16-23.51.12:051][635]LogModuleManager: Shutting down and abandoning module AndroidRuntimeSettings (174)
[2016.05.16-23.51.12:051][635]LogModuleManager: Shutting down and abandoning module MergeActors (173)
[2016.05.16-23.51.12:053][635]LogModuleManager: Shutting down and abandoning module SizeMap (172)
[2016.05.16-23.51.12:054][635]LogModuleManager: Shutting down and abandoning module TreeMap (171)
[2016.05.16-23.51.12:054][635]LogModuleManager: Shutting down and abandoning module ReferenceViewer (170)
[2016.05.16-23.51.12:054][635]LogModuleManager: Shutting down and abandoning module LocalizationService (169)
[2016.05.16-23.51.12:055][635]LogModuleManager: Shutting down and abandoning module LocalizationDashboard (168)
[2016.05.16-23.51.12:055][635]LogModuleManager: Shutting down and abandoning module HardwareTargeting (167)
[2016.05.16-23.51.12:055][635]LogModuleManager: Shutting down and abandoning module DeviceProfileEditor (166)
[2016.05.16-23.51.12:056][635]LogModuleManager: Shutting down and abandoning module UndoHistory (165)
[2016.05.16-23.51.12:056][635]LogModuleManager: Shutting down and abandoning module UserFeedback (164)
[2016.05.16-23.51.12:056][635]LogModuleManager: Shutting down and abandoning module XmlParser (163)
[2016.05.16-23.51.12:056][635]LogModuleManager: Shutting down and abandoning module Blutility (162)
[2016.05.16-23.51.12:057][635]LogModuleManager: Shutting down and abandoning module ProjectTargetPlatformEditor (161)
[2016.05.16-23.51.12:057][635]LogModuleManager: Shutting down and abandoning module ProjectSettingsViewer (160)
[2016.05.16-23.51.12:057][635]LogModuleManager: Shutting down and abandoning module InputBindingEditor (159)
[2016.05.16-23.51.12:058][635]LogModuleManager: Shutting down and abandoning module EditorSettingsViewer (158)
[2016.05.16-23.51.12:058][635]LogModuleManager: Shutting down and abandoning module SettingsEditor (157)
[2016.05.16-23.51.12:059][635]LogModuleManager: Shutting down and abandoning module ProjectLauncher (156)
[2016.05.16-23.51.12:059][635]LogModuleManager: Shutting down and abandoning module SessionFrontend (155)
[2016.05.16-23.51.12:060][635]LogModuleManager: Shutting down and abandoning module ProfilerClient (154)
[2016.05.16-23.51.12:060][635]LogModuleManager: Shutting down and abandoning module TargetDeviceServices (153)
[2016.05.16-23.51.12:060][635]LogModuleManager: Shutting down and abandoning module DeviceManager (152)
[2016.05.16-23.51.12:094][635]LogModuleManager: Shutting down and abandoning module AutomationController (151)
[2016.05.16-23.51.12:095][635]LogModuleManager: Shutting down and abandoning module AutomationWindow (150)
[2016.05.16-23.51.12:096][635]LogModuleManager: Shutting down and abandoning module Layers (149)
[2016.05.16-23.51.12:098][635]LogModuleManager: Shutting down and abandoning module ComponentVisualizers (148)
[2016.05.16-23.51.12:098][635]LogModuleManager: Shutting down and abandoning module DetailCustomizations (147)
[2016.05.16-23.51.12:098][635]LogModuleManager: Shutting down and abandoning module PackagesDialog (146)
[2016.05.16-23.51.12:099][635]LogModuleManager: Shutting down and abandoning module Persona (145)
[2016.05.16-23.51.12:101][635]LogModuleManager: Shutting down and abandoning module Kismet (144)
[2016.05.16-23.51.12:102][635]LogModuleManager: Shutting down and abandoning module GraphEditor (143)
[2016.05.16-23.51.12:102][635]LogModuleManager: Shutting down and abandoning module ClassViewer (142)
[2016.05.16-23.51.12:102][635]LogModuleManager: Shutting down and abandoning module Toolbox (141)
[2016.05.16-23.51.12:102][635]LogModuleManager: Shutting down and abandoning module ModuleUI (140)
[2016.05.16-23.51.12:102][635]LogModuleManager: Shutting down and abandoning module MovieSceneTools (139)
[2016.05.16-23.51.12:103][635]LogModuleManager: Shutting down and abandoning module OutputLog (138)
[2016.05.16-23.51.12:103][635]LogModuleManager: Shutting down and abandoning module GammaUI (137)
[2016.05.16-23.51.12:104][635]LogModuleManager: Shutting down and abandoning module Documentation (136)
[2016.05.16-23.51.12:104][635]LogModuleManager: Shutting down and abandoning module StreamingPauseRendering (135)
[2016.05.16-23.51.12:104][635]LogModuleManager: Shutting down and abandoning module AnalyticsET (134)
[2016.05.16-23.51.12:104][635]LogModuleManager: Shutting down and abandoning module Analytics (133)
[2016.05.16-23.51.12:104][635]LogModuleManager: Shutting down and abandoning module PortalServices (132)
[2016.05.16-23.51.12:104][635]LogModuleManager: Shutting down and abandoning module PortalRpc (131)
[2016.05.16-23.51.12:104][635]LogModuleManager: Shutting down and abandoning module MessagingRpc (130)
[2016.05.16-23.51.12:104][635]LogModuleManager: Shutting down and abandoning module AITestSuite (129)
[2016.05.16-23.51.12:104][635]LogModuleManager: Shutting down and abandoning module GameplayDebugger (128)
[2016.05.16-23.51.12:105][635]LogModuleManager: Shutting down and abandoning module AIModule (127)
[2016.05.16-23.51.12:105][635]LogModuleManager: Shutting down and abandoning module ProfilerService (126)
[2016.05.16-23.51.12:118][635]LogModuleManager: Shutting down and abandoning module TaskGraph (125)
[2016.05.16-23.51.12:119][635]LogModuleManager: Shutting down and abandoning module SlateRemote (124)
[2016.05.16-23.51.12:119][635]LogModuleManager: Shutting down and abandoning module SteamVRController (123)
[2016.05.16-23.51.12:119][635]LogModuleManager: Shutting down and abandoning module SteamVR (122)
[2016.05.16-23.51.12:119][635]LogModuleManager: Shutting down and abandoning module ProceduralMeshComponent (121)
[2016.05.16-23.51.12:119][635]LogModuleManager: Shutting down and abandoning module OculusLibrary (120)
[2016.05.16-23.51.12:119][635]LogModuleManager: Shutting down and abandoning module OculusInput (119)
[2016.05.16-23.51.12:119][635]LogModuleManager: Shutting down and abandoning module CustomMeshComponent (118)
[2016.05.16-23.51.12:119][635]LogModuleManager: Shutting down and abandoning module CableComponent (117)
[2016.05.16-23.51.12:119][635]LogModuleManager: Shutting down and abandoning module ArchVisCharacter (116)
[2016.05.16-23.51.12:119][635]LogModuleManager: Shutting down and abandoning module MediaPlayerEditor (115)
[2016.05.16-23.51.12:121][635]LogModuleManager: Shutting down and abandoning module HTML5Networking (114)
[2016.05.16-23.51.12:121][635]LogModuleManager: Shutting down and abandoning module SpeedTreeImporter (113)
[2016.05.16-23.51.12:121][635]LogModuleManager: Shutting down and abandoning module PluginBrowser (112)
[2016.05.16-23.51.12:122][635]LogModuleManager: Shutting down and abandoning module EpicSurvey (111)
[2016.05.16-23.51.12:122][635]LogModuleManager: Shutting down and abandoning module DesktopPlatform (110)
[2016.05.16-23.51.12:123][635]LogModuleManager: Shutting down and abandoning module VisualStudioSourceCodeAccess (109)
[2016.05.16-23.51.12:123][635]LogModuleManager: Shutting down and abandoning module UObjectPlugin (108)
[2016.05.16-23.51.12:123][635]LogModuleManager: Shutting down and abandoning module SubversionSourceControl (107)
[2016.05.16-23.51.12:124][635]LogModuleManager: Shutting down and abandoning module PerforceSourceControl (106)
[2016.05.16-23.51.12:124][635]LogModuleManager: Shutting down and abandoning module SourceControl (105)
[2016.05.16-23.51.12:125][635]LogModuleManager: Shutting down and abandoning module GitSourceControl (104)
[2016.05.16-23.51.12:125][635]LogModuleManager: Shutting down and abandoning module LightPropagationVolumeEditor (103)
[2016.05.16-23.51.12:125][635]LogModuleManager: Shutting down and abandoning module PaperTiledImporter (102)
[2016.05.16-23.51.12:126][635]LogModuleManager: Shutting down and abandoning module PaperSpriteSheetImporter (101)
[2016.05.16-23.51.12:126][635]LogModuleManager: Shutting down and abandoning module MeshPaint (100)
[2016.05.16-23.51.12:126][635]LogModuleManager: Shutting down and abandoning module HotReload (99)
[2016.05.16-23.51.12:127][635]LogModuleManager: Shutting down and abandoning module MainFrame (98)
[2016.05.16-23.51.12:127][635]LogModuleManager: Shutting down and abandoning module LevelEditor (97)
[2016.05.16-23.51.12:127][635]LogModuleManager: Shutting down and abandoning module DirectoryWatcher (96)
[2016.05.16-23.51.12:129][635]LogModuleManager: Shutting down and abandoning module AssetRegistry (95)
[2016.05.16-23.51.12:292][635]LogModuleManager: Shutting down and abandoning module ContentBrowser (94)
[2016.05.16-23.51.12:293][635]LogModuleManager: Shutting down and abandoning module Paper2DEditor (93)
[2016.05.16-23.51.12:294][635]LogModuleManager: Shutting down and abandoning module UdpMessaging (92)
[2016.05.16-23.51.12:395][635]LogModuleManager: Shutting down and abandoning module LightPropagationVolumeRuntime (91)
[2016.05.16-23.51.12:395][635]LogModuleManager: Shutting down and abandoning module Paper2D (90)
[2016.05.16-23.51.12:396][635]LogModuleManager: Shutting down and abandoning module WindowsMoviePlayer (89)
[2016.05.16-23.51.12:397][635]LogModuleManager: Shutting down and abandoning module Media (88)
[2016.05.16-23.51.12:397][635]LogModuleManager: Shutting down and abandoning module WmfMedia (87)
[2016.05.16-23.51.12:397][635]LogModuleManager: Shutting down and abandoning module MediaAssets (86)
[2016.05.16-23.51.12:397][635]LogModuleManager: Shutting down and abandoning module GameLiveStreaming (85)
[2016.05.16-23.51.12:397][635]LogModuleManager: Shutting down and abandoning module GameplayTagsEditor (84)
[2016.05.16-23.51.12:397][635]LogModuleManager: Shutting down and abandoning module OnlineBlueprintSupport (83)
[2016.05.16-23.51.12:397][635]LogModuleManager: Shutting down and abandoning module GameplayTasksEditor (82)
[2016.05.16-23.51.12:397][635]LogModuleManager: Shutting down and abandoning module PropertyEditor (81)
[2016.05.16-23.51.12:398][635]LogModuleManager: Shutting down and abandoning module BehaviorTreeEditor (80)
[2016.05.16-23.51.12:399][635]LogModuleManager: Shutting down and abandoning module FunctionalTesting (79)
[2016.05.16-23.51.12:399][635]LogModuleManager: Shutting down and abandoning module CollisionAnalyzer (78)
[2016.05.16-23.51.12:400][635]LogModuleManager: Shutting down and abandoning module WorkspaceMenuStructure (77)
[2016.05.16-23.51.12:400][635]LogModuleManager: Shutting down and abandoning module MessageLog (76)
[2016.05.16-23.51.12:400][635]LogModuleManager: Shutting down and abandoning module Sequencer (75)
[2016.05.16-23.51.12:401][635]LogModuleManager: Shutting down and abandoning module AssetTools (74)
[2016.05.16-23.51.12:403][635]LogModuleManager: Shutting down and abandoning module UMGEditor (73)
[2016.05.16-23.51.12:404][635]LogModuleManager: Shutting down and abandoning module UMG (72)
[2016.05.16-23.51.12:405][635]LogModuleManager: Shutting down and abandoning module SlateReflector (71)
[2016.05.16-23.51.12:407][635]LogModuleManager: Shutting down and abandoning module Slate (70)
[2016.05.16-23.51.12:407][635]LogModuleManager: Shutting down and abandoning module EditorStyle (69)
[2016.05.16-23.51.12:409][635]LogModuleManager: Shutting down and abandoning module SessionServices (68)
[2016.05.16-23.51.12:409][635]LogModuleManager: Shutting down and abandoning module SourceCodeAccess (67)
[2016.05.16-23.51.12:409][635]LogModuleManager: Shutting down and abandoning module HeadMountedDisplay (66)
[2016.05.16-23.51.12:409][635]LogModuleManager: Shutting down and abandoning module XAudio2 (65)
[2016.05.16-23.51.12:409][635]LogModuleManager: Shutting down and abandoning module Networking (63)
[2016.05.16-23.51.12:409][635]LogModuleManager: Shutting down and abandoning module Core (62)
[2016.05.16-23.51.12:409][635]LogModuleManager: Shutting down and abandoning module KismetCompiler (61)
[2016.05.16-23.51.12:410][635]LogModuleManager: Shutting down and abandoning module PhysXFormats (60)
[2016.05.16-23.51.12:410][635]LogModuleManager: Shutting down and abandoning module MeshUtilities (59)
[2016.05.16-23.51.12:411][635]LogModuleManager: Shutting down and abandoning module CookingStats (58)
[2016.05.16-23.51.12:411][635]LogModuleManager: Shutting down and abandoning module DerivedDataCache (57)
[2016.05.16-23.51.12:411][635]LogDerivedDataCache: Shutdown
[2016.05.16-23.51.12:411][635]LogModuleManager: Shutting down and abandoning module ShaderFormatOpenGL (56)
[2016.05.16-23.51.12:412][635]LogModuleManager: Shutting down and abandoning module ShaderFormatD3D (55)
[2016.05.16-23.51.12:412][635]LogModuleManager: Shutting down and abandoning module MetalShaderFormat (54)
[2016.05.16-23.51.12:413][635]LogModuleManager: Shutting down and abandoning module TextureFormatUncompressed (53)
[2016.05.16-23.51.12:413][635]LogModuleManager: Shutting down and abandoning module TextureFormatPVR (52)
[2016.05.16-23.51.12:413][635]LogModuleManager: Shutting down and abandoning module TextureFormatIntelISPCTexComp (51)
[2016.05.16-23.51.12:413][635]LogModuleManager: Shutting down and abandoning module TextureFormatDXT (50)
[2016.05.16-23.51.12:413][635]LogModuleManager: Shutting down and abandoning module ImageWrapper (49)
[2016.05.16-23.51.12:413][635]LogModuleManager: Shutting down and abandoning module TextureFormatASTC (48)
[2016.05.16-23.51.12:413][635]LogModuleManager: Shutting down and abandoning module TextureFormatAndroid (47)
[2016.05.16-23.51.12:413][635]LogModuleManager: Shutting down and abandoning module AudioFormatOpus (46)
[2016.05.16-23.51.12:414][635]LogModuleManager: Shutting down and abandoning module AudioFormatOgg (45)
[2016.05.16-23.51.12:414][635]LogModuleManager: Shutting down and abandoning module AudioFormatADPCM (44)
[2016.05.16-23.51.12:414][635]LogModuleManager: Shutting down and abandoning module LinuxTargetPlatform (43)
[2016.05.16-23.51.12:414][635]LogModuleManager: Shutting down and abandoning module LinuxServerTargetPlatform (42)
[2016.05.16-23.51.12:414][635]LogModuleManager: Shutting down and abandoning module LinuxNoEditorTargetPlatform (41)
[2016.05.16-23.51.12:415][635]LogModuleManager: Shutting down and abandoning module TVOSTargetPlatform (40)
[2016.05.16-23.51.12:415][635]LogModuleManager: Shutting down and abandoning module Messaging (39)
[2016.05.16-23.51.12:415][635]LogModuleManager: Shutting down and abandoning module IOSTargetPlatform (38)
[2016.05.16-23.51.12:415][635]LogModuleManager: Shutting down and abandoning module HTML5TargetPlatform (37)
[2016.05.16-23.51.12:415][635]LogModuleManager: Shutting down and abandoning module Android_PVRTCTargetPlatform (36)
[2016.05.16-23.51.12:415][635]LogModuleManager: Shutting down and abandoning module Android_MultiTargetPlatform (35)
[2016.05.16-23.51.12:415][635]LogModuleManager: Shutting down and abandoning module Android_ETC2TargetPlatform (34)
[2016.05.16-23.51.12:415][635]LogModuleManager: Shutting down and abandoning module Android_ETC1TargetPlatform (33)
[2016.05.16-23.51.12:415][635]LogModuleManager: Shutting down and abandoning module Android_DXTTargetPlatform (32)
[2016.05.16-23.51.12:415][635]LogModuleManager: Shutting down and abandoning module Android_ATCTargetPlatform (31)
[2016.05.16-23.51.12:415][635]LogModuleManager: Shutting down and abandoning module Android_ASTCTargetPlatform (30)
[2016.05.16-23.51.12:415][635]LogModuleManager: Shutting down and abandoning module AndroidTargetPlatform (29)
[2016.05.16-23.51.12:415][635]LogModuleManager: Shutting down and abandoning module WindowsTargetPlatform (28)
[2016.05.16-23.51.12:415][635]LogModuleManager: Shutting down and abandoning module WindowsServerTargetPlatform (27)
[2016.05.16-23.51.12:415][635]LogModuleManager: Shutting down and abandoning module WindowsNoEditorTargetPlatform (26)
[2016.05.16-23.51.12:416][635]LogModuleManager: Shutting down and abandoning module WindowsClientTargetPlatform (25)
[2016.05.16-23.51.12:416][635]LogModuleManager: Shutting down and abandoning module AllDesktopTargetPlatform (24)
[2016.05.16-23.51.12:416][635]LogModuleManager: Shutting down and abandoning module TargetPlatform (23)
[2016.05.16-23.51.12:416][635]LogModuleManager: Shutting down and abandoning module InputCore (22)
[2016.05.16-23.51.12:416][635]LogModuleManager: Shutting down and abandoning module Settings (21)
[2016.05.16-23.51.12:416][635]LogModuleManager: Shutting down and abandoning module OnlineSubsystem (19)
[2016.05.16-23.51.12:416][635]LogModuleManager: Shutting down and abandoning module HTTP (18)
[2016.05.16-23.51.14:418][635]LogModuleManager: Shutting down and abandoning module XMPP (17)
[2016.05.16-23.51.14:421][635]LogModuleManager: Shutting down and abandoning module OculusRift (16)
[2016.05.16-23.51.14:422][635]LogModuleManager: Shutting down and abandoning module ExampleDeviceProfileSelector (15)
[2016.05.16-23.51.14:422][635]LogModuleManager: Shutting down and abandoning module TextureCompressor (14)
[2016.05.16-23.51.14:422][635]LogModuleManager: Shutting down and abandoning module ShaderCore (13)
[2016.05.16-23.51.14:422][635]LogModuleManager: Shutting down and abandoning module Landscape (12)
[2016.05.16-23.51.14:422][635]LogModuleManager: Shutting down and abandoning module SlateRHIRenderer (11)
[2016.05.16-23.51.14:425][635]LogModuleManager: Shutting down and abandoning module OpenGLDrv (10)
[2016.05.16-23.51.14:427][635]LogModuleManager: Shutting down and abandoning module D3D11RHI (9)
[2016.05.16-23.51.14:427][635]LogModuleManager: Shutting down and abandoning module AnimGraphRuntime (8)
[2016.05.16-23.51.14:427][635]LogModuleManager: Shutting down and abandoning module Renderer (7)
[2016.05.16-23.51.14:427][635]LogModuleManager: Shutting down and abandoning module Engine (6)
[2016.05.16-23.51.14:427][635]LogModuleManager: Shutting down and abandoning module CoreUObject (5)
[2016.05.16-23.51.14:427][635]LogModuleManager: Shutting down and abandoning module NetworkFile (4)
[2016.05.16-23.51.14:427][635]LogModuleManager: Shutting down and abandoning module StreamingFile (3)
[2016.05.16-23.51.14:427][635]LogModuleManager: Shutting down and abandoning module SandboxFile (2)
[2016.05.16-23.51.14:428][635]LogModuleManager: Shutting down and abandoning module PakFile (1)
[2016.05.16-23.51.14:430][635]LogExit: Exiting.
[2016.05.16-23.51.14:432][635]Log file closed, 05/17/16 09:21:14
