Log file open, 05/14/16 14:30:31
LogInit:Display: Running engine for game: Effulgent
LogPlatformFile: Not using cached read wrapper
LogInit:Display: RandInit(-612782158) SRandInit(-612782157).
LogTaskGraph: Started task graph with 4 named threads and 7 total threads.
LogStats: Stats thread started at 0.068023
LogInit: Version: 4.11.2-2946394+++UE4+Release-4.11
LogInit: API Version: 2927265
LogInit: Compiled (64-bit): Apr 18 2016 02:18:46
LogInit: Compiled with Visual C++: 19.00.23026.00
LogInit: Build Configuration: Development
LogInit: Branch Name: ++UE4+Release-4.11
LogInit: Command line:  
LogInit: Base directory: D:/Program Files/Epic Games/4.11/Engine/Binaries/Win64/
LogInit: Installed Engine Build: 1
LogInit: Using libcurl 7.41.0
LogInit:  - built for x86_64-pc-win32
LogInit:  - supports SSL with WinSSL
LogInit:  - other features:
LogInit:      CURL_VERSION_SSL
LogInit:      CURL_VERSION_IPV6
LogInit:      CURL_VERSION_ASYNCHDNS
LogInit:      CURL_VERSION_LARGEFILE
LogInit:      CURL_VERSION_IDN
LogInit:  CurlRequestOptions (configurable via config and command line):
LogInit:  - bVerifyPeer = true  - Libcurl will verify peer certificate
LogInit:  - bUseHttpProxy = false  - Libcurl will NOT use HTTP proxy
LogInit:  - bDontReuseConnections = false  - Libcurl will reuse connections
LogInit:  - CertBundlePath = nullptr  - Libcurl will use whatever was configured at build time.
LogInit: Presizing for max 16777216 objects, including 0 objects not considered by GC, pre-allocating 0 bytes for permanent pool.
LogInit: Object subsystem initialized
[2016.05.14-05.00.31:580][  0]LogInit: Selected Device Profile: [Windows]
[2016.05.14-05.00.31:580][  0]LogInit: Applying CVar settings loaded from the selected device profile: [Windows]
[2016.05.14-05.00.31:595][  0]LogInit: Computer: SOVEREIGN
[2016.05.14-05.00.31:595][  0]LogInit: User: Caroline
[2016.05.14-05.00.31:595][  0]LogInit: CPU Page size=65536, Cores=4
[2016.05.14-05.00.31:595][  0]LogInit: High frequency timer resolution =2.338344 MHz
[2016.05.14-05.00.31:595][  0]LogMemory: Memory total: Physical=15.9GB (16GB approx)
[2016.05.14-05.00.31:595][  0]LogMemory: Platform Memory Stats for Windows
[2016.05.14-05.00.31:595][  0]LogMemory: Process Physical Memory: 313.78 MB used, 313.78 MB peak
[2016.05.14-05.00.31:595][  0]LogMemory: Process Virtual Memory: 315.01 MB used, 315.01 MB peak
[2016.05.14-05.00.31:595][  0]LogMemory: Physical Memory: 6437.19 MB used, 16302.99 MB total
[2016.05.14-05.00.31:595][  0]LogMemory: Virtual Memory: 638.78 MB used, 134217728.00 MB total
[2016.05.14-05.00.32:641][  0]LogTextLocalizationManager: No specific translations for ('en-AU') exist, so ('en') translations will be used.
[2016.05.14-05.00.33:021][  0]LogD3D11RHI: D3D11 adapters:
[2016.05.14-05.00.33:047][  0]LogD3D11RHI:    0. 'NVIDIA GeForce GTX 765M' (Feature Level 11_0)
[2016.05.14-05.00.33:047][  0]LogD3D11RHI:       1989MB of dedicated video memory, 0MB of dedicated system memory, and 8151MB of shared system memory, 1 output[s]
[2016.05.14-05.00.33:053][  0]LogD3D11RHI:    1. 'Intel(R) HD Graphics 4600' (Feature Level 11_0)
[2016.05.14-05.00.33:053][  0]LogD3D11RHI:       112MB of dedicated video memory, 0MB of dedicated system memory, and 8151MB of shared system memory, 0 output[s]
[2016.05.14-05.00.33:054][  0]LogD3D11RHI:    2. 'Microsoft Basic Render Driver' (Feature Level 11_0)
[2016.05.14-05.00.33:054][  0]LogD3D11RHI:       0MB of dedicated video memory, 0MB of dedicated system memory, and 8151MB of shared system memory, 0 output[s]
[2016.05.14-05.00.33:054][  0]LogD3D11RHI: Chosen D3D11 Adapter: 0
[2016.05.14-05.00.33:059][  0]LogD3D11RHI: Creating new Direct3DDevice
[2016.05.14-05.00.33:059][  0]LogD3D11RHI:     Adapter Name: NVIDIA GeForce GTX 765M
[2016.05.14-05.00.33:059][  0]LogD3D11RHI:   Driver Version: Unknown (internal Unknown)
[2016.05.14-05.00.33:059][  0]LogD3D11RHI:      Driver Date: Unknown
[2016.05.14-05.00.33:059][  0]LogRHI: Texture pool is 1361 MB (70% of 1945 MB)
[2016.05.14-05.00.33:073][  0]LogD3D11RHI: Async texture creation enabled
[2016.05.14-05.00.33:090][  0]LogShaderCompilers: Guid format shader working directory is -17 characters bigger than the processId version (../../../../../../Caroline/Documents/GitHub/Game-Design/Effulgent/Intermediate/Shaders/WorkingDirectory/10772/).
[2016.05.14-05.00.33:090][  0]LogShaderCompilers: Cleaned the shader compiler working directory 'C:/Users/Caroline/AppData/Local/Temp/UnrealShaderWorkingDir/0F9F64004D0AC9CF9B571F923F370A66/'.
[2016.05.14-05.00.33:090][  0]LogShaderCompilers:Display: Using Local Shader Compiler.
[2016.05.14-05.00.34:933][  0]LogTemp:Display: Loaded TP AllDesktopTargetPlatform
[2016.05.14-05.00.34:936][  0]LogTemp:Display: Loaded TP WindowsClientTargetPlatform
[2016.05.14-05.00.34:941][  0]LogTemp:Display: Loaded TP WindowsNoEditorTargetPlatform
[2016.05.14-05.00.34:945][  0]LogTemp:Display: Loaded TP WindowsServerTargetPlatform
[2016.05.14-05.00.34:948][  0]LogTemp:Display: Loaded TP WindowsTargetPlatform
[2016.05.14-05.00.34:953][  0]LogTemp:Display: Loaded TP AndroidTargetPlatform
[2016.05.14-05.00.34:956][  0]LogTemp:Display: Loaded TP Android_ASTCTargetPlatform
[2016.05.14-05.00.34:959][  0]LogTemp:Display: Loaded TP Android_ATCTargetPlatform
[2016.05.14-05.00.34:961][  0]LogTemp:Display: Loaded TP Android_DXTTargetPlatform
[2016.05.14-05.00.34:964][  0]LogTemp:Display: Loaded TP Android_ETC1TargetPlatform
[2016.05.14-05.00.34:967][  0]LogTemp:Display: Loaded TP Android_ETC2TargetPlatform
[2016.05.14-05.00.34:973][  0]LogTemp:Display: Loaded TP Android_MultiTargetPlatform
[2016.05.14-05.00.34:973][  0]LogTemp:Display: Loaded TP Android_PVRTCTargetPlatform
[2016.05.14-05.00.34:974][  0]LogTemp:Display: Loaded TP HTML5TargetPlatform
[2016.05.14-05.00.34:992][  0]LogTemp:Display: Loaded TP IOSTargetPlatform
[2016.05.14-05.00.34:995][  0]LogTemp:Display: Loaded TP TVOSTargetPlatform
[2016.05.14-05.00.34:997][  0]LogTemp:Display: Loaded TP LinuxNoEditorTargetPlatform
[2016.05.14-05.00.35:000][  0]LogTemp:Display: Loaded TP LinuxServerTargetPlatform
[2016.05.14-05.00.35:005][  0]LogTemp:Display: Loaded TP LinuxTargetPlatform
[2016.05.14-05.00.35:005][  0]LogTargetPlatformManager:Display: Building Assets For Windows
[2016.05.14-05.00.35:384][  0]LogDerivedDataCache:Display: Max Cache Size: 512 MB
[2016.05.14-05.00.35:657][  0]LogDerivedDataCache: Loaded boot cache 0.27s 46MB C:/Users/Caroline/AppData/Local/UnrealEngine/4.11/DerivedDataCache/Boot.ddc.
[2016.05.14-05.00.35:698][  0]LogDerivedDataCache:Display: Loaded Boot cache: C:/Users/Caroline/AppData/Local/UnrealEngine/4.11/DerivedDataCache/Boot.ddc
[2016.05.14-05.00.35:698][  0]LogDerivedDataCache: FDerivedDataBackendGraph:  Pak pak cache file ../../../../../../Caroline/Documents/GitHub/Game-Design/Effulgent/DerivedDataCache/DDC.ddp not found, will not use a pak cache.
[2016.05.14-05.00.35:698][  0]LogDerivedDataCache: Unable to find inner node Pak for hierarchical cache Hierarchy.
[2016.05.14-05.00.35:698][  0]LogDerivedDataCache: FDerivedDataBackendGraph:  CompressedPak pak cache file ../../../../../../Caroline/Documents/GitHub/Game-Design/Effulgent/DerivedDataCache/Compressed.ddp not found, will not use a pak cache.
[2016.05.14-05.00.35:698][  0]LogDerivedDataCache: Unable to find inner node CompressedPak for hierarchical cache Hierarchy.
[2016.05.14-05.00.36:149][  0]LogDerivedDataCache:Display: Pak cache opened for reading ../../../Engine/DerivedDataCache/Compressed.ddp.
[2016.05.14-05.00.36:161][  0]LogDerivedDataCache: Using Local data cache path C:/Users/Caroline/AppData/Local/UnrealEngine/Common/DerivedDataCache: Writable
[2016.05.14-05.01.16:530][  0]LogInit: Selected Device Profile: [Windows]
[2016.05.14-05.01.16:945][  0]LogContentStreaming: Texture pool size is 0.00 MB
[2016.05.14-05.01.23:297][  0]LogMaterial: Uniform references updated for custom material expression Custom.
[2016.05.14-05.01.29:551][  0]LogMeshUtilities: No automatic mesh reduction module available
[2016.05.14-05.01.29:551][  0]LogMeshUtilities: No automatic mesh merging module available
[2016.05.14-05.01.29:551][  0]LogMeshUtilities: No distributed automatic mesh merging module available
[2016.05.14-05.01.49:007][  0]LogUObjectArray: 27679 objects as part of root set at end of initial load.
[2016.05.14-05.01.49:007][  0]LogUObjectAllocator: 5591592 out of 0 bytes used by permanent object pool.
[2016.05.14-05.01.49:007][  0]LogUObjectArray: CloseDisregardForGC: 0/0 objects in disregard for GC pool
[2016.05.14-05.01.49:135][  0]LogInit: WinSock: version 1.1 (2.2), MaxSocks=32767, MaxUdp=65467
[2016.05.14-05.02.03:026][  0]LogSlate: SlateFontCache - WITH_FREETYPE: 1, WITH_HARFBUZZ: 1
[2016.05.14-05.02.03:046][  0]LogSlate: SlateFontCache - WITH_FREETYPE: 1, WITH_HARFBUZZ: 1
[2016.05.14-05.02.12:381][  0]LogStreaming:Warning: Failed to read file '../../../Engine/Content/Editor/Slate/Common/Selection_16x.png' error.
[2016.05.14-05.02.12:381][  0]LogSlate: Could not find file for Slate resource: ../../../Engine/Content/Editor/Slate/Common/Selection_16x.png
[2016.05.14-05.02.12:405][  0]LogStreaming:Warning: Failed to read file '../../../Engine/Content/Editor/Slate/Common/Selection_16x.png' error.
[2016.05.14-05.02.12:405][  0]LogSlate: Could not find file for Slate resource: ../../../Engine/Content/Editor/Slate/Common/Selection_16x.png
[2016.05.14-05.02.12:405][  0]LogStreaming:Warning: Failed to read file '../../../Engine/Content/Editor/Slate/Common/Selection_16x.png' error.
[2016.05.14-05.02.12:405][  0]LogSlate: Could not find file for Slate resource: ../../../Engine/Content/Editor/Slate/Common/Selection_16x.png
[2016.05.14-05.02.44:051][  0]LogUdpMessaging: Initializing bridge on interface 0.0.0.0:0 to multicast group 230.0.0.1:6666.
[2016.05.14-05.02.45:250][  0]LogAssetRegistry: FAssetRegistry took 0.0256 seconds to start up
[2016.05.14-05.02.51:680][  0]SourceControl: Info Source control is disabled
[2016.05.14-05.02.51:699][  0]SourceControl: Info Source control is disabled
[2016.05.14-05.02.51:916][  0]SourceControl: Info Source control is disabled
[2016.05.14-05.02.52:059][  0]SourceControl: Info Source control is disabled
[2016.05.14-05.02.53:122][  0]LogHMD: Failed to initialize OpenVR with code 110
[2016.05.14-05.02.54:428][  0]LogEngine: Initializing Engine...
[2016.05.14-05.02.56:288][  0]LogAIModule: Creating AISystem for world NewWorld
[2016.05.14-05.02.56:672][  0]LogInit: XAudio2 using 'Speakers (Realtek High Definition Audio)' : 2 channels at 48 kHz using 32 bits per sample (channel mask 0x3)
[2016.05.14-05.02.56:698][  0]LogInit: FAudioDevice initialized.
[2016.05.14-05.02.56:720][  0]LogDerivedDataCache: Saved boot cache 0.02s 46MB C:/Users/Caroline/AppData/Local/UnrealEngine/4.11/DerivedDataCache/Boot.ddc.
[2016.05.14-05.02.56:768][  0]LogInit: Texture streaming: Enabled
[2016.05.14-05.02.57:361][  0]LogInit: Transaction tracking system initialized
[2016.05.14-05.02.58:287][  0]BlueprintLog: New page: Editor Load
[2016.05.14-05.03.01:029][  0]LocalizationService: Info Localization service is disabled
[2016.05.14-05.03.02:813][  0]LogConsoleResponse:Display: 
[2016.05.14-05.03.07:360][  0]LogFileCache: Scanning file cache for directory 'D:/Caroline/Documents/GitHub/Game-Design/Effulgent/Content/' took 0.08s
[2016.05.14-05.03.07:360][  0]LogCook:Display: Max memory allowance for cook 8192mb
[2016.05.14-05.03.07:360][  0]LogCook:Display: Mobile HDR setting 1
[2016.05.14-05.03.07:400][  0]LogCook:Display: Done creating registry. It took  0.00s.
[2016.05.14-05.03.08:938][  0]SourceControl: Info Source control is disabled
[2016.05.14-05.03.09:008][  0]Cmd: MAP LOAD FILE="../../../../../../Caroline/Documents/GitHub/Game-Design/Effulgent/Content/ThirdPersonBP/Maps/ThirdPersonExampleMap.umap" TEMPLATE=0 SHOWPROGRESS=1 FEATURELEVEL=3
[2016.05.14-05.03.09:064][  0]LightingResults: New page: Lighting Build
[2016.05.14-05.03.09:451][  0]MapCheck: New page: Map Check
[2016.05.14-05.03.09:451][  0]LightingResults: New page: Lighting Build
[2016.05.14-05.03.11:334][  0]LogLinker:Warning: Can't find file '/Game/Textures/Black_Mat'
[2016.05.14-05.03.11:334][  0]LogLinker:Warning: Can't find file for asset '/Game/Textures/Black_Mat' while loading ../../../../../../Caroline/Documents/GitHub/Game-Design/Effulgent/Content/ThirdPersonBP/Blueprints/ThirdPersonCharacter.uasset.
[2016.05.14-05.03.11:334][  0]LoadErrors:Error: Error /Game/ThirdPersonBP/Blueprints/ThirdPersonCharacter : Can't find file for asset. /Game/Textures/Black_Mat
[2016.05.14-05.03.11:634][  0]LogLinker:Warning: Can't find file '/Game/Textures/Black_Mat'
[2016.05.14-05.03.11:634][  0]LogLinker:Warning: Can't find file for asset '/Game/Textures/Black_Mat' while loading ../../../../../../Caroline/Documents/GitHub/Game-Design/Effulgent/Content/ThirdPersonBP/Blueprints/ThirdPersonCharacter.uasset.
[2016.05.14-05.03.11:634][  0]LoadErrors:Error: Error /Game/ThirdPersonBP/Blueprints/ThirdPersonCharacter : Can't find file for asset. /Game/Textures/Black_Mat
[2016.05.14-05.03.11:675][  0]LogLinker:Warning: Can't find file '/Game/Textures/Black_Mat'
[2016.05.14-05.03.11:675][  0]LogLinker:Warning: Can't find file for asset '/Game/Textures/Black_Mat' while loading ../../../../../../Caroline/Documents/GitHub/Game-Design/Effulgent/Content/ThirdPersonBP/Maps/ThirdPersonExampleMap.umap.
[2016.05.14-05.03.11:675][  0]LoadErrors:Error: Error /Game/ThirdPersonBP/Maps/ThirdPersonExampleMap : Can't find file for asset. /Game/Textures/Black_Mat
[2016.05.14-05.03.11:676][  0]LogLinker:Warning: Can't find file '/Game/Textures/Black_Mat'
[2016.05.14-05.03.11:676][  0]LogLinker:Warning: Can't find file for asset '/Game/Textures/Black_Mat' while loading ../../../../../../Caroline/Documents/GitHub/Game-Design/Effulgent/Content/ThirdPersonBP/Maps/ThirdPersonExampleMap.umap.
[2016.05.14-05.03.11:676][  0]LoadErrors:Error: Error /Game/ThirdPersonBP/Maps/ThirdPersonExampleMap : Can't find file for asset. /Game/Textures/Black_Mat
[2016.05.14-05.03.11:688][  0]LogLinker:Warning: Can't find file '/Game/Textures/Black_Mat'
[2016.05.14-05.03.11:688][  0]LoadErrors: Info Failed to load /Game/Textures/Black_Mat.Black_Mat Referenced by CharacterMesh0
[2016.05.14-05.03.11:688][  0]LogLinker:Warning: Can't find file for asset '/Game/Textures/Black_Mat' while loading ../../../../../../Caroline/Documents/GitHub/Game-Design/Effulgent/Content/ThirdPersonBP/Maps/ThirdPersonExampleMap.umap.
[2016.05.14-05.03.11:688][  0]LoadErrors: Info Failed to load /Game/Textures/Black_Mat.Black_Mat Referenced by CharacterMesh0
[2016.05.14-05.03.11:688][  0]LoadErrors:Error: Error /Game/ThirdPersonBP/Maps/ThirdPersonExampleMap : Can't find file for asset. /Game/Textures/Black_Mat
[2016.05.14-05.03.11:689][  0]LogLinker:Warning: Can't find file '/Game/Textures/Black_Mat'
[2016.05.14-05.03.11:689][  0]LoadErrors: Info Failed to load /Game/Textures/Black_Mat.Black_Mat Referenced by CharacterMesh0
[2016.05.14-05.03.11:689][  0]LogLinker:Warning: Can't find file for asset '/Game/Textures/Black_Mat' while loading ../../../../../../Caroline/Documents/GitHub/Game-Design/Effulgent/Content/ThirdPersonBP/Maps/ThirdPersonExampleMap.umap.
[2016.05.14-05.03.11:689][  0]LoadErrors: Info Failed to load /Game/Textures/Black_Mat.Black_Mat Referenced by CharacterMesh0
[2016.05.14-05.03.11:689][  0]LoadErrors:Error: Error /Game/ThirdPersonBP/Maps/ThirdPersonExampleMap : Can't find file for asset. /Game/Textures/Black_Mat
[2016.05.14-05.03.16:190][  0]LogAIModule: Creating AISystem for world ThirdPersonExampleMap
[2016.05.14-05.03.16:422][  0]LogPrimitiveComponent: Zero scaling not supported (/Game/ThirdPersonBP/Maps/ThirdPersonExampleMap.ThirdPersonExampleMap:PersistentLevel.Ground.StaticMeshComponent0)
[2016.05.14-05.03.16:424][  0]LogPrimitiveComponent: Zero scaling not supported (/Game/ThirdPersonBP/Maps/ThirdPersonExampleMap.ThirdPersonExampleMap:PersistentLevel.Cylinder_145.StaticMeshComponent0)
[2016.05.14-05.03.16:424][  0]LogPrimitiveComponent: Zero scaling not supported (/Game/ThirdPersonBP/Maps/ThirdPersonExampleMap.ThirdPersonExampleMap:PersistentLevel.Cylinder2.StaticMeshComponent0)
[2016.05.14-05.03.16:425][  0]LogPrimitiveComponent: Zero scaling not supported (/Game/ThirdPersonBP/Maps/ThirdPersonExampleMap.ThirdPersonExampleMap:PersistentLevel.Cylinder3_104.StaticMeshComponent0)
[2016.05.14-05.03.16:538][  0]LogPrimitiveComponent: Zero scaling not supported (/Game/ThirdPersonBP/Maps/ThirdPersonExampleMap.ThirdPersonExampleMap:PersistentLevel.Cube_21.StaticMeshComponent0)
[2016.05.14-05.03.16:538][  0]LogPrimitiveComponent: Zero scaling not supported (/Game/ThirdPersonBP/Maps/ThirdPersonExampleMap.ThirdPersonExampleMap:PersistentLevel.Cube2.StaticMeshComponent0)
[2016.05.14-05.03.16:539][  0]LogPrimitiveComponent: Zero scaling not supported (/Game/ThirdPersonBP/Maps/ThirdPersonExampleMap.ThirdPersonExampleMap:PersistentLevel.Cube3_94.StaticMeshComponent0)
[2016.05.14-05.03.16:539][  0]LogPrimitiveComponent: Zero scaling not supported (/Game/ThirdPersonBP/Maps/ThirdPersonExampleMap.ThirdPersonExampleMap:PersistentLevel.Cube4.StaticMeshComponent0)
[2016.05.14-05.03.16:540][  0]LogPrimitiveComponent: Zero scaling not supported (/Game/ThirdPersonBP/Maps/ThirdPersonExampleMap.ThirdPersonExampleMap:PersistentLevel.Cube13_47.StaticMeshComponent0)
[2016.05.14-05.03.16:540][  0]LogPrimitiveComponent: Zero scaling not supported (/Game/ThirdPersonBP/Maps/ThirdPersonExampleMap.ThirdPersonExampleMap:PersistentLevel.Cylinder4_60.StaticMeshComponent0)
[2016.05.14-05.03.16:540][  0]LogPrimitiveComponent: Zero scaling not supported (/Game/ThirdPersonBP/Maps/ThirdPersonExampleMap.ThirdPersonExampleMap:PersistentLevel.Cylinder5.StaticMeshComponent0)
[2016.05.14-05.03.16:541][  0]LogPrimitiveComponent: Zero scaling not supported (/Game/ThirdPersonBP/Maps/ThirdPersonExampleMap.ThirdPersonExampleMap:PersistentLevel.Cube22_175.StaticMeshComponent0)
[2016.05.14-05.03.17:678][  0]LogEditorServer: Finished looking for orphan Actors (0.000 secs)
[2016.05.14-05.03.17:785][  0]Cmd: MAP CHECKDEP NOCLEARLOG
[2016.05.14-05.03.17:873][  0]MapCheck: Info Map check complete: 0 Error(s), 0 Warning(s), took 87.826ms to complete.
[2016.05.14-05.03.17:873][  0]LogFileHelpers: Loading map 'ThirdPersonExampleMap' took 8.891
[2016.05.14-05.03.20:282][  0]LogCollectionManager: Loaded 0 collections in 0.001380 seconds
[2016.05.14-05.03.20:722][  0]LogFileCache: Scanning file cache for directory 'D:/Caroline/Documents/GitHub/Game-Design/Effulgent/Saved/Collections/' took 0.01s
[2016.05.14-05.03.20:722][  0]LogFileCache: Scanning file cache for directory 'D:/Caroline/Documents/GitHub/Game-Design/Effulgent/Content/Developers/Caroline/Collections/' took 0.01s
[2016.05.14-05.03.20:722][  0]LogFileCache: Scanning file cache for directory 'D:/Caroline/Documents/GitHub/Game-Design/Effulgent/Content/Collections/' took 0.01s
[2016.05.14-05.03.20:722][  0]LogCollectionManager: Rebuilt the GUID cache for 0 collections in 0.000003 seconds
[2016.05.14-05.03.20:786][  0]LogContentBrowser: Native class hierarchy populated in 0.0450 seconds. Added 1979 classes and 343 folders.
[2016.05.14-05.03.20:970][  0]LogStats: UGameplayTagsManager::ConstructGameplayTagTree: Construct from data asset -  0.000 s
[2016.05.14-05.03.20:970][  0]LogStats: UGameplayTagsManager::ConstructGameplayTagTree: GameplayTagTreeChangedEvent.Broadcast -  0.000 s
[2016.05.14-05.03.20:979][  0]LogContentBrowser: Native class hierarchy updated for 'GameplayTags' in 0.0007 seconds. Added 12 classes and 0 folders.
[2016.05.14-05.03.21:055][  0]LogContentBrowser: Native class hierarchy updated for 'WidgetCarousel' in 0.0005 seconds. Added 0 classes and 0 folders.
[2016.05.14-05.03.21:378][  0]LogContentBrowser: Native class hierarchy updated for 'SuperSearch' in 0.0009 seconds. Added 1 classes and 2 folders.
[2016.05.14-05.03.22:458][  0]LogContentBrowser: Native class hierarchy updated for 'AddContentDialog' in 0.0005 seconds. Added 0 classes and 0 folders.
[2016.05.14-05.03.22:665][  0]LogContentBrowser: Native class hierarchy updated for 'SceneOutliner' in 0.0006 seconds. Added 1 classes and 2 folders.
[2016.05.14-05.03.23:594][  0]LogCrashTracker: Crashtracker disabled due to settings.
[2016.05.14-05.03.24:048][  0]LogUObjectGlobals:Warning: Failed to find object 'Class None.'
[2016.05.14-05.03.24:359][  0]LogContentBrowser: Native class hierarchy updated for 'HierarchicalLODOutliner' in 0.0006 seconds. Added 1 classes and 2 folders.
[2016.05.14-05.03.24:359][  0]LogLoad: Full Startup: 174.76 seconds (BP compile: 3.90 seconds)
[2016.05.14-05.03.24:359][  0]LogExternalProfiler:Warning: No registered external profiler was matched with a command-line switch (or the DLL could not be loaded).  External profiling features will not be available.
[2016.05.14-05.03.24:793][  0]LogOcInput: OculusInput pre-init called
[2016.05.14-05.03.25:502][  0]LogContentStreaming: Texture pool size now 200 MB
[2016.05.14-05.03.26:851][  0]LogRenderer: Reallocating scene render targets to support 1208x576 (Frame:2).
[2016.05.14-05.03.28:729][  2]LogAssetRegistry: Asset discovery search completed in 43.5023 seconds
[2016.05.14-05.03.28:760][  2]LogCollectionManager: Rebuilt the object cache for 0 collections in 0.000001 seconds (found 0 objects)
[2016.05.14-05.03.28:760][  2]LogCollectionManager: Fixed up redirectors for 0 collections in 0.030309 seconds (updated 0 objects)
[2016.05.14-05.04.52:930][ 30]LogMaterial: Missing cached shader map for material Black_Mat, compiling. 
[2016.05.14-05.04.58:704][334]Cmd: TRANSACTION UNDO
[2016.05.14-05.04.58:704][334]LogEditorTransaction: Undo Create Actors
[2016.05.14-05.05.00:265][398]LogMaterial: Missing cached shader map for material Air_Mat, compiling. 
[2016.05.14-05.05.02:152][496]LogMaterial: Missing cached shader map for material Earth_Mat, compiling. 
[2016.05.14-05.05.03:353][554]LogMaterial: Missing cached shader map for material Fire_Mat, compiling. 
[2016.05.14-05.05.04:631][614]LogMaterial: Missing cached shader map for material Water_Mat, compiling. 
[2016.05.14-05.05.08:556][831]Cmd: TRANSACTION UNDO
[2016.05.14-05.05.08:556][831]LogEditorTransaction: Undo Create Actors
[2016.05.14-05.05.09:035][848]Cmd: TRANSACTION UNDO
[2016.05.14-05.05.09:035][848]LogEditorTransaction: Undo Create Actors
[2016.05.14-05.05.09:447][870]Cmd: TRANSACTION UNDO
[2016.05.14-05.05.09:447][870]LogEditorTransaction: Undo Create Actors
[2016.05.14-05.05.09:847][894]Cmd: TRANSACTION UNDO
[2016.05.14-05.05.09:847][894]LogEditorTransaction: Undo Create Actors
[2016.05.14-05.05.13:999][141]LogEditorViewport: Clicking on Actor (LMB): ThirdPersonCharacter_C (PlayerCharacter)
[2016.05.14-05.05.23:326][479]LogTexture:Display: Building textures: T_UDK_Sky_CloudMask01_N (AutoDXT)
[2016.05.14-05.05.26:898][479]LogSkeletalMesh: InitArticulated: Bodies already created (/Engine/Transient.DebugSkelMeshComponent_0) - call TermArticulated first.
[2016.05.14-05.05.35:591][873]LogMaterial:Warning: Material /Game/Textures/Black_Mat.Black_Mat needed to have new flag set bUsedWithSkeletalMesh !
[2016.05.14-05.05.35:704][873]LogMaterial: Missing cached shader map for material Black_Mat, compiling. 
[2016.05.14-05.05.35:720][873]LogMaterial: 0.00 seconds spent updating 1 materials, 1 interfaces, 0 instances, 0 with static permutations.
[2016.05.14-05.05.53:922][836]LogEditorViewport: Clicking on Actor (LMB): Actor_Blueprint_C (Air_Actor)
[2016.05.14-05.05.54:212][838]LogEditorViewport: Clicking on Component (LMB): StaticMeshComponent (Sphere)
[2016.05.14-05.05.54:635][859]LogEditorViewport: Clicking on Component (LMB): StaticMeshComponent (Sphere)
[2016.05.14-05.06.35:538][218]LogEditorViewport: Clicking on Actor (LMB): StaticMeshActor (SM_Floor_76)
[2016.05.14-05.06.39:952][322]LogSavePackage: Save=1627.90ms
[2016.05.14-05.06.39:952][322]LogSavePackage: Moving '../../../../../../Caroline/Documents/GitHub/Game-Design/Effulgent/Saved/ThirdPersonExampleMapB4057EFA4C1939C76442EA9E6F64ECC9.tmp' to '../../../../../../Caroline/Documents/GitHub/Game-Design/Effulgent/Content/ThirdPersonBP/Maps/ThirdPersonExampleMap.umap'
[2016.05.14-05.06.40:026][322]LogSavePackage: Total save time: 1933.29ms
[2016.05.14-05.06.40:026][322]LogSavePackage:Display: Finished SavePackage ../../../../../../Caroline/Documents/GitHub/Game-Design/Effulgent/Content/ThirdPersonBP/Maps/ThirdPersonExampleMap.umap
[2016.05.14-05.06.40:050][322]LogFileHelpers: Saving map 'ThirdPersonExampleMap' took 2.159
[2016.05.14-05.06.40:091][322]Cmd: OBJ SAVEPACKAGE PACKAGE="/Game/Textures/Black_Mat" FILE="../../../../../../Caroline/Documents/GitHub/Game-Design/Effulgent/Content/Textures/Black_Mat.uasset" SILENT=true
[2016.05.14-05.06.40:101][322]LogSavePackage: Save=9.13ms
[2016.05.14-05.06.40:101][322]LogSavePackage: Moving '../../../../../../Caroline/Documents/GitHub/Game-Design/Effulgent/Saved/Black_Mat80A129224889922AED5FB5AF84E96CE9.tmp' to '../../../../../../Caroline/Documents/GitHub/Game-Design/Effulgent/Content/Textures/Black_Mat.uasset'
[2016.05.14-05.06.40:104][322]LogSavePackage: Total save time: 12.30ms
[2016.05.14-05.06.40:104][322]LogSavePackage:Display: Finished SavePackage ../../../../../../Caroline/Documents/GitHub/Game-Design/Effulgent/Content/Textures/Black_Mat.uasset
[2016.05.14-05.06.40:184][322]LogSavePackage: Save=48.19ms
[2016.05.14-05.06.40:184][322]LogSavePackage: Moving '../../../../../../Caroline/Documents/GitHub/Game-Design/Effulgent/Saved/SK_Mannequin3CEE133D4916C260093A528A5AA7E91D.tmp' to '../../../../../../Caroline/Documents/GitHub/Game-Design/Effulgent/Content/Mannequin/Character/Mesh/SK_Mannequin.uasset'
[2016.05.14-05.06.40:187][322]LogSavePackage: Total save time: 56.07ms
[2016.05.14-05.06.40:187][322]LogSavePackage:Display: Finished SavePackage ../../../../../../Caroline/Documents/GitHub/Game-Design/Effulgent/Content/Mannequin/Character/Mesh/SK_Mannequin.uasset
[2016.05.14-05.06.51:831][ 14]LogEditorViewport: Clicking on Actor (LMB): StaticMeshActor (SM_Door_2)
[2016.05.14-05.07.22:638][815]LogEditorViewport: Clicking on Actor (context menu): StaticMeshActor (SM_Door_2)
[2016.05.14-05.07.24:339][902]LogEditorViewport: Clicking on Actor (LMB): StaticMeshActor (SM_Door_2)
[2016.05.14-05.07.37:447][612]LogContentBrowser: Native class hierarchy updated for 'BlueprintGraph' in 0.0009 seconds. Added 108 classes and 0 folders.
[2016.05.14-05.09.24:516][542]LogSavePackage: Save=953.85ms
[2016.05.14-05.09.24:516][542]LogSavePackage: Moving '../../../../../../Caroline/Documents/GitHub/Game-Design/Effulgent/Saved/ThirdPersonExampleMapCE347D5048D02DE94DA6A49A2ED35F68.tmp' to '../../../../../../Caroline/Documents/GitHub/Game-Design/Effulgent/Content/ThirdPersonBP/Maps/ThirdPersonExampleMap.umap'
[2016.05.14-05.09.24:524][542]LogSavePackage: Total save time: 963.59ms
[2016.05.14-05.09.24:524][542]LogSavePackage:Display: Finished SavePackage ../../../../../../Caroline/Documents/GitHub/Game-Design/Effulgent/Content/ThirdPersonBP/Maps/ThirdPersonExampleMap.umap
[2016.05.14-05.09.24:559][542]LogFileHelpers: Saving map 'ThirdPersonExampleMap' took 1.086
[2016.05.14-05.09.24:605][542]Cmd: OBJ SAVEPACKAGE PACKAGE="/Game/SM_Door_2_Blueprint" FILE="../../../../../../Caroline/Documents/GitHub/Game-Design/Effulgent/Content/SM_Door_2_Blueprint.uasset" SILENT=true
[2016.05.14-05.09.24:625][542]LogSavePackage: Save=19.36ms
[2016.05.14-05.09.24:625][542]LogSavePackage: Moving '../../../../../../Caroline/Documents/GitHub/Game-Design/Effulgent/Saved/SM_Door_2_Blueprint293BB7AA45C2C36630B5F3848A4A4851.tmp' to '../../../../../../Caroline/Documents/GitHub/Game-Design/Effulgent/Content/SM_Door_2_Blueprint.uasset'
[2016.05.14-05.09.24:629][542]LogSavePackage: Total save time: 22.70ms
[2016.05.14-05.09.24:629][542]LogSavePackage:Display: Finished SavePackage ../../../../../../Caroline/Documents/GitHub/Game-Design/Effulgent/Content/SM_Door_2_Blueprint.uasset
[2016.05.14-05.09.26:760][670]LogEditorViewport: Clicking on Actor (LMB): StaticMeshActor (SM_Chain_04_B4)
[2016.05.14-05.09.53:566][246]LogEditorViewport: Clicking on Actor (LMB): SM_Door_2_Blueprint_C (SM_Door_2_Blueprint)
[2016.05.14-05.12.46:212][952]LogActorComponent: UnregisterComponent: (/Engine/Transient.MovementComponent0) Not registered. Aborting.
[2016.05.14-05.13.05:282][952]LogObjectTools:Warning: ForceReplaceReferences replaced references for a transient object 'DEADCLASS_SM_Door_2_Blueprint_C_1' or package '/Engine/Transient'.
[2016.05.14-05.13.05:282][952]LogObjectTools:Warning: ForceReplaceReferences replaced references for a transient object 'DEADCLASS_SM_Door_2_Blueprint_C_0' or package '/Engine/Transient'.
[2016.05.14-05.13.05:282][952]LogObjectTools:Warning: ForceReplaceReferences replaced references for a transient object 'REINST_SKEL_SM_Door_2_Blueprint_C_50' or package '/Engine/Transient'.
[2016.05.14-05.13.05:282][952]LogObjectTools:Warning: ForceReplaceReferences replaced references for a transient object 'REINST_SM_Door_2_Blueprint_C_49' or package '/Engine/Transient'.
[2016.05.14-05.13.05:283][952]LogPrimitiveComponent: Zero scaling not supported (/Game/ThirdPersonBP/Maps/ThirdPersonExampleMap.ThirdPersonExampleMap:PersistentLevel.Cube13_47.StaticMeshComponent0)
[2016.05.14-05.13.05:283][952]LogPrimitiveComponent: Zero scaling not supported (/Game/ThirdPersonBP/Maps/ThirdPersonExampleMap.ThirdPersonExampleMap:PersistentLevel.Cube2.StaticMeshComponent0)
[2016.05.14-05.13.05:283][952]LogPrimitiveComponent: Zero scaling not supported (/Game/ThirdPersonBP/Maps/ThirdPersonExampleMap.ThirdPersonExampleMap:PersistentLevel.Cube22_175.StaticMeshComponent0)
[2016.05.14-05.13.05:283][952]LogPrimitiveComponent: Zero scaling not supported (/Game/ThirdPersonBP/Maps/ThirdPersonExampleMap.ThirdPersonExampleMap:PersistentLevel.Cube3_94.StaticMeshComponent0)
[2016.05.14-05.13.05:283][952]LogPrimitiveComponent: Zero scaling not supported (/Game/ThirdPersonBP/Maps/ThirdPersonExampleMap.ThirdPersonExampleMap:PersistentLevel.Cube4.StaticMeshComponent0)
[2016.05.14-05.13.05:283][952]LogPrimitiveComponent: Zero scaling not supported (/Game/ThirdPersonBP/Maps/ThirdPersonExampleMap.ThirdPersonExampleMap:PersistentLevel.Cube_21.StaticMeshComponent0)
[2016.05.14-05.13.05:283][952]LogPrimitiveComponent: Zero scaling not supported (/Game/ThirdPersonBP/Maps/ThirdPersonExampleMap.ThirdPersonExampleMap:PersistentLevel.Cylinder2.StaticMeshComponent0)
[2016.05.14-05.13.05:283][952]LogPrimitiveComponent: Zero scaling not supported (/Game/ThirdPersonBP/Maps/ThirdPersonExampleMap.ThirdPersonExampleMap:PersistentLevel.Cylinder3_104.StaticMeshComponent0)
[2016.05.14-05.13.05:283][952]LogPrimitiveComponent: Zero scaling not supported (/Game/ThirdPersonBP/Maps/ThirdPersonExampleMap.ThirdPersonExampleMap:PersistentLevel.Cylinder4_60.StaticMeshComponent0)
[2016.05.14-05.13.05:283][952]LogPrimitiveComponent: Zero scaling not supported (/Game/ThirdPersonBP/Maps/ThirdPersonExampleMap.ThirdPersonExampleMap:PersistentLevel.Cylinder5.StaticMeshComponent0)
[2016.05.14-05.13.05:283][952]LogPrimitiveComponent: Zero scaling not supported (/Game/ThirdPersonBP/Maps/ThirdPersonExampleMap.ThirdPersonExampleMap:PersistentLevel.Cylinder_145.StaticMeshComponent0)
[2016.05.14-05.13.05:283][952]LogPrimitiveComponent: Zero scaling not supported (/Game/ThirdPersonBP/Maps/ThirdPersonExampleMap.ThirdPersonExampleMap:PersistentLevel.Ground.StaticMeshComponent0)
[2016.05.14-05.13.19:432][752]LogActorFactory: Actor Factory created SM_Door_01
[2016.05.14-05.13.25:879][138]LogActorFactory: Actor Factory created SM_Door_01
[2016.05.14-05.15.27:007][234]LogActorComponent: UnregisterComponent: (/Engine/Transient.MovementComponent0) Not registered. Aborting.
[2016.05.14-05.16.01:276][659]LogEditorViewport: Clicking on Actor (LMB): StaticMeshActor (SM_WallHalf_8)
[2016.05.14-05.16.05:858][925]LogEditorViewport: Clicking on Actor (LMB): TargetPoint (TargetPoint)
[2016.05.14-05.16.48:649][489]LogObjectTools:Warning: ForceReplaceReferences replaced references for a transient object 'DEADCLASS_TriggerBox_Blueprint_C_3' or package '/Engine/Transient'.
[2016.05.14-05.16.48:649][489]LogObjectTools:Warning: ForceReplaceReferences replaced references for a transient object 'REINST_SKEL_TriggerBox_Blueprint_C_58' or package '/Engine/Transient'.
[2016.05.14-05.16.48:649][489]LogObjectTools:Warning: ForceReplaceReferences replaced references for a transient object 'DEADCLASS_TriggerBox_Blueprint_C_2' or package '/Engine/Transient'.
[2016.05.14-05.16.48:649][489]LogObjectTools:Warning: ForceReplaceReferences replaced references for a transient object 'REINST_TriggerBox_Blueprint_C_57' or package '/Engine/Transient'.
[2016.05.14-05.16.48:650][489]LogPrimitiveComponent: Zero scaling not supported (/Game/ThirdPersonBP/Maps/ThirdPersonExampleMap.ThirdPersonExampleMap:PersistentLevel.Cube13_47.StaticMeshComponent0)
[2016.05.14-05.16.48:650][489]LogPrimitiveComponent: Zero scaling not supported (/Game/ThirdPersonBP/Maps/ThirdPersonExampleMap.ThirdPersonExampleMap:PersistentLevel.Cube2.StaticMeshComponent0)
[2016.05.14-05.16.48:650][489]LogPrimitiveComponent: Zero scaling not supported (/Game/ThirdPersonBP/Maps/ThirdPersonExampleMap.ThirdPersonExampleMap:PersistentLevel.Cube22_175.StaticMeshComponent0)
[2016.05.14-05.16.48:650][489]LogPrimitiveComponent: Zero scaling not supported (/Game/ThirdPersonBP/Maps/ThirdPersonExampleMap.ThirdPersonExampleMap:PersistentLevel.Cube3_94.StaticMeshComponent0)
[2016.05.14-05.16.48:650][489]LogPrimitiveComponent: Zero scaling not supported (/Game/ThirdPersonBP/Maps/ThirdPersonExampleMap.ThirdPersonExampleMap:PersistentLevel.Cube4.StaticMeshComponent0)
[2016.05.14-05.16.48:650][489]LogPrimitiveComponent: Zero scaling not supported (/Game/ThirdPersonBP/Maps/ThirdPersonExampleMap.ThirdPersonExampleMap:PersistentLevel.Cube_21.StaticMeshComponent0)
[2016.05.14-05.16.48:650][489]LogPrimitiveComponent: Zero scaling not supported (/Game/ThirdPersonBP/Maps/ThirdPersonExampleMap.ThirdPersonExampleMap:PersistentLevel.Cylinder2.StaticMeshComponent0)
[2016.05.14-05.16.48:650][489]LogPrimitiveComponent: Zero scaling not supported (/Game/ThirdPersonBP/Maps/ThirdPersonExampleMap.ThirdPersonExampleMap:PersistentLevel.Cylinder3_104.StaticMeshComponent0)
[2016.05.14-05.16.48:650][489]LogPrimitiveComponent: Zero scaling not supported (/Game/ThirdPersonBP/Maps/ThirdPersonExampleMap.ThirdPersonExampleMap:PersistentLevel.Cylinder4_60.StaticMeshComponent0)
[2016.05.14-05.16.48:650][489]LogPrimitiveComponent: Zero scaling not supported (/Game/ThirdPersonBP/Maps/ThirdPersonExampleMap.ThirdPersonExampleMap:PersistentLevel.Cylinder5.StaticMeshComponent0)
[2016.05.14-05.16.48:650][489]LogPrimitiveComponent: Zero scaling not supported (/Game/ThirdPersonBP/Maps/ThirdPersonExampleMap.ThirdPersonExampleMap:PersistentLevel.Cylinder_145.StaticMeshComponent0)
[2016.05.14-05.16.48:650][489]LogPrimitiveComponent: Zero scaling not supported (/Game/ThirdPersonBP/Maps/ThirdPersonExampleMap.ThirdPersonExampleMap:PersistentLevel.Ground.StaticMeshComponent0)
[2016.05.14-05.16.59:147][ 69]LogAIModule: Creating AISystem for world EffulgentW1
[2016.05.14-05.16.59:150][ 69]LogParticles:Warning: InitializeSystem called on an unregistered component. Template=/Game/CrumblingRuins/Torch/P_Torch.P_Torch Component=/Game/World1/EffulgentW1.EffulgentW1:PersistentLevel.P_Torch_2.ParticleSystemComponent0
[2016.05.14-05.16.59:150][ 69]LogParticles:Warning: InitializeSystem called on an unregistered component. Template=/Game/CrumblingRuins/Torch/P_Torch.P_Torch Component=/Game/World1/EffulgentW1.EffulgentW1:PersistentLevel.P_Torch2_5.ParticleSystemComponent0
[2016.05.14-05.16.59:150][ 69]LogParticles:Warning: InitializeSystem called on an unregistered component. Template=/Game/CrumblingRuins/Torch/P_Torch.P_Torch Component=/Game/World1/EffulgentW1.EffulgentW1:PersistentLevel.P_Torch3_8.ParticleSystemComponent0
[2016.05.14-05.16.59:150][ 69]LogParticles:Warning: InitializeSystem called on an unregistered component. Template=/Game/CrumblingRuins/Torch/P_Torch.P_Torch Component=/Game/World1/EffulgentW1.EffulgentW1:PersistentLevel.P_Torch4_11.ParticleSystemComponent0
[2016.05.14-05.16.59:153][ 69]LogParticles:Warning: InitializeSystem called on an unregistered component. Template=/Game/CrumblingRuins/Torch/P_Torch.P_Torch Component=/Game/World1/EffulgentW1.EffulgentW1:PersistentLevel.P_Torch5_2.ParticleSystemComponent0
[2016.05.14-05.17.05:121][ 69]LogSavePackage: Save=957.78ms
[2016.05.14-05.17.05:121][ 69]LogSavePackage: Moving '../../../../../../Caroline/Documents/GitHub/Game-Design/Effulgent/Saved/ThirdPersonExampleMapF0C45FAB4A2D777F1EDD3C8A5ACF1104.tmp' to '../../../../../../Caroline/Documents/GitHub/Game-Design/Effulgent/Content/ThirdPersonBP/Maps/ThirdPersonExampleMap.umap'
[2016.05.14-05.17.05:127][ 69]LogSavePackage: Total save time: 977.73ms
[2016.05.14-05.17.05:127][ 69]LogSavePackage:Display: Finished SavePackage ../../../../../../Caroline/Documents/GitHub/Game-Design/Effulgent/Content/ThirdPersonBP/Maps/ThirdPersonExampleMap.umap
[2016.05.14-05.17.05:153][ 69]LogFileHelpers: Saving map 'ThirdPersonExampleMap' took 1.090
[2016.05.14-05.17.05:159][ 69]Cmd: MAP LOAD FILE="../../../../../../Caroline/Documents/GitHub/Game-Design/Effulgent/Content/World1/EffulgentW1.umap" TEMPLATE=0 SHOWPROGRESS=1 FEATURELEVEL=3
[2016.05.14-05.17.05:159][ 69]LightingResults: New page: Lighting Build
[2016.05.14-05.17.05:179][ 69]LoadErrors: New page: Loading map: EffulgentW1.umap
[2016.05.14-05.17.05:184][ 69]MapCheck: New page: Map Check
[2016.05.14-05.17.05:184][ 69]LightingResults: New page: Lighting Build
[2016.05.14-05.17.05:281][ 69]LogPrimitiveComponent: Zero scaling not supported (/Game/World1/EffulgentW1.EffulgentW1:PersistentLevel.Ground.StaticMeshComponent0)
[2016.05.14-05.17.05:282][ 69]LogPrimitiveComponent: Zero scaling not supported (/Game/World1/EffulgentW1.EffulgentW1:PersistentLevel.Cylinder_145.StaticMeshComponent0)
[2016.05.14-05.17.05:282][ 69]LogPrimitiveComponent: Zero scaling not supported (/Game/World1/EffulgentW1.EffulgentW1:PersistentLevel.Cylinder2.StaticMeshComponent0)
[2016.05.14-05.17.05:283][ 69]LogPrimitiveComponent: Zero scaling not supported (/Game/World1/EffulgentW1.EffulgentW1:PersistentLevel.Cylinder3_104.StaticMeshComponent0)
[2016.05.14-05.17.05:287][ 69]LogPrimitiveComponent: Zero scaling not supported (/Game/World1/EffulgentW1.EffulgentW1:PersistentLevel.Cube_21.StaticMeshComponent0)
[2016.05.14-05.17.05:287][ 69]LogPrimitiveComponent: Zero scaling not supported (/Game/World1/EffulgentW1.EffulgentW1:PersistentLevel.Cube2.StaticMeshComponent0)
[2016.05.14-05.17.05:287][ 69]LogPrimitiveComponent: Zero scaling not supported (/Game/World1/EffulgentW1.EffulgentW1:PersistentLevel.Cube3_94.StaticMeshComponent0)
[2016.05.14-05.17.05:287][ 69]LogPrimitiveComponent: Zero scaling not supported (/Game/World1/EffulgentW1.EffulgentW1:PersistentLevel.Cube4.StaticMeshComponent0)
[2016.05.14-05.17.05:288][ 69]LogPrimitiveComponent: Zero scaling not supported (/Game/World1/EffulgentW1.EffulgentW1:PersistentLevel.Cube13_47.StaticMeshComponent0)
[2016.05.14-05.17.05:288][ 69]LogPrimitiveComponent: Zero scaling not supported (/Game/World1/EffulgentW1.EffulgentW1:PersistentLevel.Cylinder4_60.StaticMeshComponent0)
[2016.05.14-05.17.05:288][ 69]LogPrimitiveComponent: Zero scaling not supported (/Game/World1/EffulgentW1.EffulgentW1:PersistentLevel.Cylinder5.StaticMeshComponent0)
[2016.05.14-05.17.05:289][ 69]LogPrimitiveComponent: Zero scaling not supported (/Game/World1/EffulgentW1.EffulgentW1:PersistentLevel.Cube22_175.StaticMeshComponent0)
[2016.05.14-05.17.05:289][ 69]LogPrimitiveComponent: Zero scaling not supported (/Game/World1/EffulgentW1.EffulgentW1:PersistentLevel.BurtReynoldsBase.StaticMeshComponent0)
[2016.05.14-05.17.05:290][ 69]LogPhysics:Warning: AddConvexElemsToRigidActor: ConvexElem is missing ConvexMesh (3: /Game/CrumblingRuins/SM_WallChunk_03.SM_WallChunk_03:BodySetup_131)
[2016.05.14-05.17.05:290][ 69]LogPhysics:Warning: AddConvexElemsToRigidActor: ConvexElem is missing ConvexMesh (3: /Game/CrumblingRuins/SM_WallChunk_03.SM_WallChunk_03:BodySetup_131)
[2016.05.14-05.17.05:381][ 69]LogEditorServer: Finished looking for orphan Actors (0.000 secs)
[2016.05.14-05.17.05:404][ 69]Cmd: MAP CHECKDEP NOCLEARLOG
[2016.05.14-05.17.05:470][ 69]MapCheck: Info Map check complete: 0 Error(s), 0 Warning(s), took 65.525ms to complete.
[2016.05.14-05.17.05:470][ 69]LogFileHelpers: Loading map 'EffulgentW1' took 0.317
[2016.05.14-05.17.20:353][943]LogAIModule: Creating AISystem for world ThirdPersonExampleMap
[2016.05.14-05.17.20:358][943]LogParticles:Warning: InitializeSystem called on an unregistered component. Template=/Game/CrumblingRuins/Torch/P_Torch.P_Torch Component=/Game/ThirdPersonBP/Maps/ThirdPersonExampleMap.ThirdPersonExampleMap:PersistentLevel.P_Torch_2.ParticleSystemComponent0
[2016.05.14-05.17.20:358][943]LogParticles:Warning: InitializeSystem called on an unregistered component. Template=/Game/CrumblingRuins/Torch/P_Torch.P_Torch Component=/Game/ThirdPersonBP/Maps/ThirdPersonExampleMap.ThirdPersonExampleMap:PersistentLevel.P_Torch2_5.ParticleSystemComponent0
[2016.05.14-05.17.20:358][943]LogParticles:Warning: InitializeSystem called on an unregistered component. Template=/Game/CrumblingRuins/Torch/P_Torch.P_Torch Component=/Game/ThirdPersonBP/Maps/ThirdPersonExampleMap.ThirdPersonExampleMap:PersistentLevel.P_Torch3_8.ParticleSystemComponent0
[2016.05.14-05.17.20:359][943]LogParticles:Warning: InitializeSystem called on an unregistered component. Template=/Game/CrumblingRuins/Torch/P_Torch.P_Torch Component=/Game/ThirdPersonBP/Maps/ThirdPersonExampleMap.ThirdPersonExampleMap:PersistentLevel.P_Torch4_11.ParticleSystemComponent0
[2016.05.14-05.17.20:365][943]LogParticles:Warning: InitializeSystem called on an unregistered component. Template=/Game/CrumblingRuins/Torch/P_Torch.P_Torch Component=/Game/ThirdPersonBP/Maps/ThirdPersonExampleMap.ThirdPersonExampleMap:PersistentLevel.P_Torch5_2.ParticleSystemComponent0
[2016.05.14-05.17.20:397][943]Cmd: MAP LOAD FILE="../../../../../../Caroline/Documents/GitHub/Game-Design/Effulgent/Content/ThirdPersonBP/Maps/ThirdPersonExampleMap.umap" TEMPLATE=0 SHOWPROGRESS=1 FEATURELEVEL=3
[2016.05.14-05.17.20:397][943]LightingResults: New page: Lighting Build
[2016.05.14-05.17.20:416][943]LoadErrors: New page: Loading map: ThirdPersonExampleMap.umap
[2016.05.14-05.17.20:420][943]MapCheck: New page: Map Check
[2016.05.14-05.17.20:420][943]LightingResults: New page: Lighting Build
[2016.05.14-05.17.20:440][943]LogPrimitiveComponent: Zero scaling not supported (/Game/ThirdPersonBP/Maps/ThirdPersonExampleMap.ThirdPersonExampleMap:PersistentLevel.Ground.StaticMeshComponent0)
[2016.05.14-05.17.20:441][943]LogPrimitiveComponent: Zero scaling not supported (/Game/ThirdPersonBP/Maps/ThirdPersonExampleMap.ThirdPersonExampleMap:PersistentLevel.Cylinder_145.StaticMeshComponent0)
[2016.05.14-05.17.20:441][943]LogPrimitiveComponent: Zero scaling not supported (/Game/ThirdPersonBP/Maps/ThirdPersonExampleMap.ThirdPersonExampleMap:PersistentLevel.Cylinder2.StaticMeshComponent0)
[2016.05.14-05.17.20:442][943]LogPrimitiveComponent: Zero scaling not supported (/Game/ThirdPersonBP/Maps/ThirdPersonExampleMap.ThirdPersonExampleMap:PersistentLevel.Cylinder3_104.StaticMeshComponent0)
[2016.05.14-05.17.20:446][943]LogPrimitiveComponent: Zero scaling not supported (/Game/ThirdPersonBP/Maps/ThirdPersonExampleMap.ThirdPersonExampleMap:PersistentLevel.Cube_21.StaticMeshComponent0)
[2016.05.14-05.17.20:446][943]LogPrimitiveComponent: Zero scaling not supported (/Game/ThirdPersonBP/Maps/ThirdPersonExampleMap.ThirdPersonExampleMap:PersistentLevel.Cube2.StaticMeshComponent0)
[2016.05.14-05.17.20:446][943]LogPrimitiveComponent: Zero scaling not supported (/Game/ThirdPersonBP/Maps/ThirdPersonExampleMap.ThirdPersonExampleMap:PersistentLevel.Cube3_94.StaticMeshComponent0)
[2016.05.14-05.17.20:447][943]LogPrimitiveComponent: Zero scaling not supported (/Game/ThirdPersonBP/Maps/ThirdPersonExampleMap.ThirdPersonExampleMap:PersistentLevel.Cube4.StaticMeshComponent0)
[2016.05.14-05.17.20:447][943]LogPrimitiveComponent: Zero scaling not supported (/Game/ThirdPersonBP/Maps/ThirdPersonExampleMap.ThirdPersonExampleMap:PersistentLevel.Cube13_47.StaticMeshComponent0)
[2016.05.14-05.17.20:447][943]LogPrimitiveComponent: Zero scaling not supported (/Game/ThirdPersonBP/Maps/ThirdPersonExampleMap.ThirdPersonExampleMap:PersistentLevel.Cylinder4_60.StaticMeshComponent0)
[2016.05.14-05.17.20:447][943]LogPrimitiveComponent: Zero scaling not supported (/Game/ThirdPersonBP/Maps/ThirdPersonExampleMap.ThirdPersonExampleMap:PersistentLevel.Cylinder5.StaticMeshComponent0)
[2016.05.14-05.17.20:448][943]LogPrimitiveComponent: Zero scaling not supported (/Game/ThirdPersonBP/Maps/ThirdPersonExampleMap.ThirdPersonExampleMap:PersistentLevel.Cube22_175.StaticMeshComponent0)
[2016.05.14-05.17.20:460][943]LogEditorServer: Finished looking for orphan Actors (0.000 secs)
[2016.05.14-05.17.20:485][943]Cmd: MAP CHECKDEP NOCLEARLOG
[2016.05.14-05.17.20:551][943]MapCheck: Info Map check complete: 0 Error(s), 0 Warning(s), took 65.547ms to complete.
[2016.05.14-05.17.20:551][943]LogFileHelpers: Loading map 'ThirdPersonExampleMap' took 0.156
[2016.05.14-05.17.28:351][401]LogAIModule: Creating AISystem for world EffulgentW1
[2016.05.14-05.17.28:354][401]LogParticles:Warning: InitializeSystem called on an unregistered component. Template=/Game/CrumblingRuins/Torch/P_Torch.P_Torch Component=/Game/World1/EffulgentW1.EffulgentW1:PersistentLevel.P_Torch_2.ParticleSystemComponent0
[2016.05.14-05.17.28:354][401]LogParticles:Warning: InitializeSystem called on an unregistered component. Template=/Game/CrumblingRuins/Torch/P_Torch.P_Torch Component=/Game/World1/EffulgentW1.EffulgentW1:PersistentLevel.P_Torch2_5.ParticleSystemComponent0
[2016.05.14-05.17.28:355][401]LogParticles:Warning: InitializeSystem called on an unregistered component. Template=/Game/CrumblingRuins/Torch/P_Torch.P_Torch Component=/Game/World1/EffulgentW1.EffulgentW1:PersistentLevel.P_Torch3_8.ParticleSystemComponent0
[2016.05.14-05.17.28:355][401]LogParticles:Warning: InitializeSystem called on an unregistered component. Template=/Game/CrumblingRuins/Torch/P_Torch.P_Torch Component=/Game/World1/EffulgentW1.EffulgentW1:PersistentLevel.P_Torch4_11.ParticleSystemComponent0
[2016.05.14-05.17.28:358][401]LogParticles:Warning: InitializeSystem called on an unregistered component. Template=/Game/CrumblingRuins/Torch/P_Torch.P_Torch Component=/Game/World1/EffulgentW1.EffulgentW1:PersistentLevel.P_Torch5_2.ParticleSystemComponent0
[2016.05.14-05.17.28:386][401]Cmd: MAP LOAD FILE="../../../../../../Caroline/Documents/GitHub/Game-Design/Effulgent/Content/World1/EffulgentW1.umap" TEMPLATE=0 SHOWPROGRESS=1 FEATURELEVEL=3
[2016.05.14-05.17.28:386][401]LightingResults: New page: Lighting Build
[2016.05.14-05.17.28:405][401]LoadErrors: New page: Loading map: EffulgentW1.umap
[2016.05.14-05.17.28:409][401]MapCheck: New page: Map Check
[2016.05.14-05.17.28:409][401]LightingResults: New page: Lighting Build
[2016.05.14-05.17.28:428][401]LogPrimitiveComponent: Zero scaling not supported (/Game/World1/EffulgentW1.EffulgentW1:PersistentLevel.Ground.StaticMeshComponent0)
[2016.05.14-05.17.28:429][401]LogPrimitiveComponent: Zero scaling not supported (/Game/World1/EffulgentW1.EffulgentW1:PersistentLevel.Cylinder_145.StaticMeshComponent0)
[2016.05.14-05.17.28:429][401]LogPrimitiveComponent: Zero scaling not supported (/Game/World1/EffulgentW1.EffulgentW1:PersistentLevel.Cylinder2.StaticMeshComponent0)
[2016.05.14-05.17.28:430][401]LogPrimitiveComponent: Zero scaling not supported (/Game/World1/EffulgentW1.EffulgentW1:PersistentLevel.Cylinder3_104.StaticMeshComponent0)
[2016.05.14-05.17.28:434][401]LogPrimitiveComponent: Zero scaling not supported (/Game/World1/EffulgentW1.EffulgentW1:PersistentLevel.Cube_21.StaticMeshComponent0)
[2016.05.14-05.17.28:434][401]LogPrimitiveComponent: Zero scaling not supported (/Game/World1/EffulgentW1.EffulgentW1:PersistentLevel.Cube2.StaticMeshComponent0)
[2016.05.14-05.17.28:434][401]LogPrimitiveComponent: Zero scaling not supported (/Game/World1/EffulgentW1.EffulgentW1:PersistentLevel.Cube3_94.StaticMeshComponent0)
[2016.05.14-05.17.28:434][401]LogPrimitiveComponent: Zero scaling not supported (/Game/World1/EffulgentW1.EffulgentW1:PersistentLevel.Cube4.StaticMeshComponent0)
[2016.05.14-05.17.28:435][401]LogPrimitiveComponent: Zero scaling not supported (/Game/World1/EffulgentW1.EffulgentW1:PersistentLevel.Cube13_47.StaticMeshComponent0)
[2016.05.14-05.17.28:435][401]LogPrimitiveComponent: Zero scaling not supported (/Game/World1/EffulgentW1.EffulgentW1:PersistentLevel.Cylinder4_60.StaticMeshComponent0)
[2016.05.14-05.17.28:435][401]LogPrimitiveComponent: Zero scaling not supported (/Game/World1/EffulgentW1.EffulgentW1:PersistentLevel.Cylinder5.StaticMeshComponent0)
[2016.05.14-05.17.28:436][401]LogPrimitiveComponent: Zero scaling not supported (/Game/World1/EffulgentW1.EffulgentW1:PersistentLevel.Cube22_175.StaticMeshComponent0)
[2016.05.14-05.17.28:437][401]LogPrimitiveComponent: Zero scaling not supported (/Game/World1/EffulgentW1.EffulgentW1:PersistentLevel.BurtReynoldsBase.StaticMeshComponent0)
[2016.05.14-05.17.28:437][401]LogPhysics:Warning: AddConvexElemsToRigidActor: ConvexElem is missing ConvexMesh (3: /Game/CrumblingRuins/SM_WallChunk_03.SM_WallChunk_03:BodySetup_131)
[2016.05.14-05.17.28:437][401]LogPhysics:Warning: AddConvexElemsToRigidActor: ConvexElem is missing ConvexMesh (3: /Game/CrumblingRuins/SM_WallChunk_03.SM_WallChunk_03:BodySetup_131)
[2016.05.14-05.17.28:446][401]LogEditorServer: Finished looking for orphan Actors (0.000 secs)
[2016.05.14-05.17.28:470][401]Cmd: MAP CHECKDEP NOCLEARLOG
[2016.05.14-05.17.28:537][401]MapCheck: Info Map check complete: 0 Error(s), 0 Warning(s), took 66.755ms to complete.
[2016.05.14-05.17.28:537][401]LogFileHelpers: Loading map 'EffulgentW1' took 0.153
[2016.05.14-05.17.43:563][217]LogTexture:Display: Building textures: WhiteSquareTexture (AutoDXT)
[2016.05.14-05.17.44:943][217]LogTexture:Display: Building textures: Texture2D_2 (G8)
[2016.05.14-05.17.45:095][217]LogTexture:Display: Building textures: LandscapeThumbnailWeightmap (BGRA8)
[2016.05.14-05.17.45:205][217]LogTexture:Display: Building textures: LandscapeThumbnailHeightmap (BGRA8)
[2016.05.14-05.17.49:055][386]Cmd: SELECT NONE
[2016.05.14-05.17.52:826][592]LogRenderer: Reallocating scene render targets to support 1528x576 (Frame:12218).
[2016.05.14-05.17.55:080][727]Cmd: SELECT NONE
[2016.05.14-05.17.58:561][918]LogAIModule: Creating AISystem for world EffulgentW2
[2016.05.14-05.17.58:599][918]Cmd: MAP LOAD FILE="../../../../../../Caroline/Documents/GitHub/Game-Design/Effulgent/Content/World1/EffulgentW2.umap" TEMPLATE=0 SHOWPROGRESS=1 FEATURELEVEL=3
[2016.05.14-05.17.58:599][918]LightingResults: New page: Lighting Build
[2016.05.14-05.17.58:618][918]LoadErrors: New page: Loading map: EffulgentW2.umap
[2016.05.14-05.17.58:621][918]MapCheck: New page: Map Check
[2016.05.14-05.17.58:621][918]LightingResults: New page: Lighting Build
[2016.05.14-05.17.58:646][918]LogPrimitiveComponent: Zero scaling not supported (/Game/World1/EffulgentW2.EffulgentW2:PersistentLevel.Cube7_5.StaticMeshComponent0)
[2016.05.14-05.17.58:646][918]LogPrimitiveComponent: Zero scaling not supported (/Game/World1/EffulgentW2.EffulgentW2:PersistentLevel.Cube8_4.StaticMeshComponent0)
[2016.05.14-05.17.58:669][918]LogEditorServer: Finished looking for orphan Actors (0.000 secs)
[2016.05.14-05.17.58:693][918]Cmd: MAP CHECKDEP NOCLEARLOG
[2016.05.14-05.17.58:761][918]MapCheck: Info Map check complete: 0 Error(s), 0 Warning(s), took 68.241ms to complete.
[2016.05.14-05.17.58:761][918]LogFileHelpers: Loading map 'EffulgentW2' took 0.178
[2016.05.14-05.17.59:652][964]LogAIModule: Creating AISystem for world EffulgentW1
[2016.05.14-05.17.59:656][964]LogParticles:Warning: InitializeSystem called on an unregistered component. Template=/Game/CrumblingRuins/Torch/P_Torch.P_Torch Component=/Game/World1/EffulgentW1.EffulgentW1:PersistentLevel.P_Torch_2.ParticleSystemComponent0
[2016.05.14-05.17.59:656][964]LogParticles:Warning: InitializeSystem called on an unregistered component. Template=/Game/CrumblingRuins/Torch/P_Torch.P_Torch Component=/Game/World1/EffulgentW1.EffulgentW1:PersistentLevel.P_Torch2_5.ParticleSystemComponent0
[2016.05.14-05.17.59:656][964]LogParticles:Warning: InitializeSystem called on an unregistered component. Template=/Game/CrumblingRuins/Torch/P_Torch.P_Torch Component=/Game/World1/EffulgentW1.EffulgentW1:PersistentLevel.P_Torch3_8.ParticleSystemComponent0
[2016.05.14-05.17.59:656][964]LogParticles:Warning: InitializeSystem called on an unregistered component. Template=/Game/CrumblingRuins/Torch/P_Torch.P_Torch Component=/Game/World1/EffulgentW1.EffulgentW1:PersistentLevel.P_Torch4_11.ParticleSystemComponent0
[2016.05.14-05.17.59:659][964]LogParticles:Warning: InitializeSystem called on an unregistered component. Template=/Game/CrumblingRuins/Torch/P_Torch.P_Torch Component=/Game/World1/EffulgentW1.EffulgentW1:PersistentLevel.P_Torch5_2.ParticleSystemComponent0
[2016.05.14-05.17.59:684][964]Cmd: MAP LOAD FILE="../../../../../../Caroline/Documents/GitHub/Game-Design/Effulgent/Content/World1/EffulgentW1.umap" TEMPLATE=0 SHOWPROGRESS=1 FEATURELEVEL=3
[2016.05.14-05.17.59:684][964]LightingResults: New page: Lighting Build
[2016.05.14-05.17.59:704][964]LoadErrors: New page: Loading map: EffulgentW1.umap
[2016.05.14-05.17.59:706][964]MapCheck: New page: Map Check
[2016.05.14-05.17.59:706][964]LightingResults: New page: Lighting Build
[2016.05.14-05.17.59:725][964]LogPrimitiveComponent: Zero scaling not supported (/Game/World1/EffulgentW1.EffulgentW1:PersistentLevel.Ground.StaticMeshComponent0)
[2016.05.14-05.17.59:726][964]LogPrimitiveComponent: Zero scaling not supported (/Game/World1/EffulgentW1.EffulgentW1:PersistentLevel.Cylinder_145.StaticMeshComponent0)
[2016.05.14-05.17.59:727][964]LogPrimitiveComponent: Zero scaling not supported (/Game/World1/EffulgentW1.EffulgentW1:PersistentLevel.Cylinder2.StaticMeshComponent0)
[2016.05.14-05.17.59:727][964]LogPrimitiveComponent: Zero scaling not supported (/Game/World1/EffulgentW1.EffulgentW1:PersistentLevel.Cylinder3_104.StaticMeshComponent0)
[2016.05.14-05.17.59:731][964]LogPrimitiveComponent: Zero scaling not supported (/Game/World1/EffulgentW1.EffulgentW1:PersistentLevel.Cube_21.StaticMeshComponent0)
[2016.05.14-05.17.59:731][964]LogPrimitiveComponent: Zero scaling not supported (/Game/World1/EffulgentW1.EffulgentW1:PersistentLevel.Cube2.StaticMeshComponent0)
[2016.05.14-05.17.59:732][964]LogPrimitiveComponent: Zero scaling not supported (/Game/World1/EffulgentW1.EffulgentW1:PersistentLevel.Cube3_94.StaticMeshComponent0)
[2016.05.14-05.17.59:732][964]LogPrimitiveComponent: Zero scaling not supported (/Game/World1/EffulgentW1.EffulgentW1:PersistentLevel.Cube4.StaticMeshComponent0)
[2016.05.14-05.17.59:732][964]LogPrimitiveComponent: Zero scaling not supported (/Game/World1/EffulgentW1.EffulgentW1:PersistentLevel.Cube13_47.StaticMeshComponent0)
[2016.05.14-05.17.59:732][964]LogPrimitiveComponent: Zero scaling not supported (/Game/World1/EffulgentW1.EffulgentW1:PersistentLevel.Cylinder4_60.StaticMeshComponent0)
[2016.05.14-05.17.59:732][964]LogPrimitiveComponent: Zero scaling not supported (/Game/World1/EffulgentW1.EffulgentW1:PersistentLevel.Cylinder5.StaticMeshComponent0)
[2016.05.14-05.17.59:733][964]LogPrimitiveComponent: Zero scaling not supported (/Game/World1/EffulgentW1.EffulgentW1:PersistentLevel.Cube22_175.StaticMeshComponent0)
[2016.05.14-05.17.59:734][964]LogPrimitiveComponent: Zero scaling not supported (/Game/World1/EffulgentW1.EffulgentW1:PersistentLevel.BurtReynoldsBase.StaticMeshComponent0)
[2016.05.14-05.17.59:734][964]LogPhysics:Warning: AddConvexElemsToRigidActor: ConvexElem is missing ConvexMesh (3: /Game/CrumblingRuins/SM_WallChunk_03.SM_WallChunk_03:BodySetup_131)
[2016.05.14-05.17.59:734][964]LogPhysics:Warning: AddConvexElemsToRigidActor: ConvexElem is missing ConvexMesh (3: /Game/CrumblingRuins/SM_WallChunk_03.SM_WallChunk_03:BodySetup_131)
[2016.05.14-05.17.59:743][964]LogEditorServer: Finished looking for orphan Actors (0.000 secs)
[2016.05.14-05.17.59:767][964]Cmd: MAP CHECKDEP NOCLEARLOG
[2016.05.14-05.17.59:835][964]MapCheck: Info Map check complete: 0 Error(s), 0 Warning(s), took 67.372ms to complete.
[2016.05.14-05.17.59:835][964]LogFileHelpers: Loading map 'EffulgentW1' took 0.152
[2016.05.14-05.18.00:842][  8]LogAIModule: Creating AISystem for world EffulgentW2
[2016.05.14-05.18.00:865][  8]Cmd: MAP LOAD FILE="../../../../../../Caroline/Documents/GitHub/Game-Design/Effulgent/Content/World1/EffulgentW2.umap" TEMPLATE=0 SHOWPROGRESS=1 FEATURELEVEL=3
[2016.05.14-05.18.00:866][  8]LightingResults: New page: Lighting Build
[2016.05.14-05.18.00:886][  8]LoadErrors: New page: Loading map: EffulgentW2.umap
[2016.05.14-05.18.00:889][  8]MapCheck: New page: Map Check
[2016.05.14-05.18.00:889][  8]LightingResults: New page: Lighting Build
[2016.05.14-05.18.00:916][  8]LogPrimitiveComponent: Zero scaling not supported (/Game/World1/EffulgentW2.EffulgentW2:PersistentLevel.Cube7_5.StaticMeshComponent0)
[2016.05.14-05.18.00:916][  8]LogPrimitiveComponent: Zero scaling not supported (/Game/World1/EffulgentW2.EffulgentW2:PersistentLevel.Cube8_4.StaticMeshComponent0)
[2016.05.14-05.18.00:919][  8]LogEditorServer: Finished looking for orphan Actors (0.000 secs)
[2016.05.14-05.18.00:943][  8]Cmd: MAP CHECKDEP NOCLEARLOG
[2016.05.14-05.18.01:016][  8]MapCheck: Info Map check complete: 0 Error(s), 0 Warning(s), took 72.78ms to complete.
[2016.05.14-05.18.01:016][  8]LogFileHelpers: Loading map 'EffulgentW2' took 0.153
[2016.05.14-05.18.02:303][ 77]LogAIModule: Creating AISystem for world EffulgentW1
[2016.05.14-05.18.02:306][ 77]LogParticles:Warning: InitializeSystem called on an unregistered component. Template=/Game/CrumblingRuins/Torch/P_Torch.P_Torch Component=/Game/World1/EffulgentW1.EffulgentW1:PersistentLevel.P_Torch_2.ParticleSystemComponent0
[2016.05.14-05.18.02:306][ 77]LogParticles:Warning: InitializeSystem called on an unregistered component. Template=/Game/CrumblingRuins/Torch/P_Torch.P_Torch Component=/Game/World1/EffulgentW1.EffulgentW1:PersistentLevel.P_Torch2_5.ParticleSystemComponent0
[2016.05.14-05.18.02:306][ 77]LogParticles:Warning: InitializeSystem called on an unregistered component. Template=/Game/CrumblingRuins/Torch/P_Torch.P_Torch Component=/Game/World1/EffulgentW1.EffulgentW1:PersistentLevel.P_Torch3_8.ParticleSystemComponent0
[2016.05.14-05.18.02:306][ 77]LogParticles:Warning: InitializeSystem called on an unregistered component. Template=/Game/CrumblingRuins/Torch/P_Torch.P_Torch Component=/Game/World1/EffulgentW1.EffulgentW1:PersistentLevel.P_Torch4_11.ParticleSystemComponent0
[2016.05.14-05.18.02:309][ 77]LogParticles:Warning: InitializeSystem called on an unregistered component. Template=/Game/CrumblingRuins/Torch/P_Torch.P_Torch Component=/Game/World1/EffulgentW1.EffulgentW1:PersistentLevel.P_Torch5_2.ParticleSystemComponent0
[2016.05.14-05.18.02:337][ 77]Cmd: MAP LOAD FILE="../../../../../../Caroline/Documents/GitHub/Game-Design/Effulgent/Content/World1/EffulgentW1.umap" TEMPLATE=0 SHOWPROGRESS=1 FEATURELEVEL=3
[2016.05.14-05.18.02:337][ 77]LightingResults: New page: Lighting Build
[2016.05.14-05.18.02:356][ 77]LoadErrors: New page: Loading map: EffulgentW1.umap
[2016.05.14-05.18.02:358][ 77]MapCheck: New page: Map Check
[2016.05.14-05.18.02:358][ 77]LightingResults: New page: Lighting Build
[2016.05.14-05.18.02:375][ 77]LogPrimitiveComponent: Zero scaling not supported (/Game/World1/EffulgentW1.EffulgentW1:PersistentLevel.Ground.StaticMeshComponent0)
[2016.05.14-05.18.02:377][ 77]LogPrimitiveComponent: Zero scaling not supported (/Game/World1/EffulgentW1.EffulgentW1:PersistentLevel.Cylinder_145.StaticMeshComponent0)
[2016.05.14-05.18.02:377][ 77]LogPrimitiveComponent: Zero scaling not supported (/Game/World1/EffulgentW1.EffulgentW1:PersistentLevel.Cylinder2.StaticMeshComponent0)
[2016.05.14-05.18.02:377][ 77]LogPrimitiveComponent: Zero scaling not supported (/Game/World1/EffulgentW1.EffulgentW1:PersistentLevel.Cylinder3_104.StaticMeshComponent0)
[2016.05.14-05.18.02:381][ 77]LogPrimitiveComponent: Zero scaling not supported (/Game/World1/EffulgentW1.EffulgentW1:PersistentLevel.Cube_21.StaticMeshComponent0)
[2016.05.14-05.18.02:381][ 77]LogPrimitiveComponent: Zero scaling not supported (/Game/World1/EffulgentW1.EffulgentW1:PersistentLevel.Cube2.StaticMeshComponent0)
[2016.05.14-05.18.02:382][ 77]LogPrimitiveComponent: Zero scaling not supported (/Game/World1/EffulgentW1.EffulgentW1:PersistentLevel.Cube3_94.StaticMeshComponent0)
[2016.05.14-05.18.02:382][ 77]LogPrimitiveComponent: Zero scaling not supported (/Game/World1/EffulgentW1.EffulgentW1:PersistentLevel.Cube4.StaticMeshComponent0)
[2016.05.14-05.18.02:382][ 77]LogPrimitiveComponent: Zero scaling not supported (/Game/World1/EffulgentW1.EffulgentW1:PersistentLevel.Cube13_47.StaticMeshComponent0)
[2016.05.14-05.18.02:382][ 77]LogPrimitiveComponent: Zero scaling not supported (/Game/World1/EffulgentW1.EffulgentW1:PersistentLevel.Cylinder4_60.StaticMeshComponent0)
[2016.05.14-05.18.02:382][ 77]LogPrimitiveComponent: Zero scaling not supported (/Game/World1/EffulgentW1.EffulgentW1:PersistentLevel.Cylinder5.StaticMeshComponent0)
[2016.05.14-05.18.02:383][ 77]LogPrimitiveComponent: Zero scaling not supported (/Game/World1/EffulgentW1.EffulgentW1:PersistentLevel.Cube22_175.StaticMeshComponent0)
[2016.05.14-05.18.02:384][ 77]LogPrimitiveComponent: Zero scaling not supported (/Game/World1/EffulgentW1.EffulgentW1:PersistentLevel.BurtReynoldsBase.StaticMeshComponent0)
[2016.05.14-05.18.02:384][ 77]LogPhysics:Warning: AddConvexElemsToRigidActor: ConvexElem is missing ConvexMesh (3: /Game/CrumblingRuins/SM_WallChunk_03.SM_WallChunk_03:BodySetup_131)
[2016.05.14-05.18.02:384][ 77]LogPhysics:Warning: AddConvexElemsToRigidActor: ConvexElem is missing ConvexMesh (3: /Game/CrumblingRuins/SM_WallChunk_03.SM_WallChunk_03:BodySetup_131)
[2016.05.14-05.18.02:392][ 77]LogEditorServer: Finished looking for orphan Actors (0.000 secs)
[2016.05.14-05.18.02:417][ 77]Cmd: MAP CHECKDEP NOCLEARLOG
[2016.05.14-05.18.02:486][ 77]MapCheck: Info Map check complete: 0 Error(s), 0 Warning(s), took 68.876ms to complete.
[2016.05.14-05.18.02:486][ 77]LogFileHelpers: Loading map 'EffulgentW1' took 0.151
[2016.05.14-05.18.21:835][200]Cmd: QUIT_EDITOR
[2016.05.14-05.18.21:997][200]LogWindowsTextInputMethodSystem:Display: IME system now deactivated.
[2016.05.14-05.18.22:037][200]LogExit: Preparing to exit.
[2016.05.14-05.18.22:618][200]LogExit: Editor shut down
[2016.05.14-05.18.22:618][200]LogExit: Transaction tracking system shut down
[2016.05.14-05.18.23:235][200]LogObj: Freed 0b from 0 cluster array pools.
[2016.05.14-05.18.23:235][200]LogExit: Object subsystem successfully closed.
[2016.05.14-05.18.23:429][200]LogD3D11RHI: Shutdown
[2016.05.14-05.18.23:429][200]LogD3D11RHI: CleanupD3DDevice
[2016.05.14-05.18.23:564][200]LogD3D11RHI: ~FD3D11DynamicRHI
[2016.05.14-05.18.23:644][200]LogDerivedDataCache: Shutdown
[2016.05.14-05.18.23:991][200]LogModuleManager: Shutting down and abandoning module BlueprintGraph (205)
[2016.05.14-05.18.23:991][200]LogModuleManager: Shutting down and abandoning module HierarchicalLODOutliner (204)
[2016.05.14-05.18.24:012][200]LogModuleManager: Shutting down and abandoning module CrashTracker (203)
[2016.05.14-05.18.24:012][200]LogModuleManager: Shutting down and abandoning module SceneOutliner (202)
[2016.05.14-05.18.24:012][200]LogModuleManager: Shutting down and abandoning module SuperSearch (201)
[2016.05.14-05.18.24:012][200]LogModuleManager: Shutting down and abandoning module WidgetCarousel (200)
[2016.05.14-05.18.24:012][200]LogModuleManager: Shutting down and abandoning module AddContentDialog (199)
[2016.05.14-05.18.24:013][200]LogModuleManager: Shutting down and abandoning module GameplayTags (198)
[2016.05.14-05.18.24:013][200]LogModuleManager: Shutting down and abandoning module EditorWidgets (197)
[2016.05.14-05.18.24:013][200]LogModuleManager: Shutting down and abandoning module CollectionManager (196)
[2016.05.14-05.18.24:013][200]LogModuleManager: Shutting down and abandoning module StatsViewer (195)
[2016.05.14-05.18.24:043][200]LogModuleManager: Shutting down and abandoning module FoliageEdit (194)
[2016.05.14-05.18.24:043][200]LogModuleManager: Shutting down and abandoning module LandscapeEditor (193)
[2016.05.14-05.18.24:043][200]LogModuleManager: Shutting down and abandoning module ActorPickerMode (192)
[2016.05.14-05.18.24:043][200]LogModuleManager: Shutting down and abandoning module GeometryMode (191)
[2016.05.14-05.18.24:043][200]LogModuleManager: Shutting down and abandoning module TextureAlignMode (190)
[2016.05.14-05.18.24:043][200]LogModuleManager: Shutting down and abandoning module BspMode (189)
[2016.05.14-05.18.24:043][200]LogModuleManager: Shutting down and abandoning module PlacementMode (188)
[2016.05.14-05.18.24:043][200]LogModuleManager: Shutting down and abandoning module AutomationWorker (187)
[2016.05.14-05.18.24:043][200]LogModuleManager: Shutting down and abandoning module CharacterAI (186)
[2016.05.14-05.18.24:043][200]LogModuleManager: Shutting down and abandoning module SmartSnapping (185)
[2016.05.14-05.18.24:043][200]LogModuleManager: Shutting down and abandoning module ViewportSnapping (184)
[2016.05.14-05.18.24:043][200]LogModuleManager: Shutting down and abandoning module LogVisualizer (183)
[2016.05.14-05.18.24:113][200]LogModuleManager: Shutting down and abandoning module GameProjectGeneration (182)
[2016.05.14-05.18.24:153][200]LogModuleManager: Shutting down and abandoning module IntroTutorials (181)
[2016.05.14-05.18.24:165][200]LogModuleManager: Shutting down and abandoning module EditorLiveStreaming (180)
[2016.05.14-05.18.24:165][200]LogModuleManager: Shutting down and abandoning module IOSPlatformEditor (179)
[2016.05.14-05.18.24:165][200]LogModuleManager: Shutting down and abandoning module HTML5PlatformEditor (178)
[2016.05.14-05.18.24:165][200]LogModuleManager: Shutting down and abandoning module AndroidDeviceDetection (177)
[2016.05.14-05.18.24:896][200]LogModuleManager: Shutting down and abandoning module AndroidPlatformEditor (176)
[2016.05.14-05.18.24:896][200]LogModuleManager: Shutting down and abandoning module IOSRuntimeSettings (175)
[2016.05.14-05.18.24:896][200]LogModuleManager: Shutting down and abandoning module AndroidRuntimeSettings (174)
[2016.05.14-05.18.24:896][200]LogModuleManager: Shutting down and abandoning module MergeActors (173)
[2016.05.14-05.18.24:942][200]LogModuleManager: Shutting down and abandoning module SizeMap (172)
[2016.05.14-05.18.24:942][200]LogModuleManager: Shutting down and abandoning module TreeMap (171)
[2016.05.14-05.18.24:942][200]LogModuleManager: Shutting down and abandoning module ReferenceViewer (170)
[2016.05.14-05.18.24:942][200]LogModuleManager: Shutting down and abandoning module LocalizationService (169)
[2016.05.14-05.18.24:943][200]LogModuleManager: Shutting down and abandoning module LocalizationDashboard (168)
[2016.05.14-05.18.24:953][200]LogModuleManager: Shutting down and abandoning module HardwareTargeting (167)
[2016.05.14-05.18.24:958][200]LogModuleManager: Shutting down and abandoning module DeviceProfileEditor (166)
[2016.05.14-05.18.24:975][200]LogModuleManager: Shutting down and abandoning module UndoHistory (165)
[2016.05.14-05.18.24:989][200]LogModuleManager: Shutting down and abandoning module UserFeedback (164)
[2016.05.14-05.18.24:989][200]LogModuleManager: Shutting down and abandoning module XmlParser (163)
[2016.05.14-05.18.24:989][200]LogModuleManager: Shutting down and abandoning module Blutility (162)
[2016.05.14-05.18.24:989][200]LogModuleManager: Shutting down and abandoning module ProjectTargetPlatformEditor (161)
[2016.05.14-05.18.24:989][200]LogModuleManager: Shutting down and abandoning module ProjectSettingsViewer (160)
[2016.05.14-05.18.24:989][200]LogModuleManager: Shutting down and abandoning module InputBindingEditor (159)
[2016.05.14-05.18.24:989][200]LogModuleManager: Shutting down and abandoning module EditorSettingsViewer (158)
[2016.05.14-05.18.24:989][200]LogModuleManager: Shutting down and abandoning module SettingsEditor (157)
[2016.05.14-05.18.25:026][200]LogModuleManager: Shutting down and abandoning module ProjectLauncher (156)
[2016.05.14-05.18.25:049][200]LogModuleManager: Shutting down and abandoning module SessionFrontend (155)
[2016.05.14-05.18.25:074][200]LogModuleManager: Shutting down and abandoning module ProfilerClient (154)
[2016.05.14-05.18.25:110][200]LogModuleManager: Shutting down and abandoning module TargetDeviceServices (153)
[2016.05.14-05.18.25:110][200]LogModuleManager: Shutting down and abandoning module DeviceManager (152)
[2016.05.14-05.18.25:150][200]LogModuleManager: Shutting down and abandoning module AutomationController (151)
[2016.05.14-05.18.25:172][200]LogModuleManager: Shutting down and abandoning module AutomationWindow (150)
[2016.05.14-05.18.25:201][200]LogModuleManager: Shutting down and abandoning module Layers (149)
[2016.05.14-05.18.25:230][200]LogModuleManager: Shutting down and abandoning module ComponentVisualizers (148)
[2016.05.14-05.18.25:230][200]LogModuleManager: Shutting down and abandoning module DetailCustomizations (147)
[2016.05.14-05.18.25:241][200]LogModuleManager: Shutting down and abandoning module PackagesDialog (146)
[2016.05.14-05.18.25:241][200]LogModuleManager: Shutting down and abandoning module Persona (145)
[2016.05.14-05.18.25:241][200]LogModuleManager: Shutting down and abandoning module Kismet (144)
[2016.05.14-05.18.25:241][200]LogModuleManager: Shutting down and abandoning module GraphEditor (143)
[2016.05.14-05.18.25:241][200]LogModuleManager: Shutting down and abandoning module ClassViewer (142)
[2016.05.14-05.18.25:256][200]LogModuleManager: Shutting down and abandoning module Toolbox (141)
[2016.05.14-05.18.25:257][200]LogModuleManager: Shutting down and abandoning module ModuleUI (140)
[2016.05.14-05.18.25:293][200]LogModuleManager: Shutting down and abandoning module MovieSceneTools (139)
[2016.05.14-05.18.25:293][200]LogModuleManager: Shutting down and abandoning module OutputLog (138)
[2016.05.14-05.18.25:293][200]LogModuleManager: Shutting down and abandoning module GammaUI (137)
[2016.05.14-05.18.25:298][200]LogModuleManager: Shutting down and abandoning module Documentation (136)
[2016.05.14-05.18.25:299][200]LogModuleManager: Shutting down and abandoning module StreamingPauseRendering (135)
[2016.05.14-05.18.25:299][200]LogModuleManager: Shutting down and abandoning module AnalyticsET (134)
[2016.05.14-05.18.25:299][200]LogModuleManager: Shutting down and abandoning module Analytics (133)
[2016.05.14-05.18.25:299][200]LogModuleManager: Shutting down and abandoning module PortalServices (132)
[2016.05.14-05.18.25:299][200]LogModuleManager: Shutting down and abandoning module PortalRpc (131)
[2016.05.14-05.18.25:299][200]LogModuleManager: Shutting down and abandoning module MessagingRpc (130)
[2016.05.14-05.18.25:299][200]LogModuleManager: Shutting down and abandoning module AITestSuite (129)
[2016.05.14-05.18.25:299][200]LogModuleManager: Shutting down and abandoning module GameplayDebugger (128)
[2016.05.14-05.18.25:299][200]LogModuleManager: Shutting down and abandoning module AIModule (127)
[2016.05.14-05.18.25:299][200]LogModuleManager: Shutting down and abandoning module ProfilerService (126)
[2016.05.14-05.18.25:360][200]LogModuleManager: Shutting down and abandoning module TaskGraph (125)
[2016.05.14-05.18.25:378][200]LogModuleManager: Shutting down and abandoning module SlateRemote (124)
[2016.05.14-05.18.25:378][200]LogModuleManager: Shutting down and abandoning module SteamVRController (123)
[2016.05.14-05.18.25:378][200]LogModuleManager: Shutting down and abandoning module SteamVR (122)
[2016.05.14-05.18.25:378][200]LogModuleManager: Shutting down and abandoning module ProceduralMeshComponent (121)
[2016.05.14-05.18.25:378][200]LogModuleManager: Shutting down and abandoning module OculusLibrary (120)
[2016.05.14-05.18.25:378][200]LogModuleManager: Shutting down and abandoning module OculusInput (119)
[2016.05.14-05.18.25:378][200]LogModuleManager: Shutting down and abandoning module CustomMeshComponent (118)
[2016.05.14-05.18.25:378][200]LogModuleManager: Shutting down and abandoning module CableComponent (117)
[2016.05.14-05.18.25:378][200]LogModuleManager: Shutting down and abandoning module ArchVisCharacter (116)
[2016.05.14-05.18.25:378][200]LogModuleManager: Shutting down and abandoning module MediaPlayerEditor (115)
[2016.05.14-05.18.25:399][200]LogModuleManager: Shutting down and abandoning module HTML5Networking (114)
[2016.05.14-05.18.25:399][200]LogModuleManager: Shutting down and abandoning module SpeedTreeImporter (113)
[2016.05.14-05.18.25:400][200]LogModuleManager: Shutting down and abandoning module PluginBrowser (112)
[2016.05.14-05.18.25:400][200]LogModuleManager: Shutting down and abandoning module EpicSurvey (111)
[2016.05.14-05.18.25:400][200]LogModuleManager: Shutting down and abandoning module DesktopPlatform (110)
[2016.05.14-05.18.25:400][200]LogModuleManager: Shutting down and abandoning module VisualStudioSourceCodeAccess (109)
[2016.05.14-05.18.25:400][200]LogModuleManager: Shutting down and abandoning module UObjectPlugin (108)
[2016.05.14-05.18.25:400][200]LogModuleManager: Shutting down and abandoning module SubversionSourceControl (107)
[2016.05.14-05.18.25:400][200]LogModuleManager: Shutting down and abandoning module PerforceSourceControl (106)
[2016.05.14-05.18.25:400][200]LogModuleManager: Shutting down and abandoning module SourceControl (105)
[2016.05.14-05.18.25:400][200]LogModuleManager: Shutting down and abandoning module GitSourceControl (104)
[2016.05.14-05.18.25:400][200]LogModuleManager: Shutting down and abandoning module LightPropagationVolumeEditor (103)
[2016.05.14-05.18.25:400][200]LogModuleManager: Shutting down and abandoning module PaperTiledImporter (102)
[2016.05.14-05.18.25:400][200]LogModuleManager: Shutting down and abandoning module PaperSpriteSheetImporter (101)
[2016.05.14-05.18.25:400][200]LogModuleManager: Shutting down and abandoning module MeshPaint (100)
[2016.05.14-05.18.25:400][200]LogModuleManager: Shutting down and abandoning module HotReload (99)
[2016.05.14-05.18.25:400][200]LogModuleManager: Shutting down and abandoning module MainFrame (98)
[2016.05.14-05.18.25:400][200]LogModuleManager: Shutting down and abandoning module LevelEditor (97)
[2016.05.14-05.18.25:401][200]LogModuleManager: Shutting down and abandoning module DirectoryWatcher (96)
[2016.05.14-05.18.25:401][200]LogModuleManager: Shutting down and abandoning module AssetRegistry (95)
[2016.05.14-05.18.25:551][200]LogModuleManager: Shutting down and abandoning module ContentBrowser (94)
[2016.05.14-05.18.25:552][200]LogModuleManager: Shutting down and abandoning module Paper2DEditor (93)
[2016.05.14-05.18.25:576][200]LogModuleManager: Shutting down and abandoning module UdpMessaging (92)
[2016.05.14-05.18.25:677][200]LogModuleManager: Shutting down and abandoning module LightPropagationVolumeRuntime (91)
[2016.05.14-05.18.25:677][200]LogModuleManager: Shutting down and abandoning module Paper2D (90)
[2016.05.14-05.18.25:677][200]LogModuleManager: Shutting down and abandoning module WindowsMoviePlayer (89)
[2016.05.14-05.18.25:677][200]LogModuleManager: Shutting down and abandoning module Media (88)
[2016.05.14-05.18.25:677][200]LogModuleManager: Shutting down and abandoning module WmfMedia (87)
[2016.05.14-05.18.25:697][200]LogModuleManager: Shutting down and abandoning module MediaAssets (86)
[2016.05.14-05.18.25:697][200]LogModuleManager: Shutting down and abandoning module GameLiveStreaming (85)
[2016.05.14-05.18.25:697][200]LogModuleManager: Shutting down and abandoning module GameplayTagsEditor (84)
[2016.05.14-05.18.25:697][200]LogModuleManager: Shutting down and abandoning module OnlineBlueprintSupport (83)
[2016.05.14-05.18.25:697][200]LogModuleManager: Shutting down and abandoning module GameplayTasksEditor (82)
[2016.05.14-05.18.25:697][200]LogModuleManager: Shutting down and abandoning module PropertyEditor (81)
[2016.05.14-05.18.25:697][200]LogModuleManager: Shutting down and abandoning module BehaviorTreeEditor (80)
[2016.05.14-05.18.25:712][200]LogModuleManager: Shutting down and abandoning module FunctionalTesting (79)
[2016.05.14-05.18.25:712][200]LogModuleManager: Shutting down and abandoning module CollisionAnalyzer (78)
[2016.05.14-05.18.25:722][200]LogModuleManager: Shutting down and abandoning module WorkspaceMenuStructure (77)
[2016.05.14-05.18.25:722][200]LogModuleManager: Shutting down and abandoning module MessageLog (76)
[2016.05.14-05.18.25:722][200]LogModuleManager: Shutting down and abandoning module Sequencer (75)
[2016.05.14-05.18.25:742][200]LogModuleManager: Shutting down and abandoning module AssetTools (74)
[2016.05.14-05.18.25:762][200]LogModuleManager: Shutting down and abandoning module UMGEditor (73)
[2016.05.14-05.18.25:786][200]LogModuleManager: Shutting down and abandoning module UMG (72)
[2016.05.14-05.18.25:805][200]LogModuleManager: Shutting down and abandoning module SlateReflector (71)
[2016.05.14-05.18.25:857][200]LogModuleManager: Shutting down and abandoning module Slate (70)
[2016.05.14-05.18.25:857][200]LogModuleManager: Shutting down and abandoning module EditorStyle (69)
[2016.05.14-05.18.25:858][200]LogModuleManager: Shutting down and abandoning module SessionServices (68)
[2016.05.14-05.18.25:858][200]LogModuleManager: Shutting down and abandoning module SourceCodeAccess (67)
[2016.05.14-05.18.25:858][200]LogModuleManager: Shutting down and abandoning module HeadMountedDisplay (66)
[2016.05.14-05.18.25:858][200]LogModuleManager: Shutting down and abandoning module XAudio2 (65)
[2016.05.14-05.18.25:858][200]LogModuleManager: Shutting down and abandoning module Networking (63)
[2016.05.14-05.18.25:858][200]LogModuleManager: Shutting down and abandoning module Core (62)
[2016.05.14-05.18.25:858][200]LogModuleManager: Shutting down and abandoning module KismetCompiler (61)
[2016.05.14-05.18.25:858][200]LogModuleManager: Shutting down and abandoning module PhysXFormats (60)
[2016.05.14-05.18.25:858][200]LogModuleManager: Shutting down and abandoning module MeshUtilities (59)
[2016.05.14-05.18.25:869][200]LogModuleManager: Shutting down and abandoning module CookingStats (58)
[2016.05.14-05.18.25:870][200]LogModuleManager: Shutting down and abandoning module DerivedDataCache (57)
[2016.05.14-05.18.25:870][200]LogDerivedDataCache: Shutdown
[2016.05.14-05.18.25:870][200]LogModuleManager: Shutting down and abandoning module ShaderFormatOpenGL (56)
[2016.05.14-05.18.25:885][200]LogModuleManager: Shutting down and abandoning module ShaderFormatD3D (55)
[2016.05.14-05.18.25:885][200]LogModuleManager: Shutting down and abandoning module MetalShaderFormat (54)
[2016.05.14-05.18.25:924][200]LogModuleManager: Shutting down and abandoning module TextureFormatUncompressed (53)
[2016.05.14-05.18.25:924][200]LogModuleManager: Shutting down and abandoning module TextureFormatPVR (52)
[2016.05.14-05.18.25:924][200]LogModuleManager: Shutting down and abandoning module TextureFormatIntelISPCTexComp (51)
[2016.05.14-05.18.25:924][200]LogModuleManager: Shutting down and abandoning module TextureFormatDXT (50)
[2016.05.14-05.18.25:924][200]LogModuleManager: Shutting down and abandoning module ImageWrapper (49)
[2016.05.14-05.18.25:924][200]LogModuleManager: Shutting down and abandoning module TextureFormatASTC (48)
[2016.05.14-05.18.25:924][200]LogModuleManager: Shutting down and abandoning module TextureFormatAndroid (47)
[2016.05.14-05.18.25:924][200]LogModuleManager: Shutting down and abandoning module AudioFormatOpus (46)
[2016.05.14-05.18.25:924][200]LogModuleManager: Shutting down and abandoning module AudioFormatOgg (45)
[2016.05.14-05.18.25:924][200]LogModuleManager: Shutting down and abandoning module AudioFormatADPCM (44)
[2016.05.14-05.18.25:924][200]LogModuleManager: Shutting down and abandoning module LinuxTargetPlatform (43)
[2016.05.14-05.18.25:924][200]LogModuleManager: Shutting down and abandoning module LinuxServerTargetPlatform (42)
[2016.05.14-05.18.25:924][200]LogModuleManager: Shutting down and abandoning module LinuxNoEditorTargetPlatform (41)
[2016.05.14-05.18.25:924][200]LogModuleManager: Shutting down and abandoning module TVOSTargetPlatform (40)
[2016.05.14-05.18.25:924][200]LogModuleManager: Shutting down and abandoning module Messaging (39)
[2016.05.14-05.18.25:924][200]LogModuleManager: Shutting down and abandoning module IOSTargetPlatform (38)
[2016.05.14-05.18.25:924][200]LogModuleManager: Shutting down and abandoning module HTML5TargetPlatform (37)
[2016.05.14-05.18.25:924][200]LogModuleManager: Shutting down and abandoning module Android_PVRTCTargetPlatform (36)
[2016.05.14-05.18.25:924][200]LogModuleManager: Shutting down and abandoning module Android_MultiTargetPlatform (35)
[2016.05.14-05.18.25:924][200]LogModuleManager: Shutting down and abandoning module Android_ETC2TargetPlatform (34)
[2016.05.14-05.18.25:924][200]LogModuleManager: Shutting down and abandoning module Android_ETC1TargetPlatform (33)
[2016.05.14-05.18.25:924][200]LogModuleManager: Shutting down and abandoning module Android_DXTTargetPlatform (32)
[2016.05.14-05.18.25:924][200]LogModuleManager: Shutting down and abandoning module Android_ATCTargetPlatform (31)
[2016.05.14-05.18.25:924][200]LogModuleManager: Shutting down and abandoning module Android_ASTCTargetPlatform (30)
[2016.05.14-05.18.25:924][200]LogModuleManager: Shutting down and abandoning module AndroidTargetPlatform (29)
[2016.05.14-05.18.25:924][200]LogModuleManager: Shutting down and abandoning module WindowsTargetPlatform (28)
[2016.05.14-05.18.25:924][200]LogModuleManager: Shutting down and abandoning module WindowsServerTargetPlatform (27)
[2016.05.14-05.18.25:924][200]LogModuleManager: Shutting down and abandoning module WindowsNoEditorTargetPlatform (26)
[2016.05.14-05.18.25:924][200]LogModuleManager: Shutting down and abandoning module WindowsClientTargetPlatform (25)
[2016.05.14-05.18.25:924][200]LogModuleManager: Shutting down and abandoning module AllDesktopTargetPlatform (24)
[2016.05.14-05.18.25:924][200]LogModuleManager: Shutting down and abandoning module TargetPlatform (23)
[2016.05.14-05.18.25:924][200]LogModuleManager: Shutting down and abandoning module InputCore (22)
[2016.05.14-05.18.25:924][200]LogModuleManager: Shutting down and abandoning module Settings (21)
[2016.05.14-05.18.25:924][200]LogModuleManager: Shutting down and abandoning module OnlineSubsystem (19)
[2016.05.14-05.18.25:924][200]LogModuleManager: Shutting down and abandoning module HTTP (18)
[2016.05.14-05.18.27:425][200]LogModuleManager: Shutting down and abandoning module XMPP (17)
[2016.05.14-05.18.27:530][200]LogModuleManager: Shutting down and abandoning module OculusRift (16)
[2016.05.14-05.18.27:560][200]LogModuleManager: Shutting down and abandoning module ExampleDeviceProfileSelector (15)
[2016.05.14-05.18.27:560][200]LogModuleManager: Shutting down and abandoning module TextureCompressor (14)
[2016.05.14-05.18.27:560][200]LogModuleManager: Shutting down and abandoning module ShaderCore (13)
[2016.05.14-05.18.27:560][200]LogModuleManager: Shutting down and abandoning module Landscape (12)
[2016.05.14-05.18.27:560][200]LogModuleManager: Shutting down and abandoning module SlateRHIRenderer (11)
[2016.05.14-05.18.27:571][200]LogModuleManager: Shutting down and abandoning module OpenGLDrv (10)
[2016.05.14-05.18.27:603][200]LogModuleManager: Shutting down and abandoning module D3D11RHI (9)
[2016.05.14-05.18.27:603][200]LogModuleManager: Shutting down and abandoning module AnimGraphRuntime (8)
[2016.05.14-05.18.27:603][200]LogModuleManager: Shutting down and abandoning module Renderer (7)
[2016.05.14-05.18.27:603][200]LogModuleManager: Shutting down and abandoning module Engine (6)
[2016.05.14-05.18.27:603][200]LogModuleManager: Shutting down and abandoning module CoreUObject (5)
[2016.05.14-05.18.27:603][200]LogModuleManager: Shutting down and abandoning module NetworkFile (4)
[2016.05.14-05.18.27:621][200]LogModuleManager: Shutting down and abandoning module StreamingFile (3)
[2016.05.14-05.18.27:621][200]LogModuleManager: Shutting down and abandoning module SandboxFile (2)
[2016.05.14-05.18.27:632][200]LogModuleManager: Shutting down and abandoning module PakFile (1)
[2016.05.14-05.18.27:657][200]LogExit: Exiting.
[2016.05.14-05.18.27:659][200]Log file closed, 05/14/16 14:48:27
