Log file open, 05/14/16 14:48:47
LogInit:Display: Running engine for game: Effulgent
LogPlatformFile: Not using cached read wrapper
LogInit:Display: RandInit(1953823202) SRandInit(1953823203).
LogTaskGraph: Started task graph with 4 named threads and 7 total threads.
LogStats: Stats thread started at 0.069781
LogInit: Version: 4.11.2-2946394+++UE4+Release-4.11
LogInit: API Version: 2927265
LogInit: Compiled (64-bit): Apr 18 2016 02:18:46
LogInit: Compiled with Visual C++: 19.00.23026.00
LogInit: Build Configuration: Development
LogInit: Branch Name: ++UE4+Release-4.11
LogInit: Command line:  
LogInit: Base directory: D:/Program Files/Epic Games/4.11/Engine/Binaries/Win64/
LogInit: Installed Engine Build: 1
LogInit: Using libcurl 7.41.0
LogInit:  - built for x86_64-pc-win32
LogInit:  - supports SSL with WinSSL
LogInit:  - other features:
LogInit:      CURL_VERSION_SSL
LogInit:      CURL_VERSION_IPV6
LogInit:      CURL_VERSION_ASYNCHDNS
LogInit:      CURL_VERSION_LARGEFILE
LogInit:      CURL_VERSION_IDN
LogInit:  CurlRequestOptions (configurable via config and command line):
LogInit:  - bVerifyPeer = true  - Libcurl will verify peer certificate
LogInit:  - bUseHttpProxy = false  - Libcurl will NOT use HTTP proxy
LogInit:  - bDontReuseConnections = false  - Libcurl will reuse connections
LogInit:  - CertBundlePath = nullptr  - Libcurl will use whatever was configured at build time.
LogInit: Presizing for max 16777216 objects, including 0 objects not considered by GC, pre-allocating 0 bytes for permanent pool.
LogInit: Object subsystem initialized
[2016.05.14-05.18.47:928][  0]LogInit: Selected Device Profile: [Windows]
[2016.05.14-05.18.47:928][  0]LogInit: Applying CVar settings loaded from the selected device profile: [Windows]
[2016.05.14-05.18.47:938][  0]LogInit: Computer: SOVEREIGN
[2016.05.14-05.18.47:938][  0]LogInit: User: Caroline
[2016.05.14-05.18.47:938][  0]LogInit: CPU Page size=65536, Cores=4
[2016.05.14-05.18.47:938][  0]LogInit: High frequency timer resolution =2.338344 MHz
[2016.05.14-05.18.47:938][  0]LogMemory: Memory total: Physical=15.9GB (16GB approx)
[2016.05.14-05.18.47:938][  0]LogMemory: Platform Memory Stats for Windows
[2016.05.14-05.18.47:938][  0]LogMemory: Process Physical Memory: 313.89 MB used, 313.89 MB peak
[2016.05.14-05.18.47:938][  0]LogMemory: Process Virtual Memory: 315.04 MB used, 315.04 MB peak
[2016.05.14-05.18.47:938][  0]LogMemory: Physical Memory: 6494.21 MB used, 16302.99 MB total
[2016.05.14-05.18.47:938][  0]LogMemory: Virtual Memory: 638.78 MB used, 134217728.00 MB total
[2016.05.14-05.18.47:978][  0]LogTextLocalizationManager: No specific translations for ('en-AU') exist, so ('en') translations will be used.
[2016.05.14-05.18.48:374][  0]LogD3D11RHI: D3D11 adapters:
[2016.05.14-05.18.48:397][  0]LogD3D11RHI:    0. 'NVIDIA GeForce GTX 765M' (Feature Level 11_0)
[2016.05.14-05.18.48:397][  0]LogD3D11RHI:       1989MB of dedicated video memory, 0MB of dedicated system memory, and 8151MB of shared system memory, 1 output[s]
[2016.05.14-05.18.48:403][  0]LogD3D11RHI:    1. 'Intel(R) HD Graphics 4600' (Feature Level 11_0)
[2016.05.14-05.18.48:403][  0]LogD3D11RHI:       112MB of dedicated video memory, 0MB of dedicated system memory, and 8151MB of shared system memory, 0 output[s]
[2016.05.14-05.18.48:404][  0]LogD3D11RHI:    2. 'Microsoft Basic Render Driver' (Feature Level 11_0)
[2016.05.14-05.18.48:404][  0]LogD3D11RHI:       0MB of dedicated video memory, 0MB of dedicated system memory, and 8151MB of shared system memory, 0 output[s]
[2016.05.14-05.18.48:404][  0]LogD3D11RHI: Chosen D3D11 Adapter: 0
[2016.05.14-05.18.48:409][  0]LogD3D11RHI: Creating new Direct3DDevice
[2016.05.14-05.18.48:410][  0]LogD3D11RHI:     Adapter Name: NVIDIA GeForce GTX 765M
[2016.05.14-05.18.48:410][  0]LogD3D11RHI:   Driver Version: Unknown (internal Unknown)
[2016.05.14-05.18.48:410][  0]LogD3D11RHI:      Driver Date: Unknown
[2016.05.14-05.18.48:410][  0]LogRHI: Texture pool is 1361 MB (70% of 1945 MB)
[2016.05.14-05.18.48:421][  0]LogD3D11RHI: Async texture creation enabled
[2016.05.14-05.18.48:438][  0]LogShaderCompilers: Guid format shader working directory is -16 characters bigger than the processId version (../../../../../../Caroline/Documents/GitHub/Game-Design/Effulgent/Intermediate/Shaders/WorkingDirectory/8164/).
[2016.05.14-05.18.48:438][  0]LogShaderCompilers: Cleaned the shader compiler working directory 'C:/Users/Caroline/AppData/Local/Temp/UnrealShaderWorkingDir/57EE107049996D4BF404A2870367668A/'.
[2016.05.14-05.18.48:438][  0]LogShaderCompilers:Display: Using Local Shader Compiler.
[2016.05.14-05.18.51:276][  0]LogTemp:Display: Loaded TP AllDesktopTargetPlatform
[2016.05.14-05.18.51:279][  0]LogTemp:Display: Loaded TP WindowsClientTargetPlatform
[2016.05.14-05.18.51:283][  0]LogTemp:Display: Loaded TP WindowsNoEditorTargetPlatform
[2016.05.14-05.18.51:286][  0]LogTemp:Display: Loaded TP WindowsServerTargetPlatform
[2016.05.14-05.18.51:290][  0]LogTemp:Display: Loaded TP WindowsTargetPlatform
[2016.05.14-05.18.51:293][  0]LogTemp:Display: Loaded TP AndroidTargetPlatform
[2016.05.14-05.18.51:295][  0]LogTemp:Display: Loaded TP Android_ASTCTargetPlatform
[2016.05.14-05.18.51:298][  0]LogTemp:Display: Loaded TP Android_ATCTargetPlatform
[2016.05.14-05.18.51:301][  0]LogTemp:Display: Loaded TP Android_DXTTargetPlatform
[2016.05.14-05.18.51:304][  0]LogTemp:Display: Loaded TP Android_ETC1TargetPlatform
[2016.05.14-05.18.51:308][  0]LogTemp:Display: Loaded TP Android_ETC2TargetPlatform
[2016.05.14-05.18.51:314][  0]LogTemp:Display: Loaded TP Android_MultiTargetPlatform
[2016.05.14-05.18.51:314][  0]LogTemp:Display: Loaded TP Android_PVRTCTargetPlatform
[2016.05.14-05.18.51:315][  0]LogTemp:Display: Loaded TP HTML5TargetPlatform
[2016.05.14-05.18.51:331][  0]LogTemp:Display: Loaded TP IOSTargetPlatform
[2016.05.14-05.18.51:334][  0]LogTemp:Display: Loaded TP TVOSTargetPlatform
[2016.05.14-05.18.51:336][  0]LogTemp:Display: Loaded TP LinuxNoEditorTargetPlatform
[2016.05.14-05.18.51:340][  0]LogTemp:Display: Loaded TP LinuxServerTargetPlatform
[2016.05.14-05.18.51:344][  0]LogTemp:Display: Loaded TP LinuxTargetPlatform
[2016.05.14-05.18.51:344][  0]LogTargetPlatformManager:Display: Building Assets For Windows
[2016.05.14-05.18.51:402][  0]LogDerivedDataCache:Display: Max Cache Size: 512 MB
[2016.05.14-05.18.51:449][  0]LogDerivedDataCache: Loaded boot cache 0.05s 46MB C:/Users/Caroline/AppData/Local/UnrealEngine/4.11/DerivedDataCache/Boot.ddc.
[2016.05.14-05.18.51:449][  0]LogDerivedDataCache:Display: Loaded Boot cache: C:/Users/Caroline/AppData/Local/UnrealEngine/4.11/DerivedDataCache/Boot.ddc
[2016.05.14-05.18.51:450][  0]LogDerivedDataCache: FDerivedDataBackendGraph:  Pak pak cache file ../../../../../../Caroline/Documents/GitHub/Game-Design/Effulgent/DerivedDataCache/DDC.ddp not found, will not use a pak cache.
[2016.05.14-05.18.51:450][  0]LogDerivedDataCache: Unable to find inner node Pak for hierarchical cache Hierarchy.
[2016.05.14-05.18.51:450][  0]LogDerivedDataCache: FDerivedDataBackendGraph:  CompressedPak pak cache file ../../../../../../Caroline/Documents/GitHub/Game-Design/Effulgent/DerivedDataCache/Compressed.ddp not found, will not use a pak cache.
[2016.05.14-05.18.51:450][  0]LogDerivedDataCache: Unable to find inner node CompressedPak for hierarchical cache Hierarchy.
[2016.05.14-05.18.51:464][  0]LogDerivedDataCache:Display: Pak cache opened for reading ../../../Engine/DerivedDataCache/Compressed.ddp.
[2016.05.14-05.18.51:475][  0]LogDerivedDataCache: Using Local data cache path C:/Users/Caroline/AppData/Local/UnrealEngine/Common/DerivedDataCache: Writable
[2016.05.14-05.18.51:626][  0]LogInit: Selected Device Profile: [Windows]
[2016.05.14-05.18.51:627][  0]LogContentStreaming: Texture pool size is 0.00 MB
[2016.05.14-05.18.51:663][  0]LogMaterial: Uniform references updated for custom material expression Custom.
[2016.05.14-05.18.51:780][  0]LogMeshUtilities: No automatic mesh reduction module available
[2016.05.14-05.18.51:780][  0]LogMeshUtilities: No automatic mesh merging module available
[2016.05.14-05.18.51:780][  0]LogMeshUtilities: No distributed automatic mesh merging module available
[2016.05.14-05.18.51:990][  0]LogUObjectArray: 27679 objects as part of root set at end of initial load.
[2016.05.14-05.18.51:990][  0]LogUObjectAllocator: 5591592 out of 0 bytes used by permanent object pool.
[2016.05.14-05.18.51:990][  0]LogUObjectArray: CloseDisregardForGC: 0/0 objects in disregard for GC pool
[2016.05.14-05.18.51:993][  0]LogInit: WinSock: version 1.1 (2.2), MaxSocks=32767, MaxUdp=65467
[2016.05.14-05.18.52:058][  0]LogSlate: SlateFontCache - WITH_FREETYPE: 1, WITH_HARFBUZZ: 1
[2016.05.14-05.18.52:058][  0]LogSlate: SlateFontCache - WITH_FREETYPE: 1, WITH_HARFBUZZ: 1
[2016.05.14-05.18.52:166][  0]LogStreaming:Warning: Failed to read file '../../../Engine/Content/Editor/Slate/Common/Selection_16x.png' error.
[2016.05.14-05.18.52:166][  0]LogSlate: Could not find file for Slate resource: ../../../Engine/Content/Editor/Slate/Common/Selection_16x.png
[2016.05.14-05.18.52:166][  0]LogStreaming:Warning: Failed to read file '../../../Engine/Content/Editor/Slate/Common/Selection_16x.png' error.
[2016.05.14-05.18.52:166][  0]LogSlate: Could not find file for Slate resource: ../../../Engine/Content/Editor/Slate/Common/Selection_16x.png
[2016.05.14-05.18.52:166][  0]LogStreaming:Warning: Failed to read file '../../../Engine/Content/Editor/Slate/Common/Selection_16x.png' error.
[2016.05.14-05.18.52:166][  0]LogSlate: Could not find file for Slate resource: ../../../Engine/Content/Editor/Slate/Common/Selection_16x.png
[2016.05.14-05.18.52:750][  0]LogUdpMessaging: Initializing bridge on interface 0.0.0.0:0 to multicast group 230.0.0.1:6666.
[2016.05.14-05.18.52:853][  0]LogAssetRegistry: FAssetRegistry took 0.0217 seconds to start up
[2016.05.14-05.18.52:983][  0]SourceControl: Info Source control is disabled
[2016.05.14-05.18.52:984][  0]SourceControl: Info Source control is disabled
[2016.05.14-05.18.52:995][  0]SourceControl: Info Source control is disabled
[2016.05.14-05.18.53:004][  0]SourceControl: Info Source control is disabled
[2016.05.14-05.18.53:112][  0]LogHMD: Failed to initialize OpenVR with code 110
[2016.05.14-05.18.53:176][  0]LogEngine: Initializing Engine...
[2016.05.14-05.18.53:304][  0]LogAIModule: Creating AISystem for world NewWorld
[2016.05.14-05.18.53:309][  0]LogInit: XAudio2 using 'Speakers (Realtek High Definition Audio)' : 2 channels at 48 kHz using 32 bits per sample (channel mask 0x3)
[2016.05.14-05.18.53:334][  0]LogInit: FAudioDevice initialized.
[2016.05.14-05.18.53:357][  0]LogDerivedDataCache: Saved boot cache 0.02s 46MB C:/Users/Caroline/AppData/Local/UnrealEngine/4.11/DerivedDataCache/Boot.ddc.
[2016.05.14-05.18.53:360][  0]LogInit: Texture streaming: Enabled
[2016.05.14-05.18.53:377][  0]LogInit: Transaction tracking system initialized
[2016.05.14-05.18.53:391][  0]BlueprintLog: New page: Editor Load
[2016.05.14-05.18.53:440][  0]LocalizationService: Info Localization service is disabled
[2016.05.14-05.18.53:637][  0]LogConsoleResponse:Display: 
[2016.05.14-05.18.53:732][  0]LogCook:Display: Max memory allowance for cook 8192mb
[2016.05.14-05.18.53:732][  0]LogCook:Display: Mobile HDR setting 1
[2016.05.14-05.18.53:732][  0]LogCook:Display: Done creating registry. It took  0.00s.
[2016.05.14-05.18.53:771][  0]LogFileCache: Scanning file cache for directory 'D:/Caroline/Documents/GitHub/Game-Design/Effulgent/Content/' took 0.02s
[2016.05.14-05.18.53:771][  0]SourceControl: Info Source control is disabled
[2016.05.14-05.18.53:771][  0]Cmd: MAP LOAD FILE="../../../../../../Caroline/Documents/GitHub/Game-Design/Effulgent/Content/ThirdPersonBP/Maps/ThirdPersonExampleMap.umap" TEMPLATE=0 SHOWPROGRESS=1 FEATURELEVEL=3
[2016.05.14-05.18.53:772][  0]LightingResults: New page: Lighting Build
[2016.05.14-05.18.53:774][  0]MapCheck: New page: Map Check
[2016.05.14-05.18.53:774][  0]LightingResults: New page: Lighting Build
[2016.05.14-05.18.53:913][  0]LogLinker:Warning: Can't find file '/Game/Textures/Air_Mat'
[2016.05.14-05.18.53:913][  0]LogLinker:Warning: Can't find file for asset '/Game/Textures/Air_Mat' while loading ../../../../../../Caroline/Documents/GitHub/Game-Design/Effulgent/Content/ThirdPersonBP/Maps/ThirdPersonExampleMap.umap.
[2016.05.14-05.18.53:913][  0]LoadErrors:Error: Error /Game/ThirdPersonBP/Maps/ThirdPersonExampleMap : Can't find file for asset. /Game/Textures/Air_Mat
[2016.05.14-05.18.53:913][  0]LogLinker:Warning: Can't find file '/Game/Textures/Earth_Mat'
[2016.05.14-05.18.53:913][  0]LogLinker:Warning: Can't find file for asset '/Game/Textures/Earth_Mat' while loading ../../../../../../Caroline/Documents/GitHub/Game-Design/Effulgent/Content/ThirdPersonBP/Maps/ThirdPersonExampleMap.umap.
[2016.05.14-05.18.53:913][  0]LoadErrors:Error: Error /Game/ThirdPersonBP/Maps/ThirdPersonExampleMap : Can't find file for asset. /Game/Textures/Earth_Mat
[2016.05.14-05.18.53:913][  0]LogLinker:Warning: Can't find file '/Game/Textures/Fire_Mat'
[2016.05.14-05.18.53:913][  0]LogLinker:Warning: Can't find file for asset '/Game/Textures/Fire_Mat' while loading ../../../../../../Caroline/Documents/GitHub/Game-Design/Effulgent/Content/ThirdPersonBP/Maps/ThirdPersonExampleMap.umap.
[2016.05.14-05.18.53:913][  0]LoadErrors:Error: Error /Game/ThirdPersonBP/Maps/ThirdPersonExampleMap : Can't find file for asset. /Game/Textures/Fire_Mat
[2016.05.14-05.18.53:913][  0]LogLinker:Warning: Can't find file '/Game/Textures/Water_Mat'
[2016.05.14-05.18.53:913][  0]LogLinker:Warning: Can't find file for asset '/Game/Textures/Water_Mat' while loading ../../../../../../Caroline/Documents/GitHub/Game-Design/Effulgent/Content/ThirdPersonBP/Maps/ThirdPersonExampleMap.umap.
[2016.05.14-05.18.53:913][  0]LoadErrors:Error: Error /Game/ThirdPersonBP/Maps/ThirdPersonExampleMap : Can't find file for asset. /Game/Textures/Water_Mat
[2016.05.14-05.18.53:990][  0]LogLinker:Warning: Can't find file '/Game/Textures/Air_Mat'
[2016.05.14-05.18.53:990][  0]LogLinker:Warning: Can't find file for asset '/Game/Textures/Air_Mat' while loading ../../../../../../Caroline/Documents/GitHub/Game-Design/Effulgent/Content/ThirdPersonBP/Maps/ThirdPersonExampleMap.umap.
[2016.05.14-05.18.53:990][  0]LoadErrors:Error: Error /Game/ThirdPersonBP/Maps/ThirdPersonExampleMap : Can't find file for asset. /Game/Textures/Air_Mat
[2016.05.14-05.18.53:990][  0]LogLinker:Warning: Can't find file '/Game/Textures/Earth_Mat'
[2016.05.14-05.18.53:990][  0]LogLinker:Warning: Can't find file for asset '/Game/Textures/Earth_Mat' while loading ../../../../../../Caroline/Documents/GitHub/Game-Design/Effulgent/Content/ThirdPersonBP/Maps/ThirdPersonExampleMap.umap.
[2016.05.14-05.18.53:990][  0]LoadErrors:Error: Error /Game/ThirdPersonBP/Maps/ThirdPersonExampleMap : Can't find file for asset. /Game/Textures/Earth_Mat
[2016.05.14-05.18.53:990][  0]LogLinker:Warning: Can't find file '/Game/Textures/Fire_Mat'
[2016.05.14-05.18.53:990][  0]LogLinker:Warning: Can't find file for asset '/Game/Textures/Fire_Mat' while loading ../../../../../../Caroline/Documents/GitHub/Game-Design/Effulgent/Content/ThirdPersonBP/Maps/ThirdPersonExampleMap.umap.
[2016.05.14-05.18.53:990][  0]LoadErrors:Error: Error /Game/ThirdPersonBP/Maps/ThirdPersonExampleMap : Can't find file for asset. /Game/Textures/Fire_Mat
[2016.05.14-05.18.53:990][  0]LogLinker:Warning: Can't find file '/Game/Textures/Water_Mat'
[2016.05.14-05.18.53:991][  0]LogLinker:Warning: Can't find file for asset '/Game/Textures/Water_Mat' while loading ../../../../../../Caroline/Documents/GitHub/Game-Design/Effulgent/Content/ThirdPersonBP/Maps/ThirdPersonExampleMap.umap.
[2016.05.14-05.18.53:991][  0]LoadErrors:Error: Error /Game/ThirdPersonBP/Maps/ThirdPersonExampleMap : Can't find file for asset. /Game/Textures/Water_Mat
[2016.05.14-05.18.53:996][  0]LogLinker:Warning: Can't find file '/Game/Textures/Air_Mat'
[2016.05.14-05.18.53:996][  0]LogLinker:Warning: Can't find file for asset '/Game/Textures/Air_Mat' while loading NULL.
[2016.05.14-05.18.53:996][  0]LogLinker:Warning: Can't find file '/Game/Textures/Earth_Mat'
[2016.05.14-05.18.53:996][  0]LogLinker:Warning: Can't find file for asset '/Game/Textures/Earth_Mat' while loading NULL.
[2016.05.14-05.18.53:996][  0]LogLinker:Warning: Can't find file '/Game/Textures/Fire_Mat'
[2016.05.14-05.18.53:996][  0]LogLinker:Warning: Can't find file for asset '/Game/Textures/Fire_Mat' while loading NULL.
[2016.05.14-05.18.53:996][  0]LogLinker:Warning: Can't find file '/Game/Textures/Water_Mat'
[2016.05.14-05.18.53:996][  0]LogLinker:Warning: Can't find file for asset '/Game/Textures/Water_Mat' while loading NULL.
[2016.05.14-05.18.53:996][  0]LogLinker:Warning: Can't find file '/Game/Textures/Air_Mat'
[2016.05.14-05.18.53:996][  0]LogLinker:Warning: Can't find file for asset '/Game/Textures/Air_Mat' while loading NULL.
[2016.05.14-05.18.53:996][  0]LogLinker:Warning: Can't find file '/Game/Textures/Earth_Mat'
[2016.05.14-05.18.53:997][  0]LogLinker:Warning: Can't find file for asset '/Game/Textures/Earth_Mat' while loading NULL.
[2016.05.14-05.18.53:997][  0]LogLinker:Warning: Can't find file '/Game/Textures/Fire_Mat'
[2016.05.14-05.18.53:997][  0]LogLinker:Warning: Can't find file for asset '/Game/Textures/Fire_Mat' while loading NULL.
[2016.05.14-05.18.53:997][  0]LogLinker:Warning: Can't find file '/Game/Textures/Water_Mat'
[2016.05.14-05.18.53:997][  0]LogLinker:Warning: Can't find file for asset '/Game/Textures/Water_Mat' while loading NULL.
[2016.05.14-05.18.54:056][  0]LogLinker:Warning: Can't find file '/Game/Textures/Air_Mat'
[2016.05.14-05.18.54:056][  0]LoadErrors: Info Failed to load /Game/Textures/Air_Mat.Air_Mat Referenced by Sphere
[2016.05.14-05.18.54:056][  0]LogLinker:Warning: Can't find file for asset '/Game/Textures/Air_Mat' while loading NULL.
[2016.05.14-05.18.54:056][  0]LoadErrors: Info Failed to load /Game/Textures/Air_Mat.Air_Mat Referenced by Sphere
[2016.05.14-05.18.54:058][  0]LogLinker:Warning: Can't find file '/Game/Textures/Earth_Mat'
[2016.05.14-05.18.54:058][  0]LoadErrors: Info Failed to load /Game/Textures/Earth_Mat.Earth_Mat Referenced by Sphere
[2016.05.14-05.18.54:058][  0]LogLinker:Warning: Can't find file for asset '/Game/Textures/Earth_Mat' while loading NULL.
[2016.05.14-05.18.54:058][  0]LoadErrors: Info Failed to load /Game/Textures/Earth_Mat.Earth_Mat Referenced by Sphere
[2016.05.14-05.18.54:058][  0]LogLinker:Warning: Can't find file '/Game/Textures/Fire_Mat'
[2016.05.14-05.18.54:058][  0]LoadErrors: Info Failed to load /Game/Textures/Fire_Mat.Fire_Mat Referenced by Sphere
[2016.05.14-05.18.54:058][  0]LogLinker:Warning: Can't find file for asset '/Game/Textures/Fire_Mat' while loading NULL.
[2016.05.14-05.18.54:058][  0]LoadErrors: Info Failed to load /Game/Textures/Fire_Mat.Fire_Mat Referenced by Sphere
[2016.05.14-05.18.54:070][  0]LogLinker:Warning: Can't find file '/Game/Textures/Water_Mat'
[2016.05.14-05.18.54:070][  0]LoadErrors: Info Failed to load /Game/Textures/Water_Mat.Water_Mat Referenced by Sphere
[2016.05.14-05.18.54:070][  0]LogLinker:Warning: Can't find file for asset '/Game/Textures/Water_Mat' while loading NULL.
[2016.05.14-05.18.54:070][  0]LoadErrors: Info Failed to load /Game/Textures/Water_Mat.Water_Mat Referenced by Sphere
[2016.05.14-05.18.54:230][  0]LogAIModule: Creating AISystem for world ThirdPersonExampleMap
[2016.05.14-05.18.54:233][  0]LogPrimitiveComponent: Zero scaling not supported (/Game/ThirdPersonBP/Maps/ThirdPersonExampleMap.ThirdPersonExampleMap:PersistentLevel.Ground.StaticMeshComponent0)
[2016.05.14-05.18.54:235][  0]LogPrimitiveComponent: Zero scaling not supported (/Game/ThirdPersonBP/Maps/ThirdPersonExampleMap.ThirdPersonExampleMap:PersistentLevel.Cylinder_145.StaticMeshComponent0)
[2016.05.14-05.18.54:235][  0]LogPrimitiveComponent: Zero scaling not supported (/Game/ThirdPersonBP/Maps/ThirdPersonExampleMap.ThirdPersonExampleMap:PersistentLevel.Cylinder2.StaticMeshComponent0)
[2016.05.14-05.18.54:236][  0]LogPrimitiveComponent: Zero scaling not supported (/Game/ThirdPersonBP/Maps/ThirdPersonExampleMap.ThirdPersonExampleMap:PersistentLevel.Cylinder3_104.StaticMeshComponent0)
[2016.05.14-05.18.54:243][  0]LogPrimitiveComponent: Zero scaling not supported (/Game/ThirdPersonBP/Maps/ThirdPersonExampleMap.ThirdPersonExampleMap:PersistentLevel.Cube_21.StaticMeshComponent0)
[2016.05.14-05.18.54:256][  0]LogPrimitiveComponent: Zero scaling not supported (/Game/ThirdPersonBP/Maps/ThirdPersonExampleMap.ThirdPersonExampleMap:PersistentLevel.Cube2.StaticMeshComponent0)
[2016.05.14-05.18.54:257][  0]LogPrimitiveComponent: Zero scaling not supported (/Game/ThirdPersonBP/Maps/ThirdPersonExampleMap.ThirdPersonExampleMap:PersistentLevel.Cube3_94.StaticMeshComponent0)
[2016.05.14-05.18.54:257][  0]LogPrimitiveComponent: Zero scaling not supported (/Game/ThirdPersonBP/Maps/ThirdPersonExampleMap.ThirdPersonExampleMap:PersistentLevel.Cube4.StaticMeshComponent0)
[2016.05.14-05.18.54:258][  0]LogPrimitiveComponent: Zero scaling not supported (/Game/ThirdPersonBP/Maps/ThirdPersonExampleMap.ThirdPersonExampleMap:PersistentLevel.Cube13_47.StaticMeshComponent0)
[2016.05.14-05.18.54:258][  0]LogPrimitiveComponent: Zero scaling not supported (/Game/ThirdPersonBP/Maps/ThirdPersonExampleMap.ThirdPersonExampleMap:PersistentLevel.Cylinder4_60.StaticMeshComponent0)
[2016.05.14-05.18.54:258][  0]LogPrimitiveComponent: Zero scaling not supported (/Game/ThirdPersonBP/Maps/ThirdPersonExampleMap.ThirdPersonExampleMap:PersistentLevel.Cylinder5.StaticMeshComponent0)
[2016.05.14-05.18.54:260][  0]LogPrimitiveComponent: Zero scaling not supported (/Game/ThirdPersonBP/Maps/ThirdPersonExampleMap.ThirdPersonExampleMap:PersistentLevel.Cube22_175.StaticMeshComponent0)
[2016.05.14-05.18.54:270][  0]LogEditorServer: Finished looking for orphan Actors (0.000 secs)
[2016.05.14-05.18.54:271][  0]Cmd: MAP CHECKDEP NOCLEARLOG
[2016.05.14-05.18.54:325][  0]MapCheck: Info Map check complete: 0 Error(s), 0 Warning(s), took 54.319ms to complete.
[2016.05.14-05.18.54:325][  0]LogFileHelpers: Loading map 'ThirdPersonExampleMap' took 0.554
[2016.05.14-05.18.54:444][  0]LogCollectionManager: Loaded 0 collections in 0.001150 seconds
[2016.05.14-05.18.54:484][  0]LogFileCache: Scanning file cache for directory 'D:/Caroline/Documents/GitHub/Game-Design/Effulgent/Saved/Collections/' took 0.01s
[2016.05.14-05.18.54:484][  0]LogFileCache: Scanning file cache for directory 'D:/Caroline/Documents/GitHub/Game-Design/Effulgent/Content/Developers/Caroline/Collections/' took 0.01s
[2016.05.14-05.18.54:484][  0]LogFileCache: Scanning file cache for directory 'D:/Caroline/Documents/GitHub/Game-Design/Effulgent/Content/Collections/' took 0.01s
[2016.05.14-05.18.54:484][  0]LogCollectionManager: Rebuilt the GUID cache for 0 collections in 0.000003 seconds
[2016.05.14-05.18.54:493][  0]LogContentBrowser: Native class hierarchy populated in 0.0085 seconds. Added 1979 classes and 343 folders.
[2016.05.14-05.18.54:496][  0]LogStats: UGameplayTagsManager::ConstructGameplayTagTree: Construct from data asset -  0.000 s
[2016.05.14-05.18.54:496][  0]LogStats: UGameplayTagsManager::ConstructGameplayTagTree: GameplayTagTreeChangedEvent.Broadcast -  0.000 s
[2016.05.14-05.18.54:496][  0]LogContentBrowser: Native class hierarchy updated for 'GameplayTags' in 0.0005 seconds. Added 12 classes and 0 folders.
[2016.05.14-05.18.54:499][  0]LogContentBrowser: Native class hierarchy updated for 'WidgetCarousel' in 0.0004 seconds. Added 0 classes and 0 folders.
[2016.05.14-05.18.54:505][  0]LogContentBrowser: Native class hierarchy updated for 'SuperSearch' in 0.0008 seconds. Added 1 classes and 2 folders.
[2016.05.14-05.18.54:563][  0]LogContentBrowser: Native class hierarchy updated for 'AddContentDialog' in 0.0006 seconds. Added 0 classes and 0 folders.
[2016.05.14-05.18.54:566][  0]LogContentBrowser: Native class hierarchy updated for 'SceneOutliner' in 0.0005 seconds. Added 1 classes and 2 folders.
[2016.05.14-05.18.54:582][  0]LogCrashTracker: Crashtracker disabled due to settings.
[2016.05.14-05.18.54:586][  0]LogUObjectGlobals:Warning: Failed to find object 'Class None.'
[2016.05.14-05.18.54:611][  0]LogContentBrowser: Native class hierarchy updated for 'HierarchicalLODOutliner' in 0.0006 seconds. Added 1 classes and 2 folders.
[2016.05.14-05.18.54:611][  0]LogLoad: Full Startup: 7.40 seconds (BP compile: 0.04 seconds)
[2016.05.14-05.18.54:611][  0]LogExternalProfiler:Warning: No registered external profiler was matched with a command-line switch (or the DLL could not be loaded).  External profiling features will not be available.
[2016.05.14-05.18.54:951][  0]LogOcInput: OculusInput pre-init called
[2016.05.14-05.18.54:988][  0]LogContentStreaming: Texture pool size now 200 MB
[2016.05.14-05.18.55:122][  0]LogRenderer: Reallocating scene render targets to support 1528x576 (Frame:2).
[2016.05.14-05.18.55:297][  1]LogAssetRegistry: Asset discovery search completed in 2.4658 seconds
[2016.05.14-05.18.55:297][  1]LogCollectionManager: Rebuilt the object cache for 0 collections in 0.000001 seconds (found 0 objects)
[2016.05.14-05.18.55:297][  1]LogCollectionManager: Fixed up redirectors for 0 collections in 0.000018 seconds (updated 0 objects)
[2016.05.14-05.19.08:321][206]LogLinker:Warning: Can't find file '/Game/Textures/Air_Mat'
[2016.05.14-05.19.08:321][206]LogLinker:Warning: Can't find file for asset '/Game/Textures/Air_Mat' while loading ../../../../../../Caroline/Documents/GitHub/Game-Design/Effulgent/Content/World1/EffulgentW1.umap.
[2016.05.14-05.19.08:321][206]LoadErrors:Error: Error /Game/World1/EffulgentW1 : Can't find file for asset. /Game/Textures/Air_Mat
[2016.05.14-05.19.08:322][206]LogLinker:Warning: Can't find file '/Game/Textures/Earth_Mat'
[2016.05.14-05.19.08:322][206]LogLinker:Warning: Can't find file for asset '/Game/Textures/Earth_Mat' while loading ../../../../../../Caroline/Documents/GitHub/Game-Design/Effulgent/Content/World1/EffulgentW1.umap.
[2016.05.14-05.19.08:322][206]LoadErrors:Error: Error /Game/World1/EffulgentW1 : Can't find file for asset. /Game/Textures/Earth_Mat
[2016.05.14-05.19.08:322][206]LogLinker:Warning: Can't find file '/Game/Textures/Fire_Mat'
[2016.05.14-05.19.08:322][206]LogLinker:Warning: Can't find file for asset '/Game/Textures/Fire_Mat' while loading ../../../../../../Caroline/Documents/GitHub/Game-Design/Effulgent/Content/World1/EffulgentW1.umap.
[2016.05.14-05.19.08:322][206]LoadErrors:Error: Error /Game/World1/EffulgentW1 : Can't find file for asset. /Game/Textures/Fire_Mat
[2016.05.14-05.19.08:323][206]LogLinker:Warning: Can't find file '/Game/Textures/Water_Mat'
[2016.05.14-05.19.08:323][206]LogLinker:Warning: Can't find file for asset '/Game/Textures/Water_Mat' while loading ../../../../../../Caroline/Documents/GitHub/Game-Design/Effulgent/Content/World1/EffulgentW1.umap.
[2016.05.14-05.19.08:323][206]LoadErrors:Error: Error /Game/World1/EffulgentW1 : Can't find file for asset. /Game/Textures/Water_Mat
[2016.05.14-05.19.08:329][206]LogLinker:Warning: Can't find file '/Game/Textures/Air_Mat'
[2016.05.14-05.19.08:329][206]LogLinker:Warning: Can't find file for asset '/Game/Textures/Air_Mat' while loading ../../../../../../Caroline/Documents/GitHub/Game-Design/Effulgent/Content/World1/EffulgentW1.umap.
[2016.05.14-05.19.08:329][206]LogLinker:Warning: Can't find file '/Game/Textures/Earth_Mat'
[2016.05.14-05.19.08:329][206]LogLinker:Warning: Can't find file for asset '/Game/Textures/Earth_Mat' while loading ../../../../../../Caroline/Documents/GitHub/Game-Design/Effulgent/Content/World1/EffulgentW1.umap.
[2016.05.14-05.19.08:329][206]LogLinker:Warning: Can't find file '/Game/Textures/Fire_Mat'
[2016.05.14-05.19.08:329][206]LogLinker:Warning: Can't find file for asset '/Game/Textures/Fire_Mat' while loading ../../../../../../Caroline/Documents/GitHub/Game-Design/Effulgent/Content/World1/EffulgentW1.umap.
[2016.05.14-05.19.08:329][206]LogLinker:Warning: Can't find file '/Game/Textures/Water_Mat'
[2016.05.14-05.19.08:329][206]LogLinker:Warning: Can't find file for asset '/Game/Textures/Water_Mat' while loading ../../../../../../Caroline/Documents/GitHub/Game-Design/Effulgent/Content/World1/EffulgentW1.umap.
[2016.05.14-05.19.08:335][206]LogLinker:Warning: Can't find file '/Game/Textures/Air_Mat'
[2016.05.14-05.19.08:335][206]LogLinker:Warning: Can't find file for asset '/Game/Textures/Air_Mat' while loading NULL.
[2016.05.14-05.19.08:336][206]LogLinker:Warning: Can't find file '/Game/Textures/Earth_Mat'
[2016.05.14-05.19.08:336][206]LogLinker:Warning: Can't find file for asset '/Game/Textures/Earth_Mat' while loading NULL.
[2016.05.14-05.19.08:336][206]LogLinker:Warning: Can't find file '/Game/Textures/Fire_Mat'
[2016.05.14-05.19.08:336][206]LogLinker:Warning: Can't find file for asset '/Game/Textures/Fire_Mat' while loading NULL.
[2016.05.14-05.19.08:336][206]LogLinker:Warning: Can't find file '/Game/Textures/Water_Mat'
[2016.05.14-05.19.08:336][206]LogLinker:Warning: Can't find file for asset '/Game/Textures/Water_Mat' while loading NULL.
[2016.05.14-05.19.08:336][206]LogLinker:Warning: Can't find file '/Game/Textures/Air_Mat'
[2016.05.14-05.19.08:336][206]LogLinker:Warning: Can't find file for asset '/Game/Textures/Air_Mat' while loading NULL.
[2016.05.14-05.19.08:336][206]LogLinker:Warning: Can't find file '/Game/Textures/Earth_Mat'
[2016.05.14-05.19.08:336][206]LogLinker:Warning: Can't find file for asset '/Game/Textures/Earth_Mat' while loading NULL.
[2016.05.14-05.19.08:336][206]LogLinker:Warning: Can't find file '/Game/Textures/Fire_Mat'
[2016.05.14-05.19.08:336][206]LogLinker:Warning: Can't find file for asset '/Game/Textures/Fire_Mat' while loading NULL.
[2016.05.14-05.19.08:336][206]LogLinker:Warning: Can't find file '/Game/Textures/Water_Mat'
[2016.05.14-05.19.08:336][206]LogLinker:Warning: Can't find file for asset '/Game/Textures/Water_Mat' while loading NULL.
[2016.05.14-05.19.08:382][206]LogLinker:Warning: Can't find file '/Game/Textures/Air_Mat'
[2016.05.14-05.19.08:382][206]LoadErrors: Info Failed to load /Game/Textures/Air_Mat.Air_Mat Referenced by Air_Actor
[2016.05.14-05.19.08:382][206]LogLinker:Warning: Can't find file for asset '/Game/Textures/Air_Mat' while loading NULL.
[2016.05.14-05.19.08:383][206]LogLinker:Warning: Can't find file '/Game/Textures/Earth_Mat'
[2016.05.14-05.19.08:383][206]LoadErrors: Info Failed to load /Game/Textures/Earth_Mat.Earth_Mat Referenced by Earth_Actor
[2016.05.14-05.19.08:383][206]LogLinker:Warning: Can't find file for asset '/Game/Textures/Earth_Mat' while loading NULL.
[2016.05.14-05.19.08:383][206]LogLinker:Warning: Can't find file '/Game/Textures/Fire_Mat'
[2016.05.14-05.19.08:383][206]LoadErrors: Info Failed to load /Game/Textures/Fire_Mat.Fire_Mat Referenced by Fire_Actor
[2016.05.14-05.19.08:384][206]LogLinker:Warning: Can't find file for asset '/Game/Textures/Fire_Mat' while loading NULL.
[2016.05.14-05.19.08:395][206]LogLinker:Warning: Can't find file '/Game/Textures/Water_Mat'
[2016.05.14-05.19.08:396][206]LoadErrors: Info Failed to load /Game/Textures/Water_Mat.Water_Mat Referenced by Water_Actor
[2016.05.14-05.19.08:396][206]LogLinker:Warning: Can't find file for asset '/Game/Textures/Water_Mat' while loading NULL.
[2016.05.14-05.19.08:420][206]LogAIModule: Creating AISystem for world EffulgentW1
[2016.05.14-05.19.08:423][206]LogParticles:Warning: InitializeSystem called on an unregistered component. Template=/Game/CrumblingRuins/Torch/P_Torch.P_Torch Component=/Game/World1/EffulgentW1.EffulgentW1:PersistentLevel.P_Torch_2.ParticleSystemComponent0
[2016.05.14-05.19.08:423][206]LogParticles:Warning: InitializeSystem called on an unregistered component. Template=/Game/CrumblingRuins/Torch/P_Torch.P_Torch Component=/Game/World1/EffulgentW1.EffulgentW1:PersistentLevel.P_Torch2_5.ParticleSystemComponent0
[2016.05.14-05.19.08:423][206]LogParticles:Warning: InitializeSystem called on an unregistered component. Template=/Game/CrumblingRuins/Torch/P_Torch.P_Torch Component=/Game/World1/EffulgentW1.EffulgentW1:PersistentLevel.P_Torch3_8.ParticleSystemComponent0
[2016.05.14-05.19.08:423][206]LogParticles:Warning: InitializeSystem called on an unregistered component. Template=/Game/CrumblingRuins/Torch/P_Torch.P_Torch Component=/Game/World1/EffulgentW1.EffulgentW1:PersistentLevel.P_Torch4_11.ParticleSystemComponent0
[2016.05.14-05.19.08:427][206]LogParticles:Warning: InitializeSystem called on an unregistered component. Template=/Game/CrumblingRuins/Torch/P_Torch.P_Torch Component=/Game/World1/EffulgentW1.EffulgentW1:PersistentLevel.P_Torch5_2.ParticleSystemComponent0
[2016.05.14-05.19.08:453][206]Cmd: MAP LOAD FILE="../../../../../../Caroline/Documents/GitHub/Game-Design/Effulgent/Content/World1/EffulgentW1.umap" TEMPLATE=0 SHOWPROGRESS=1 FEATURELEVEL=3
[2016.05.14-05.19.08:453][206]LightingResults: New page: Lighting Build
[2016.05.14-05.19.08:473][206]LoadErrors: New page: Loading map: EffulgentW1.umap
[2016.05.14-05.19.08:476][206]MapCheck: New page: Map Check
[2016.05.14-05.19.08:476][206]LightingResults: New page: Lighting Build
[2016.05.14-05.19.08:489][206]LogPrimitiveComponent: Zero scaling not supported (/Game/World1/EffulgentW1.EffulgentW1:PersistentLevel.Ground.StaticMeshComponent0)
[2016.05.14-05.19.08:490][206]LogPrimitiveComponent: Zero scaling not supported (/Game/World1/EffulgentW1.EffulgentW1:PersistentLevel.Cylinder_145.StaticMeshComponent0)
[2016.05.14-05.19.08:490][206]LogPrimitiveComponent: Zero scaling not supported (/Game/World1/EffulgentW1.EffulgentW1:PersistentLevel.Cylinder2.StaticMeshComponent0)
[2016.05.14-05.19.08:491][206]LogPrimitiveComponent: Zero scaling not supported (/Game/World1/EffulgentW1.EffulgentW1:PersistentLevel.Cylinder3_104.StaticMeshComponent0)
[2016.05.14-05.19.08:495][206]LogPrimitiveComponent: Zero scaling not supported (/Game/World1/EffulgentW1.EffulgentW1:PersistentLevel.Cube_21.StaticMeshComponent0)
[2016.05.14-05.19.08:495][206]LogPrimitiveComponent: Zero scaling not supported (/Game/World1/EffulgentW1.EffulgentW1:PersistentLevel.Cube2.StaticMeshComponent0)
[2016.05.14-05.19.08:496][206]LogPrimitiveComponent: Zero scaling not supported (/Game/World1/EffulgentW1.EffulgentW1:PersistentLevel.Cube3_94.StaticMeshComponent0)
[2016.05.14-05.19.08:496][206]LogPrimitiveComponent: Zero scaling not supported (/Game/World1/EffulgentW1.EffulgentW1:PersistentLevel.Cube4.StaticMeshComponent0)
[2016.05.14-05.19.08:496][206]LogPrimitiveComponent: Zero scaling not supported (/Game/World1/EffulgentW1.EffulgentW1:PersistentLevel.Cube13_47.StaticMeshComponent0)
[2016.05.14-05.19.08:496][206]LogPrimitiveComponent: Zero scaling not supported (/Game/World1/EffulgentW1.EffulgentW1:PersistentLevel.Cylinder4_60.StaticMeshComponent0)
[2016.05.14-05.19.08:496][206]LogPrimitiveComponent: Zero scaling not supported (/Game/World1/EffulgentW1.EffulgentW1:PersistentLevel.Cylinder5.StaticMeshComponent0)
[2016.05.14-05.19.08:498][206]LogPrimitiveComponent: Zero scaling not supported (/Game/World1/EffulgentW1.EffulgentW1:PersistentLevel.Cube22_175.StaticMeshComponent0)
[2016.05.14-05.19.08:498][206]LogPrimitiveComponent: Zero scaling not supported (/Game/World1/EffulgentW1.EffulgentW1:PersistentLevel.BurtReynoldsBase.StaticMeshComponent0)
[2016.05.14-05.19.08:498][206]LogPhysics:Warning: AddConvexElemsToRigidActor: ConvexElem is missing ConvexMesh (3: /Game/CrumblingRuins/SM_WallChunk_03.SM_WallChunk_03:BodySetup_131)
[2016.05.14-05.19.08:498][206]LogPhysics:Warning: AddConvexElemsToRigidActor: ConvexElem is missing ConvexMesh (3: /Game/CrumblingRuins/SM_WallChunk_03.SM_WallChunk_03:BodySetup_131)
[2016.05.14-05.19.08:507][206]LogEditorServer: Finished looking for orphan Actors (0.000 secs)
[2016.05.14-05.19.08:531][206]Cmd: MAP CHECKDEP NOCLEARLOG
[2016.05.14-05.19.08:584][206]MapCheck: Info Map check complete: 0 Error(s), 0 Warning(s), took 52.612ms to complete.
[2016.05.14-05.19.08:584][206]LogFileHelpers: Loading map 'EffulgentW1' took 0.132
[2016.05.14-05.19.26:343][265]LogEditorViewport: Clicking on Actor (LMB): Actor_Blueprint_C (Air_Actor)
[2016.05.14-05.19.31:905][590]LogEditorViewport: Clicking on Actor (LMB): Actor_Blueprint_C (Earth_Actor)
[2016.05.14-05.19.34:874][766]LogEditorViewport: Clicking on Actor (LMB): Actor_Blueprint_C (Water_Actor)
[2016.05.14-05.19.38:371][974]LogEditorViewport: Clicking on Actor (LMB): Actor_Blueprint_C (Fire_Actor)
[2016.05.14-05.19.48:760][581]LogMaterial: Missing cached shader map for material Fire_Mat, compiling. 
[2016.05.14-05.19.51:794][746]LogMaterial: Missing cached shader map for material Water_Mat, compiling. 
[2016.05.14-05.19.55:117][927]LogMaterial: Missing cached shader map for material Earth_Mat, compiling. 
[2016.05.14-05.19.58:511][107]LogMaterial: Missing cached shader map for material Air_Mat, compiling. 
[2016.05.14-05.20.01:647][272]Cmd: TRANSACTION UNDO
[2016.05.14-05.20.01:647][272]LogEditorTransaction: Undo Create Actors
[2016.05.14-05.20.01:974][286]Cmd: TRANSACTION UNDO
[2016.05.14-05.20.01:974][286]LogEditorTransaction: Undo Create Actors
[2016.05.14-05.20.02:340][301]Cmd: TRANSACTION UNDO
[2016.05.14-05.20.02:340][301]LogEditorTransaction: Undo Create Actors
[2016.05.14-05.20.02:760][326]Cmd: TRANSACTION UNDO
[2016.05.14-05.20.02:760][326]LogEditorTransaction: Undo Create Actors
[2016.05.14-05.20.06:263][532]LogEditorViewport: Clicking on Actor (LMB): Actor_Blueprint_C (Air_Actor)
[2016.05.14-05.20.19:982][341]LogEditorViewport: Clicking on Actor (LMB): Actor_Blueprint_C (Earth_Actor)
[2016.05.14-05.20.25:753][681]LogEditorViewport: Clicking on Actor (LMB): Actor_Blueprint_C (Water_Actor)
[2016.05.14-05.20.29:743][916]LogEditorViewport: Clicking on Actor (LMB): Actor_Blueprint_C (Fire_Actor)
[2016.05.14-05.21.27:190][ 32]Cmd: CLOSE_SLATE_MAINFRAME
[2016.05.14-05.21.29:778][ 32]LogSavePackage: Save=1117.44ms
[2016.05.14-05.21.29:778][ 32]LogSavePackage: Moving '../../../../../../Caroline/Documents/GitHub/Game-Design/Effulgent/Saved/EffulgentW1EFD916494400655F64C487BD87424F47.tmp' to '../../../../../../Caroline/Documents/GitHub/Game-Design/Effulgent/Content/World1/EffulgentW1.umap'
[2016.05.14-05.21.29:785][ 32]LogSavePackage: Total save time: 1300.27ms
[2016.05.14-05.21.29:785][ 32]LogSavePackage:Display: Finished SavePackage ../../../../../../Caroline/Documents/GitHub/Game-Design/Effulgent/Content/World1/EffulgentW1.umap
[2016.05.14-05.21.29:810][ 32]LogFileHelpers: Saving map 'EffulgentW1' took 1.394
[2016.05.14-05.21.29:825][ 32]LogWindowsTextInputMethodSystem:Display: IME system now deactivated.
[2016.05.14-05.21.30:053][ 33]Cmd: QUIT_EDITOR
[2016.05.14-05.21.30:159][ 33]LogExit: Preparing to exit.
[2016.05.14-05.21.30:930][ 33]LogExit: Editor shut down
[2016.05.14-05.21.30:931][ 33]LogExit: Transaction tracking system shut down
[2016.05.14-05.21.31:064][ 33]LogObj: Freed 0b from 0 cluster array pools.
[2016.05.14-05.21.31:064][ 33]LogExit: Object subsystem successfully closed.
[2016.05.14-05.21.31:074][ 33]LogD3D11RHI: Shutdown
[2016.05.14-05.21.31:074][ 33]LogD3D11RHI: CleanupD3DDevice
[2016.05.14-05.21.31:151][ 33]LogD3D11RHI: ~FD3D11DynamicRHI
[2016.05.14-05.21.31:174][ 33]LogDerivedDataCache: Shutdown
[2016.05.14-05.21.31:174][ 33]LogModuleManager: Shutting down and abandoning module HierarchicalLODOutliner (204)
[2016.05.14-05.21.31:174][ 33]LogModuleManager: Shutting down and abandoning module CrashTracker (203)
[2016.05.14-05.21.31:174][ 33]LogModuleManager: Shutting down and abandoning module SceneOutliner (202)
[2016.05.14-05.21.31:174][ 33]LogModuleManager: Shutting down and abandoning module SuperSearch (201)
[2016.05.14-05.21.31:174][ 33]LogModuleManager: Shutting down and abandoning module WidgetCarousel (200)
[2016.05.14-05.21.31:174][ 33]LogModuleManager: Shutting down and abandoning module AddContentDialog (199)
[2016.05.14-05.21.31:175][ 33]LogModuleManager: Shutting down and abandoning module GameplayTags (198)
[2016.05.14-05.21.31:175][ 33]LogModuleManager: Shutting down and abandoning module EditorWidgets (197)
[2016.05.14-05.21.31:175][ 33]LogModuleManager: Shutting down and abandoning module CollectionManager (196)
[2016.05.14-05.21.31:176][ 33]LogModuleManager: Shutting down and abandoning module StatsViewer (195)
[2016.05.14-05.21.31:176][ 33]LogModuleManager: Shutting down and abandoning module FoliageEdit (194)
[2016.05.14-05.21.31:176][ 33]LogModuleManager: Shutting down and abandoning module LandscapeEditor (193)
[2016.05.14-05.21.31:176][ 33]LogModuleManager: Shutting down and abandoning module ActorPickerMode (192)
[2016.05.14-05.21.31:176][ 33]LogModuleManager: Shutting down and abandoning module GeometryMode (191)
[2016.05.14-05.21.31:176][ 33]LogModuleManager: Shutting down and abandoning module TextureAlignMode (190)
[2016.05.14-05.21.31:176][ 33]LogModuleManager: Shutting down and abandoning module BspMode (189)
[2016.05.14-05.21.31:176][ 33]LogModuleManager: Shutting down and abandoning module PlacementMode (188)
[2016.05.14-05.21.31:176][ 33]LogModuleManager: Shutting down and abandoning module AutomationWorker (187)
[2016.05.14-05.21.31:176][ 33]LogModuleManager: Shutting down and abandoning module CharacterAI (186)
[2016.05.14-05.21.31:176][ 33]LogModuleManager: Shutting down and abandoning module SmartSnapping (185)
[2016.05.14-05.21.31:176][ 33]LogModuleManager: Shutting down and abandoning module ViewportSnapping (184)
[2016.05.14-05.21.31:176][ 33]LogModuleManager: Shutting down and abandoning module LogVisualizer (183)
[2016.05.14-05.21.31:176][ 33]LogModuleManager: Shutting down and abandoning module GameProjectGeneration (182)
[2016.05.14-05.21.31:176][ 33]LogModuleManager: Shutting down and abandoning module IntroTutorials (181)
[2016.05.14-05.21.31:176][ 33]LogModuleManager: Shutting down and abandoning module EditorLiveStreaming (180)
[2016.05.14-05.21.31:176][ 33]LogModuleManager: Shutting down and abandoning module IOSPlatformEditor (179)
[2016.05.14-05.21.31:176][ 33]LogModuleManager: Shutting down and abandoning module HTML5PlatformEditor (178)
[2016.05.14-05.21.31:176][ 33]LogModuleManager: Shutting down and abandoning module AndroidDeviceDetection (177)
[2016.05.14-05.21.31:510][ 33]LogModuleManager: Shutting down and abandoning module AndroidPlatformEditor (176)
[2016.05.14-05.21.31:510][ 33]LogModuleManager: Shutting down and abandoning module IOSRuntimeSettings (175)
[2016.05.14-05.21.31:510][ 33]LogModuleManager: Shutting down and abandoning module AndroidRuntimeSettings (174)
[2016.05.14-05.21.31:510][ 33]LogModuleManager: Shutting down and abandoning module MergeActors (173)
[2016.05.14-05.21.31:510][ 33]LogModuleManager: Shutting down and abandoning module SizeMap (172)
[2016.05.14-05.21.31:510][ 33]LogModuleManager: Shutting down and abandoning module TreeMap (171)
[2016.05.14-05.21.31:511][ 33]LogModuleManager: Shutting down and abandoning module ReferenceViewer (170)
[2016.05.14-05.21.31:511][ 33]LogModuleManager: Shutting down and abandoning module LocalizationService (169)
[2016.05.14-05.21.31:511][ 33]LogModuleManager: Shutting down and abandoning module LocalizationDashboard (168)
[2016.05.14-05.21.31:511][ 33]LogModuleManager: Shutting down and abandoning module HardwareTargeting (167)
[2016.05.14-05.21.31:511][ 33]LogModuleManager: Shutting down and abandoning module DeviceProfileEditor (166)
[2016.05.14-05.21.31:511][ 33]LogModuleManager: Shutting down and abandoning module UndoHistory (165)
[2016.05.14-05.21.31:511][ 33]LogModuleManager: Shutting down and abandoning module UserFeedback (164)
[2016.05.14-05.21.31:511][ 33]LogModuleManager: Shutting down and abandoning module XmlParser (163)
[2016.05.14-05.21.31:511][ 33]LogModuleManager: Shutting down and abandoning module Blutility (162)
[2016.05.14-05.21.31:511][ 33]LogModuleManager: Shutting down and abandoning module ProjectTargetPlatformEditor (161)
[2016.05.14-05.21.31:511][ 33]LogModuleManager: Shutting down and abandoning module ProjectSettingsViewer (160)
[2016.05.14-05.21.31:511][ 33]LogModuleManager: Shutting down and abandoning module InputBindingEditor (159)
[2016.05.14-05.21.31:511][ 33]LogModuleManager: Shutting down and abandoning module EditorSettingsViewer (158)
[2016.05.14-05.21.31:511][ 33]LogModuleManager: Shutting down and abandoning module SettingsEditor (157)
[2016.05.14-05.21.31:511][ 33]LogModuleManager: Shutting down and abandoning module ProjectLauncher (156)
[2016.05.14-05.21.31:511][ 33]LogModuleManager: Shutting down and abandoning module SessionFrontend (155)
[2016.05.14-05.21.31:511][ 33]LogModuleManager: Shutting down and abandoning module ProfilerClient (154)
[2016.05.14-05.21.31:511][ 33]LogModuleManager: Shutting down and abandoning module TargetDeviceServices (153)
[2016.05.14-05.21.31:511][ 33]LogModuleManager: Shutting down and abandoning module DeviceManager (152)
[2016.05.14-05.21.31:544][ 33]LogModuleManager: Shutting down and abandoning module AutomationController (151)
[2016.05.14-05.21.31:544][ 33]LogModuleManager: Shutting down and abandoning module AutomationWindow (150)
[2016.05.14-05.21.31:544][ 33]LogModuleManager: Shutting down and abandoning module Layers (149)
[2016.05.14-05.21.31:544][ 33]LogModuleManager: Shutting down and abandoning module ComponentVisualizers (148)
[2016.05.14-05.21.31:544][ 33]LogModuleManager: Shutting down and abandoning module DetailCustomizations (147)
[2016.05.14-05.21.31:544][ 33]LogModuleManager: Shutting down and abandoning module PackagesDialog (146)
[2016.05.14-05.21.31:544][ 33]LogModuleManager: Shutting down and abandoning module Persona (145)
[2016.05.14-05.21.31:544][ 33]LogModuleManager: Shutting down and abandoning module Kismet (144)
[2016.05.14-05.21.31:544][ 33]LogModuleManager: Shutting down and abandoning module GraphEditor (143)
[2016.05.14-05.21.31:544][ 33]LogModuleManager: Shutting down and abandoning module ClassViewer (142)
[2016.05.14-05.21.31:544][ 33]LogModuleManager: Shutting down and abandoning module Toolbox (141)
[2016.05.14-05.21.31:544][ 33]LogModuleManager: Shutting down and abandoning module ModuleUI (140)
[2016.05.14-05.21.31:544][ 33]LogModuleManager: Shutting down and abandoning module MovieSceneTools (139)
[2016.05.14-05.21.31:544][ 33]LogModuleManager: Shutting down and abandoning module OutputLog (138)
[2016.05.14-05.21.31:544][ 33]LogModuleManager: Shutting down and abandoning module GammaUI (137)
[2016.05.14-05.21.31:544][ 33]LogModuleManager: Shutting down and abandoning module Documentation (136)
[2016.05.14-05.21.31:544][ 33]LogModuleManager: Shutting down and abandoning module StreamingPauseRendering (135)
[2016.05.14-05.21.31:544][ 33]LogModuleManager: Shutting down and abandoning module AnalyticsET (134)
[2016.05.14-05.21.31:544][ 33]LogModuleManager: Shutting down and abandoning module Analytics (133)
[2016.05.14-05.21.31:544][ 33]LogModuleManager: Shutting down and abandoning module PortalServices (132)
[2016.05.14-05.21.31:544][ 33]LogModuleManager: Shutting down and abandoning module PortalRpc (131)
[2016.05.14-05.21.31:544][ 33]LogModuleManager: Shutting down and abandoning module MessagingRpc (130)
[2016.05.14-05.21.31:544][ 33]LogModuleManager: Shutting down and abandoning module AITestSuite (129)
[2016.05.14-05.21.31:544][ 33]LogModuleManager: Shutting down and abandoning module GameplayDebugger (128)
[2016.05.14-05.21.31:544][ 33]LogModuleManager: Shutting down and abandoning module AIModule (127)
[2016.05.14-05.21.31:544][ 33]LogModuleManager: Shutting down and abandoning module ProfilerService (126)
[2016.05.14-05.21.31:780][ 33]LogModuleManager: Shutting down and abandoning module TaskGraph (125)
[2016.05.14-05.21.31:780][ 33]LogModuleManager: Shutting down and abandoning module SlateRemote (124)
[2016.05.14-05.21.31:781][ 33]LogModuleManager: Shutting down and abandoning module SteamVRController (123)
[2016.05.14-05.21.31:781][ 33]LogModuleManager: Shutting down and abandoning module SteamVR (122)
[2016.05.14-05.21.31:781][ 33]LogModuleManager: Shutting down and abandoning module ProceduralMeshComponent (121)
[2016.05.14-05.21.31:781][ 33]LogModuleManager: Shutting down and abandoning module OculusLibrary (120)
[2016.05.14-05.21.31:781][ 33]LogModuleManager: Shutting down and abandoning module OculusInput (119)
[2016.05.14-05.21.31:781][ 33]LogModuleManager: Shutting down and abandoning module CustomMeshComponent (118)
[2016.05.14-05.21.31:781][ 33]LogModuleManager: Shutting down and abandoning module CableComponent (117)
[2016.05.14-05.21.31:781][ 33]LogModuleManager: Shutting down and abandoning module ArchVisCharacter (116)
[2016.05.14-05.21.31:781][ 33]LogModuleManager: Shutting down and abandoning module MediaPlayerEditor (115)
[2016.05.14-05.21.31:781][ 33]LogModuleManager: Shutting down and abandoning module HTML5Networking (114)
[2016.05.14-05.21.31:781][ 33]LogModuleManager: Shutting down and abandoning module SpeedTreeImporter (113)
[2016.05.14-05.21.31:781][ 33]LogModuleManager: Shutting down and abandoning module PluginBrowser (112)
[2016.05.14-05.21.31:781][ 33]LogModuleManager: Shutting down and abandoning module EpicSurvey (111)
[2016.05.14-05.21.31:781][ 33]LogModuleManager: Shutting down and abandoning module DesktopPlatform (110)
[2016.05.14-05.21.31:781][ 33]LogModuleManager: Shutting down and abandoning module VisualStudioSourceCodeAccess (109)
[2016.05.14-05.21.31:781][ 33]LogModuleManager: Shutting down and abandoning module UObjectPlugin (108)
[2016.05.14-05.21.31:781][ 33]LogModuleManager: Shutting down and abandoning module SubversionSourceControl (107)
[2016.05.14-05.21.31:781][ 33]LogModuleManager: Shutting down and abandoning module PerforceSourceControl (106)
[2016.05.14-05.21.31:781][ 33]LogModuleManager: Shutting down and abandoning module SourceControl (105)
[2016.05.14-05.21.31:781][ 33]LogModuleManager: Shutting down and abandoning module GitSourceControl (104)
[2016.05.14-05.21.31:781][ 33]LogModuleManager: Shutting down and abandoning module LightPropagationVolumeEditor (103)
[2016.05.14-05.21.31:781][ 33]LogModuleManager: Shutting down and abandoning module PaperTiledImporter (102)
[2016.05.14-05.21.31:781][ 33]LogModuleManager: Shutting down and abandoning module PaperSpriteSheetImporter (101)
[2016.05.14-05.21.31:781][ 33]LogModuleManager: Shutting down and abandoning module MeshPaint (100)
[2016.05.14-05.21.31:781][ 33]LogModuleManager: Shutting down and abandoning module HotReload (99)
[2016.05.14-05.21.31:781][ 33]LogModuleManager: Shutting down and abandoning module MainFrame (98)
[2016.05.14-05.21.31:781][ 33]LogModuleManager: Shutting down and abandoning module LevelEditor (97)
[2016.05.14-05.21.31:782][ 33]LogModuleManager: Shutting down and abandoning module DirectoryWatcher (96)
[2016.05.14-05.21.31:782][ 33]LogModuleManager: Shutting down and abandoning module AssetRegistry (95)
[2016.05.14-05.21.31:858][ 33]LogModuleManager: Shutting down and abandoning module ContentBrowser (94)
[2016.05.14-05.21.31:858][ 33]LogModuleManager: Shutting down and abandoning module Paper2DEditor (93)
[2016.05.14-05.21.31:858][ 33]LogModuleManager: Shutting down and abandoning module UdpMessaging (92)
[2016.05.14-05.21.31:960][ 33]LogModuleManager: Shutting down and abandoning module LightPropagationVolumeRuntime (91)
[2016.05.14-05.21.31:960][ 33]LogModuleManager: Shutting down and abandoning module Paper2D (90)
[2016.05.14-05.21.31:960][ 33]LogModuleManager: Shutting down and abandoning module WindowsMoviePlayer (89)
[2016.05.14-05.21.31:960][ 33]LogModuleManager: Shutting down and abandoning module Media (88)
[2016.05.14-05.21.31:960][ 33]LogModuleManager: Shutting down and abandoning module WmfMedia (87)
[2016.05.14-05.21.31:960][ 33]LogModuleManager: Shutting down and abandoning module MediaAssets (86)
[2016.05.14-05.21.31:960][ 33]LogModuleManager: Shutting down and abandoning module GameLiveStreaming (85)
[2016.05.14-05.21.31:960][ 33]LogModuleManager: Shutting down and abandoning module GameplayTagsEditor (84)
[2016.05.14-05.21.31:960][ 33]LogModuleManager: Shutting down and abandoning module OnlineBlueprintSupport (83)
[2016.05.14-05.21.31:960][ 33]LogModuleManager: Shutting down and abandoning module GameplayTasksEditor (82)
[2016.05.14-05.21.31:960][ 33]LogModuleManager: Shutting down and abandoning module PropertyEditor (81)
[2016.05.14-05.21.31:960][ 33]LogModuleManager: Shutting down and abandoning module BehaviorTreeEditor (80)
[2016.05.14-05.21.31:960][ 33]LogModuleManager: Shutting down and abandoning module FunctionalTesting (79)
[2016.05.14-05.21.31:960][ 33]LogModuleManager: Shutting down and abandoning module CollisionAnalyzer (78)
[2016.05.14-05.21.31:960][ 33]LogModuleManager: Shutting down and abandoning module WorkspaceMenuStructure (77)
[2016.05.14-05.21.31:960][ 33]LogModuleManager: Shutting down and abandoning module MessageLog (76)
[2016.05.14-05.21.31:960][ 33]LogModuleManager: Shutting down and abandoning module Sequencer (75)
[2016.05.14-05.21.31:960][ 33]LogModuleManager: Shutting down and abandoning module AssetTools (74)
[2016.05.14-05.21.31:960][ 33]LogModuleManager: Shutting down and abandoning module UMGEditor (73)
[2016.05.14-05.21.31:960][ 33]LogModuleManager: Shutting down and abandoning module UMG (72)
[2016.05.14-05.21.31:960][ 33]LogModuleManager: Shutting down and abandoning module SlateReflector (71)
[2016.05.14-05.21.31:960][ 33]LogModuleManager: Shutting down and abandoning module Slate (70)
[2016.05.14-05.21.31:960][ 33]LogModuleManager: Shutting down and abandoning module EditorStyle (69)
[2016.05.14-05.21.31:962][ 33]LogModuleManager: Shutting down and abandoning module SessionServices (68)
[2016.05.14-05.21.31:962][ 33]LogModuleManager: Shutting down and abandoning module SourceCodeAccess (67)
[2016.05.14-05.21.31:962][ 33]LogModuleManager: Shutting down and abandoning module HeadMountedDisplay (66)
[2016.05.14-05.21.31:962][ 33]LogModuleManager: Shutting down and abandoning module XAudio2 (65)
[2016.05.14-05.21.31:962][ 33]LogModuleManager: Shutting down and abandoning module Networking (63)
[2016.05.14-05.21.31:962][ 33]LogModuleManager: Shutting down and abandoning module Core (62)
[2016.05.14-05.21.31:962][ 33]LogModuleManager: Shutting down and abandoning module KismetCompiler (61)
[2016.05.14-05.21.31:962][ 33]LogModuleManager: Shutting down and abandoning module PhysXFormats (60)
[2016.05.14-05.21.31:962][ 33]LogModuleManager: Shutting down and abandoning module MeshUtilities (59)
[2016.05.14-05.21.31:962][ 33]LogModuleManager: Shutting down and abandoning module CookingStats (58)
[2016.05.14-05.21.31:962][ 33]LogModuleManager: Shutting down and abandoning module DerivedDataCache (57)
[2016.05.14-05.21.31:962][ 33]LogDerivedDataCache: Shutdown
[2016.05.14-05.21.31:962][ 33]LogModuleManager: Shutting down and abandoning module ShaderFormatOpenGL (56)
[2016.05.14-05.21.31:962][ 33]LogModuleManager: Shutting down and abandoning module ShaderFormatD3D (55)
[2016.05.14-05.21.31:962][ 33]LogModuleManager: Shutting down and abandoning module MetalShaderFormat (54)
[2016.05.14-05.21.31:962][ 33]LogModuleManager: Shutting down and abandoning module TextureFormatUncompressed (53)
[2016.05.14-05.21.31:962][ 33]LogModuleManager: Shutting down and abandoning module TextureFormatPVR (52)
[2016.05.14-05.21.31:962][ 33]LogModuleManager: Shutting down and abandoning module TextureFormatIntelISPCTexComp (51)
[2016.05.14-05.21.31:963][ 33]LogModuleManager: Shutting down and abandoning module TextureFormatDXT (50)
[2016.05.14-05.21.31:963][ 33]LogModuleManager: Shutting down and abandoning module ImageWrapper (49)
[2016.05.14-05.21.31:963][ 33]LogModuleManager: Shutting down and abandoning module TextureFormatASTC (48)
[2016.05.14-05.21.31:963][ 33]LogModuleManager: Shutting down and abandoning module TextureFormatAndroid (47)
[2016.05.14-05.21.31:963][ 33]LogModuleManager: Shutting down and abandoning module AudioFormatOpus (46)
[2016.05.14-05.21.31:963][ 33]LogModuleManager: Shutting down and abandoning module AudioFormatOgg (45)
[2016.05.14-05.21.31:963][ 33]LogModuleManager: Shutting down and abandoning module AudioFormatADPCM (44)
[2016.05.14-05.21.31:963][ 33]LogModuleManager: Shutting down and abandoning module LinuxTargetPlatform (43)
[2016.05.14-05.21.31:963][ 33]LogModuleManager: Shutting down and abandoning module LinuxServerTargetPlatform (42)
[2016.05.14-05.21.31:963][ 33]LogModuleManager: Shutting down and abandoning module LinuxNoEditorTargetPlatform (41)
[2016.05.14-05.21.31:963][ 33]LogModuleManager: Shutting down and abandoning module TVOSTargetPlatform (40)
[2016.05.14-05.21.31:963][ 33]LogModuleManager: Shutting down and abandoning module Messaging (39)
[2016.05.14-05.21.31:963][ 33]LogModuleManager: Shutting down and abandoning module IOSTargetPlatform (38)
[2016.05.14-05.21.31:963][ 33]LogModuleManager: Shutting down and abandoning module HTML5TargetPlatform (37)
[2016.05.14-05.21.31:963][ 33]LogModuleManager: Shutting down and abandoning module Android_PVRTCTargetPlatform (36)
[2016.05.14-05.21.31:963][ 33]LogModuleManager: Shutting down and abandoning module Android_MultiTargetPlatform (35)
[2016.05.14-05.21.31:963][ 33]LogModuleManager: Shutting down and abandoning module Android_ETC2TargetPlatform (34)
[2016.05.14-05.21.31:963][ 33]LogModuleManager: Shutting down and abandoning module Android_ETC1TargetPlatform (33)
[2016.05.14-05.21.31:963][ 33]LogModuleManager: Shutting down and abandoning module Android_DXTTargetPlatform (32)
[2016.05.14-05.21.31:963][ 33]LogModuleManager: Shutting down and abandoning module Android_ATCTargetPlatform (31)
[2016.05.14-05.21.31:963][ 33]LogModuleManager: Shutting down and abandoning module Android_ASTCTargetPlatform (30)
[2016.05.14-05.21.31:963][ 33]LogModuleManager: Shutting down and abandoning module AndroidTargetPlatform (29)
[2016.05.14-05.21.31:963][ 33]LogModuleManager: Shutting down and abandoning module WindowsTargetPlatform (28)
[2016.05.14-05.21.31:963][ 33]LogModuleManager: Shutting down and abandoning module WindowsServerTargetPlatform (27)
[2016.05.14-05.21.31:963][ 33]LogModuleManager: Shutting down and abandoning module WindowsNoEditorTargetPlatform (26)
[2016.05.14-05.21.31:963][ 33]LogModuleManager: Shutting down and abandoning module WindowsClientTargetPlatform (25)
[2016.05.14-05.21.31:963][ 33]LogModuleManager: Shutting down and abandoning module AllDesktopTargetPlatform (24)
[2016.05.14-05.21.31:963][ 33]LogModuleManager: Shutting down and abandoning module TargetPlatform (23)
[2016.05.14-05.21.31:963][ 33]LogModuleManager: Shutting down and abandoning module InputCore (22)
[2016.05.14-05.21.31:963][ 33]LogModuleManager: Shutting down and abandoning module Settings (21)
[2016.05.14-05.21.31:963][ 33]LogModuleManager: Shutting down and abandoning module OnlineSubsystem (19)
[2016.05.14-05.21.31:963][ 33]LogModuleManager: Shutting down and abandoning module HTTP (18)
[2016.05.14-05.21.35:467][ 33]LogModuleManager: Shutting down and abandoning module XMPP (17)
[2016.05.14-05.21.35:467][ 33]LogModuleManager: Shutting down and abandoning module OculusRift (16)
[2016.05.14-05.21.35:467][ 33]LogModuleManager: Shutting down and abandoning module ExampleDeviceProfileSelector (15)
[2016.05.14-05.21.35:467][ 33]LogModuleManager: Shutting down and abandoning module TextureCompressor (14)
[2016.05.14-05.21.35:467][ 33]LogModuleManager: Shutting down and abandoning module ShaderCore (13)
[2016.05.14-05.21.35:467][ 33]LogModuleManager: Shutting down and abandoning module Landscape (12)
[2016.05.14-05.21.35:467][ 33]LogModuleManager: Shutting down and abandoning module SlateRHIRenderer (11)
[2016.05.14-05.21.35:468][ 33]LogModuleManager: Shutting down and abandoning module OpenGLDrv (10)
[2016.05.14-05.21.35:468][ 33]LogModuleManager: Shutting down and abandoning module D3D11RHI (9)
[2016.05.14-05.21.35:468][ 33]LogModuleManager: Shutting down and abandoning module AnimGraphRuntime (8)
[2016.05.14-05.21.35:468][ 33]LogModuleManager: Shutting down and abandoning module Renderer (7)
[2016.05.14-05.21.35:468][ 33]LogModuleManager: Shutting down and abandoning module Engine (6)
[2016.05.14-05.21.35:468][ 33]LogModuleManager: Shutting down and abandoning module CoreUObject (5)
[2016.05.14-05.21.35:468][ 33]LogModuleManager: Shutting down and abandoning module NetworkFile (4)
[2016.05.14-05.21.35:468][ 33]LogModuleManager: Shutting down and abandoning module StreamingFile (3)
[2016.05.14-05.21.35:468][ 33]LogModuleManager: Shutting down and abandoning module SandboxFile (2)
[2016.05.14-05.21.35:468][ 33]LogModuleManager: Shutting down and abandoning module PakFile (1)
[2016.05.14-05.21.35:470][ 33]LogExit: Exiting.
[2016.05.14-05.21.35:471][ 33]Log file closed, 05/14/16 14:51:35
