Log file open, 05/16/16 20:55:42
LogInit:Display: Running engine for game: Effulgent
LogPlatformFile: Not using cached read wrapper
LogInit:Display: RandInit(-389833028) SRandInit(-389833027).
LogTaskGraph: Started task graph with 4 named threads and 7 total threads.
LogStats: Stats thread started at 0.077354
OCULUS: Info: 05/16/16 11:25:42: [CAPI] LibOVR module is located at C:\WINDOWS\SYSTEM32\LibOVRRT64_0_8.dll

LogInit: Version: 4.11.0-2927265+++UE4+Release-4.11
LogInit: API Version: 2927265
LogInit: Compiled (64-bit): Mar 30 2016 02:13:55
LogInit: Compiled with Visual C++: 19.00.23026.00
LogInit: Build Configuration: Development
LogInit: Branch Name: ++UE4+Release-4.11
LogInit: Command line:  
LogInit: Base directory: C:/Program Files/Epic Games/4.11/Engine/Binaries/Win64/
LogInit: Installed Engine Build: 1
LogInit: Using libcurl 7.41.0
LogInit:  - built for x86_64-pc-win32
LogInit:  - supports SSL with WinSSL
LogInit:  - other features:
LogInit:      CURL_VERSION_SSL
LogInit:      CURL_VERSION_IPV6
LogInit:      CURL_VERSION_ASYNCHDNS
LogInit:      CURL_VERSION_LARGEFILE
LogInit:      CURL_VERSION_IDN
LogInit:  CurlRequestOptions (configurable via config and command line):
LogInit:  - bVerifyPeer = true  - Libcurl will verify peer certificate
LogInit:  - bUseHttpProxy = false  - Libcurl will NOT use HTTP proxy
LogInit:  - bDontReuseConnections = false  - Libcurl will reuse connections
LogInit:  - CertBundlePath = nullptr  - Libcurl will use whatever was configured at build time.
LogInit: Presizing for max 16777216 objects, including 0 objects not considered by GC, pre-allocating 0 bytes for permanent pool.
LogInit: Object subsystem initialized
[2016.05.16-11.25.42:478][  0]LogInit: Selected Device Profile: [Windows]
[2016.05.16-11.25.42:478][  0]LogInit: Applying CVar settings loaded from the selected device profile: [Windows]
[2016.05.16-11.25.42:538][  0]LogInit: Computer: JONS
[2016.05.16-11.25.42:538][  0]LogInit: User: Jon
[2016.05.16-11.25.42:538][  0]LogInit: CPU Page size=65536, Cores=4
[2016.05.16-11.25.42:538][  0]LogInit: High frequency timer resolution =2.143470 MHz
[2016.05.16-11.25.42:539][  0]LogMemory: Memory total: Physical=15.9GB (16GB approx)
[2016.05.16-11.25.42:539][  0]LogMemory: Platform Memory Stats for Windows
[2016.05.16-11.25.42:539][  0]LogMemory: Process Physical Memory: 314.21 MB used, 314.21 MB peak
[2016.05.16-11.25.42:539][  0]LogMemory: Process Virtual Memory: 315.23 MB used, 315.23 MB peak
[2016.05.16-11.25.42:539][  0]LogMemory: Physical Memory: 6669.96 MB used, 16264.27 MB total
[2016.05.16-11.25.42:539][  0]LogMemory: Virtual Memory: 640.79 MB used, 134217728.00 MB total
[2016.05.16-11.25.42:629][  0]LogTextLocalizationManager: No specific translations for ('en-AU') exist, so ('en') translations will be used.
[2016.05.16-11.25.43:107][  0]LogD3D11RHI: D3D11 adapters:
[2016.05.16-11.25.43:133][  0]LogD3D11RHI:    0. 'NVIDIA GeForce GT 750M ' (Feature Level 11_0)
[2016.05.16-11.25.43:133][  0]LogD3D11RHI:       4029MB of dedicated video memory, 0MB of dedicated system memory, and 8132MB of shared system memory, 1 output[s]
[2016.05.16-11.25.43:141][  0]LogD3D11RHI:    1. 'Intel(R) HD Graphics 4600' (Feature Level 11_0)
[2016.05.16-11.25.43:141][  0]LogD3D11RHI:       112MB of dedicated video memory, 0MB of dedicated system memory, and 8132MB of shared system memory, 0 output[s]
[2016.05.16-11.25.43:143][  0]LogD3D11RHI:    2. 'Microsoft Basic Render Driver' (Feature Level 11_0)
[2016.05.16-11.25.43:143][  0]LogD3D11RHI:       0MB of dedicated video memory, 0MB of dedicated system memory, and 8132MB of shared system memory, 0 output[s]
[2016.05.16-11.25.43:143][  0]LogD3D11RHI: Chosen D3D11 Adapter: 0
[2016.05.16-11.25.43:149][  0]LogD3D11RHI: Creating new Direct3DDevice
[2016.05.16-11.25.43:149][  0]LogD3D11RHI:     Adapter Name: NVIDIA GeForce GT 750M 
[2016.05.16-11.25.43:149][  0]LogD3D11RHI:   Driver Version: Unknown (internal Unknown)
[2016.05.16-11.25.43:149][  0]LogD3D11RHI:      Driver Date: Unknown
[2016.05.16-11.25.43:149][  0]LogRHI: Texture pool is 1361 MB (70% of 1945 MB)
[2016.05.16-11.25.43:163][  0]LogD3D11RHI: Async texture creation enabled
[2016.05.16-11.25.43:188][  0]LogShaderCompilers: Guid format shader working directory is -8 characters bigger than the processId version (D:/Backup Effulgent/Effulgent/Game-Design/Effulgent/Intermediate/Shaders/WorkingDirectory/12704/).
[2016.05.16-11.25.43:188][  0]LogShaderCompilers: Cleaned the shader compiler working directory 'C:/Users/Jon/AppData/Local/Temp/UnrealShaderWorkingDir/9E30536B493A6285397A138DE761A2ED/'.
[2016.05.16-11.25.43:189][  0]LogShaderCompilers:Display: Using Local Shader Compiler.
[2016.05.16-11.25.44:819][  0]LogTemp:Display: Loaded TP AllDesktopTargetPlatform
[2016.05.16-11.25.44:826][  0]LogTemp:Display: Loaded TP WindowsClientTargetPlatform
[2016.05.16-11.25.44:832][  0]LogTemp:Display: Loaded TP WindowsNoEditorTargetPlatform
[2016.05.16-11.25.44:838][  0]LogTemp:Display: Loaded TP WindowsServerTargetPlatform
[2016.05.16-11.25.44:846][  0]LogTemp:Display: Loaded TP WindowsTargetPlatform
[2016.05.16-11.25.44:850][  0]LogTemp:Display: Loaded TP AndroidTargetPlatform
[2016.05.16-11.25.44:855][  0]LogTemp:Display: Loaded TP Android_ASTCTargetPlatform
[2016.05.16-11.25.44:859][  0]LogTemp:Display: Loaded TP Android_ATCTargetPlatform
[2016.05.16-11.25.44:863][  0]LogTemp:Display: Loaded TP Android_DXTTargetPlatform
[2016.05.16-11.25.44:868][  0]LogTemp:Display: Loaded TP Android_ETC1TargetPlatform
[2016.05.16-11.25.44:872][  0]LogTemp:Display: Loaded TP Android_ETC2TargetPlatform
[2016.05.16-11.25.44:881][  0]LogTemp:Display: Loaded TP Android_MultiTargetPlatform
[2016.05.16-11.25.44:881][  0]LogTemp:Display: Loaded TP Android_PVRTCTargetPlatform
[2016.05.16-11.25.44:883][  0]LogTemp:Display: Loaded TP HTML5TargetPlatform
[2016.05.16-11.25.44:906][  0]LogTemp:Display: Loaded TP IOSTargetPlatform
[2016.05.16-11.25.44:911][  0]LogTemp:Display: Loaded TP TVOSTargetPlatform
[2016.05.16-11.25.44:916][  0]LogTemp:Display: Loaded TP LinuxNoEditorTargetPlatform
[2016.05.16-11.25.44:921][  0]LogTemp:Display: Loaded TP LinuxServerTargetPlatform
[2016.05.16-11.25.44:926][  0]LogTemp:Display: Loaded TP LinuxTargetPlatform
[2016.05.16-11.25.44:926][  0]LogTargetPlatformManager:Display: Building Assets For Windows
[2016.05.16-11.25.45:047][  0]LogDerivedDataCache:Display: Max Cache Size: 512 MB
[2016.05.16-11.25.45:105][  0]LogDerivedDataCache: Loaded boot cache 0.06s 46MB C:/Users/Jon/AppData/Local/UnrealEngine/4.11/DerivedDataCache/Boot.ddc.
[2016.05.16-11.25.45:105][  0]LogDerivedDataCache:Display: Loaded Boot cache: C:/Users/Jon/AppData/Local/UnrealEngine/4.11/DerivedDataCache/Boot.ddc
[2016.05.16-11.25.45:105][  0]LogDerivedDataCache: FDerivedDataBackendGraph:  Pak pak cache file D:/Backup Effulgent/Effulgent/Game-Design/Effulgent/DerivedDataCache/DDC.ddp not found, will not use a pak cache.
[2016.05.16-11.25.45:105][  0]LogDerivedDataCache: Unable to find inner node Pak for hierarchical cache Hierarchy.
[2016.05.16-11.25.45:105][  0]LogDerivedDataCache: FDerivedDataBackendGraph:  CompressedPak pak cache file D:/Backup Effulgent/Effulgent/Game-Design/Effulgent/DerivedDataCache/Compressed.ddp not found, will not use a pak cache.
[2016.05.16-11.25.45:105][  0]LogDerivedDataCache: Unable to find inner node CompressedPak for hierarchical cache Hierarchy.
[2016.05.16-11.25.45:124][  0]LogDerivedDataCache:Display: Pak cache opened for reading ../../../Engine/DerivedDataCache/Compressed.ddp.
[2016.05.16-11.25.45:136][  0]LogDerivedDataCache: Using Local data cache path C:/Users/Jon/AppData/Local/UnrealEngine/Common/DerivedDataCache: Writable
[2016.05.16-11.25.45:616][  0]LogInit: Selected Device Profile: [Windows]
[2016.05.16-11.25.45:619][  0]LogContentStreaming: Texture pool size is 0.00 MB
[2016.05.16-11.25.45:702][  0]LogMaterial: Uniform references updated for custom material expression Custom.
[2016.05.16-11.25.45:880][  0]LogMeshUtilities: No automatic mesh reduction module available
[2016.05.16-11.25.45:880][  0]LogMeshUtilities: No automatic mesh merging module available
[2016.05.16-11.25.45:880][  0]LogMeshUtilities: No distributed automatic mesh merging module available
[2016.05.16-11.25.46:282][  0]LogUObjectArray: 27672 objects as part of root set at end of initial load.
[2016.05.16-11.25.46:282][  0]LogUObjectAllocator: 5589904 out of 0 bytes used by permanent object pool.
[2016.05.16-11.25.46:282][  0]LogUObjectArray: CloseDisregardForGC: 0/0 objects in disregard for GC pool
[2016.05.16-11.25.46:291][  0]LogInit: WinSock: version 1.1 (2.2), MaxSocks=32767, MaxUdp=65467
[2016.05.16-11.25.46:521][  0]LogSlate: SlateFontCache - WITH_FREETYPE: 1, WITH_HARFBUZZ: 1
[2016.05.16-11.25.46:521][  0]LogSlate: SlateFontCache - WITH_FREETYPE: 1, WITH_HARFBUZZ: 1
[2016.05.16-11.25.46:742][  0]LogStreaming:Warning: Failed to read file '../../../Engine/Content/Editor/Slate/Common/Selection_16x.png' error.
[2016.05.16-11.25.46:742][  0]LogSlate: Could not find file for Slate resource: ../../../Engine/Content/Editor/Slate/Common/Selection_16x.png
[2016.05.16-11.25.46:742][  0]LogStreaming:Warning: Failed to read file '../../../Engine/Content/Editor/Slate/Common/Selection_16x.png' error.
[2016.05.16-11.25.46:742][  0]LogSlate: Could not find file for Slate resource: ../../../Engine/Content/Editor/Slate/Common/Selection_16x.png
[2016.05.16-11.25.46:742][  0]LogStreaming:Warning: Failed to read file '../../../Engine/Content/Editor/Slate/Common/Selection_16x.png' error.
[2016.05.16-11.25.46:742][  0]LogSlate: Could not find file for Slate resource: ../../../Engine/Content/Editor/Slate/Common/Selection_16x.png
[2016.05.16-11.25.47:794][  0]LogUdpMessaging: Initializing bridge on interface 0.0.0.0:0 to multicast group 230.0.0.1:6666.
[2016.05.16-11.25.47:937][  0]LogAssetRegistry: FAssetRegistry took 0.0236 seconds to start up
[2016.05.16-11.25.48:176][  0]SourceControl: Info Source control is disabled
[2016.05.16-11.25.48:202][  0]SourceControl: Info Source control is disabled
[2016.05.16-11.25.48:220][  0]SourceControl: Info Source control is disabled
[2016.05.16-11.25.48:232][  0]SourceControl: Info Source control is disabled
[2016.05.16-11.25.48:519][  0]LogEngine: Initializing Engine...
[2016.05.16-11.25.48:523][  0]LogHMD: SteamVR failed to initialize.  Err: 110
[2016.05.16-11.25.48:730][  0]LogAIModule: Creating AISystem for world NewWorld
[2016.05.16-11.25.48:744][  0]LogInit: XAudio2 using 'Speakers (Realtek High Definition Audio)' : 2 channels at 48 kHz using 32 bits per sample (channel mask 0x3)
[2016.05.16-11.25.48:757][  0]LogInit: FAudioDevice initialized.
[2016.05.16-11.25.48:788][  0]LogDerivedDataCache: Saved boot cache 0.03s 46MB C:/Users/Jon/AppData/Local/UnrealEngine/4.11/DerivedDataCache/Boot.ddc.
[2016.05.16-11.25.48:791][  0]LogInit: Texture streaming: Enabled
[2016.05.16-11.25.48:833][  0]LogInit: Transaction tracking system initialized
[2016.05.16-11.25.48:882][  0]BlueprintLog: New page: Editor Load
[2016.05.16-11.25.49:064][  0]LocalizationService: Info Localization service is disabled
[2016.05.16-11.25.49:251][  0]LogConsoleResponse:Display: 
[2016.05.16-11.25.49:433][  0]LogCook:Display: Max memory allowance for cook 8192mb
[2016.05.16-11.25.49:434][  0]LogCook:Display: Mobile HDR setting 1
[2016.05.16-11.25.49:434][  0]LogCook:Display: Done creating registry. It took  0.00s.
[2016.05.16-11.25.49:532][  0]LogFileCache: Scanning file cache for directory 'D:/Backup Effulgent/Effulgent/Game-Design/Effulgent/Content/' took 0.02s
[2016.05.16-11.25.49:532][  0]SourceControl: Info Source control is disabled
[2016.05.16-11.25.49:535][  0]Cmd: MAP LOAD FILE="D:/Backup Effulgent/Effulgent/Game-Design/Effulgent/Content/ThirdPersonBP/Maps/ThirdPersonExampleMap.umap" TEMPLATE=0 SHOWPROGRESS=1 FEATURELEVEL=3
[2016.05.16-11.25.49:576][  0]LightingResults: New page: Lighting Build
[2016.05.16-11.25.49:598][  0]MapCheck: New page: Map Check
[2016.05.16-11.25.49:598][  0]LightingResults: New page: Lighting Build
[2016.05.16-11.25.52:958][  0]LogAIModule: Creating AISystem for world ThirdPersonExampleMap
[2016.05.16-11.25.52:977][  0]LogPrimitiveComponent: Zero scaling not supported (/Game/ThirdPersonBP/Maps/ThirdPersonExampleMap.ThirdPersonExampleMap:PersistentLevel.Ground.StaticMeshComponent0)
[2016.05.16-11.25.52:981][  0]LogPrimitiveComponent: Zero scaling not supported (/Game/ThirdPersonBP/Maps/ThirdPersonExampleMap.ThirdPersonExampleMap:PersistentLevel.Cylinder_145.StaticMeshComponent0)
[2016.05.16-11.25.52:981][  0]LogPrimitiveComponent: Zero scaling not supported (/Game/ThirdPersonBP/Maps/ThirdPersonExampleMap.ThirdPersonExampleMap:PersistentLevel.Cylinder2.StaticMeshComponent0)
[2016.05.16-11.25.52:984][  0]LogPrimitiveComponent: Zero scaling not supported (/Game/ThirdPersonBP/Maps/ThirdPersonExampleMap.ThirdPersonExampleMap:PersistentLevel.Cylinder3_104.StaticMeshComponent0)
[2016.05.16-11.25.52:993][  0]LogPrimitiveComponent: Zero scaling not supported (/Game/ThirdPersonBP/Maps/ThirdPersonExampleMap.ThirdPersonExampleMap:PersistentLevel.Cube_21.StaticMeshComponent0)
[2016.05.16-11.25.52:993][  0]LogPrimitiveComponent: Zero scaling not supported (/Game/ThirdPersonBP/Maps/ThirdPersonExampleMap.ThirdPersonExampleMap:PersistentLevel.Cube2.StaticMeshComponent0)
[2016.05.16-11.25.52:994][  0]LogPrimitiveComponent: Zero scaling not supported (/Game/ThirdPersonBP/Maps/ThirdPersonExampleMap.ThirdPersonExampleMap:PersistentLevel.Cube3_94.StaticMeshComponent0)
[2016.05.16-11.25.52:994][  0]LogPrimitiveComponent: Zero scaling not supported (/Game/ThirdPersonBP/Maps/ThirdPersonExampleMap.ThirdPersonExampleMap:PersistentLevel.Cube4.StaticMeshComponent0)
[2016.05.16-11.25.52:995][  0]LogPrimitiveComponent: Zero scaling not supported (/Game/ThirdPersonBP/Maps/ThirdPersonExampleMap.ThirdPersonExampleMap:PersistentLevel.Cube13_47.StaticMeshComponent0)
[2016.05.16-11.25.52:995][  0]LogPrimitiveComponent: Zero scaling not supported (/Game/ThirdPersonBP/Maps/ThirdPersonExampleMap.ThirdPersonExampleMap:PersistentLevel.Cylinder4_60.StaticMeshComponent0)
[2016.05.16-11.25.52:995][  0]LogPrimitiveComponent: Zero scaling not supported (/Game/ThirdPersonBP/Maps/ThirdPersonExampleMap.ThirdPersonExampleMap:PersistentLevel.Cylinder5.StaticMeshComponent0)
[2016.05.16-11.25.52:997][  0]LogPrimitiveComponent: Zero scaling not supported (/Game/ThirdPersonBP/Maps/ThirdPersonExampleMap.ThirdPersonExampleMap:PersistentLevel.Cube22_175.StaticMeshComponent0)
[2016.05.16-11.25.53:034][  0]LogEditorServer: Finished looking for orphan Actors (0.001 secs)
[2016.05.16-11.25.53:039][  0]Cmd: MAP CHECKDEP NOCLEARLOG
[2016.05.16-11.25.53:096][  0]MapCheck: Info Map check complete: 0 Error(s), 0 Warning(s), took 56.361ms to complete.
[2016.05.16-11.25.53:096][  0]LogFileHelpers: Loading map 'ThirdPersonExampleMap' took 3.563
[2016.05.16-11.25.53:321][  0]LogCollectionManager: Loaded 0 collections in 0.003156 seconds
[2016.05.16-11.25.53:378][  0]LogFileCache: Scanning file cache for directory 'D:/Backup Effulgent/Effulgent/Game-Design/Effulgent/Saved/Collections/' took 0.01s
[2016.05.16-11.25.53:378][  0]LogFileCache: Scanning file cache for directory 'D:/Backup Effulgent/Effulgent/Game-Design/Effulgent/Content/Developers/Jon/Collections/' took 0.01s
[2016.05.16-11.25.53:378][  0]LogFileCache: Scanning file cache for directory 'D:/Backup Effulgent/Effulgent/Game-Design/Effulgent/Content/Collections/' took 0.01s
[2016.05.16-11.25.53:378][  0]LogCollectionManager: Rebuilt the GUID cache for 0 collections in 0.000004 seconds
[2016.05.16-11.25.53:388][  0]LogContentBrowser: Native class hierarchy populated in 0.0095 seconds. Added 1978 classes and 343 folders.
[2016.05.16-11.25.53:398][  0]LogStats: UGameplayTagsManager::ConstructGameplayTagTree: Construct from data asset -  0.000 s
[2016.05.16-11.25.53:398][  0]LogStats: UGameplayTagsManager::ConstructGameplayTagTree: GameplayTagTreeChangedEvent.Broadcast -  0.000 s
[2016.05.16-11.25.53:398][  0]LogContentBrowser: Native class hierarchy updated for 'GameplayTags' in 0.0004 seconds. Added 12 classes and 0 folders.
[2016.05.16-11.25.53:405][  0]LogContentBrowser: Native class hierarchy updated for 'WidgetCarousel' in 0.0003 seconds. Added 0 classes and 0 folders.
[2016.05.16-11.25.53:417][  0]LogContentBrowser: Native class hierarchy updated for 'SuperSearch' in 0.0005 seconds. Added 1 classes and 2 folders.
[2016.05.16-11.25.53:464][  0]LogContentBrowser: Native class hierarchy updated for 'AddContentDialog' in 0.0004 seconds. Added 0 classes and 0 folders.
[2016.05.16-11.25.53:476][  0]LogContentBrowser: Native class hierarchy updated for 'SceneOutliner' in 0.0004 seconds. Added 1 classes and 2 folders.
[2016.05.16-11.25.53:526][  0]LogCrashTracker: Crashtracker disabled due to settings.
[2016.05.16-11.25.53:544][  0]LogUObjectGlobals:Warning: Failed to find object 'Class None.'
[2016.05.16-11.25.53:578][  0]LogContentBrowser: Native class hierarchy updated for 'HierarchicalLODOutliner' in 0.0006 seconds. Added 1 classes and 2 folders.
[2016.05.16-11.25.53:578][  0]LogLoad: Full Startup: 12.55 seconds (BP compile: 0.08 seconds)
[2016.05.16-11.25.53:579][  0]LogExternalProfiler: Found external profiler: VSPerf
[2016.05.16-11.25.53:579][  0]LogExternalProfiler: Using external profiler: VSPerf
[2016.05.16-11.25.53:600][  0]LogWindowsTextInputMethodSystem:Display: IME system now deactivated.
[2016.05.16-11.25.53:600][  0]LogOcInput: OculusInput is initialized. Init status -3003. Runtime version: (Unable to load LibOVR)
[2016.05.16-11.25.53:695][  0]LogContentStreaming: Texture pool size now 400 MB
[2016.05.16-11.25.53:883][  0]LogRenderer: Reallocating scene render targets to support 984x620 (Frame:2).
[2016.05.16-11.25.54:059][  1]LogAssetRegistry: Asset discovery search completed in 6.1446 seconds
[2016.05.16-11.25.54:059][  1]LogCollectionManager: Rebuilt the object cache for 0 collections in 0.000001 seconds (found 0 objects)
[2016.05.16-11.25.54:059][  1]LogCollectionManager: Fixed up redirectors for 0 collections in 0.000204 seconds (updated 0 objects)
[2016.05.16-11.27.42:586][308]LogEditorViewport: Clicking on Actor (LMB): StaticMeshActor (Cube33)
[2016.05.16-11.27.49:546][508]LogBlueprintUserMessages: Early PlayInEditor Detection: Level '/Game/ThirdPersonBP/Maps/ThirdPersonExampleMap.ThirdPersonExampleMap:PersistentLevel' has LevelScriptBlueprint '/Game/ThirdPersonBP/Maps/ThirdPersonExampleMap.ThirdPersonExampleMap:PersistentLevel.ThirdPersonExampleMap' with GeneratedClass '/Game/ThirdPersonBP/Maps/ThirdPersonExampleMap.ThirdPersonExampleMap_C' with ClassGeneratedBy '/Game/ThirdPersonBP/Maps/ThirdPersonExampleMap.ThirdPersonExampleMap:PersistentLevel.ThirdPersonExampleMap'
[2016.05.16-11.27.49:546][508]LogPlayLevel: PlayLevel: No blueprints needed recompiling
[2016.05.16-11.27.49:556][508]PIE: New page: SIE session: ThirdPersonExampleMap (17 May 2016 6:27:49 am)
[2016.05.16-11.27.49:557][508]LogPlayLevel: Creating play world package: /Game/ThirdPersonBP/Maps/UEDPIE_0_ThirdPersonExampleMap
[2016.05.16-11.27.49:610][508]LogPlayLevel: PIE: StaticDuplicateObject took: (0.052782s)
[2016.05.16-11.27.49:611][508]LogAIModule: Creating AISystem for world ThirdPersonExampleMap
[2016.05.16-11.27.49:611][508]LogPlayLevel: PIE: World Init took: (0.001322s)
[2016.05.16-11.27.49:614][508]LogPlayLevel: PIE: Created PIE world by copying editor world from /Game/ThirdPersonBP/Maps/ThirdPersonExampleMap.ThirdPersonExampleMap to /Game/ThirdPersonBP/Maps/UEDPIE_0_ThirdPersonExampleMap.ThirdPersonExampleMap (0.057525s)
[2016.05.16-11.27.49:642][508]LogSelection:Warning: PIE object was selected: "StaticMeshActor /Game/ThirdPersonBP/Maps/UEDPIE_0_ThirdPersonExampleMap.ThirdPersonExampleMap:PersistentLevel.Cube33_253"
[2016.05.16-11.27.49:644][508]LogInit: XAudio2 using 'Speakers (Realtek High Definition Audio)' : 2 channels at 48 kHz using 32 bits per sample (channel mask 0x3)
[2016.05.16-11.27.49:655][508]LogInit: FAudioDevice initialized.
[2016.05.16-11.27.49:758][508]LogWorld: Game class is 'ThirdPersonGameMode_C'
[2016.05.16-11.27.49:767][508]LogPrimitiveComponent: Zero scaling not supported (/Game/ThirdPersonBP/Maps/UEDPIE_0_ThirdPersonExampleMap.ThirdPersonExampleMap:PersistentLevel.Ground.StaticMeshComponent0)
[2016.05.16-11.27.49:770][508]LogPrimitiveComponent: Zero scaling not supported (/Game/ThirdPersonBP/Maps/UEDPIE_0_ThirdPersonExampleMap.ThirdPersonExampleMap:PersistentLevel.Cylinder_145.StaticMeshComponent0)
[2016.05.16-11.27.49:770][508]LogPrimitiveComponent: Zero scaling not supported (/Game/ThirdPersonBP/Maps/UEDPIE_0_ThirdPersonExampleMap.ThirdPersonExampleMap:PersistentLevel.Cylinder2.StaticMeshComponent0)
[2016.05.16-11.27.49:776][508]LogPrimitiveComponent: Zero scaling not supported (/Game/ThirdPersonBP/Maps/UEDPIE_0_ThirdPersonExampleMap.ThirdPersonExampleMap:PersistentLevel.Cylinder3_104.StaticMeshComponent0)
[2016.05.16-11.27.49:792][508]LogPrimitiveComponent: Zero scaling not supported (/Game/ThirdPersonBP/Maps/UEDPIE_0_ThirdPersonExampleMap.ThirdPersonExampleMap:PersistentLevel.Cube_21.StaticMeshComponent0)
[2016.05.16-11.27.49:792][508]LogPrimitiveComponent: Zero scaling not supported (/Game/ThirdPersonBP/Maps/UEDPIE_0_ThirdPersonExampleMap.ThirdPersonExampleMap:PersistentLevel.Cube2.StaticMeshComponent0)
[2016.05.16-11.27.49:793][508]LogPrimitiveComponent: Zero scaling not supported (/Game/ThirdPersonBP/Maps/UEDPIE_0_ThirdPersonExampleMap.ThirdPersonExampleMap:PersistentLevel.Cube3_94.StaticMeshComponent0)
[2016.05.16-11.27.49:793][508]LogPrimitiveComponent: Zero scaling not supported (/Game/ThirdPersonBP/Maps/UEDPIE_0_ThirdPersonExampleMap.ThirdPersonExampleMap:PersistentLevel.Cube4.StaticMeshComponent0)
[2016.05.16-11.27.49:795][508]LogPrimitiveComponent: Zero scaling not supported (/Game/ThirdPersonBP/Maps/UEDPIE_0_ThirdPersonExampleMap.ThirdPersonExampleMap:PersistentLevel.Cube13_47.StaticMeshComponent0)
[2016.05.16-11.27.49:795][508]LogPrimitiveComponent: Zero scaling not supported (/Game/ThirdPersonBP/Maps/UEDPIE_0_ThirdPersonExampleMap.ThirdPersonExampleMap:PersistentLevel.Cylinder4_60.StaticMeshComponent0)
[2016.05.16-11.27.49:795][508]LogPrimitiveComponent: Zero scaling not supported (/Game/ThirdPersonBP/Maps/UEDPIE_0_ThirdPersonExampleMap.ThirdPersonExampleMap:PersistentLevel.Cylinder5.StaticMeshComponent0)
[2016.05.16-11.27.49:800][508]LogPrimitiveComponent: Zero scaling not supported (/Game/ThirdPersonBP/Maps/UEDPIE_0_ThirdPersonExampleMap.ThirdPersonExampleMap:PersistentLevel.Cube22_175.StaticMeshComponent0)
[2016.05.16-11.27.49:804][508]LogWorld: Bringing World /Game/ThirdPersonBP/Maps/UEDPIE_0_ThirdPersonExampleMap.ThirdPersonExampleMap up for play (max tick rate 60) at 2016.05.16-20.57.49
[2016.05.16-11.27.49:809][508]LogWorld: Bringing up level for play took: 0.043223
[2016.05.16-11.27.49:813][508]LogGameMode: Warning - PATHS NOT DEFINED or NO PLAYERSTART with positive rating
[2016.05.16-11.27.49:823][508]LogContentBrowser: Native class hierarchy updated for 'MovieSceneCapture' in 0.0004 seconds. Added 9 classes and 0 folders.
[2016.05.16-11.27.49:827][508]PIE: Info Play in editor start time for /Game/ThirdPersonBP/Maps/UEDPIE_0_ThirdPersonExampleMap -0.204
[2016.05.16-11.27.49:852][508]LogSelection:Warning: PIE object was selected: "StaticMeshActor /Game/ThirdPersonBP/Maps/UEDPIE_0_ThirdPersonExampleMap.ThirdPersonExampleMap:PersistentLevel.Cube33_253"
[2016.05.16-11.27.49:852][508]LogBlueprintUserMessages: Late PlayInEditor Detection: Level '/Game/ThirdPersonBP/Maps/ThirdPersonExampleMap.ThirdPersonExampleMap:PersistentLevel' has LevelScriptBlueprint '/Game/ThirdPersonBP/Maps/ThirdPersonExampleMap.ThirdPersonExampleMap:PersistentLevel.ThirdPersonExampleMap' with GeneratedClass '/Game/ThirdPersonBP/Maps/ThirdPersonExampleMap.ThirdPersonExampleMap_C' with ClassGeneratedBy '/Game/ThirdPersonBP/Maps/ThirdPersonExampleMap.ThirdPersonExampleMap:PersistentLevel.ThirdPersonExampleMap'
[2016.05.16-11.27.53:539][568]LogBlueprintUserMessages: Early EndPlayMap Detection: Level '/Game/ThirdPersonBP/Maps/ThirdPersonExampleMap.ThirdPersonExampleMap:PersistentLevel' has LevelScriptBlueprint '/Game/ThirdPersonBP/Maps/ThirdPersonExampleMap.ThirdPersonExampleMap:PersistentLevel.ThirdPersonExampleMap' with GeneratedClass '/Game/ThirdPersonBP/Maps/ThirdPersonExampleMap.ThirdPersonExampleMap_C' with ClassGeneratedBy '/Game/ThirdPersonBP/Maps/ThirdPersonExampleMap.ThirdPersonExampleMap:PersistentLevel.ThirdPersonExampleMap'
[2016.05.16-11.27.53:664][568]LogBlueprintUserMessages: Late EndPlayMap Detection: Level '/Game/ThirdPersonBP/Maps/ThirdPersonExampleMap.ThirdPersonExampleMap:PersistentLevel' has LevelScriptBlueprint '/Game/ThirdPersonBP/Maps/ThirdPersonExampleMap.ThirdPersonExampleMap:PersistentLevel.ThirdPersonExampleMap' with GeneratedClass '/Game/ThirdPersonBP/Maps/ThirdPersonExampleMap.ThirdPersonExampleMap_C' with ClassGeneratedBy '/Game/ThirdPersonBP/Maps/ThirdPersonExampleMap.ThirdPersonExampleMap:PersistentLevel.ThirdPersonExampleMap'
[2016.05.16-11.28.52:798][800]LogEditorViewport: Clicking Background
[2016.05.16-11.31.04:145][535]LogEditorViewport: Clicking on Actor (LMB): StaticMeshActor (SM_Wood_13)
[2016.05.16-11.31.13:140][ 51]LogEditorViewport: Clicking on Actor (LMB): StaticMeshActor (SM_Wood_8)
[2016.05.16-11.31.29:139][894]LogEditorViewport: Clicking on Actor (LMB): StaticMeshActor (SM_Wood_11)
[2016.05.16-11.31.34:310][137]LogEditorViewport: Clicking Background
[2016.05.16-11.33.11:967][301]LogEditorViewport: Clicking on Actor (context menu): StaticMeshActor (SM_Chain_02)
[2016.05.16-11.33.13:258][362]LogEditorViewport: Clicking on Actor (LMB): StaticMeshActor (SM_Step_24)
[2016.05.16-11.33.17:652][610]LogEditorViewport: Clicking on Actor (LMB): StaticMeshActor (SM_Step_23)
[2016.05.16-11.33.37:920][559]LogEditorViewport: Clicking Background
[2016.05.16-11.35.02:495][893]LogEditorViewport: Clicking on Actor (context menu): StaticMeshActor (Cube34)
[2016.05.16-11.38.49:328][579]LogEditorViewport: Clicking Background
[2016.05.16-11.38.57:956][ 82]LogBlueprintUserMessages: Early PlayInEditor Detection: Level '/Game/ThirdPersonBP/Maps/ThirdPersonExampleMap.ThirdPersonExampleMap:PersistentLevel' has LevelScriptBlueprint '/Game/ThirdPersonBP/Maps/ThirdPersonExampleMap.ThirdPersonExampleMap:PersistentLevel.ThirdPersonExampleMap' with GeneratedClass '/Game/ThirdPersonBP/Maps/ThirdPersonExampleMap.ThirdPersonExampleMap_C' with ClassGeneratedBy '/Game/ThirdPersonBP/Maps/ThirdPersonExampleMap.ThirdPersonExampleMap:PersistentLevel.ThirdPersonExampleMap'
[2016.05.16-11.38.57:956][ 82]LogPlayLevel: PlayLevel: No blueprints needed recompiling
[2016.05.16-11.38.57:956][ 82]PIE: New page: SIE session: ThirdPersonExampleMap (17 May 2016 6:38:57 am)
[2016.05.16-11.38.57:956][ 82]LogPlayLevel: Creating play world package: /Game/ThirdPersonBP/Maps/UEDPIE_0_ThirdPersonExampleMap
[2016.05.16-11.38.58:000][ 82]LogPlayLevel: PIE: StaticDuplicateObject took: (0.043713s)
[2016.05.16-11.38.58:002][ 82]LogAIModule: Creating AISystem for world ThirdPersonExampleMap
[2016.05.16-11.38.58:002][ 82]LogPlayLevel: PIE: World Init took: (0.001689s)
[2016.05.16-11.38.58:002][ 82]LogPlayLevel: PIE: Created PIE world by copying editor world from /Game/ThirdPersonBP/Maps/ThirdPersonExampleMap.ThirdPersonExampleMap to /Game/ThirdPersonBP/Maps/UEDPIE_0_ThirdPersonExampleMap.ThirdPersonExampleMap (0.046032s)
[2016.05.16-11.38.58:019][ 82]LogInit: XAudio2 using 'Speakers (Realtek High Definition Audio)' : 2 channels at 48 kHz using 32 bits per sample (channel mask 0x3)
[2016.05.16-11.38.58:028][ 82]LogInit: FAudioDevice initialized.
[2016.05.16-11.38.58:060][ 82]LogWorld: Game class is 'ThirdPersonGameMode_C'
[2016.05.16-11.38.58:062][ 82]LogPrimitiveComponent: Zero scaling not supported (/Game/ThirdPersonBP/Maps/UEDPIE_0_ThirdPersonExampleMap.ThirdPersonExampleMap:PersistentLevel.Ground.StaticMeshComponent0)
[2016.05.16-11.38.58:066][ 82]LogPrimitiveComponent: Zero scaling not supported (/Game/ThirdPersonBP/Maps/UEDPIE_0_ThirdPersonExampleMap.ThirdPersonExampleMap:PersistentLevel.Cylinder_145.StaticMeshComponent0)
[2016.05.16-11.38.58:066][ 82]LogPrimitiveComponent: Zero scaling not supported (/Game/ThirdPersonBP/Maps/UEDPIE_0_ThirdPersonExampleMap.ThirdPersonExampleMap:PersistentLevel.Cylinder2.StaticMeshComponent0)
[2016.05.16-11.38.58:069][ 82]LogPrimitiveComponent: Zero scaling not supported (/Game/ThirdPersonBP/Maps/UEDPIE_0_ThirdPersonExampleMap.ThirdPersonExampleMap:PersistentLevel.Cylinder3_104.StaticMeshComponent0)
[2016.05.16-11.38.58:082][ 82]LogPrimitiveComponent: Zero scaling not supported (/Game/ThirdPersonBP/Maps/UEDPIE_0_ThirdPersonExampleMap.ThirdPersonExampleMap:PersistentLevel.Cube_21.StaticMeshComponent0)
[2016.05.16-11.38.58:083][ 82]LogPrimitiveComponent: Zero scaling not supported (/Game/ThirdPersonBP/Maps/UEDPIE_0_ThirdPersonExampleMap.ThirdPersonExampleMap:PersistentLevel.Cube2.StaticMeshComponent0)
[2016.05.16-11.38.58:084][ 82]LogPrimitiveComponent: Zero scaling not supported (/Game/ThirdPersonBP/Maps/UEDPIE_0_ThirdPersonExampleMap.ThirdPersonExampleMap:PersistentLevel.Cube3_94.StaticMeshComponent0)
[2016.05.16-11.38.58:084][ 82]LogPrimitiveComponent: Zero scaling not supported (/Game/ThirdPersonBP/Maps/UEDPIE_0_ThirdPersonExampleMap.ThirdPersonExampleMap:PersistentLevel.Cube4.StaticMeshComponent0)
[2016.05.16-11.38.58:086][ 82]LogPrimitiveComponent: Zero scaling not supported (/Game/ThirdPersonBP/Maps/UEDPIE_0_ThirdPersonExampleMap.ThirdPersonExampleMap:PersistentLevel.Cube13_47.StaticMeshComponent0)
[2016.05.16-11.38.58:086][ 82]LogPrimitiveComponent: Zero scaling not supported (/Game/ThirdPersonBP/Maps/UEDPIE_0_ThirdPersonExampleMap.ThirdPersonExampleMap:PersistentLevel.Cylinder4_60.StaticMeshComponent0)
[2016.05.16-11.38.58:087][ 82]LogPrimitiveComponent: Zero scaling not supported (/Game/ThirdPersonBP/Maps/UEDPIE_0_ThirdPersonExampleMap.ThirdPersonExampleMap:PersistentLevel.Cylinder5.StaticMeshComponent0)
[2016.05.16-11.38.58:090][ 82]LogPrimitiveComponent: Zero scaling not supported (/Game/ThirdPersonBP/Maps/UEDPIE_0_ThirdPersonExampleMap.ThirdPersonExampleMap:PersistentLevel.Cube22_175.StaticMeshComponent0)
[2016.05.16-11.38.58:094][ 82]LogWorld: Bringing World /Game/ThirdPersonBP/Maps/UEDPIE_0_ThirdPersonExampleMap.ThirdPersonExampleMap up for play (max tick rate 60) at 2016.05.16-21.08.58
[2016.05.16-11.38.58:095][ 82]LogWorld: Bringing up level for play took: 0.034282
[2016.05.16-11.38.58:096][ 82]LogGameMode: Warning - PATHS NOT DEFINED or NO PLAYERSTART with positive rating
[2016.05.16-11.38.58:097][ 82]PIE: Info Play in editor start time for /Game/ThirdPersonBP/Maps/UEDPIE_0_ThirdPersonExampleMap 0.066
[2016.05.16-11.38.58:099][ 82]LogBlueprintUserMessages: Late PlayInEditor Detection: Level '/Game/ThirdPersonBP/Maps/ThirdPersonExampleMap.ThirdPersonExampleMap:PersistentLevel' has LevelScriptBlueprint '/Game/ThirdPersonBP/Maps/ThirdPersonExampleMap.ThirdPersonExampleMap:PersistentLevel.ThirdPersonExampleMap' with GeneratedClass '/Game/ThirdPersonBP/Maps/ThirdPersonExampleMap.ThirdPersonExampleMap_C' with ClassGeneratedBy '/Game/ThirdPersonBP/Maps/ThirdPersonExampleMap.ThirdPersonExampleMap:PersistentLevel.ThirdPersonExampleMap'
[2016.05.16-11.38.58:547][108]LogBlueprintUserMessages: Early EndPlayMap Detection: Level '/Game/ThirdPersonBP/Maps/ThirdPersonExampleMap.ThirdPersonExampleMap:PersistentLevel' has LevelScriptBlueprint '/Game/ThirdPersonBP/Maps/ThirdPersonExampleMap.ThirdPersonExampleMap:PersistentLevel.ThirdPersonExampleMap' with GeneratedClass '/Game/ThirdPersonBP/Maps/ThirdPersonExampleMap.ThirdPersonExampleMap_C' with ClassGeneratedBy '/Game/ThirdPersonBP/Maps/ThirdPersonExampleMap.ThirdPersonExampleMap:PersistentLevel.ThirdPersonExampleMap'
[2016.05.16-11.38.58:586][108]LogBlueprintUserMessages: Late EndPlayMap Detection: Level '/Game/ThirdPersonBP/Maps/ThirdPersonExampleMap.ThirdPersonExampleMap:PersistentLevel' has LevelScriptBlueprint '/Game/ThirdPersonBP/Maps/ThirdPersonExampleMap.ThirdPersonExampleMap:PersistentLevel.ThirdPersonExampleMap' with GeneratedClass '/Game/ThirdPersonBP/Maps/ThirdPersonExampleMap.ThirdPersonExampleMap_C' with ClassGeneratedBy '/Game/ThirdPersonBP/Maps/ThirdPersonExampleMap.ThirdPersonExampleMap:PersistentLevel.ThirdPersonExampleMap'
[2016.05.16-11.38.59:859][182]LogBlueprintUserMessages: Early PlayInEditor Detection: Level '/Game/ThirdPersonBP/Maps/ThirdPersonExampleMap.ThirdPersonExampleMap:PersistentLevel' has LevelScriptBlueprint '/Game/ThirdPersonBP/Maps/ThirdPersonExampleMap.ThirdPersonExampleMap:PersistentLevel.ThirdPersonExampleMap' with GeneratedClass '/Game/ThirdPersonBP/Maps/ThirdPersonExampleMap.ThirdPersonExampleMap_C' with ClassGeneratedBy '/Game/ThirdPersonBP/Maps/ThirdPersonExampleMap.ThirdPersonExampleMap:PersistentLevel.ThirdPersonExampleMap'
[2016.05.16-11.38.59:859][182]LogPlayLevel: PlayLevel: No blueprints needed recompiling
[2016.05.16-11.38.59:859][182]PIE: New page: PIE session: ThirdPersonExampleMap (17 May 2016 6:38:59 am)
[2016.05.16-11.38.59:859][182]LogPlayLevel: Creating play world package: /Game/ThirdPersonBP/Maps/UEDPIE_0_ThirdPersonExampleMap
[2016.05.16-11.38.59:901][182]LogPlayLevel: PIE: StaticDuplicateObject took: (0.042283s)
[2016.05.16-11.38.59:902][182]LogAIModule: Creating AISystem for world ThirdPersonExampleMap
[2016.05.16-11.38.59:902][182]LogPlayLevel: PIE: World Init took: (0.001029s)
[2016.05.16-11.38.59:903][182]LogPlayLevel: PIE: Created PIE world by copying editor world from /Game/ThirdPersonBP/Maps/ThirdPersonExampleMap.ThirdPersonExampleMap to /Game/ThirdPersonBP/Maps/UEDPIE_0_ThirdPersonExampleMap.ThirdPersonExampleMap (0.043928s)
[2016.05.16-11.38.59:917][182]LogInit: XAudio2 using 'Speakers (Realtek High Definition Audio)' : 2 channels at 48 kHz using 32 bits per sample (channel mask 0x3)
[2016.05.16-11.38.59:926][182]LogInit: FAudioDevice initialized.
[2016.05.16-11.38.59:958][182]LogWorld: Game class is 'ThirdPersonGameMode_C'
[2016.05.16-11.38.59:960][182]LogPrimitiveComponent: Zero scaling not supported (/Game/ThirdPersonBP/Maps/UEDPIE_0_ThirdPersonExampleMap.ThirdPersonExampleMap:PersistentLevel.Ground.StaticMeshComponent0)
[2016.05.16-11.38.59:967][182]LogPrimitiveComponent: Zero scaling not supported (/Game/ThirdPersonBP/Maps/UEDPIE_0_ThirdPersonExampleMap.ThirdPersonExampleMap:PersistentLevel.Cylinder_145.StaticMeshComponent0)
[2016.05.16-11.38.59:967][182]LogPrimitiveComponent: Zero scaling not supported (/Game/ThirdPersonBP/Maps/UEDPIE_0_ThirdPersonExampleMap.ThirdPersonExampleMap:PersistentLevel.Cylinder2.StaticMeshComponent0)
[2016.05.16-11.38.59:971][182]LogPrimitiveComponent: Zero scaling not supported (/Game/ThirdPersonBP/Maps/UEDPIE_0_ThirdPersonExampleMap.ThirdPersonExampleMap:PersistentLevel.Cylinder3_104.StaticMeshComponent0)
[2016.05.16-11.38.59:985][182]LogPrimitiveComponent: Zero scaling not supported (/Game/ThirdPersonBP/Maps/UEDPIE_0_ThirdPersonExampleMap.ThirdPersonExampleMap:PersistentLevel.Cube_21.StaticMeshComponent0)
[2016.05.16-11.38.59:985][182]LogPrimitiveComponent: Zero scaling not supported (/Game/ThirdPersonBP/Maps/UEDPIE_0_ThirdPersonExampleMap.ThirdPersonExampleMap:PersistentLevel.Cube2.StaticMeshComponent0)
[2016.05.16-11.38.59:987][182]LogPrimitiveComponent: Zero scaling not supported (/Game/ThirdPersonBP/Maps/UEDPIE_0_ThirdPersonExampleMap.ThirdPersonExampleMap:PersistentLevel.Cube3_94.StaticMeshComponent0)
[2016.05.16-11.38.59:987][182]LogPrimitiveComponent: Zero scaling not supported (/Game/ThirdPersonBP/Maps/UEDPIE_0_ThirdPersonExampleMap.ThirdPersonExampleMap:PersistentLevel.Cube4.StaticMeshComponent0)
[2016.05.16-11.38.59:988][182]LogPrimitiveComponent: Zero scaling not supported (/Game/ThirdPersonBP/Maps/UEDPIE_0_ThirdPersonExampleMap.ThirdPersonExampleMap:PersistentLevel.Cube13_47.StaticMeshComponent0)
[2016.05.16-11.38.59:989][182]LogPrimitiveComponent: Zero scaling not supported (/Game/ThirdPersonBP/Maps/UEDPIE_0_ThirdPersonExampleMap.ThirdPersonExampleMap:PersistentLevel.Cylinder4_60.StaticMeshComponent0)
[2016.05.16-11.38.59:989][182]LogPrimitiveComponent: Zero scaling not supported (/Game/ThirdPersonBP/Maps/UEDPIE_0_ThirdPersonExampleMap.ThirdPersonExampleMap:PersistentLevel.Cylinder5.StaticMeshComponent0)
[2016.05.16-11.38.59:993][182]LogPrimitiveComponent: Zero scaling not supported (/Game/ThirdPersonBP/Maps/UEDPIE_0_ThirdPersonExampleMap.ThirdPersonExampleMap:PersistentLevel.Cube22_175.StaticMeshComponent0)
[2016.05.16-11.38.59:998][182]LogWorld: Bringing World /Game/ThirdPersonBP/Maps/UEDPIE_0_ThirdPersonExampleMap.ThirdPersonExampleMap up for play (max tick rate 60) at 2016.05.16-21.08.59
[2016.05.16-11.39.00:000][182]LogWorld: Bringing up level for play took: 0.039862
[2016.05.16-11.39.00:008][182]PIE: Info Play in editor start time for /Game/ThirdPersonBP/Maps/UEDPIE_0_ThirdPersonExampleMap -0.022
[2016.05.16-11.39.00:008][182]LogBlueprintUserMessages: Late PlayInEditor Detection: Level '/Game/ThirdPersonBP/Maps/ThirdPersonExampleMap.ThirdPersonExampleMap:PersistentLevel' has LevelScriptBlueprint '/Game/ThirdPersonBP/Maps/ThirdPersonExampleMap.ThirdPersonExampleMap:PersistentLevel.ThirdPersonExampleMap' with GeneratedClass '/Game/ThirdPersonBP/Maps/ThirdPersonExampleMap.ThirdPersonExampleMap_C' with ClassGeneratedBy '/Game/ThirdPersonBP/Maps/ThirdPersonExampleMap.ThirdPersonExampleMap:PersistentLevel.ThirdPersonExampleMap'
[2016.05.16-11.39.28:037][657]LogBlueprintUserMessages: Early EndPlayMap Detection: Level '/Game/ThirdPersonBP/Maps/ThirdPersonExampleMap.ThirdPersonExampleMap:PersistentLevel' has LevelScriptBlueprint '/Game/ThirdPersonBP/Maps/ThirdPersonExampleMap.ThirdPersonExampleMap:PersistentLevel.ThirdPersonExampleMap' with GeneratedClass '/Game/ThirdPersonBP/Maps/ThirdPersonExampleMap.ThirdPersonExampleMap_C' with ClassGeneratedBy '/Game/ThirdPersonBP/Maps/ThirdPersonExampleMap.ThirdPersonExampleMap:PersistentLevel.ThirdPersonExampleMap'
[2016.05.16-11.39.28:140][657]LogBlueprintUserMessages: Late EndPlayMap Detection: Level '/Game/ThirdPersonBP/Maps/ThirdPersonExampleMap.ThirdPersonExampleMap:PersistentLevel' has LevelScriptBlueprint '/Game/ThirdPersonBP/Maps/ThirdPersonExampleMap.ThirdPersonExampleMap:PersistentLevel.ThirdPersonExampleMap' with GeneratedClass '/Game/ThirdPersonBP/Maps/ThirdPersonExampleMap.ThirdPersonExampleMap_C' with ClassGeneratedBy '/Game/ThirdPersonBP/Maps/ThirdPersonExampleMap.ThirdPersonExampleMap:PersistentLevel.ThirdPersonExampleMap'
[2016.05.16-11.39.30:879][818]Cmd: SELECT NONE
[2016.05.16-11.39.57:812][103]LogEditorViewport: Clicking on Actor (LMB): StaticMeshActor (Cube34)
[2016.05.16-11.39.58:135][112]LogEditorViewport: Clicking Background
[2016.05.16-11.41.38:762][607]Cmd: QUIT_EDITOR
[2016.05.16-11.41.39:591][607]LogWindowsTextInputMethodSystem:Display: IME system now deactivated.
[2016.05.16-11.41.42:121][607]LogExit: Preparing to exit.
[2016.05.16-11.41.43:232][607]LogExit: Editor shut down
[2016.05.16-11.41.43:233][607]LogExit: Transaction tracking system shut down
[2016.05.16-11.41.43:397][607]LogObj: Freed 0b from 0 cluster array pools.
[2016.05.16-11.41.43:397][607]LogExit: Object subsystem successfully closed.
[2016.05.16-11.41.43:408][607]LogD3D11RHI: Shutdown
[2016.05.16-11.41.43:408][607]LogD3D11RHI: CleanupD3DDevice
[2016.05.16-11.41.43:501][607]LogD3D11RHI: ~FD3D11DynamicRHI
[2016.05.16-11.41.43:589][607]LogDerivedDataCache: Shutdown
[2016.05.16-11.41.43:589][607]LogModuleManager: Shutting down and abandoning module MovieSceneCapture (204)
[2016.05.16-11.41.43:591][607]LogModuleManager: Shutting down and abandoning module HierarchicalLODOutliner (203)
[2016.05.16-11.41.43:591][607]LogModuleManager: Shutting down and abandoning module CrashTracker (202)
[2016.05.16-11.41.43:591][607]LogModuleManager: Shutting down and abandoning module SceneOutliner (201)
[2016.05.16-11.41.43:591][607]LogModuleManager: Shutting down and abandoning module SuperSearch (200)
[2016.05.16-11.41.43:591][607]LogModuleManager: Shutting down and abandoning module WidgetCarousel (199)
[2016.05.16-11.41.43:591][607]LogModuleManager: Shutting down and abandoning module AddContentDialog (198)
[2016.05.16-11.41.43:595][607]LogModuleManager: Shutting down and abandoning module GameplayTags (197)
[2016.05.16-11.41.43:595][607]LogModuleManager: Shutting down and abandoning module EditorWidgets (196)
[2016.05.16-11.41.43:595][607]LogModuleManager: Shutting down and abandoning module CollectionManager (195)
[2016.05.16-11.41.43:595][607]LogModuleManager: Shutting down and abandoning module StatsViewer (194)
[2016.05.16-11.41.43:595][607]LogModuleManager: Shutting down and abandoning module FoliageEdit (193)
[2016.05.16-11.41.43:595][607]LogModuleManager: Shutting down and abandoning module LandscapeEditor (192)
[2016.05.16-11.41.43:595][607]LogModuleManager: Shutting down and abandoning module ActorPickerMode (191)
[2016.05.16-11.41.43:595][607]LogModuleManager: Shutting down and abandoning module GeometryMode (190)
[2016.05.16-11.41.43:595][607]LogModuleManager: Shutting down and abandoning module TextureAlignMode (189)
[2016.05.16-11.41.43:595][607]LogModuleManager: Shutting down and abandoning module BspMode (188)
[2016.05.16-11.41.43:595][607]LogModuleManager: Shutting down and abandoning module PlacementMode (187)
[2016.05.16-11.41.43:595][607]LogModuleManager: Shutting down and abandoning module AutomationWorker (186)
[2016.05.16-11.41.43:595][607]LogModuleManager: Shutting down and abandoning module CharacterAI (185)
[2016.05.16-11.41.43:595][607]LogModuleManager: Shutting down and abandoning module SmartSnapping (184)
[2016.05.16-11.41.43:595][607]LogModuleManager: Shutting down and abandoning module ViewportSnapping (183)
[2016.05.16-11.41.43:595][607]LogModuleManager: Shutting down and abandoning module LogVisualizer (182)
[2016.05.16-11.41.43:596][607]LogModuleManager: Shutting down and abandoning module GameProjectGeneration (181)
[2016.05.16-11.41.43:596][607]LogModuleManager: Shutting down and abandoning module IntroTutorials (180)
[2016.05.16-11.41.43:596][607]LogModuleManager: Shutting down and abandoning module EditorLiveStreaming (179)
[2016.05.16-11.41.43:596][607]LogModuleManager: Shutting down and abandoning module IOSPlatformEditor (178)
[2016.05.16-11.41.43:596][607]LogModuleManager: Shutting down and abandoning module HTML5PlatformEditor (177)
[2016.05.16-11.41.43:596][607]LogModuleManager: Shutting down and abandoning module AndroidDeviceDetection (176)
[2016.05.16-11.41.44:387][607]LogModuleManager: Shutting down and abandoning module AndroidPlatformEditor (175)
[2016.05.16-11.41.44:387][607]LogModuleManager: Shutting down and abandoning module IOSRuntimeSettings (174)
[2016.05.16-11.41.44:387][607]LogModuleManager: Shutting down and abandoning module AndroidRuntimeSettings (173)
[2016.05.16-11.41.44:387][607]LogModuleManager: Shutting down and abandoning module MergeActors (172)
[2016.05.16-11.41.44:387][607]LogModuleManager: Shutting down and abandoning module SizeMap (171)
[2016.05.16-11.41.44:387][607]LogModuleManager: Shutting down and abandoning module TreeMap (170)
[2016.05.16-11.41.44:387][607]LogModuleManager: Shutting down and abandoning module ReferenceViewer (169)
[2016.05.16-11.41.44:387][607]LogModuleManager: Shutting down and abandoning module LocalizationService (168)
[2016.05.16-11.41.44:387][607]LogModuleManager: Shutting down and abandoning module LocalizationDashboard (167)
[2016.05.16-11.41.44:388][607]LogModuleManager: Shutting down and abandoning module HardwareTargeting (166)
[2016.05.16-11.41.44:388][607]LogModuleManager: Shutting down and abandoning module DeviceProfileEditor (165)
[2016.05.16-11.41.44:388][607]LogModuleManager: Shutting down and abandoning module UndoHistory (164)
[2016.05.16-11.41.44:388][607]LogModuleManager: Shutting down and abandoning module UserFeedback (163)
[2016.05.16-11.41.44:388][607]LogModuleManager: Shutting down and abandoning module XmlParser (162)
[2016.05.16-11.41.44:388][607]LogModuleManager: Shutting down and abandoning module Blutility (161)
[2016.05.16-11.41.44:388][607]LogModuleManager: Shutting down and abandoning module ProjectTargetPlatformEditor (160)
[2016.05.16-11.41.44:388][607]LogModuleManager: Shutting down and abandoning module ProjectSettingsViewer (159)
[2016.05.16-11.41.44:388][607]LogModuleManager: Shutting down and abandoning module InputBindingEditor (158)
[2016.05.16-11.41.44:388][607]LogModuleManager: Shutting down and abandoning module EditorSettingsViewer (157)
[2016.05.16-11.41.44:388][607]LogModuleManager: Shutting down and abandoning module SettingsEditor (156)
[2016.05.16-11.41.44:388][607]LogModuleManager: Shutting down and abandoning module ProjectLauncher (155)
[2016.05.16-11.41.44:388][607]LogModuleManager: Shutting down and abandoning module SessionFrontend (154)
[2016.05.16-11.41.44:388][607]LogModuleManager: Shutting down and abandoning module ProfilerClient (153)
[2016.05.16-11.41.44:388][607]LogModuleManager: Shutting down and abandoning module TargetDeviceServices (152)
[2016.05.16-11.41.44:388][607]LogModuleManager: Shutting down and abandoning module DeviceManager (151)
[2016.05.16-11.41.44:419][607]LogModuleManager: Shutting down and abandoning module AutomationController (150)
[2016.05.16-11.41.44:419][607]LogModuleManager: Shutting down and abandoning module AutomationWindow (149)
[2016.05.16-11.41.44:419][607]LogModuleManager: Shutting down and abandoning module Layers (148)
[2016.05.16-11.41.44:419][607]LogModuleManager: Shutting down and abandoning module ComponentVisualizers (147)
[2016.05.16-11.41.44:419][607]LogModuleManager: Shutting down and abandoning module DetailCustomizations (146)
[2016.05.16-11.41.44:419][607]LogModuleManager: Shutting down and abandoning module PackagesDialog (145)
[2016.05.16-11.41.44:419][607]LogModuleManager: Shutting down and abandoning module Persona (144)
[2016.05.16-11.41.44:420][607]LogModuleManager: Shutting down and abandoning module Kismet (143)
[2016.05.16-11.41.44:420][607]LogModuleManager: Shutting down and abandoning module GraphEditor (142)
[2016.05.16-11.41.44:420][607]LogModuleManager: Shutting down and abandoning module ClassViewer (141)
[2016.05.16-11.41.44:420][607]LogModuleManager: Shutting down and abandoning module Toolbox (140)
[2016.05.16-11.41.44:420][607]LogModuleManager: Shutting down and abandoning module ModuleUI (139)
[2016.05.16-11.41.44:420][607]LogModuleManager: Shutting down and abandoning module MovieSceneTools (138)
[2016.05.16-11.41.44:420][607]LogModuleManager: Shutting down and abandoning module OutputLog (137)
[2016.05.16-11.41.44:420][607]LogModuleManager: Shutting down and abandoning module GammaUI (136)
[2016.05.16-11.41.44:420][607]LogModuleManager: Shutting down and abandoning module Documentation (135)
[2016.05.16-11.41.44:420][607]LogModuleManager: Shutting down and abandoning module StreamingPauseRendering (134)
[2016.05.16-11.41.44:420][607]LogModuleManager: Shutting down and abandoning module AnalyticsET (133)
[2016.05.16-11.41.44:420][607]LogModuleManager: Shutting down and abandoning module Analytics (132)
[2016.05.16-11.41.44:420][607]LogModuleManager: Shutting down and abandoning module PortalServices (131)
[2016.05.16-11.41.44:420][607]LogModuleManager: Shutting down and abandoning module PortalRpc (130)
[2016.05.16-11.41.44:420][607]LogModuleManager: Shutting down and abandoning module MessagingRpc (129)
[2016.05.16-11.41.44:420][607]LogModuleManager: Shutting down and abandoning module AITestSuite (128)
[2016.05.16-11.41.44:420][607]LogModuleManager: Shutting down and abandoning module GameplayDebugger (127)
[2016.05.16-11.41.44:420][607]LogModuleManager: Shutting down and abandoning module AIModule (126)
[2016.05.16-11.41.44:420][607]LogModuleManager: Shutting down and abandoning module ProfilerService (125)
[2016.05.16-11.41.44:587][607]LogModuleManager: Shutting down and abandoning module TaskGraph (124)
[2016.05.16-11.41.44:587][607]LogModuleManager: Shutting down and abandoning module SlateRemote (123)
[2016.05.16-11.41.44:588][607]LogModuleManager: Shutting down and abandoning module SteamVRController (122)
[2016.05.16-11.41.44:588][607]LogModuleManager: Shutting down and abandoning module SteamVR (121)
[2016.05.16-11.41.44:588][607]LogModuleManager: Shutting down and abandoning module ProceduralMeshComponent (120)
[2016.05.16-11.41.44:588][607]LogModuleManager: Shutting down and abandoning module OculusLibrary (119)
[2016.05.16-11.41.44:588][607]LogModuleManager: Shutting down and abandoning module OculusInput (118)
[2016.05.16-11.41.44:588][607]LogModuleManager: Shutting down and abandoning module CustomMeshComponent (117)
[2016.05.16-11.41.44:588][607]LogModuleManager: Shutting down and abandoning module CableComponent (116)
[2016.05.16-11.41.44:588][607]LogModuleManager: Shutting down and abandoning module ArchVisCharacter (115)
[2016.05.16-11.41.44:588][607]LogModuleManager: Shutting down and abandoning module MediaPlayerEditor (114)
[2016.05.16-11.41.44:588][607]LogModuleManager: Shutting down and abandoning module HTML5Networking (113)
[2016.05.16-11.41.44:588][607]LogModuleManager: Shutting down and abandoning module SpeedTreeImporter (112)
[2016.05.16-11.41.44:588][607]LogModuleManager: Shutting down and abandoning module PluginBrowser (111)
[2016.05.16-11.41.44:588][607]LogModuleManager: Shutting down and abandoning module EpicSurvey (110)
[2016.05.16-11.41.44:588][607]LogModuleManager: Shutting down and abandoning module DesktopPlatform (109)
[2016.05.16-11.41.44:588][607]LogModuleManager: Shutting down and abandoning module VisualStudioSourceCodeAccess (108)
[2016.05.16-11.41.44:588][607]LogModuleManager: Shutting down and abandoning module UObjectPlugin (107)
[2016.05.16-11.41.44:588][607]LogModuleManager: Shutting down and abandoning module SubversionSourceControl (106)
[2016.05.16-11.41.44:588][607]LogModuleManager: Shutting down and abandoning module PerforceSourceControl (105)
[2016.05.16-11.41.44:588][607]LogModuleManager: Shutting down and abandoning module SourceControl (104)
[2016.05.16-11.41.44:588][607]LogModuleManager: Shutting down and abandoning module GitSourceControl (103)
[2016.05.16-11.41.44:588][607]LogModuleManager: Shutting down and abandoning module LightPropagationVolumeEditor (102)
[2016.05.16-11.41.44:588][607]LogModuleManager: Shutting down and abandoning module PaperTiledImporter (101)
[2016.05.16-11.41.44:588][607]LogModuleManager: Shutting down and abandoning module PaperSpriteSheetImporter (100)
[2016.05.16-11.41.44:588][607]LogModuleManager: Shutting down and abandoning module MeshPaint (99)
[2016.05.16-11.41.44:588][607]LogModuleManager: Shutting down and abandoning module HotReload (98)
[2016.05.16-11.41.44:589][607]LogModuleManager: Shutting down and abandoning module MainFrame (97)
[2016.05.16-11.41.44:589][607]LogModuleManager: Shutting down and abandoning module LevelEditor (96)
[2016.05.16-11.41.44:590][607]LogModuleManager: Shutting down and abandoning module DirectoryWatcher (95)
[2016.05.16-11.41.44:592][607]LogModuleManager: Shutting down and abandoning module AssetRegistry (94)
[2016.05.16-11.41.44:802][607]LogModuleManager: Shutting down and abandoning module ContentBrowser (93)
[2016.05.16-11.41.44:804][607]LogModuleManager: Shutting down and abandoning module Paper2DEditor (92)
[2016.05.16-11.41.44:804][607]LogModuleManager: Shutting down and abandoning module UdpMessaging (91)
[2016.05.16-11.41.44:905][607]LogModuleManager: Shutting down and abandoning module LightPropagationVolumeRuntime (90)
[2016.05.16-11.41.44:905][607]LogModuleManager: Shutting down and abandoning module Paper2D (89)
[2016.05.16-11.41.44:905][607]LogModuleManager: Shutting down and abandoning module WindowsMoviePlayer (88)
[2016.05.16-11.41.44:905][607]LogModuleManager: Shutting down and abandoning module Media (87)
[2016.05.16-11.41.44:905][607]LogModuleManager: Shutting down and abandoning module WmfMedia (86)
[2016.05.16-11.41.44:905][607]LogModuleManager: Shutting down and abandoning module GameLiveStreaming (85)
[2016.05.16-11.41.44:905][607]LogModuleManager: Shutting down and abandoning module GameplayTagsEditor (84)
[2016.05.16-11.41.44:905][607]LogModuleManager: Shutting down and abandoning module OnlineBlueprintSupport (83)
[2016.05.16-11.41.44:905][607]LogModuleManager: Shutting down and abandoning module GameplayTasksEditor (82)
[2016.05.16-11.41.44:905][607]LogModuleManager: Shutting down and abandoning module PropertyEditor (81)
[2016.05.16-11.41.44:905][607]LogModuleManager: Shutting down and abandoning module BehaviorTreeEditor (80)
[2016.05.16-11.41.44:905][607]LogModuleManager: Shutting down and abandoning module FunctionalTesting (79)
[2016.05.16-11.41.44:905][607]LogModuleManager: Shutting down and abandoning module CollisionAnalyzer (78)
[2016.05.16-11.41.44:905][607]LogModuleManager: Shutting down and abandoning module WorkspaceMenuStructure (77)
[2016.05.16-11.41.44:905][607]LogModuleManager: Shutting down and abandoning module MessageLog (76)
[2016.05.16-11.41.44:905][607]LogModuleManager: Shutting down and abandoning module Sequencer (75)
[2016.05.16-11.41.44:905][607]LogModuleManager: Shutting down and abandoning module AssetTools (74)
[2016.05.16-11.41.44:905][607]LogModuleManager: Shutting down and abandoning module UMGEditor (73)
[2016.05.16-11.41.44:905][607]LogModuleManager: Shutting down and abandoning module UMG (72)
[2016.05.16-11.41.44:905][607]LogModuleManager: Shutting down and abandoning module SlateReflector (71)
[2016.05.16-11.41.44:905][607]LogModuleManager: Shutting down and abandoning module Slate (70)
[2016.05.16-11.41.44:905][607]LogModuleManager: Shutting down and abandoning module EditorStyle (69)
[2016.05.16-11.41.44:909][607]LogModuleManager: Shutting down and abandoning module SessionServices (68)
[2016.05.16-11.41.44:909][607]LogModuleManager: Shutting down and abandoning module SourceCodeAccess (67)
[2016.05.16-11.41.44:909][607]LogModuleManager: Shutting down and abandoning module HeadMountedDisplay (66)
[2016.05.16-11.41.44:909][607]LogModuleManager: Shutting down and abandoning module XAudio2 (65)
[2016.05.16-11.41.44:909][607]LogModuleManager: Shutting down and abandoning module Networking (63)
[2016.05.16-11.41.44:909][607]LogModuleManager: Shutting down and abandoning module Core (62)
[2016.05.16-11.41.44:909][607]LogModuleManager: Shutting down and abandoning module KismetCompiler (61)
[2016.05.16-11.41.44:909][607]LogModuleManager: Shutting down and abandoning module PhysXFormats (60)
[2016.05.16-11.41.44:909][607]LogModuleManager: Shutting down and abandoning module MeshUtilities (59)
[2016.05.16-11.41.44:909][607]LogModuleManager: Shutting down and abandoning module CookingStats (58)
[2016.05.16-11.41.44:909][607]LogModuleManager: Shutting down and abandoning module DerivedDataCache (57)
[2016.05.16-11.41.44:909][607]LogDerivedDataCache: Shutdown
[2016.05.16-11.41.44:909][607]LogModuleManager: Shutting down and abandoning module ShaderFormatOpenGL (56)
[2016.05.16-11.41.44:909][607]LogModuleManager: Shutting down and abandoning module ShaderFormatD3D (55)
[2016.05.16-11.41.44:909][607]LogModuleManager: Shutting down and abandoning module MetalShaderFormat (54)
[2016.05.16-11.41.44:909][607]LogModuleManager: Shutting down and abandoning module TextureFormatUncompressed (53)
[2016.05.16-11.41.44:909][607]LogModuleManager: Shutting down and abandoning module TextureFormatPVR (52)
[2016.05.16-11.41.44:909][607]LogModuleManager: Shutting down and abandoning module TextureFormatIntelISPCTexComp (51)
[2016.05.16-11.41.44:909][607]LogModuleManager: Shutting down and abandoning module TextureFormatDXT (50)
[2016.05.16-11.41.44:909][607]LogModuleManager: Shutting down and abandoning module ImageWrapper (49)
[2016.05.16-11.41.44:909][607]LogModuleManager: Shutting down and abandoning module TextureFormatASTC (48)
[2016.05.16-11.41.44:909][607]LogModuleManager: Shutting down and abandoning module TextureFormatAndroid (47)
[2016.05.16-11.41.44:909][607]LogModuleManager: Shutting down and abandoning module AudioFormatOpus (46)
[2016.05.16-11.41.44:909][607]LogModuleManager: Shutting down and abandoning module AudioFormatOgg (45)
[2016.05.16-11.41.44:909][607]LogModuleManager: Shutting down and abandoning module AudioFormatADPCM (44)
[2016.05.16-11.41.44:909][607]LogModuleManager: Shutting down and abandoning module LinuxTargetPlatform (43)
[2016.05.16-11.41.44:909][607]LogModuleManager: Shutting down and abandoning module LinuxServerTargetPlatform (42)
[2016.05.16-11.41.44:909][607]LogModuleManager: Shutting down and abandoning module LinuxNoEditorTargetPlatform (41)
[2016.05.16-11.41.44:909][607]LogModuleManager: Shutting down and abandoning module TVOSTargetPlatform (40)
[2016.05.16-11.41.44:909][607]LogModuleManager: Shutting down and abandoning module Messaging (39)
[2016.05.16-11.41.44:909][607]LogModuleManager: Shutting down and abandoning module IOSTargetPlatform (38)
[2016.05.16-11.41.44:909][607]LogModuleManager: Shutting down and abandoning module HTML5TargetPlatform (37)
[2016.05.16-11.41.44:909][607]LogModuleManager: Shutting down and abandoning module Android_PVRTCTargetPlatform (36)
[2016.05.16-11.41.44:909][607]LogModuleManager: Shutting down and abandoning module Android_MultiTargetPlatform (35)
[2016.05.16-11.41.44:909][607]LogModuleManager: Shutting down and abandoning module Android_ETC2TargetPlatform (34)
[2016.05.16-11.41.44:909][607]LogModuleManager: Shutting down and abandoning module Android_ETC1TargetPlatform (33)
[2016.05.16-11.41.44:909][607]LogModuleManager: Shutting down and abandoning module Android_DXTTargetPlatform (32)
[2016.05.16-11.41.44:909][607]LogModuleManager: Shutting down and abandoning module Android_ATCTargetPlatform (31)
[2016.05.16-11.41.44:909][607]LogModuleManager: Shutting down and abandoning module Android_ASTCTargetPlatform (30)
[2016.05.16-11.41.44:909][607]LogModuleManager: Shutting down and abandoning module AndroidTargetPlatform (29)
[2016.05.16-11.41.44:909][607]LogModuleManager: Shutting down and abandoning module WindowsTargetPlatform (28)
[2016.05.16-11.41.44:909][607]LogModuleManager: Shutting down and abandoning module WindowsServerTargetPlatform (27)
[2016.05.16-11.41.44:909][607]LogModuleManager: Shutting down and abandoning module WindowsNoEditorTargetPlatform (26)
[2016.05.16-11.41.44:909][607]LogModuleManager: Shutting down and abandoning module WindowsClientTargetPlatform (25)
[2016.05.16-11.41.44:909][607]LogModuleManager: Shutting down and abandoning module AllDesktopTargetPlatform (24)
[2016.05.16-11.41.44:909][607]LogModuleManager: Shutting down and abandoning module TargetPlatform (23)
[2016.05.16-11.41.44:909][607]LogModuleManager: Shutting down and abandoning module InputCore (22)
[2016.05.16-11.41.44:909][607]LogModuleManager: Shutting down and abandoning module Settings (21)
[2016.05.16-11.41.44:909][607]LogModuleManager: Shutting down and abandoning module OnlineSubsystem (19)
[2016.05.16-11.41.44:909][607]LogModuleManager: Shutting down and abandoning module HTTP (18)
[2016.05.16-11.41.49:914][607]LogModuleManager: Shutting down and abandoning module XMPP (17)
[2016.05.16-11.41.49:914][607]LogModuleManager: Shutting down and abandoning module OculusRift (16)
[2016.05.16-11.41.49:914][607]LogModuleManager: Shutting down and abandoning module ExampleDeviceProfileSelector (15)
[2016.05.16-11.41.49:914][607]LogModuleManager: Shutting down and abandoning module TextureCompressor (14)
[2016.05.16-11.41.49:914][607]LogModuleManager: Shutting down and abandoning module ShaderCore (13)
[2016.05.16-11.41.49:914][607]LogModuleManager: Shutting down and abandoning module Landscape (12)
[2016.05.16-11.41.49:914][607]LogModuleManager: Shutting down and abandoning module SlateRHIRenderer (11)
[2016.05.16-11.41.49:916][607]LogModuleManager: Shutting down and abandoning module OpenGLDrv (10)
[2016.05.16-11.41.49:916][607]LogModuleManager: Shutting down and abandoning module D3D11RHI (9)
[2016.05.16-11.41.49:916][607]LogModuleManager: Shutting down and abandoning module AnimGraphRuntime (8)
[2016.05.16-11.41.49:916][607]LogModuleManager: Shutting down and abandoning module Renderer (7)
[2016.05.16-11.41.49:916][607]LogModuleManager: Shutting down and abandoning module Engine (6)
[2016.05.16-11.41.49:916][607]LogModuleManager: Shutting down and abandoning module CoreUObject (5)
[2016.05.16-11.41.49:916][607]LogModuleManager: Shutting down and abandoning module NetworkFile (4)
[2016.05.16-11.41.49:916][607]LogModuleManager: Shutting down and abandoning module StreamingFile (3)
[2016.05.16-11.41.49:916][607]LogModuleManager: Shutting down and abandoning module SandboxFile (2)
[2016.05.16-11.41.49:916][607]LogModuleManager: Shutting down and abandoning module PakFile (1)
[2016.05.16-11.41.49:917][607]LogExit: Exiting.
[2016.05.16-11.41.49:919][607]Log file closed, 05/16/16 21:11:49
